2025-03-12 16:44:15,421,INFO,Starting in REAL HARDWARE mode
2025-03-12 16:44:15,422,INFO,Loading waypoints from: ../data/polygon_data.json
2025-03-12 16:44:15,422,ERROR,Error loading waypoints: [Errno 2] No such file or directory: '../data/polygon_data.json'
2025-03-12 16:44:15,422,INFO,Initializing GPS...
2025-03-12 16:44:15,422,INFO,Initializing GPS Monitor (simulation=False)
2025-03-12 16:44:15,427,INFO,Connected to front GPS on /dev/ttyACM0
2025-03-12 16:44:15,427,INFO,Connected to rear GPS on /dev/ttyACM1
2025-03-12 16:44:15,444,INFO,Motor controller initialized successfully
2025-03-12 16:44:15,445,CRITICAL,MOTOR CONTROLLER MAX SPEED: 0.3
2025-03-12 16:44:15,445,INFO,Stanley Controller initialized with 2 waypoints
2025-03-12 16:44:15,445,INFO,Steering sensitivity: 60.0° (tanh denominator)
2025-03-12 16:44:15,445,INFO,Max steering angle: 90.0°
2025-03-12 16:44:15,445,INFO,Waypoint reach threshold: 1.0 meters
2025-03-12 16:44:15,445,INFO,GPS monitor: Provided
2025-03-12 16:44:15,446,INFO,Motor controller: Provided
2025-03-12 16:44:15,446,INFO,Performing GPS preflight check...
2025-03-12 16:44:15,446,WARNING,No heading available (missing GPS data)
2025-03-12 16:44:15,446,WARNING,GPS position unavailable, waiting...
2025-03-12 16:44:16,446,INFO,GPS data valid: (34.1519460, -77.8668589), heading: 268.6°
2025-03-12 16:44:16,447,INFO,Starting hardware control loop. Press Ctrl+C to stop.
2025-03-12 16:44:16,448,WARNING,MOTOR DEBUG - Raw steering command: -89.4°
2025-03-12 16:44:16,448,INFO,LEFT TURN: 89.4°
2025-03-12 16:44:16,448,WARNING,MOTOR DEBUG - LEFT turn factors: L=0.007, R=1.000
2025-03-12 16:44:16,449,WARNING,MOTOR DEBUG - Speed=0.30, Factors: L=0.01, R=1.00
2025-03-12 16:44:16,449,WARNING,MOTOR DEBUG - Final speeds: L=0.00, R=0.30
2025-03-12 16:44:16,449,INFO,Applying to motors - Left: 0.00, Right: 0.30
2025-03-12 16:44:16,451,INFO,POS: (34.1519460, -77.8668589) | HDG: 268.6° | TGT: 0 | DIST: 8897072.6m | STEER: -89.4°
2025-03-12 16:44:16,552,WARNING,MOTOR DEBUG - Raw steering command: -89.4°
2025-03-12 16:44:16,552,INFO,LEFT TURN: 89.4°
2025-03-12 16:44:16,553,WARNING,MOTOR DEBUG - LEFT turn factors: L=0.006, R=1.000
2025-03-12 16:44:16,553,WARNING,MOTOR DEBUG - Speed=0.30, Factors: L=0.01, R=1.00
2025-03-12 16:44:16,553,WARNING,MOTOR DEBUG - Final speeds: L=0.00, R=0.30
2025-03-12 16:44:16,553,INFO,Applying to motors - Left: 0.00, Right: 0.30
2025-03-12 16:44:16,555,INFO,POS: (34.1519460, -77.8668589) | HDG: 268.7° | TGT: 0 | DIST: 8897072.6m | STEER: -89.4°
2025-03-12 16:44:16,656,WARNING,MOTOR DEBUG - Raw steering command: -89.4°
2025-03-12 16:44:16,657,INFO,LEFT TURN: 89.4°
2025-03-12 16:44:16,657,WARNING,MOTOR DEBUG - LEFT turn factors: L=0.006, R=1.000
2025-03-12 16:44:16,657,WARNING,MOTOR DEBUG - Speed=0.30, Factors: L=0.01, R=1.00
2025-03-12 16:44:16,658,WARNING,MOTOR DEBUG - Final speeds: L=0.00, R=0.30
2025-03-12 16:44:16,658,INFO,Applying to motors - Left: 0.00, Right: 0.30
2025-03-12 16:44:16,659,INFO,POS: (34.1519460, -77.8668589) | HDG: 268.7° | TGT: 0 | DIST: 8897072.6m | STEER: -89.4°
2025-03-12 16:44:16,761,WARNING,MOTOR DEBUG - Raw steering command: -89.4°
2025-03-12 16:44:16,761,INFO,LEFT TURN: 89.4°
2025-03-12 16:44:16,761,WARNING,MOTOR DEBUG - LEFT turn factors: L=0.006, R=1.000
2025-03-12 16:44:16,762,WARNING,MOTOR DEBUG - Speed=0.30, Factors: L=0.01, R=1.00
2025-03-12 16:44:16,762,WARNING,MOTOR DEBUG - Final speeds: L=0.00, R=0.30
2025-03-12 16:44:16,762,INFO,Applying to motors - Left: 0.00, Right: 0.30
2025-03-12 16:44:16,764,INFO,POS: (34.1519461, -77.8668589) | HDG: 268.7° | TGT: 0 | DIST: 8897072.6m | STEER: -89.4°
2025-03-12 16:44:16,865,WARNING,MOTOR DEBUG - Raw steering command: -89.4°
2025-03-12 16:44:16,865,INFO,LEFT TURN: 89.4°
2025-03-12 16:44:16,865,WARNING,MOTOR DEBUG - LEFT turn factors: L=0.006, R=1.000
2025-03-12 16:44:16,866,WARNING,MOTOR DEBUG - Speed=0.30, Factors: L=0.01, R=1.00
2025-03-12 16:44:16,866,WARNING,MOTOR DEBUG - Final speeds: L=0.00, R=0.30
2025-03-12 16:44:16,866,INFO,Applying to motors - Left: 0.00, Right: 0.30
2025-03-12 16:44:16,868,INFO,POS: (34.1519461, -77.8668589) | HDG: 268.7° | TGT: 0 | DIST: 8897072.6m | STEER: -89.4°
2025-03-12 16:44:16,969,WARNING,MOTOR DEBUG - Raw steering command: -89.4°
2025-03-12 16:44:16,969,INFO,LEFT TURN: 89.4°
2025-03-12 16:44:16,969,WARNING,MOTOR DEBUG - LEFT turn factors: L=0.007, R=1.000
2025-03-12 16:44:16,970,WARNING,MOTOR DEBUG - Speed=0.30, Factors: L=0.01, R=1.00
2025-03-12 16:44:16,970,WARNING,MOTOR DEBUG - Final speeds: L=0.00, R=0.30
2025-03-12 16:44:16,970,INFO,Applying to motors - Left: 0.00, Right: 0.30
2025-03-12 16:44:16,972,INFO,POS: (34.1519458, -77.8668590) | HDG: 266.7° | TGT: 0 | DIST: 8897072.6m | STEER: -89.4°
2025-03-12 16:44:17,073,WARNING,MOTOR DEBUG - Raw steering command: -89.4°
2025-03-12 16:44:17,073,INFO,LEFT TURN: 89.4°
2025-03-12 16:44:17,073,WARNING,MOTOR DEBUG - LEFT turn factors: L=0.007, R=1.000
2025-03-12 16:44:17,074,WARNING,MOTOR DEBUG - Speed=0.30, Factors: L=0.01, R=1.00
2025-03-12 16:44:17,074,WARNING,MOTOR DEBUG - Final speeds: L=0.00, R=0.30
2025-03-12 16:44:17,074,INFO,Applying to motors - Left: 0.00, Right: 0.30
2025-03-12 16:44:17,075,INFO,POS: (34.1519458, -77.8668590) | HDG: 266.7° | TGT: 0 | DIST: 8897072.6m | STEER: -89.4°
2025-03-12 16:44:17,177,WARNING,MOTOR DEBUG - Raw steering command: -89.3°
2025-03-12 16:44:17,177,INFO,LEFT TURN: 89.3°
2025-03-12 16:44:17,177,WARNING,MOTOR DEBUG - LEFT turn factors: L=0.008, R=1.000
2025-03-12 16:44:17,178,WARNING,MOTOR DEBUG - Speed=0.30, Factors: L=0.01, R=1.00
2025-03-12 16:44:17,178,WARNING,MOTOR DEBUG - Final speeds: L=0.00, R=0.30
2025-03-12 16:44:17,178,INFO,Applying to motors - Left: 0.00, Right: 0.30
2025-03-12 16:44:17,179,INFO,POS: (34.1519454, -77.8668590) | HDG: 264.0° | TGT: 0 | DIST: 8897072.6m | STEER: -89.3°
2025-03-12 16:44:17,280,WARNING,MOTOR DEBUG - Raw steering command: -89.3°
2025-03-12 16:44:17,281,INFO,LEFT TURN: 89.3°
2025-03-12 16:44:17,281,WARNING,MOTOR DEBUG - LEFT turn factors: L=0.008, R=1.000
2025-03-12 16:44:17,281,WARNING,MOTOR DEBUG - Speed=0.30, Factors: L=0.01, R=1.00
2025-03-12 16:44:17,282,WARNING,MOTOR DEBUG - Final speeds: L=0.00, R=0.30
2025-03-12 16:44:17,282,INFO,Applying to motors - Left: 0.00, Right: 0.30
2025-03-12 16:44:17,283,INFO,POS: (34.1519454, -77.8668590) | HDG: 264.0° | TGT: 0 | DIST: 8897072.6m | STEER: -89.3°
2025-03-12 16:44:17,385,WARNING,MOTOR DEBUG - Raw steering command: -89.2°
2025-03-12 16:44:17,385,INFO,LEFT TURN: 89.2°
2025-03-12 16:44:17,385,WARNING,MOTOR DEBUG - LEFT turn factors: L=0.008, R=1.000
2025-03-12 16:44:17,386,WARNING,MOTOR DEBUG - Speed=0.30, Factors: L=0.01, R=1.00
2025-03-12 16:44:17,386,WARNING,MOTOR DEBUG - Final speeds: L=0.00, R=0.30
2025-03-12 16:44:17,386,INFO,Applying to motors - Left: 0.00, Right: 0.30
2025-03-12 16:44:17,387,INFO,POS: (34.1519450, -77.8668590) | HDG: 260.7° | TGT: 0 | DIST: 8897072.5m | STEER: -89.2°
2025-03-12 16:44:17,488,WARNING,MOTOR DEBUG - Raw steering command: -89.2°
2025-03-12 16:44:17,489,INFO,LEFT TURN: 89.2°
2025-03-12 16:44:17,489,WARNING,MOTOR DEBUG - LEFT turn factors: L=0.009, R=1.000
2025-03-12 16:44:17,490,WARNING,MOTOR DEBUG - Speed=0.30, Factors: L=0.01, R=1.00
2025-03-12 16:44:17,490,WARNING,MOTOR DEBUG - Final speeds: L=0.00, R=0.30
2025-03-12 16:44:17,490,INFO,Applying to motors - Left: 0.00, Right: 0.30
2025-03-12 16:44:17,492,INFO,POS: (34.1519446, -77.8668589) | HDG: 258.8° | TGT: 0 | DIST: 8897072.5m | STEER: -89.2°
2025-03-12 16:44:17,527,INFO,Control interrupted by user
2025-03-12 16:44:17,530,INFO,Motors stopped
