2025-03-12 16:44:25,060,INFO,Starting in REAL HARDWARE mode
2025-03-12 16:44:25,060,INFO,Loading waypoints from: ../data/polygon_data.json
2025-03-12 16:44:25,061,ERROR,Error loading waypoints: [Errno 2] No such file or directory: '../data/polygon_data.json'
2025-03-12 16:44:25,061,INFO,Initializing GPS...
2025-03-12 16:44:25,061,INFO,Initializing GPS Monitor (simulation=False)
2025-03-12 16:44:25,065,INFO,Connected to front GPS on /dev/ttyACM0
2025-03-12 16:44:25,065,INFO,Connected to rear GPS on /dev/ttyACM1
2025-03-12 16:44:25,082,INFO,Motor controller initialized successfully
2025-03-12 16:44:25,083,CRITICAL,MOTOR CONTROLLER MAX SPEED: 0.3
2025-03-12 16:44:25,083,INFO,Stanley Controller initialized with 2 waypoints
2025-03-12 16:44:25,083,INFO,Steering sensitivity: 60.0° (tanh denominator)
2025-03-12 16:44:25,083,INFO,Max steering angle: 90.0°
2025-03-12 16:44:25,084,INFO,Waypoint reach threshold: 1.0 meters
2025-03-12 16:44:25,084,INFO,GPS monitor: Provided
2025-03-12 16:44:25,084,INFO,Motor controller: Provided
2025-03-12 16:44:25,084,INFO,Performing GPS preflight check...
2025-03-12 16:44:25,084,WARNING,No heading available (missing GPS data)
2025-03-12 16:44:25,084,WARNING,GPS position unavailable, waiting...
2025-03-12 16:44:26,085,INFO,GPS data valid: (34.1519449, -77.8668579), heading: 249.5°
2025-03-12 16:44:26,085,INFO,Starting hardware control loop. Press Ctrl+C to stop.
2025-03-12 16:44:26,086,WARNING,MOTOR DEBUG - Raw steering command: -88.9°
2025-03-12 16:44:26,087,INFO,LEFT TURN: 88.9°
2025-03-12 16:44:26,087,WARNING,MOTOR DEBUG - LEFT turn factors: L=0.012, R=1.000
2025-03-12 16:44:26,087,WARNING,MOTOR DEBUG - Speed=0.30, Factors: L=0.01, R=1.00
2025-03-12 16:44:26,088,WARNING,MOTOR DEBUG - Final speeds: L=0.00, R=0.30
2025-03-12 16:44:26,088,INFO,Applying to motors - Left: 0.00, Right: 0.30
2025-03-12 16:44:26,089,INFO,POS: (34.1519449, -77.8668579) | HDG: 249.5° | TGT: 0 | DIST: 8897072.4m | STEER: -88.9°
2025-03-12 16:44:26,191,WARNING,MOTOR DEBUG - Raw steering command: -88.9°
2025-03-12 16:44:26,191,INFO,LEFT TURN: 88.9°
2025-03-12 16:44:26,191,WARNING,MOTOR DEBUG - LEFT turn factors: L=0.012, R=1.000
2025-03-12 16:44:26,192,WARNING,MOTOR DEBUG - Speed=0.30, Factors: L=0.01, R=1.00
2025-03-12 16:44:26,192,WARNING,MOTOR DEBUG - Final speeds: L=0.00, R=0.30
2025-03-12 16:44:26,192,INFO,Applying to motors - Left: 0.00, Right: 0.30
2025-03-12 16:44:26,194,INFO,POS: (34.1519449, -77.8668579) | HDG: 249.1° | TGT: 0 | DIST: 8897072.4m | STEER: -88.9°
2025-03-12 16:44:26,295,WARNING,MOTOR DEBUG - Raw steering command: -88.8°
2025-03-12 16:44:26,296,INFO,LEFT TURN: 88.8°
2025-03-12 16:44:26,296,WARNING,MOTOR DEBUG - LEFT turn factors: L=0.013, R=1.000
2025-03-12 16:44:26,296,WARNING,MOTOR DEBUG - Speed=0.30, Factors: L=0.01, R=1.00
2025-03-12 16:44:26,297,WARNING,MOTOR DEBUG - Final speeds: L=0.00, R=0.30
2025-03-12 16:44:26,297,INFO,Applying to motors - Left: 0.00, Right: 0.30
2025-03-12 16:44:26,298,INFO,POS: (34.1519449, -77.8668579) | HDG: 248.0° | TGT: 0 | DIST: 8897072.4m | STEER: -88.8°
2025-03-12 16:44:26,400,WARNING,MOTOR DEBUG - Raw steering command: -88.8°
2025-03-12 16:44:26,402,INFO,LEFT TURN: 88.8°
2025-03-12 16:44:26,402,WARNING,MOTOR DEBUG - LEFT turn factors: L=0.013, R=1.000
2025-03-12 16:44:26,403,WARNING,MOTOR DEBUG - Speed=0.30, Factors: L=0.01, R=1.00
2025-03-12 16:44:26,403,WARNING,MOTOR DEBUG - Final speeds: L=0.00, R=0.30
2025-03-12 16:44:26,403,INFO,Applying to motors - Left: 0.00, Right: 0.30
2025-03-12 16:44:26,405,INFO,POS: (34.1519449, -77.8668579) | HDG: 248.0° | TGT: 0 | DIST: 8897072.4m | STEER: -88.8°
2025-03-12 16:44:26,506,WARNING,MOTOR DEBUG - Raw steering command: -88.7°
2025-03-12 16:44:26,506,INFO,LEFT TURN: 88.7°
2025-03-12 16:44:26,507,WARNING,MOTOR DEBUG - LEFT turn factors: L=0.015, R=1.000
2025-03-12 16:44:26,507,WARNING,MOTOR DEBUG - Speed=0.30, Factors: L=0.01, R=1.00
2025-03-12 16:44:26,507,WARNING,MOTOR DEBUG - Final speeds: L=0.00, R=0.30
2025-03-12 16:44:26,507,INFO,Applying to motors - Left: 0.00, Right: 0.30
2025-03-12 16:44:26,509,INFO,POS: (34.1519446, -77.8668577) | HDG: 244.4° | TGT: 0 | DIST: 8897072.4m | STEER: -88.7°
2025-03-12 16:44:26,610,WARNING,MOTOR DEBUG - Raw steering command: -88.7°
2025-03-12 16:44:26,611,INFO,LEFT TURN: 88.7°
2025-03-12 16:44:26,611,WARNING,MOTOR DEBUG - LEFT turn factors: L=0.015, R=1.000
2025-03-12 16:44:26,611,WARNING,MOTOR DEBUG - Speed=0.30, Factors: L=0.01, R=1.00
2025-03-12 16:44:26,611,WARNING,MOTOR DEBUG - Final speeds: L=0.00, R=0.30
2025-03-12 16:44:26,612,INFO,Applying to motors - Left: 0.00, Right: 0.30
2025-03-12 16:44:26,613,INFO,POS: (34.1519446, -77.8668577) | HDG: 244.4° | TGT: 0 | DIST: 8897072.4m | STEER: -88.7°
2025-03-12 16:44:26,714,WARNING,MOTOR DEBUG - Raw steering command: -88.5°
2025-03-12 16:44:26,715,INFO,LEFT TURN: 88.5°
2025-03-12 16:44:26,715,WARNING,MOTOR DEBUG - LEFT turn factors: L=0.017, R=1.000
2025-03-12 16:44:26,715,WARNING,MOTOR DEBUG - Speed=0.30, Factors: L=0.02, R=1.00
2025-03-12 16:44:26,715,WARNING,MOTOR DEBUG - Final speeds: L=0.01, R=0.30
2025-03-12 16:44:26,715,INFO,Applying to motors - Left: 0.01, Right: 0.30
2025-03-12 16:44:26,717,INFO,POS: (34.1519442, -77.8668574) | HDG: 240.0° | TGT: 0 | DIST: 8897072.4m | STEER: -88.5°
2025-03-12 16:44:26,818,WARNING,MOTOR DEBUG - Raw steering command: -88.5°
2025-03-12 16:44:26,818,INFO,LEFT TURN: 88.5°
2025-03-12 16:44:26,819,WARNING,MOTOR DEBUG - LEFT turn factors: L=0.017, R=1.000
2025-03-12 16:44:26,819,WARNING,MOTOR DEBUG - Speed=0.30, Factors: L=0.02, R=1.00
2025-03-12 16:44:26,819,WARNING,MOTOR DEBUG - Final speeds: L=0.01, R=0.30
2025-03-12 16:44:26,819,INFO,Applying to motors - Left: 0.01, Right: 0.30
2025-03-12 16:44:26,821,INFO,POS: (34.1519442, -77.8668574) | HDG: 240.0° | TGT: 0 | DIST: 8897072.4m | STEER: -88.5°
2025-03-12 16:44:26,922,WARNING,MOTOR DEBUG - Raw steering command: -88.2°
2025-03-12 16:44:26,922,INFO,LEFT TURN: 88.2°
2025-03-12 16:44:26,923,WARNING,MOTOR DEBUG - LEFT turn factors: L=0.020, R=1.000
2025-03-12 16:44:26,923,WARNING,MOTOR DEBUG - Speed=0.30, Factors: L=0.02, R=1.00
2025-03-12 16:44:26,923,WARNING,MOTOR DEBUG - Final speeds: L=0.01, R=0.30
2025-03-12 16:44:26,923,INFO,Applying to motors - Left: 0.01, Right: 0.30
2025-03-12 16:44:26,925,INFO,POS: (34.1519438, -77.8668573) | HDG: 235.2° | TGT: 0 | DIST: 8897072.4m | STEER: -88.2°
2025-03-12 16:44:27,026,WARNING,MOTOR DEBUG - Raw steering command: -88.2°
2025-03-12 16:44:27,027,INFO,LEFT TURN: 88.2°
2025-03-12 16:44:27,027,WARNING,MOTOR DEBUG - LEFT turn factors: L=0.020, R=1.000
2025-03-12 16:44:27,027,WARNING,MOTOR DEBUG - Speed=0.30, Factors: L=0.02, R=1.00
2025-03-12 16:44:27,028,WARNING,MOTOR DEBUG - Final speeds: L=0.01, R=0.30
2025-03-12 16:44:27,028,INFO,Applying to motors - Left: 0.01, Right: 0.30
2025-03-12 16:44:27,029,INFO,POS: (34.1519438, -77.8668573) | HDG: 235.2° | TGT: 0 | DIST: 8897072.4m | STEER: -88.2°
2025-03-12 16:44:27,130,WARNING,MOTOR DEBUG - Raw steering command: -87.9°
2025-03-12 16:44:27,131,INFO,LEFT TURN: 87.9°
2025-03-12 16:44:27,131,WARNING,MOTOR DEBUG - LEFT turn factors: L=0.023, R=1.000
2025-03-12 16:44:27,131,WARNING,MOTOR DEBUG - Speed=0.30, Factors: L=0.02, R=1.00
2025-03-12 16:44:27,131,WARNING,MOTOR DEBUG - Final speeds: L=0.01, R=0.30
2025-03-12 16:44:27,132,INFO,Applying to motors - Left: 0.01, Right: 0.30
2025-03-12 16:44:27,133,INFO,POS: (34.1519434, -77.8668570) | HDG: 230.4° | TGT: 0 | DIST: 8897072.3m | STEER: -87.9°
2025-03-12 16:44:27,234,WARNING,MOTOR DEBUG - Raw steering command: -87.9°
2025-03-12 16:44:27,234,INFO,LEFT TURN: 87.9°
2025-03-12 16:44:27,235,WARNING,MOTOR DEBUG - LEFT turn factors: L=0.023, R=1.000
2025-03-12 16:44:27,235,WARNING,MOTOR DEBUG - Speed=0.30, Factors: L=0.02, R=1.00
2025-03-12 16:44:27,235,WARNING,MOTOR DEBUG - Final speeds: L=0.01, R=0.30
2025-03-12 16:44:27,235,INFO,Applying to motors - Left: 0.01, Right: 0.30
2025-03-12 16:44:27,237,INFO,POS: (34.1519434, -77.8668570) | HDG: 230.4° | TGT: 0 | DIST: 8897072.3m | STEER: -87.9°
2025-03-12 16:44:27,338,WARNING,MOTOR DEBUG - Raw steering command: -87.6°
2025-03-12 16:44:27,338,INFO,LEFT TURN: 87.6°
2025-03-12 16:44:27,338,WARNING,MOTOR DEBUG - LEFT turn factors: L=0.027, R=1.000
2025-03-12 16:44:27,339,WARNING,MOTOR DEBUG - Speed=0.30, Factors: L=0.03, R=1.00
2025-03-12 16:44:27,339,WARNING,MOTOR DEBUG - Final speeds: L=0.01, R=0.30
2025-03-12 16:44:27,339,INFO,Applying to motors - Left: 0.01, Right: 0.30
2025-03-12 16:44:27,341,INFO,POS: (34.1519430, -77.8668569) | HDG: 225.5° | TGT: 0 | DIST: 8897072.3m | STEER: -87.6°
2025-03-12 16:44:27,442,WARNING,MOTOR DEBUG - Raw steering command: -87.6°
2025-03-12 16:44:27,442,INFO,LEFT TURN: 87.6°
2025-03-12 16:44:27,442,WARNING,MOTOR DEBUG - LEFT turn factors: L=0.027, R=1.000
2025-03-12 16:44:27,443,WARNING,MOTOR DEBUG - Speed=0.30, Factors: L=0.03, R=1.00
2025-03-12 16:44:27,443,WARNING,MOTOR DEBUG - Final speeds: L=0.01, R=0.30
2025-03-12 16:44:27,443,INFO,Applying to motors - Left: 0.01, Right: 0.30
2025-03-12 16:44:27,445,INFO,POS: (34.1519430, -77.8668569) | HDG: 225.5° | TGT: 0 | DIST: 8897072.3m | STEER: -87.6°
2025-03-12 16:44:27,530,INFO,Control interrupted by user
2025-03-12 16:44:27,532,INFO,Motors stopped
