2025-03-12 15:20:11,803,INFO,Starting in REAL HARDWARE mode
2025-03-12 15:20:11,804,CRITICAL,Using waypoints file: /home/jay/projects/grassSmoking/autonomous-rover/data/polygon_data.json
2025-03-12 15:20:11,804,CRITICAL,Successfully opened waypoints file
2025-03-12 15:20:11,805,CRITICAL,Raw file content (first 100 chars): [
  {
    "lat": 34.15195716,
    "lon": -77.86700018666667
  },
  {
    "lat": 34.152101085,
    "l...
2025-03-12 15:20:11,805,CRITICAL,==== LOADED WAYPOINTS ====
2025-03-12 15:20:11,806,CRITICAL,WP 0: (34.1519572, -77.8670002)
2025-03-12 15:20:11,806,CRITICAL,WP 1: (34.1521011, -77.8669438)
2025-03-12 15:20:11,806,CRITICAL,WP 2: (34.1520569, -77.8668358)
2025-03-12 15:20:11,807,CRITICAL,WP 3: (34.1519539, -77.8668528)
2025-03-12 15:20:11,807,CRITICAL,========================
2025-03-12 15:20:11,807,INFO,Initializing GPS Monitor (simulation=False)
2025-03-12 15:20:11,812,INFO,Connected to front GPS on /dev/ttyACM0
2025-03-12 15:20:11,813,INFO,Connected to rear GPS on /dev/ttyACM1
2025-03-12 15:20:11,830,INFO,Motor controller initialized successfully
2025-03-12 15:20:11,830,INFO,Stanley Controller initialized with 4 waypoints
2025-03-12 15:20:11,831,INFO,Steering sensitivity: 60.0° (tanh denominator)
2025-03-12 15:20:11,831,INFO,Max steering angle: 90.0°
2025-03-12 15:20:11,832,INFO,Waypoint reach threshold: 1.0 meters
2025-03-12 15:20:11,832,CRITICAL,==== CONTROLLER WAYPOINTS ====
2025-03-12 15:20:11,833,CRITICAL,WP 0: (34.1519572, -77.8670002)
2025-03-12 15:20:11,833,CRITICAL,WP 1: (34.1521011, -77.8669438)
2025-03-12 15:20:11,833,CRITICAL,WP 2: (34.1520569, -77.8668358)
2025-03-12 15:20:11,834,CRITICAL,WP 3: (34.1519539, -77.8668528)
2025-03-12 15:20:11,834,CRITICAL,========================
2025-03-12 15:20:11,835,INFO,Initializing GPS Monitor (simulation=False)
2025-03-12 15:20:11,839,INFO,Connected to front GPS on /dev/ttyACM0
2025-03-12 15:20:11,839,INFO,Connected to rear GPS on /dev/ttyACM1
2025-03-12 15:20:11,852,INFO,Motor controller initialized successfully
2025-03-12 15:20:11,853,CRITICAL,MOTOR CONTROLLER MAX SPEED: 0.3
2025-03-12 15:20:11,854,INFO,Starting hardware control loop. Press Ctrl+C to stop.
2025-03-12 15:20:11,854,INFO,Performing GPS preflight check...
2025-03-12 15:20:11,855,WARNING,No heading available (missing GPS data)
2025-03-12 15:20:11,855,WARNING,Waiting for valid GPS data... (lat=None, lon=None, heading=None)
2025-03-12 15:20:12,856,INFO,GPS preflight check passed! Position: (34.1519371, -77.8669002), Heading: 329.1°
2025-03-12 15:20:12,857,INFO,DEBUG - TARGET WP: 0 [9.5m] | GPS Heading: 329.1°, Bearing to target: 283.7°, Needed turn: -45.4° LEFT
2025-03-12 15:20:12,858,WARNING,=== COORDINATE DEBUG ===
2025-03-12 15:20:12,858,WARNING,Current position: (34.1519371, -77.8669002), Heading: 329.1°
2025-03-12 15:20:12,858,WARNING,Target waypoint 0: (34.1519572, -77.8670002)
2025-03-12 15:20:12,858,WARNING,DIRECT BEARING CALCULATION: 283.7°
2025-03-12 15:20:12,858,WARNING,CONTROLLER BEARING CALCULATION: 283.7°
2025-03-12 15:20:12,859,WARNING,WITH SWAPPED TARGET COORDS: 165.7°
2025-03-12 15:20:12,859,WARNING,WITH SWAPPED CURRENT COORDS: 256.4°
2025-03-12 15:20:12,859,WARNING,=== END DEBUG ===
2025-03-12 15:20:12,859,INFO,Reached waypoint 0. New target: waypoint 1
2025-03-12 15:20:12,860,WARNING,MOTOR DEBUG - Raw steering command: -57.5°
2025-03-12 15:20:12,860,INFO,LEFT TURN: 57.5°
2025-03-12 15:20:12,860,WARNING,MOTOR DEBUG - LEFT turn factors: L=0.361, R=1.000
2025-03-12 15:20:12,861,WARNING,MOTOR DEBUG - Speed=0.15, Factors: L=0.36, R=1.00
2025-03-12 15:20:12,861,WARNING,MOTOR DEBUG - Final speeds: L=0.05, R=0.15
2025-03-12 15:20:12,862,INFO,Applying to motors - Left: 0.05, Right: 0.15
2025-03-12 15:20:12,865,INFO,
2025-03-12 15:20:12,866,INFO,DISTANCE TO TARGET: 18.63m [##------------------]
2025-03-12 15:20:12,867,INFO,WAYPOINT: 1/3
2025-03-12 15:20:12,867,INFO,
2025-03-12 15:20:12,868,ERROR,Error in control loop: 'steering_angle'
2025-03-12 15:20:12,870,INFO,Motors stopped
2025-03-12 15:20:13,882,INFO,DEBUG - TARGET WP: 1 [18.6m] | GPS Heading: 329.3°, Bearing to target: 347.6°, Needed turn: 18.3° RIGHT
2025-03-12 15:20:13,883,WARNING,=== COORDINATE DEBUG ===
2025-03-12 15:20:13,883,WARNING,Current position: (34.1519372, -77.8669002), Heading: 329.3°
2025-03-12 15:20:13,883,WARNING,Target waypoint 1: (34.1521011, -77.8669438)
2025-03-12 15:20:13,883,WARNING,DIRECT BEARING CALCULATION: 347.6°
2025-03-12 15:20:13,883,WARNING,CONTROLLER BEARING CALCULATION: 347.6°
2025-03-12 15:20:13,884,WARNING,WITH SWAPPED TARGET COORDS: 165.7°
2025-03-12 15:20:13,884,WARNING,WITH SWAPPED CURRENT COORDS: 256.4°
2025-03-12 15:20:13,884,WARNING,=== END DEBUG ===
2025-03-12 15:20:13,884,INFO,Reached waypoint 1. New target: waypoint 2
2025-03-12 15:20:13,885,WARNING,MOTOR DEBUG - Raw steering command: 26.7°
2025-03-12 15:20:13,886,INFO,RIGHT TURN: 26.7°
2025-03-12 15:20:13,886,WARNING,MOTOR DEBUG - RIGHT turn factors: L=1.000, R=0.704
2025-03-12 15:20:13,886,WARNING,MOTOR DEBUG - Speed=0.21, Factors: L=1.00, R=0.70
2025-03-12 15:20:13,887,WARNING,MOTOR DEBUG - Final speeds: L=0.21, R=0.15
2025-03-12 15:20:13,887,INFO,Applying to motors - Left: 0.21, Right: 0.15
2025-03-12 15:20:13,889,INFO,
2025-03-12 15:20:13,890,INFO,DISTANCE TO TARGET: 14.54m [######--------------]
2025-03-12 15:20:13,891,INFO,WAYPOINT: 2/3
2025-03-12 15:20:13,891,INFO,
2025-03-12 15:20:13,891,ERROR,Error in control loop: 'steering_angle'
2025-03-12 15:20:13,894,INFO,Motors stopped
2025-03-12 15:20:14,905,INFO,DEBUG - TARGET WP: 2 [14.5m] | GPS Heading: 329.6°, Bearing to target: 24.0°, Needed turn: 54.4° RIGHT
2025-03-12 15:20:14,906,WARNING,=== COORDINATE DEBUG ===
2025-03-12 15:20:14,907,WARNING,Current position: (34.1519373, -77.8669002), Heading: 329.6°
2025-03-12 15:20:14,907,WARNING,Target waypoint 2: (34.1520569, -77.8668358)
2025-03-12 15:20:14,908,WARNING,DIRECT BEARING CALCULATION: 24.0°
2025-03-12 15:20:14,908,WARNING,CONTROLLER BEARING CALCULATION: 24.0°
2025-03-12 15:20:14,909,WARNING,WITH SWAPPED TARGET COORDS: 165.7°
2025-03-12 15:20:14,909,WARNING,WITH SWAPPED CURRENT COORDS: 256.4°
2025-03-12 15:20:14,910,WARNING,=== END DEBUG ===
2025-03-12 15:20:14,910,INFO,Reached waypoint 2. New target: waypoint 3
2025-03-12 15:20:14,911,WARNING,MOTOR DEBUG - Raw steering command: 64.8°
2025-03-12 15:20:14,912,INFO,RIGHT TURN: 64.8°
2025-03-12 15:20:14,912,WARNING,MOTOR DEBUG - RIGHT turn factors: L=1.000, R=0.280
2025-03-12 15:20:14,913,WARNING,MOTOR DEBUG - Speed=0.15, Factors: L=1.00, R=0.28
2025-03-12 15:20:14,914,WARNING,MOTOR DEBUG - Final speeds: L=0.15, R=0.04
2025-03-12 15:20:14,914,INFO,Applying to motors - Left: 0.15, Right: 0.04
2025-03-12 15:20:14,916,INFO,✓✓ REACHED FINAL WAYPOINT
2025-03-12 15:20:14,918,INFO,Motors stopped
2025-03-12 15:20:14,919,INFO,Stopping motors and cleaning up...
2025-03-12 15:20:14,921,INFO,Motors stopped
