2025-03-14 13:59:40,727,INFO,Starting in REAL HARDWARE mode
2025-03-14 13:59:40,728,INFO,Loading waypoints from: ../data/polygon_data.json
2025-03-14 13:59:40,729,ERROR,Error loading waypoints: could not convert string to float: 'lon'
2025-03-14 13:59:40,731,INFO,Initializing GPS...
2025-03-14 13:59:40,732,INFO,Initializing GPS Monitor (simulation=False)
2025-03-14 13:59:40,737,INFO,Connected to front GPS on /dev/ttyACM0
2025-03-14 13:59:40,738,INFO,Connected to rear GPS on /dev/ttyACM1
2025-03-14 13:59:40,757,INFO,Motor controller initialized successfully
2025-03-14 13:59:40,758,CRITICAL,MOTOR CONTROLLER MAX SPEED: 0.3
2025-03-14 13:59:40,758,INFO,Stanley Controller initialized with 2 waypoints
2025-03-14 13:59:40,759,INFO,Steering sensitivity: 60.0° (tanh denominator)
2025-03-14 13:59:40,759,INFO,Max steering angle: 90.0°
2025-03-14 13:59:40,760,INFO,Waypoint reach threshold: 1.0 meters
2025-03-14 13:59:40,760,INFO,GPS monitor: Provided
2025-03-14 13:59:40,761,INFO,Motor controller: Provided
2025-03-14 13:59:40,761,INFO,Performing GPS preflight check...
2025-03-14 13:59:40,761,WARNING,No heading available (missing GPS data)
2025-03-14 13:59:40,762,WARNING,GPS position unavailable, waiting...
2025-03-14 13:59:41,764,INFO,GPS data valid: (34.1519248, -77.8668703), heading: 295.8°
2025-03-14 13:59:41,764,INFO,Starting hardware control loop. Press Ctrl+C to stop.
2025-03-14 13:59:41,766,WARNING,MOTOR DEBUG - Raw steering command: 89.2°
2025-03-14 13:59:41,766,INFO,RIGHT TURN: 89.2°
2025-03-14 13:59:41,766,WARNING,MOTOR DEBUG - RIGHT turn factors: L=1.000, R=0.009
2025-03-14 13:59:41,767,WARNING,MOTOR DEBUG - Speed=0.30, Factors: L=1.00, R=0.01
2025-03-14 13:59:41,767,WARNING,MOTOR DEBUG - Final speeds: L=0.30, R=0.00
2025-03-14 13:59:41,767,INFO,Applying to motors - Left: 0.30, Right: 0.00
2025-03-14 13:59:41,769,INFO,POS: (34.1519248, -77.8668703) | HDG: 295.8° | TGT: 0/1 | DIST: 8897073.32m | STEER: 89.2°
2025-03-14 13:59:41,870,WARNING,MOTOR DEBUG - Raw steering command: 89.2°
2025-03-14 13:59:41,871,INFO,RIGHT TURN: 89.2°
2025-03-14 13:59:41,872,WARNING,MOTOR DEBUG - RIGHT turn factors: L=1.000, R=0.009
2025-03-14 13:59:41,872,WARNING,MOTOR DEBUG - Speed=0.30, Factors: L=1.00, R=0.01
2025-03-14 13:59:41,873,WARNING,MOTOR DEBUG - Final speeds: L=0.30, R=0.00
2025-03-14 13:59:41,873,INFO,Applying to motors - Left: 0.30, Right: 0.00
2025-03-14 13:59:41,875,INFO,POS: (34.1519248, -77.8668703) | HDG: 295.8° | TGT: 0/1 | DIST: 8897073.32m | STEER: 89.2°
2025-03-14 13:59:41,977,WARNING,MOTOR DEBUG - Raw steering command: 89.2°
2025-03-14 13:59:41,977,INFO,RIGHT TURN: 89.2°
2025-03-14 13:59:41,978,WARNING,MOTOR DEBUG - RIGHT turn factors: L=1.000, R=0.009
2025-03-14 13:59:41,978,WARNING,MOTOR DEBUG - Speed=0.30, Factors: L=1.00, R=0.01
2025-03-14 13:59:41,979,WARNING,MOTOR DEBUG - Final speeds: L=0.30, R=0.00
2025-03-14 13:59:41,979,INFO,Applying to motors - Left: 0.30, Right: 0.00
2025-03-14 13:59:41,981,INFO,POS: (34.1519248, -77.8668703) | HDG: 295.8° | TGT: 0/1 | DIST: 8897073.32m | STEER: 89.2°
2025-03-14 13:59:42,083,WARNING,MOTOR DEBUG - Raw steering command: 89.1°
2025-03-14 13:59:42,083,INFO,RIGHT TURN: 89.1°
2025-03-14 13:59:42,083,WARNING,MOTOR DEBUG - RIGHT turn factors: L=1.000, R=0.010
2025-03-14 13:59:42,084,WARNING,MOTOR DEBUG - Speed=0.30, Factors: L=1.00, R=0.01
2025-03-14 13:59:42,084,WARNING,MOTOR DEBUG - Final speeds: L=0.30, R=0.00
2025-03-14 13:59:42,084,INFO,Applying to motors - Left: 0.30, Right: 0.00
2025-03-14 13:59:42,086,INFO,POS: (34.1519248, -77.8668703) | HDG: 296.7° | TGT: 0/1 | DIST: 8897073.32m | STEER: 89.1°
2025-03-14 13:59:42,187,WARNING,MOTOR DEBUG - Raw steering command: 89.1°
2025-03-14 13:59:42,188,INFO,RIGHT TURN: 89.1°
2025-03-14 13:59:42,189,WARNING,MOTOR DEBUG - RIGHT turn factors: L=1.000, R=0.010
2025-03-14 13:59:42,189,WARNING,MOTOR DEBUG - Speed=0.30, Factors: L=1.00, R=0.01
2025-03-14 13:59:42,190,WARNING,MOTOR DEBUG - Final speeds: L=0.30, R=0.00
2025-03-14 13:59:42,190,INFO,Applying to motors - Left: 0.30, Right: 0.00
2025-03-14 13:59:42,192,INFO,POS: (34.1519252, -77.8668707) | HDG: 298.0° | TGT: 0/1 | DIST: 8897073.36m | STEER: 89.1°
2025-03-14 13:59:42,295,WARNING,MOTOR DEBUG - Raw steering command: 89.1°
2025-03-14 13:59:42,295,INFO,RIGHT TURN: 89.1°
2025-03-14 13:59:42,295,WARNING,MOTOR DEBUG - RIGHT turn factors: L=1.000, R=0.010
2025-03-14 13:59:42,296,WARNING,MOTOR DEBUG - Speed=0.30, Factors: L=1.00, R=0.01
2025-03-14 13:59:42,296,WARNING,MOTOR DEBUG - Final speeds: L=0.30, R=0.00
2025-03-14 13:59:42,296,INFO,Applying to motors - Left: 0.30, Right: 0.00
2025-03-14 13:59:42,298,INFO,POS: (34.1519252, -77.8668707) | HDG: 298.0° | TGT: 0/1 | DIST: 8897073.36m | STEER: 89.1°
2025-03-14 13:59:42,399,WARNING,MOTOR DEBUG - Raw steering command: 89.1°
2025-03-14 13:59:42,400,INFO,RIGHT TURN: 89.1°
2025-03-14 13:59:42,400,WARNING,MOTOR DEBUG - RIGHT turn factors: L=1.000, R=0.010
2025-03-14 13:59:42,400,WARNING,MOTOR DEBUG - Speed=0.30, Factors: L=1.00, R=0.01
2025-03-14 13:59:42,400,WARNING,MOTOR DEBUG - Final speeds: L=0.30, R=0.00
2025-03-14 13:59:42,401,INFO,Applying to motors - Left: 0.30, Right: 0.00
2025-03-14 13:59:42,402,INFO,POS: (34.1519252, -77.8668707) | HDG: 298.0° | TGT: 0/1 | DIST: 8897073.36m | STEER: 89.1°
2025-03-14 13:59:42,503,WARNING,MOTOR DEBUG - Raw steering command: 89.1°
2025-03-14 13:59:42,504,INFO,RIGHT TURN: 89.1°
2025-03-14 13:59:42,504,WARNING,MOTOR DEBUG - RIGHT turn factors: L=1.000, R=0.010
2025-03-14 13:59:42,504,WARNING,MOTOR DEBUG - Speed=0.30, Factors: L=1.00, R=0.01
2025-03-14 13:59:42,505,WARNING,MOTOR DEBUG - Final speeds: L=0.30, R=0.00
2025-03-14 13:59:42,505,INFO,Applying to motors - Left: 0.30, Right: 0.00
2025-03-14 13:59:42,506,INFO,POS: (34.1519252, -77.8668707) | HDG: 298.0° | TGT: 0/1 | DIST: 8897073.36m | STEER: 89.1°
2025-03-14 13:59:42,608,WARNING,MOTOR DEBUG - Raw steering command: 89.1°
2025-03-14 13:59:42,608,INFO,RIGHT TURN: 89.1°
2025-03-14 13:59:42,608,WARNING,MOTOR DEBUG - RIGHT turn factors: L=1.000, R=0.010
2025-03-14 13:59:42,609,WARNING,MOTOR DEBUG - Speed=0.30, Factors: L=1.00, R=0.01
2025-03-14 13:59:42,609,WARNING,MOTOR DEBUG - Final speeds: L=0.30, R=0.00
2025-03-14 13:59:42,609,INFO,Applying to motors - Left: 0.30, Right: 0.00
2025-03-14 13:59:42,611,INFO,POS: (34.1519252, -77.8668707) | HDG: 298.0° | TGT: 0/1 | DIST: 8897073.36m | STEER: 89.1°
2025-03-14 13:59:42,712,WARNING,MOTOR DEBUG - Raw steering command: 89.1°
2025-03-14 13:59:42,712,INFO,RIGHT TURN: 89.1°
2025-03-14 13:59:42,712,WARNING,MOTOR DEBUG - RIGHT turn factors: L=1.000, R=0.010
2025-03-14 13:59:42,713,WARNING,MOTOR DEBUG - Speed=0.30, Factors: L=1.00, R=0.01
2025-03-14 13:59:42,713,WARNING,MOTOR DEBUG - Final speeds: L=0.30, R=0.00
2025-03-14 13:59:42,713,INFO,Applying to motors - Left: 0.30, Right: 0.00
2025-03-14 13:59:42,715,INFO,POS: (34.1519252, -77.8668707) | HDG: 298.0° | TGT: 0/1 | DIST: 8897073.36m | STEER: 89.1°
2025-03-14 13:59:42,816,WARNING,MOTOR DEBUG - Raw steering command: 89.1°
2025-03-14 13:59:42,817,INFO,RIGHT TURN: 89.1°
2025-03-14 13:59:42,817,WARNING,MOTOR DEBUG - RIGHT turn factors: L=1.000, R=0.010
2025-03-14 13:59:42,817,WARNING,MOTOR DEBUG - Speed=0.30, Factors: L=1.00, R=0.01
2025-03-14 13:59:42,818,WARNING,MOTOR DEBUG - Final speeds: L=0.30, R=0.00
2025-03-14 13:59:42,818,INFO,Applying to motors - Left: 0.30, Right: 0.00
2025-03-14 13:59:42,820,INFO,POS: (34.1519252, -77.8668707) | HDG: 298.0° | TGT: 0/1 | DIST: 8897073.36m | STEER: 89.1°
2025-03-14 13:59:42,921,WARNING,MOTOR DEBUG - Raw steering command: 89.1°
2025-03-14 13:59:42,921,INFO,RIGHT TURN: 89.1°
2025-03-14 13:59:42,922,WARNING,MOTOR DEBUG - RIGHT turn factors: L=1.000, R=0.010
2025-03-14 13:59:42,922,WARNING,MOTOR DEBUG - Speed=0.30, Factors: L=1.00, R=0.01
2025-03-14 13:59:42,922,WARNING,MOTOR DEBUG - Final speeds: L=0.30, R=0.00
2025-03-14 13:59:42,923,INFO,Applying to motors - Left: 0.30, Right: 0.00
2025-03-14 13:59:42,924,INFO,POS: (34.1519252, -77.8668707) | HDG: 298.0° | TGT: 0/1 | DIST: 8897073.36m | STEER: 89.1°
2025-03-14 13:59:43,025,WARNING,MOTOR DEBUG - Raw steering command: 89.1°
2025-03-14 13:59:43,026,INFO,RIGHT TURN: 89.1°
2025-03-14 13:59:43,026,WARNING,MOTOR DEBUG - RIGHT turn factors: L=1.000, R=0.010
2025-03-14 13:59:43,027,WARNING,MOTOR DEBUG - Speed=0.30, Factors: L=1.00, R=0.01
2025-03-14 13:59:43,027,WARNING,MOTOR DEBUG - Final speeds: L=0.30, R=0.00
2025-03-14 13:59:43,027,INFO,Applying to motors - Left: 0.30, Right: 0.00
2025-03-14 13:59:43,029,INFO,POS: (34.1519252, -77.8668707) | HDG: 298.0° | TGT: 0/1 | DIST: 8897073.36m | STEER: 89.1°
2025-03-14 13:59:43,130,WARNING,MOTOR DEBUG - Raw steering command: 88.2°
2025-03-14 13:59:43,130,INFO,RIGHT TURN: 88.2°
2025-03-14 13:59:43,131,WARNING,MOTOR DEBUG - RIGHT turn factors: L=1.000, R=0.020
2025-03-14 13:59:43,131,WARNING,MOTOR DEBUG - Speed=0.30, Factors: L=1.00, R=0.02
2025-03-14 13:59:43,132,WARNING,MOTOR DEBUG - Final speeds: L=0.30, R=0.01
2025-03-14 13:59:43,132,INFO,Applying to motors - Left: 0.30, Right: 0.01
2025-03-14 13:59:43,133,INFO,POS: (34.1519298, -77.8668727) | HDG: 319.0° | TGT: 0/1 | DIST: 8897073.60m | STEER: 88.2°
2025-03-14 13:59:43,235,WARNING,MOTOR DEBUG - Raw steering command: 88.2°
2025-03-14 13:59:43,235,INFO,RIGHT TURN: 88.2°
2025-03-14 13:59:43,235,WARNING,MOTOR DEBUG - RIGHT turn factors: L=1.000, R=0.020
2025-03-14 13:59:43,236,WARNING,MOTOR DEBUG - Speed=0.30, Factors: L=1.00, R=0.02
2025-03-14 13:59:43,236,WARNING,MOTOR DEBUG - Final speeds: L=0.30, R=0.01
2025-03-14 13:59:43,236,INFO,Applying to motors - Left: 0.30, Right: 0.01
2025-03-14 13:59:43,238,INFO,POS: (34.1519298, -77.8668727) | HDG: 319.0° | TGT: 0/1 | DIST: 8897073.60m | STEER: 88.2°
2025-03-14 13:59:43,339,WARNING,MOTOR DEBUG - Raw steering command: 88.2°
2025-03-14 13:59:43,339,INFO,RIGHT TURN: 88.2°
2025-03-14 13:59:43,339,WARNING,MOTOR DEBUG - RIGHT turn factors: L=1.000, R=0.020
2025-03-14 13:59:43,340,WARNING,MOTOR DEBUG - Speed=0.30, Factors: L=1.00, R=0.02
2025-03-14 13:59:43,340,WARNING,MOTOR DEBUG - Final speeds: L=0.30, R=0.01
2025-03-14 13:59:43,340,INFO,Applying to motors - Left: 0.30, Right: 0.01
2025-03-14 13:59:43,342,INFO,POS: (34.1519298, -77.8668727) | HDG: 319.0° | TGT: 0/1 | DIST: 8897073.60m | STEER: 88.2°
2025-03-14 13:59:43,443,WARNING,MOTOR DEBUG - Raw steering command: 88.2°
2025-03-14 13:59:43,444,INFO,RIGHT TURN: 88.2°
2025-03-14 13:59:43,444,WARNING,MOTOR DEBUG - RIGHT turn factors: L=1.000, R=0.020
2025-03-14 13:59:43,445,WARNING,MOTOR DEBUG - Speed=0.30, Factors: L=1.00, R=0.02
2025-03-14 13:59:43,445,WARNING,MOTOR DEBUG - Final speeds: L=0.30, R=0.01
2025-03-14 13:59:43,446,INFO,Applying to motors - Left: 0.30, Right: 0.01
2025-03-14 13:59:43,447,INFO,POS: (34.1519298, -77.8668727) | HDG: 319.0° | TGT: 0/1 | DIST: 8897073.60m | STEER: 88.2°
2025-03-14 13:59:43,548,WARNING,MOTOR DEBUG - Raw steering command: 88.2°
2025-03-14 13:59:43,549,INFO,RIGHT TURN: 88.2°
2025-03-14 13:59:43,549,WARNING,MOTOR DEBUG - RIGHT turn factors: L=1.000, R=0.020
2025-03-14 13:59:43,550,WARNING,MOTOR DEBUG - Speed=0.30, Factors: L=1.00, R=0.02
2025-03-14 13:59:43,551,WARNING,MOTOR DEBUG - Final speeds: L=0.30, R=0.01
2025-03-14 13:59:43,551,INFO,Applying to motors - Left: 0.30, Right: 0.01
2025-03-14 13:59:43,556,INFO,POS: (34.1519298, -77.8668727) | HDG: 319.0° | TGT: 0/1 | DIST: 8897073.60m | STEER: 88.2°
2025-03-14 13:59:43,658,WARNING,MOTOR DEBUG - Raw steering command: 88.2°
2025-03-14 13:59:43,659,INFO,RIGHT TURN: 88.2°
2025-03-14 13:59:43,660,WARNING,MOTOR DEBUG - RIGHT turn factors: L=1.000, R=0.020
2025-03-14 13:59:43,661,WARNING,MOTOR DEBUG - Speed=0.30, Factors: L=1.00, R=0.02
2025-03-14 13:59:43,662,WARNING,MOTOR DEBUG - Final speeds: L=0.30, R=0.01
2025-03-14 13:59:43,662,INFO,Applying to motors - Left: 0.30, Right: 0.01
2025-03-14 13:59:43,664,INFO,POS: (34.1519298, -77.8668727) | HDG: 319.0° | TGT: 0/1 | DIST: 8897073.60m | STEER: 88.2°
2025-03-14 13:59:43,767,WARNING,MOTOR DEBUG - Raw steering command: 88.2°
2025-03-14 13:59:43,767,INFO,RIGHT TURN: 88.2°
2025-03-14 13:59:43,768,WARNING,MOTOR DEBUG - RIGHT turn factors: L=1.000, R=0.020
2025-03-14 13:59:43,769,WARNING,MOTOR DEBUG - Speed=0.30, Factors: L=1.00, R=0.02
2025-03-14 13:59:43,769,WARNING,MOTOR DEBUG - Final speeds: L=0.30, R=0.01
2025-03-14 13:59:43,769,INFO,Applying to motors - Left: 0.30, Right: 0.01
2025-03-14 13:59:43,771,INFO,POS: (34.1519298, -77.8668727) | HDG: 319.0° | TGT: 0/1 | DIST: 8897073.60m | STEER: 88.2°
2025-03-14 13:59:43,874,WARNING,MOTOR DEBUG - Raw steering command: 88.2°
2025-03-14 13:59:43,874,INFO,RIGHT TURN: 88.2°
2025-03-14 13:59:43,875,WARNING,MOTOR DEBUG - RIGHT turn factors: L=1.000, R=0.020
2025-03-14 13:59:43,876,WARNING,MOTOR DEBUG - Speed=0.30, Factors: L=1.00, R=0.02
2025-03-14 13:59:43,877,WARNING,MOTOR DEBUG - Final speeds: L=0.30, R=0.01
2025-03-14 13:59:43,877,INFO,Applying to motors - Left: 0.30, Right: 0.01
2025-03-14 13:59:43,879,INFO,POS: (34.1519298, -77.8668727) | HDG: 319.0° | TGT: 0/1 | DIST: 8897073.60m | STEER: 88.2°
2025-03-14 13:59:43,981,WARNING,MOTOR DEBUG - Raw steering command: 88.2°
2025-03-14 13:59:43,982,INFO,RIGHT TURN: 88.2°
2025-03-14 13:59:43,982,WARNING,MOTOR DEBUG - RIGHT turn factors: L=1.000, R=0.020
2025-03-14 13:59:43,983,WARNING,MOTOR DEBUG - Speed=0.30, Factors: L=1.00, R=0.02
2025-03-14 13:59:43,984,WARNING,MOTOR DEBUG - Final speeds: L=0.30, R=0.01
2025-03-14 13:59:43,984,INFO,Applying to motors - Left: 0.30, Right: 0.01
2025-03-14 13:59:43,986,INFO,POS: (34.1519298, -77.8668727) | HDG: 319.0° | TGT: 0/1 | DIST: 8897073.60m | STEER: 88.2°
2025-03-14 13:59:44,088,WARNING,MOTOR DEBUG - Raw steering command: 88.6°
2025-03-14 13:59:44,090,INFO,RIGHT TURN: 88.6°
2025-03-14 13:59:44,091,WARNING,MOTOR DEBUG - RIGHT turn factors: L=1.000, R=0.015
2025-03-14 13:59:44,092,WARNING,MOTOR DEBUG - Speed=0.30, Factors: L=1.00, R=0.02
2025-03-14 13:59:44,093,WARNING,MOTOR DEBUG - Final speeds: L=0.30, R=0.00
2025-03-14 13:59:44,094,INFO,Applying to motors - Left: 0.30, Right: 0.00
2025-03-14 13:59:44,097,INFO,POS: (34.1519298, -77.8668727) | HDG: 310.6° | TGT: 0/1 | DIST: 8897073.60m | STEER: 88.6°
2025-03-14 13:59:44,200,WARNING,MOTOR DEBUG - Raw steering command: 88.6°
2025-03-14 13:59:44,202,INFO,RIGHT TURN: 88.6°
2025-03-14 13:59:44,203,WARNING,MOTOR DEBUG - RIGHT turn factors: L=1.000, R=0.015
2025-03-14 13:59:44,204,WARNING,MOTOR DEBUG - Speed=0.30, Factors: L=1.00, R=0.02
2025-03-14 13:59:44,205,WARNING,MOTOR DEBUG - Final speeds: L=0.30, R=0.00
2025-03-14 13:59:44,206,INFO,Applying to motors - Left: 0.30, Right: 0.00
2025-03-14 13:59:44,209,INFO,POS: (34.1519298, -77.8668727) | HDG: 310.6° | TGT: 0/1 | DIST: 8897073.60m | STEER: 88.6°
2025-03-14 13:59:44,312,WARNING,MOTOR DEBUG - Raw steering command: 88.6°
2025-03-14 13:59:44,312,INFO,RIGHT TURN: 88.6°
2025-03-14 13:59:44,313,WARNING,MOTOR DEBUG - RIGHT turn factors: L=1.000, R=0.015
2025-03-14 13:59:44,314,WARNING,MOTOR DEBUG - Speed=0.30, Factors: L=1.00, R=0.02
2025-03-14 13:59:44,314,WARNING,MOTOR DEBUG - Final speeds: L=0.30, R=0.00
2025-03-14 13:59:44,315,INFO,Applying to motors - Left: 0.30, Right: 0.00
2025-03-14 13:59:44,317,INFO,POS: (34.1519298, -77.8668727) | HDG: 310.6° | TGT: 0/1 | DIST: 8897073.60m | STEER: 88.6°
2025-03-14 13:59:44,419,WARNING,MOTOR DEBUG - Raw steering command: 88.6°
2025-03-14 13:59:44,420,INFO,RIGHT TURN: 88.6°
2025-03-14 13:59:44,420,WARNING,MOTOR DEBUG - RIGHT turn factors: L=1.000, R=0.015
2025-03-14 13:59:44,421,WARNING,MOTOR DEBUG - Speed=0.30, Factors: L=1.00, R=0.02
2025-03-14 13:59:44,422,WARNING,MOTOR DEBUG - Final speeds: L=0.30, R=0.00
2025-03-14 13:59:44,422,INFO,Applying to motors - Left: 0.30, Right: 0.00
2025-03-14 13:59:44,424,INFO,POS: (34.1519298, -77.8668727) | HDG: 310.6° | TGT: 0/1 | DIST: 8897073.60m | STEER: 88.6°
2025-03-14 13:59:44,527,WARNING,MOTOR DEBUG - Raw steering command: 88.6°
2025-03-14 13:59:44,528,INFO,RIGHT TURN: 88.6°
2025-03-14 13:59:44,528,WARNING,MOTOR DEBUG - RIGHT turn factors: L=1.000, R=0.015
2025-03-14 13:59:44,529,WARNING,MOTOR DEBUG - Speed=0.30, Factors: L=1.00, R=0.02
2025-03-14 13:59:44,530,WARNING,MOTOR DEBUG - Final speeds: L=0.30, R=0.00
2025-03-14 13:59:44,530,INFO,Applying to motors - Left: 0.30, Right: 0.00
2025-03-14 13:59:44,532,INFO,POS: (34.1519298, -77.8668727) | HDG: 310.6° | TGT: 0/1 | DIST: 8897073.60m | STEER: 88.6°
2025-03-14 13:59:44,634,WARNING,MOTOR DEBUG - Raw steering command: 88.6°
2025-03-14 13:59:44,635,INFO,RIGHT TURN: 88.6°
2025-03-14 13:59:44,635,WARNING,MOTOR DEBUG - RIGHT turn factors: L=1.000, R=0.015
2025-03-14 13:59:44,636,WARNING,MOTOR DEBUG - Speed=0.30, Factors: L=1.00, R=0.02
2025-03-14 13:59:44,637,WARNING,MOTOR DEBUG - Final speeds: L=0.30, R=0.00
2025-03-14 13:59:44,637,INFO,Applying to motors - Left: 0.30, Right: 0.00
2025-03-14 13:59:44,639,INFO,POS: (34.1519298, -77.8668727) | HDG: 310.6° | TGT: 0/1 | DIST: 8897073.60m | STEER: 88.6°
2025-03-14 13:59:44,741,WARNING,MOTOR DEBUG - Raw steering command: 88.6°
2025-03-14 13:59:44,743,INFO,RIGHT TURN: 88.6°
2025-03-14 13:59:44,743,WARNING,MOTOR DEBUG - RIGHT turn factors: L=1.000, R=0.015
2025-03-14 13:59:44,744,WARNING,MOTOR DEBUG - Speed=0.30, Factors: L=1.00, R=0.02
2025-03-14 13:59:44,745,WARNING,MOTOR DEBUG - Final speeds: L=0.30, R=0.00
2025-03-14 13:59:44,745,INFO,Applying to motors - Left: 0.30, Right: 0.00
2025-03-14 13:59:44,747,INFO,POS: (34.1519298, -77.8668727) | HDG: 310.6° | TGT: 0/1 | DIST: 8897073.60m | STEER: 88.6°
2025-03-14 13:59:44,849,WARNING,MOTOR DEBUG - Raw steering command: 88.6°
2025-03-14 13:59:44,850,INFO,RIGHT TURN: 88.6°
2025-03-14 13:59:44,850,WARNING,MOTOR DEBUG - RIGHT turn factors: L=1.000, R=0.015
2025-03-14 13:59:44,851,WARNING,MOTOR DEBUG - Speed=0.30, Factors: L=1.00, R=0.02
2025-03-14 13:59:44,851,WARNING,MOTOR DEBUG - Final speeds: L=0.30, R=0.00
2025-03-14 13:59:44,852,INFO,Applying to motors - Left: 0.30, Right: 0.00
2025-03-14 13:59:44,854,INFO,POS: (34.1519298, -77.8668727) | HDG: 310.6° | TGT: 0/1 | DIST: 8897073.60m | STEER: 88.6°
2025-03-14 13:59:44,956,WARNING,MOTOR DEBUG - Raw steering command: 88.6°
2025-03-14 13:59:44,957,INFO,RIGHT TURN: 88.6°
2025-03-14 13:59:44,958,WARNING,MOTOR DEBUG - RIGHT turn factors: L=1.000, R=0.015
2025-03-14 13:59:44,959,WARNING,MOTOR DEBUG - Speed=0.30, Factors: L=1.00, R=0.02
2025-03-14 13:59:44,959,WARNING,MOTOR DEBUG - Final speeds: L=0.30, R=0.00
2025-03-14 13:59:44,960,INFO,Applying to motors - Left: 0.30, Right: 0.00
2025-03-14 13:59:44,963,INFO,POS: (34.1519298, -77.8668727) | HDG: 310.6° | TGT: 0/1 | DIST: 8897073.60m | STEER: 88.6°
2025-03-14 13:59:45,065,WARNING,MOTOR DEBUG - Raw steering command: 84.4°
2025-03-14 13:59:45,066,INFO,RIGHT TURN: 84.4°
2025-03-14 13:59:45,066,WARNING,MOTOR DEBUG - RIGHT turn factors: L=1.000, R=0.062
2025-03-14 13:59:45,067,WARNING,MOTOR DEBUG - Speed=0.30, Factors: L=1.00, R=0.06
2025-03-14 13:59:45,068,WARNING,MOTOR DEBUG - Final speeds: L=0.30, R=0.02
2025-03-14 13:59:45,068,INFO,Applying to motors - Left: 0.30, Right: 0.02
2025-03-14 13:59:45,070,INFO,POS: (34.1519345, -77.8668697) | HDG: 353.7° | TGT: 0/1 | DIST: 8897073.39m | STEER: 84.4°
2025-03-14 13:59:45,172,WARNING,MOTOR DEBUG - Raw steering command: 84.8°
2025-03-14 13:59:45,173,INFO,RIGHT TURN: 84.8°
2025-03-14 13:59:45,173,WARNING,MOTOR DEBUG - RIGHT turn factors: L=1.000, R=0.058
2025-03-14 13:59:45,174,WARNING,MOTOR DEBUG - Speed=0.30, Factors: L=1.00, R=0.06
2025-03-14 13:59:45,175,WARNING,MOTOR DEBUG - Final speeds: L=0.30, R=0.02
2025-03-14 13:59:45,175,INFO,Applying to motors - Left: 0.30, Right: 0.02
2025-03-14 13:59:45,177,INFO,POS: (34.1519345, -77.8668697) | HDG: 351.7° | TGT: 0/1 | DIST: 8897073.39m | STEER: 84.8°
2025-03-14 13:59:45,279,WARNING,MOTOR DEBUG - Raw steering command: 84.8°
2025-03-14 13:59:45,280,INFO,RIGHT TURN: 84.8°
2025-03-14 13:59:45,280,WARNING,MOTOR DEBUG - RIGHT turn factors: L=1.000, R=0.058
2025-03-14 13:59:45,281,WARNING,MOTOR DEBUG - Speed=0.30, Factors: L=1.00, R=0.06
2025-03-14 13:59:45,282,WARNING,MOTOR DEBUG - Final speeds: L=0.30, R=0.02
2025-03-14 13:59:45,282,INFO,Applying to motors - Left: 0.30, Right: 0.02
2025-03-14 13:59:45,284,INFO,POS: (34.1519345, -77.8668697) | HDG: 351.7° | TGT: 0/1 | DIST: 8897073.39m | STEER: 84.8°
2025-03-14 13:59:45,386,WARNING,MOTOR DEBUG - Raw steering command: 84.8°
2025-03-14 13:59:45,387,INFO,RIGHT TURN: 84.8°
2025-03-14 13:59:45,387,WARNING,MOTOR DEBUG - RIGHT turn factors: L=1.000, R=0.058
2025-03-14 13:59:45,388,WARNING,MOTOR DEBUG - Speed=0.30, Factors: L=1.00, R=0.06
2025-03-14 13:59:45,389,WARNING,MOTOR DEBUG - Final speeds: L=0.30, R=0.02
2025-03-14 13:59:45,389,INFO,Applying to motors - Left: 0.30, Right: 0.02
2025-03-14 13:59:45,391,INFO,POS: (34.1519345, -77.8668697) | HDG: 351.7° | TGT: 0/1 | DIST: 8897073.39m | STEER: 84.8°
2025-03-14 13:59:45,493,WARNING,MOTOR DEBUG - Raw steering command: 84.8°
2025-03-14 13:59:45,494,INFO,RIGHT TURN: 84.8°
2025-03-14 13:59:45,494,WARNING,MOTOR DEBUG - RIGHT turn factors: L=1.000, R=0.058
2025-03-14 13:59:45,495,WARNING,MOTOR DEBUG - Speed=0.30, Factors: L=1.00, R=0.06
2025-03-14 13:59:45,496,WARNING,MOTOR DEBUG - Final speeds: L=0.30, R=0.02
2025-03-14 13:59:45,496,INFO,Applying to motors - Left: 0.30, Right: 0.02
2025-03-14 13:59:45,498,INFO,POS: (34.1519345, -77.8668697) | HDG: 351.7° | TGT: 0/1 | DIST: 8897073.39m | STEER: 84.8°
2025-03-14 13:59:45,600,WARNING,MOTOR DEBUG - Raw steering command: 84.8°
2025-03-14 13:59:45,601,INFO,RIGHT TURN: 84.8°
2025-03-14 13:59:45,601,WARNING,MOTOR DEBUG - RIGHT turn factors: L=1.000, R=0.058
2025-03-14 13:59:45,602,WARNING,MOTOR DEBUG - Speed=0.30, Factors: L=1.00, R=0.06
2025-03-14 13:59:45,603,WARNING,MOTOR DEBUG - Final speeds: L=0.30, R=0.02
2025-03-14 13:59:45,603,INFO,Applying to motors - Left: 0.30, Right: 0.02
2025-03-14 13:59:45,605,INFO,POS: (34.1519345, -77.8668697) | HDG: 351.7° | TGT: 0/1 | DIST: 8897073.39m | STEER: 84.8°
2025-03-14 13:59:45,707,WARNING,MOTOR DEBUG - Raw steering command: 84.8°
2025-03-14 13:59:45,707,INFO,RIGHT TURN: 84.8°
2025-03-14 13:59:45,708,WARNING,MOTOR DEBUG - RIGHT turn factors: L=1.000, R=0.058
2025-03-14 13:59:45,709,WARNING,MOTOR DEBUG - Speed=0.30, Factors: L=1.00, R=0.06
2025-03-14 13:59:45,709,WARNING,MOTOR DEBUG - Final speeds: L=0.30, R=0.02
2025-03-14 13:59:45,709,INFO,Applying to motors - Left: 0.30, Right: 0.02
2025-03-14 13:59:45,711,INFO,POS: (34.1519345, -77.8668697) | HDG: 351.7° | TGT: 0/1 | DIST: 8897073.39m | STEER: 84.8°
2025-03-14 13:59:45,814,WARNING,MOTOR DEBUG - Raw steering command: 84.8°
2025-03-14 13:59:45,814,INFO,RIGHT TURN: 84.8°
2025-03-14 13:59:45,815,WARNING,MOTOR DEBUG - RIGHT turn factors: L=1.000, R=0.058
2025-03-14 13:59:45,816,WARNING,MOTOR DEBUG - Speed=0.30, Factors: L=1.00, R=0.06
2025-03-14 13:59:45,816,WARNING,MOTOR DEBUG - Final speeds: L=0.30, R=0.02
2025-03-14 13:59:45,817,INFO,Applying to motors - Left: 0.30, Right: 0.02
2025-03-14 13:59:45,819,INFO,POS: (34.1519345, -77.8668697) | HDG: 351.7° | TGT: 0/1 | DIST: 8897073.39m | STEER: 84.8°
2025-03-14 13:59:45,921,WARNING,MOTOR DEBUG - Raw steering command: 84.8°
2025-03-14 13:59:45,922,INFO,RIGHT TURN: 84.8°
2025-03-14 13:59:45,922,WARNING,MOTOR DEBUG - RIGHT turn factors: L=1.000, R=0.058
2025-03-14 13:59:45,923,WARNING,MOTOR DEBUG - Speed=0.30, Factors: L=1.00, R=0.06
2025-03-14 13:59:45,923,WARNING,MOTOR DEBUG - Final speeds: L=0.30, R=0.02
2025-03-14 13:59:45,924,INFO,Applying to motors - Left: 0.30, Right: 0.02
2025-03-14 13:59:45,926,INFO,POS: (34.1519345, -77.8668697) | HDG: 351.7° | TGT: 0/1 | DIST: 8897073.39m | STEER: 84.8°
2025-03-14 13:59:46,028,WARNING,MOTOR DEBUG - Raw steering command: 78.1°
2025-03-14 13:59:46,028,INFO,RIGHT TURN: 78.1°
2025-03-14 13:59:46,029,WARNING,MOTOR DEBUG - RIGHT turn factors: L=1.000, R=0.132
2025-03-14 13:59:46,030,WARNING,MOTOR DEBUG - Speed=0.30, Factors: L=1.00, R=0.13
2025-03-14 13:59:46,030,WARNING,MOTOR DEBUG - Final speeds: L=0.30, R=0.04
2025-03-14 13:59:46,031,INFO,Applying to motors - Left: 0.30, Right: 0.04
2025-03-14 13:59:46,033,INFO,POS: (34.1519387, -77.8668665) | HDG: 17.5° | TGT: 0/1 | DIST: 8897073.15m | STEER: 78.1°
2025-03-14 13:59:46,135,WARNING,MOTOR DEBUG - Raw steering command: 62.5°
2025-03-14 13:59:46,135,INFO,RIGHT TURN: 62.5°
2025-03-14 13:59:46,136,WARNING,MOTOR DEBUG - RIGHT turn factors: L=1.000, R=0.306
2025-03-14 13:59:46,137,WARNING,MOTOR DEBUG - Speed=0.30, Factors: L=1.00, R=0.31
2025-03-14 13:59:46,137,WARNING,MOTOR DEBUG - Final speeds: L=0.30, R=0.09
2025-03-14 13:59:46,138,INFO,Applying to motors - Left: 0.30, Right: 0.09
2025-03-14 13:59:46,140,INFO,POS: (34.1519412, -77.8668617) | HDG: 45.5° | TGT: 0/1 | DIST: 8897072.74m | STEER: 62.5°
2025-03-14 13:59:46,242,WARNING,MOTOR DEBUG - Raw steering command: 62.5°
2025-03-14 13:59:46,242,INFO,RIGHT TURN: 62.5°
2025-03-14 13:59:46,243,WARNING,MOTOR DEBUG - RIGHT turn factors: L=1.000, R=0.306
2025-03-14 13:59:46,244,WARNING,MOTOR DEBUG - Speed=0.30, Factors: L=1.00, R=0.31
2025-03-14 13:59:46,244,WARNING,MOTOR DEBUG - Final speeds: L=0.30, R=0.09
2025-03-14 13:59:46,244,INFO,Applying to motors - Left: 0.30, Right: 0.09
2025-03-14 13:59:46,246,INFO,POS: (34.1519412, -77.8668617) | HDG: 45.5° | TGT: 0/1 | DIST: 8897072.74m | STEER: 62.5°
2025-03-14 13:59:46,349,WARNING,MOTOR DEBUG - Raw steering command: 62.5°
2025-03-14 13:59:46,349,INFO,RIGHT TURN: 62.5°
2025-03-14 13:59:46,350,WARNING,MOTOR DEBUG - RIGHT turn factors: L=1.000, R=0.306
2025-03-14 13:59:46,351,WARNING,MOTOR DEBUG - Speed=0.30, Factors: L=1.00, R=0.31
2025-03-14 13:59:46,351,WARNING,MOTOR DEBUG - Final speeds: L=0.30, R=0.09
2025-03-14 13:59:46,352,INFO,Applying to motors - Left: 0.30, Right: 0.09
2025-03-14 13:59:46,354,INFO,POS: (34.1519412, -77.8668617) | HDG: 45.5° | TGT: 0/1 | DIST: 8897072.74m | STEER: 62.5°
2025-03-14 13:59:46,456,WARNING,MOTOR DEBUG - Raw steering command: 62.5°
2025-03-14 13:59:46,457,INFO,RIGHT TURN: 62.5°
2025-03-14 13:59:46,457,WARNING,MOTOR DEBUG - RIGHT turn factors: L=1.000, R=0.306
2025-03-14 13:59:46,458,WARNING,MOTOR DEBUG - Speed=0.30, Factors: L=1.00, R=0.31
2025-03-14 13:59:46,459,WARNING,MOTOR DEBUG - Final speeds: L=0.30, R=0.09
2025-03-14 13:59:46,459,INFO,Applying to motors - Left: 0.30, Right: 0.09
2025-03-14 13:59:46,461,INFO,POS: (34.1519412, -77.8668617) | HDG: 45.5° | TGT: 0/1 | DIST: 8897072.74m | STEER: 62.5°
2025-03-14 13:59:46,564,WARNING,MOTOR DEBUG - Raw steering command: 62.5°
2025-03-14 13:59:46,564,INFO,RIGHT TURN: 62.5°
2025-03-14 13:59:46,565,WARNING,MOTOR DEBUG - RIGHT turn factors: L=1.000, R=0.306
2025-03-14 13:59:46,566,WARNING,MOTOR DEBUG - Speed=0.30, Factors: L=1.00, R=0.31
2025-03-14 13:59:46,566,WARNING,MOTOR DEBUG - Final speeds: L=0.30, R=0.09
2025-03-14 13:59:46,567,INFO,Applying to motors - Left: 0.30, Right: 0.09
2025-03-14 13:59:46,569,INFO,POS: (34.1519412, -77.8668617) | HDG: 45.5° | TGT: 0/1 | DIST: 8897072.74m | STEER: 62.5°
2025-03-14 13:59:46,671,WARNING,MOTOR DEBUG - Raw steering command: 62.5°
2025-03-14 13:59:46,672,INFO,RIGHT TURN: 62.5°
2025-03-14 13:59:46,672,WARNING,MOTOR DEBUG - RIGHT turn factors: L=1.000, R=0.306
2025-03-14 13:59:46,673,WARNING,MOTOR DEBUG - Speed=0.30, Factors: L=1.00, R=0.31
2025-03-14 13:59:46,674,WARNING,MOTOR DEBUG - Final speeds: L=0.30, R=0.09
2025-03-14 13:59:46,674,INFO,Applying to motors - Left: 0.30, Right: 0.09
2025-03-14 13:59:46,676,INFO,POS: (34.1519412, -77.8668617) | HDG: 45.5° | TGT: 0/1 | DIST: 8897072.74m | STEER: 62.5°
2025-03-14 13:59:46,779,WARNING,MOTOR DEBUG - Raw steering command: 62.5°
2025-03-14 13:59:46,779,INFO,RIGHT TURN: 62.5°
2025-03-14 13:59:46,780,WARNING,MOTOR DEBUG - RIGHT turn factors: L=1.000, R=0.306
2025-03-14 13:59:46,780,WARNING,MOTOR DEBUG - Speed=0.30, Factors: L=1.00, R=0.31
2025-03-14 13:59:46,781,WARNING,MOTOR DEBUG - Final speeds: L=0.30, R=0.09
2025-03-14 13:59:46,781,INFO,Applying to motors - Left: 0.30, Right: 0.09
2025-03-14 13:59:46,783,INFO,POS: (34.1519412, -77.8668617) | HDG: 45.5° | TGT: 0/1 | DIST: 8897072.74m | STEER: 62.5°
2025-03-14 13:59:46,886,WARNING,MOTOR DEBUG - Raw steering command: 62.5°
2025-03-14 13:59:46,886,INFO,RIGHT TURN: 62.5°
2025-03-14 13:59:46,887,WARNING,MOTOR DEBUG - RIGHT turn factors: L=1.000, R=0.306
2025-03-14 13:59:46,888,WARNING,MOTOR DEBUG - Speed=0.30, Factors: L=1.00, R=0.31
2025-03-14 13:59:46,888,WARNING,MOTOR DEBUG - Final speeds: L=0.30, R=0.09
2025-03-14 13:59:46,888,INFO,Applying to motors - Left: 0.30, Right: 0.09
2025-03-14 13:59:46,890,INFO,POS: (34.1519412, -77.8668617) | HDG: 45.5° | TGT: 0/1 | DIST: 8897072.74m | STEER: 62.5°
2025-03-14 13:59:46,993,WARNING,MOTOR DEBUG - Raw steering command: 62.5°
2025-03-14 13:59:46,993,INFO,RIGHT TURN: 62.5°
2025-03-14 13:59:46,994,WARNING,MOTOR DEBUG - RIGHT turn factors: L=1.000, R=0.306
2025-03-14 13:59:46,995,WARNING,MOTOR DEBUG - Speed=0.30, Factors: L=1.00, R=0.31
2025-03-14 13:59:46,995,WARNING,MOTOR DEBUG - Final speeds: L=0.30, R=0.09
2025-03-14 13:59:46,996,INFO,Applying to motors - Left: 0.30, Right: 0.09
2025-03-14 13:59:46,998,INFO,POS: (34.1519412, -77.8668617) | HDG: 45.5° | TGT: 0/1 | DIST: 8897072.74m | STEER: 62.5°
2025-03-14 13:59:47,099,WARNING,MOTOR DEBUG - Raw steering command: 33.8°
2025-03-14 13:59:47,100,INFO,RIGHT TURN: 33.8°
2025-03-14 13:59:47,101,WARNING,MOTOR DEBUG - RIGHT turn factors: L=1.000, R=0.624
2025-03-14 13:59:47,102,WARNING,MOTOR DEBUG - Speed=0.30, Factors: L=1.00, R=0.62
2025-03-14 13:59:47,102,WARNING,MOTOR DEBUG - Final speeds: L=0.30, R=0.19
2025-03-14 13:59:47,103,INFO,Applying to motors - Left: 0.30, Right: 0.19
2025-03-14 13:59:47,104,INFO,POS: (34.1519412, -77.8668617) | HDG: 73.2° | TGT: 0/1 | DIST: 8897072.74m | STEER: 33.8°
2025-03-14 13:59:47,207,WARNING,MOTOR DEBUG - Raw steering command: 33.8°
2025-03-14 13:59:47,207,INFO,RIGHT TURN: 33.8°
2025-03-14 13:59:47,208,WARNING,MOTOR DEBUG - RIGHT turn factors: L=1.000, R=0.624
2025-03-14 13:59:47,208,WARNING,MOTOR DEBUG - Speed=0.30, Factors: L=1.00, R=0.62
2025-03-14 13:59:47,208,WARNING,MOTOR DEBUG - Final speeds: L=0.30, R=0.19
2025-03-14 13:59:47,208,INFO,Applying to motors - Left: 0.30, Right: 0.19
2025-03-14 13:59:47,210,INFO,POS: (34.1519412, -77.8668617) | HDG: 73.2° | TGT: 0/1 | DIST: 8897072.74m | STEER: 33.8°
2025-03-14 13:59:47,311,WARNING,MOTOR DEBUG - Raw steering command: 33.8°
2025-03-14 13:59:47,312,INFO,RIGHT TURN: 33.8°
2025-03-14 13:59:47,312,WARNING,MOTOR DEBUG - RIGHT turn factors: L=1.000, R=0.624
2025-03-14 13:59:47,312,WARNING,MOTOR DEBUG - Speed=0.30, Factors: L=1.00, R=0.62
2025-03-14 13:59:47,313,WARNING,MOTOR DEBUG - Final speeds: L=0.30, R=0.19
2025-03-14 13:59:47,313,INFO,Applying to motors - Left: 0.30, Right: 0.19
2025-03-14 13:59:47,314,INFO,POS: (34.1519412, -77.8668617) | HDG: 73.2° | TGT: 0/1 | DIST: 8897072.74m | STEER: 33.8°
2025-03-14 13:59:47,416,WARNING,MOTOR DEBUG - Raw steering command: 33.8°
2025-03-14 13:59:47,416,INFO,RIGHT TURN: 33.8°
2025-03-14 13:59:47,416,WARNING,MOTOR DEBUG - RIGHT turn factors: L=1.000, R=0.624
2025-03-14 13:59:47,418,WARNING,MOTOR DEBUG - Speed=0.30, Factors: L=1.00, R=0.62
2025-03-14 13:59:47,418,WARNING,MOTOR DEBUG - Final speeds: L=0.30, R=0.19
2025-03-14 13:59:47,419,INFO,Applying to motors - Left: 0.30, Right: 0.19
2025-03-14 13:59:47,420,INFO,POS: (34.1519412, -77.8668617) | HDG: 73.2° | TGT: 0/1 | DIST: 8897072.74m | STEER: 33.8°
2025-03-14 13:59:47,521,WARNING,MOTOR DEBUG - Raw steering command: 33.8°
2025-03-14 13:59:47,522,INFO,RIGHT TURN: 33.8°
2025-03-14 13:59:47,522,WARNING,MOTOR DEBUG - RIGHT turn factors: L=1.000, R=0.624
2025-03-14 13:59:47,522,WARNING,MOTOR DEBUG - Speed=0.30, Factors: L=1.00, R=0.62
2025-03-14 13:59:47,523,WARNING,MOTOR DEBUG - Final speeds: L=0.30, R=0.19
2025-03-14 13:59:47,523,INFO,Applying to motors - Left: 0.30, Right: 0.19
2025-03-14 13:59:47,524,INFO,POS: (34.1519412, -77.8668617) | HDG: 73.2° | TGT: 0/1 | DIST: 8897072.74m | STEER: 33.8°
2025-03-14 13:59:47,626,WARNING,MOTOR DEBUG - Raw steering command: 33.8°
2025-03-14 13:59:47,626,INFO,RIGHT TURN: 33.8°
2025-03-14 13:59:47,626,WARNING,MOTOR DEBUG - RIGHT turn factors: L=1.000, R=0.624
2025-03-14 13:59:47,627,WARNING,MOTOR DEBUG - Speed=0.30, Factors: L=1.00, R=0.62
2025-03-14 13:59:47,627,WARNING,MOTOR DEBUG - Final speeds: L=0.30, R=0.19
2025-03-14 13:59:47,627,INFO,Applying to motors - Left: 0.30, Right: 0.19
2025-03-14 13:59:47,629,INFO,POS: (34.1519412, -77.8668617) | HDG: 73.2° | TGT: 0/1 | DIST: 8897072.74m | STEER: 33.8°
2025-03-14 13:59:47,730,WARNING,MOTOR DEBUG - Raw steering command: 33.8°
2025-03-14 13:59:47,730,INFO,RIGHT TURN: 33.8°
2025-03-14 13:59:47,731,WARNING,MOTOR DEBUG - RIGHT turn factors: L=1.000, R=0.624
2025-03-14 13:59:47,731,WARNING,MOTOR DEBUG - Speed=0.30, Factors: L=1.00, R=0.62
2025-03-14 13:59:47,731,WARNING,MOTOR DEBUG - Final speeds: L=0.30, R=0.19
2025-03-14 13:59:47,731,INFO,Applying to motors - Left: 0.30, Right: 0.19
2025-03-14 13:59:47,733,INFO,POS: (34.1519412, -77.8668617) | HDG: 73.2° | TGT: 0/1 | DIST: 8897072.74m | STEER: 33.8°
2025-03-14 13:59:47,834,WARNING,MOTOR DEBUG - Raw steering command: 33.8°
2025-03-14 13:59:47,835,INFO,RIGHT TURN: 33.8°
2025-03-14 13:59:47,835,WARNING,MOTOR DEBUG - RIGHT turn factors: L=1.000, R=0.624
2025-03-14 13:59:47,835,WARNING,MOTOR DEBUG - Speed=0.30, Factors: L=1.00, R=0.62
2025-03-14 13:59:47,835,WARNING,MOTOR DEBUG - Final speeds: L=0.30, R=0.19
2025-03-14 13:59:47,836,INFO,Applying to motors - Left: 0.30, Right: 0.19
2025-03-14 13:59:47,837,INFO,POS: (34.1519412, -77.8668617) | HDG: 73.2° | TGT: 0/1 | DIST: 8897072.74m | STEER: 33.8°
2025-03-14 13:59:47,938,WARNING,MOTOR DEBUG - Raw steering command: 33.8°
2025-03-14 13:59:47,939,INFO,RIGHT TURN: 33.8°
2025-03-14 13:59:47,939,WARNING,MOTOR DEBUG - RIGHT turn factors: L=1.000, R=0.624
2025-03-14 13:59:47,939,WARNING,MOTOR DEBUG - Speed=0.30, Factors: L=1.00, R=0.62
2025-03-14 13:59:47,940,WARNING,MOTOR DEBUG - Final speeds: L=0.30, R=0.19
2025-03-14 13:59:47,940,INFO,Applying to motors - Left: 0.30, Right: 0.19
2025-03-14 13:59:47,942,INFO,POS: (34.1519412, -77.8668617) | HDG: 73.2° | TGT: 0/1 | DIST: 8897072.74m | STEER: 33.8°
2025-03-14 13:59:48,043,WARNING,MOTOR DEBUG - Raw steering command: 21.9°
2025-03-14 13:59:48,043,INFO,RIGHT TURN: 21.9°
2025-03-14 13:59:48,043,WARNING,MOTOR DEBUG - RIGHT turn factors: L=1.000, R=0.757
2025-03-14 13:59:48,044,WARNING,MOTOR DEBUG - Speed=0.30, Factors: L=1.00, R=0.76
2025-03-14 13:59:48,044,WARNING,MOTOR DEBUG - Final speeds: L=0.30, R=0.23
2025-03-14 13:59:48,044,INFO,Applying to motors - Left: 0.30, Right: 0.23
2025-03-14 13:59:48,046,INFO,POS: (34.1519418, -77.8668552) | HDG: 82.0° | TGT: 0/1 | DIST: 8897072.16m | STEER: 21.9°
2025-03-14 13:59:48,147,WARNING,MOTOR DEBUG - Raw steering command: -53.5°
2025-03-14 13:59:48,147,INFO,LEFT TURN: 53.5°
2025-03-14 13:59:48,148,WARNING,MOTOR DEBUG - LEFT turn factors: L=0.406, R=1.000
2025-03-14 13:59:48,148,WARNING,MOTOR DEBUG - Speed=0.30, Factors: L=0.41, R=1.00
2025-03-14 13:59:48,148,WARNING,MOTOR DEBUG - Final speeds: L=0.12, R=0.30
2025-03-14 13:59:48,149,INFO,Applying to motors - Left: 0.12, Right: 0.30
2025-03-14 13:59:48,150,INFO,POS: (34.1519418, -77.8668552) | HDG: 137.9° | TGT: 0/1 | DIST: 8897072.16m | STEER: -53.5°
2025-03-14 13:59:48,251,WARNING,MOTOR DEBUG - Raw steering command: -53.5°
2025-03-14 13:59:48,252,INFO,LEFT TURN: 53.5°
2025-03-14 13:59:48,253,WARNING,MOTOR DEBUG - LEFT turn factors: L=0.406, R=1.000
2025-03-14 13:59:48,253,WARNING,MOTOR DEBUG - Speed=0.30, Factors: L=0.41, R=1.00
2025-03-14 13:59:48,254,WARNING,MOTOR DEBUG - Final speeds: L=0.12, R=0.30
2025-03-14 13:59:48,254,INFO,Applying to motors - Left: 0.12, Right: 0.30
2025-03-14 13:59:48,256,INFO,POS: (34.1519418, -77.8668552) | HDG: 137.9° | TGT: 0/1 | DIST: 8897072.16m | STEER: -53.5°
2025-03-14 13:59:48,357,WARNING,MOTOR DEBUG - Raw steering command: -53.5°
2025-03-14 13:59:48,358,INFO,LEFT TURN: 53.5°
2025-03-14 13:59:48,359,WARNING,MOTOR DEBUG - LEFT turn factors: L=0.406, R=1.000
2025-03-14 13:59:48,360,WARNING,MOTOR DEBUG - Speed=0.30, Factors: L=0.41, R=1.00
2025-03-14 13:59:48,360,WARNING,MOTOR DEBUG - Final speeds: L=0.12, R=0.30
2025-03-14 13:59:48,361,INFO,Applying to motors - Left: 0.12, Right: 0.30
2025-03-14 13:59:48,363,INFO,POS: (34.1519418, -77.8668552) | HDG: 137.9° | TGT: 0/1 | DIST: 8897072.16m | STEER: -53.5°
2025-03-14 13:59:48,464,WARNING,MOTOR DEBUG - Raw steering command: -53.5°
2025-03-14 13:59:48,465,INFO,LEFT TURN: 53.5°
2025-03-14 13:59:48,465,WARNING,MOTOR DEBUG - LEFT turn factors: L=0.406, R=1.000
2025-03-14 13:59:48,465,WARNING,MOTOR DEBUG - Speed=0.30, Factors: L=0.41, R=1.00
2025-03-14 13:59:48,466,WARNING,MOTOR DEBUG - Final speeds: L=0.12, R=0.30
2025-03-14 13:59:48,466,INFO,Applying to motors - Left: 0.12, Right: 0.30
2025-03-14 13:59:48,467,INFO,POS: (34.1519418, -77.8668552) | HDG: 137.9° | TGT: 0/1 | DIST: 8897072.16m | STEER: -53.5°
2025-03-14 13:59:48,569,WARNING,MOTOR DEBUG - Raw steering command: -53.5°
2025-03-14 13:59:48,570,INFO,LEFT TURN: 53.5°
2025-03-14 13:59:48,571,WARNING,MOTOR DEBUG - LEFT turn factors: L=0.406, R=1.000
2025-03-14 13:59:48,571,WARNING,MOTOR DEBUG - Speed=0.30, Factors: L=0.41, R=1.00
2025-03-14 13:59:48,571,WARNING,MOTOR DEBUG - Final speeds: L=0.12, R=0.30
2025-03-14 13:59:48,572,INFO,Applying to motors - Left: 0.12, Right: 0.30
2025-03-14 13:59:48,574,INFO,POS: (34.1519418, -77.8668552) | HDG: 137.9° | TGT: 0/1 | DIST: 8897072.16m | STEER: -53.5°
2025-03-14 13:59:48,575,INFO,Control interrupted by user
2025-03-14 13:59:48,577,INFO,Motors stopped
