2025-03-12 10:32:44,622,INFO,Starting in REAL HARDWARE mode
2025-03-12 10:32:44,622,CRITICAL,Using waypoints file: /home/jay/projects/grassSmoking/autonomous-rover/data/polygon_data.json
2025-03-12 10:32:44,623,CRITICAL,Successfully opened waypoints file
2025-03-12 10:32:44,623,CRITICAL,Raw file content (first 100 chars): [
  {
    "lat": 34.15195716,
    "lon": -77.86700018666667
  },
  {
    "lat": 34.152101085,
    "l...
2025-03-12 10:32:44,623,CRITICAL,==== LOADED WAYPOINTS ====
2025-03-12 10:32:44,624,CRITICAL,WP 0: (34.1519572, -77.8670002)
2025-03-12 10:32:44,624,CRITICAL,WP 1: (34.1521011, -77.8669438)
2025-03-12 10:32:44,624,CRITICAL,WP 2: (34.1520569, -77.8668358)
2025-03-12 10:32:44,625,CRITICAL,WP 3: (34.1519539, -77.8668528)
2025-03-12 10:32:44,625,CRITICAL,========================
2025-03-12 10:32:44,625,INFO,Initializing GPS Monitor (simulation=False)
2025-03-12 10:32:44,629,INFO,Connected to front GPS on /dev/ttyACM0
2025-03-12 10:32:44,630,INFO,Connected to rear GPS on /dev/ttyACM1
2025-03-12 10:32:44,648,INFO,Motor controller initialized successfully
2025-03-12 10:32:44,648,INFO,Stanley Controller initialized with 4 waypoints
2025-03-12 10:32:44,649,INFO,Steering sensitivity: 60.0° (tanh denominator)
2025-03-12 10:32:44,649,INFO,Max steering angle: 90.0°
2025-03-12 10:32:44,649,INFO,Waypoint reach threshold: 1.0 meters
2025-03-12 10:32:44,649,CRITICAL,==== CONTROLLER WAYPOINTS ====
2025-03-12 10:32:44,650,CRITICAL,WP 0: (34.1519572, -77.8670002)
2025-03-12 10:32:44,650,CRITICAL,WP 1: (34.1521011, -77.8669438)
2025-03-12 10:32:44,650,CRITICAL,WP 2: (34.1520569, -77.8668358)
2025-03-12 10:32:44,650,CRITICAL,WP 3: (34.1519539, -77.8668528)
2025-03-12 10:32:44,651,CRITICAL,========================
2025-03-12 10:32:44,651,INFO,Initializing GPS Monitor (simulation=False)
2025-03-12 10:32:44,656,INFO,Connected to front GPS on /dev/ttyACM0
2025-03-12 10:32:44,656,INFO,Connected to rear GPS on /dev/ttyACM1
2025-03-12 10:32:44,669,INFO,Motor controller initialized successfully
2025-03-12 10:32:44,669,CRITICAL,MOTOR CONTROLLER MAX SPEED: 0.3
2025-03-12 10:32:44,670,INFO,Starting hardware control loop. Press Ctrl+C to stop.
2025-03-12 10:32:44,670,WARNING,No heading available (missing GPS data)
2025-03-12 10:32:44,670,ERROR,Error in control loop: must be real number, not NoneType
2025-03-12 10:32:44,672,INFO,Motors stopped
2025-03-12 10:32:45,351,INFO,Manual stop requested
2025-03-12 10:32:45,352,INFO,Stopping motors and cleaning up...
2025-03-12 10:32:45,354,INFO,Motors stopped
