2025-03-12 09:54:59,230,INFO,Starting in REAL HARDWARE mode
2025-03-12 09:54:59,230,CRITICAL,Using waypoints file: /home/jay/projects/grassSmoking/autonomous-rover/data/polygon_data.json
2025-03-12 09:54:59,231,CRITICAL,Successfully opened waypoints file
2025-03-12 09:54:59,231,CRITICAL,Raw file content (first 100 chars): [
  {
    "lat": 34.15195716,
    "lon": -77.86700018666667
  },
  {
    "lat": 34.152101085,
    "l...
2025-03-12 09:54:59,232,CRITICAL,==== LOADED WAYPOINTS ====
2025-03-12 09:54:59,232,CRITICAL,WP 0: (34.1519572, -77.8670002)
2025-03-12 09:54:59,233,CRITICAL,WP 1: (34.1521011, -77.8669438)
2025-03-12 09:54:59,233,CRITICAL,WP 2: (34.1520569, -77.8668358)
2025-03-12 09:54:59,234,CRITICAL,WP 3: (34.1519539, -77.8668528)
2025-03-12 09:54:59,234,CRITICAL,========================
2025-03-12 09:54:59,235,INFO,Initializing GPS Monitor (simulation=False)
2025-03-12 09:54:59,240,INFO,Connected to front GPS on /dev/ttyACM0
2025-03-12 09:54:59,240,INFO,Connected to rear GPS on /dev/ttyACM1
2025-03-12 09:54:59,258,INFO,Motor controller initialized successfully
2025-03-12 09:54:59,258,INFO,Stanley Controller initialized with 4 waypoints
2025-03-12 09:54:59,258,INFO,Steering sensitivity: 60.0° (tanh denominator)
2025-03-12 09:54:59,259,INFO,Max steering angle: 90.0°
2025-03-12 09:54:59,259,INFO,Waypoint reach threshold: 1.0 meters
2025-03-12 09:54:59,259,CRITICAL,==== CONTROLLER WAYPOINTS ====
2025-03-12 09:54:59,259,CRITICAL,WP 0: (34.1519572, -77.8670002)
2025-03-12 09:54:59,260,CRITICAL,WP 1: (34.1521011, -77.8669438)
2025-03-12 09:54:59,260,CRITICAL,WP 2: (34.1520569, -77.8668358)
2025-03-12 09:54:59,260,CRITICAL,WP 3: (34.1519539, -77.8668528)
2025-03-12 09:54:59,260,CRITICAL,========================
2025-03-12 09:54:59,261,INFO,Initializing GPS Monitor (simulation=False)
2025-03-12 09:54:59,264,INFO,Connected to front GPS on /dev/ttyACM0
2025-03-12 09:54:59,264,INFO,Connected to rear GPS on /dev/ttyACM1
2025-03-12 09:54:59,277,INFO,Motor controller initialized successfully
2025-03-12 09:54:59,278,CRITICAL,MOTOR CONTROLLER MAX SPEED: 0.3
2025-03-12 09:54:59,278,INFO,Starting hardware control loop. Press Ctrl+C to stop.
2025-03-12 09:54:59,279,WARNING,No heading available (missing GPS data)
2025-03-12 09:54:59,279,ERROR,Error in control loop: must be real number, not NoneType
2025-03-12 09:54:59,281,INFO,Motors stopped
2025-03-12 09:55:00,292,INFO,DEBUG - TARGET WP: 1 [18.1m] | GPS Heading: 317.2°, Bearing to target: 350.0°, Needed turn: 32.8° RIGHT
2025-03-12 09:55:00,292,WARNING,=== COORDINATE DEBUG ===
2025-03-12 09:55:00,293,WARNING,Current position: (34.1519407, -77.8669095), Heading: 317.2°
2025-03-12 09:55:00,293,WARNING,Target waypoint 1: (34.1521011, -77.8669438)
2025-03-12 09:55:00,294,WARNING,DIRECT BEARING CALCULATION: 350.0°
2025-03-12 09:55:00,294,WARNING,CONTROLLER BEARING CALCULATION: 350.0°
2025-03-12 09:55:00,294,WARNING,WITH SWAPPED TARGET COORDS: 165.7°
2025-03-12 09:55:00,295,WARNING,WITH SWAPPED CURRENT COORDS: 256.4°
2025-03-12 09:55:00,295,WARNING,=== END DEBUG ===
2025-03-12 09:55:00,296,WARNING,MOTOR DEBUG - Raw steering command: 44.8°
2025-03-12 09:55:00,296,INFO,RIGHT TURN: 44.8°
2025-03-12 09:55:00,297,WARNING,MOTOR DEBUG - RIGHT turn factors: L=1.000, R=0.502
2025-03-12 09:55:00,297,WARNING,MOTOR DEBUG - Speed=0.15, Factors: L=1.00, R=0.50
2025-03-12 09:55:00,297,WARNING,MOTOR DEBUG - Final speeds: L=0.15, R=0.08
2025-03-12 09:55:00,298,INFO,Applying to motors - Left: 0.15, Right: 0.08
2025-03-12 09:55:00,301,INFO,
2025-03-12 09:55:00,301,INFO,DISTANCE TO TARGET: 18.07m [##------------------]
2025-03-12 09:55:00,301,INFO,WAYPOINT: 1/3
2025-03-12 09:55:00,301,INFO,
2025-03-12 09:55:00,302,ERROR,Error in control loop: name 'verify_parameter_ordering' is not defined
2025-03-12 09:55:00,304,INFO,Motors stopped
2025-03-12 09:55:00,905,ERROR,Error in front GPS reader: device reports readiness to read but returned no data (device disconnected or multiple access on port?)
2025-03-12 09:55:01,315,INFO,DEBUG - TARGET WP: 1 [18.1m] | GPS Heading: 317.2°, Bearing to target: 350.0°, Needed turn: 32.8° RIGHT
2025-03-12 09:55:01,315,WARNING,=== COORDINATE DEBUG ===
2025-03-12 09:55:01,315,WARNING,Current position: (34.1519407, -77.8669095), Heading: 317.2°
2025-03-12 09:55:01,316,WARNING,Target waypoint 1: (34.1521011, -77.8669438)
2025-03-12 09:55:01,316,WARNING,DIRECT BEARING CALCULATION: 350.0°
2025-03-12 09:55:01,316,WARNING,CONTROLLER BEARING CALCULATION: 350.0°
2025-03-12 09:55:01,316,WARNING,WITH SWAPPED TARGET COORDS: 165.7°
2025-03-12 09:55:01,316,WARNING,WITH SWAPPED CURRENT COORDS: 256.4°
2025-03-12 09:55:01,317,WARNING,=== END DEBUG ===
2025-03-12 09:55:01,317,WARNING,MOTOR DEBUG - Raw steering command: 44.8°
2025-03-12 09:55:01,317,INFO,RIGHT TURN: 44.8°
2025-03-12 09:55:01,318,WARNING,MOTOR DEBUG - RIGHT turn factors: L=1.000, R=0.502
2025-03-12 09:55:01,318,WARNING,MOTOR DEBUG - Speed=0.15, Factors: L=1.00, R=0.50
2025-03-12 09:55:01,318,WARNING,MOTOR DEBUG - Final speeds: L=0.15, R=0.08
2025-03-12 09:55:01,318,INFO,Applying to motors - Left: 0.15, Right: 0.08
2025-03-12 09:55:01,321,INFO,
2025-03-12 09:55:01,321,INFO,DISTANCE TO TARGET: 18.07m [##------------------]
2025-03-12 09:55:01,321,INFO,WAYPOINT: 1/3
2025-03-12 09:55:01,321,INFO,
2025-03-12 09:55:01,321,ERROR,Error in control loop: 'steering_angle'
2025-03-12 09:55:01,323,INFO,Motors stopped
2025-03-12 09:55:02,335,INFO,DEBUG - TARGET WP: 1 [18.0m] | GPS Heading: 317.6°, Bearing to target: 349.9°, Needed turn: 32.4° RIGHT
2025-03-12 09:55:02,335,WARNING,=== COORDINATE DEBUG ===
2025-03-12 09:55:02,335,WARNING,Current position: (34.1519409, -77.8669095), Heading: 317.6°
2025-03-12 09:55:02,336,WARNING,Target waypoint 1: (34.1521011, -77.8669438)
2025-03-12 09:55:02,336,WARNING,DIRECT BEARING CALCULATION: 349.9°
2025-03-12 09:55:02,336,WARNING,CONTROLLER BEARING CALCULATION: 349.9°
2025-03-12 09:55:02,336,WARNING,WITH SWAPPED TARGET COORDS: 165.7°
2025-03-12 09:55:02,337,WARNING,WITH SWAPPED CURRENT COORDS: 256.4°
2025-03-12 09:55:02,337,WARNING,=== END DEBUG ===
2025-03-12 09:55:02,338,WARNING,MOTOR DEBUG - Raw steering command: 44.3°
2025-03-12 09:55:02,338,INFO,RIGHT TURN: 44.3°
2025-03-12 09:55:02,338,WARNING,MOTOR DEBUG - RIGHT turn factors: L=1.000, R=0.507
2025-03-12 09:55:02,339,WARNING,MOTOR DEBUG - Speed=0.15, Factors: L=1.00, R=0.51
2025-03-12 09:55:02,339,WARNING,MOTOR DEBUG - Final speeds: L=0.15, R=0.08
2025-03-12 09:55:02,339,INFO,Applying to motors - Left: 0.15, Right: 0.08
2025-03-12 09:55:02,342,INFO,
2025-03-12 09:55:02,343,INFO,DISTANCE TO TARGET: 18.05m [##------------------]
2025-03-12 09:55:02,344,INFO,WAYPOINT: 1/3
2025-03-12 09:55:02,345,INFO,
2025-03-12 09:55:02,346,ERROR,Error in control loop: 'steering_angle'
2025-03-12 09:55:02,349,INFO,Motors stopped
2025-03-12 09:55:02,626,INFO,Manual stop requested
2025-03-12 09:55:02,627,INFO,Stopping motors and cleaning up...
2025-03-12 09:55:02,628,INFO,Motors stopped
