2025-03-12 15:43:38,892,INFO,Starting in REAL HARDWARE mode
2025-03-12 15:43:38,892,CRITICAL,Using waypoints file: /home/jay/projects/grassSmoking/autonomous-rover/data/polygon_data.json
2025-03-12 15:43:38,893,CRITICAL,Successfully opened waypoints file
2025-03-12 15:43:38,893,CRITICAL,Raw file content (first 100 chars): [
  {
    "lat": 34.15195716,
    "lon": -77.86700018666667
  },
  {
    "lat": 34.152101085,
    "l...
2025-03-12 15:43:38,894,CRITICAL,==== LOADED WAYPOINTS ====
2025-03-12 15:43:38,895,CRITICAL,WP 0: (34.1519572, -77.8670002)
2025-03-12 15:43:38,895,CRITICAL,WP 1: (34.1521011, -77.8669438)
2025-03-12 15:43:38,895,CRITICAL,WP 2: (34.1520569, -77.8668358)
2025-03-12 15:43:38,896,CRITICAL,WP 3: (34.1519539, -77.8668528)
2025-03-12 15:43:38,896,CRITICAL,========================
2025-03-12 15:43:38,897,INFO,Initializing GPS Monitor (simulation=False)
2025-03-12 15:43:38,901,INFO,Connected to front GPS on /dev/ttyACM0
2025-03-12 15:43:38,902,INFO,Connected to rear GPS on /dev/ttyACM1
2025-03-12 15:43:38,922,INFO,Motor controller initialized successfully
2025-03-12 15:43:38,922,INFO,Stanley Controller initialized with 4 waypoints
2025-03-12 15:43:38,923,INFO,Steering sensitivity: 60.0° (tanh denominator)
2025-03-12 15:43:38,924,INFO,Max steering angle: 90.0°
2025-03-12 15:43:38,924,INFO,Waypoint reach threshold: 1.0 meters
2025-03-12 15:43:38,925,CRITICAL,==== CONTROLLER WAYPOINTS ====
2025-03-12 15:43:38,925,CRITICAL,WP 0: (34.1519572, -77.8670002)
2025-03-12 15:43:38,926,CRITICAL,WP 1: (34.1521011, -77.8669438)
2025-03-12 15:43:38,926,CRITICAL,WP 2: (34.1520569, -77.8668358)
2025-03-12 15:43:38,927,CRITICAL,WP 3: (34.1519539, -77.8668528)
2025-03-12 15:43:38,928,CRITICAL,========================
2025-03-12 15:43:38,929,ERROR,Error in run_hardware: name 'initialize_gps_with_retry' is not defined
