2025-03-12 10:27:19,744,INFO,Starting in REAL HARDWARE mode
2025-03-12 10:27:19,745,CRITICAL,Using waypoints file: /home/jay/projects/grassSmoking/autonomous-rover/data/polygon_data.json
2025-03-12 10:27:19,745,CRITICAL,Successfully opened waypoints file
2025-03-12 10:27:19,746,CRITICAL,Raw file content (first 100 chars): [
  {
    "lat": 34.15195716,
    "lon": -77.86700018666667
  },
  {
    "lat": 34.152101085,
    "l...
2025-03-12 10:27:19,746,CRITICAL,==== LOADED WAYPOINTS ====
2025-03-12 10:27:19,746,CRITICAL,WP 0: (34.1519572, -77.8670002)
2025-03-12 10:27:19,746,CRITICAL,WP 1: (34.1521011, -77.8669438)
2025-03-12 10:27:19,747,CRITICAL,WP 2: (34.1520569, -77.8668358)
2025-03-12 10:27:19,747,CRITICAL,WP 3: (34.1519539, -77.8668528)
2025-03-12 10:27:19,747,CRITICAL,========================
2025-03-12 10:27:19,747,INFO,Initializing GPS Monitor (simulation=False)
2025-03-12 10:27:19,752,INFO,Connected to front GPS on /dev/ttyACM0
2025-03-12 10:27:19,753,INFO,Connected to rear GPS on /dev/ttyACM1
2025-03-12 10:27:19,771,INFO,Motor controller initialized successfully
2025-03-12 10:27:19,771,INFO,Stanley Controller initialized with 4 waypoints
2025-03-12 10:27:19,772,INFO,Steering sensitivity: 60.0° (tanh denominator)
2025-03-12 10:27:19,772,INFO,Max steering angle: 90.0°
2025-03-12 10:27:19,773,INFO,Waypoint reach threshold: 1.0 meters
2025-03-12 10:27:19,773,CRITICAL,==== CONTROLLER WAYPOINTS ====
2025-03-12 10:27:19,773,CRITICAL,WP 0: (34.1519572, -77.8670002)
2025-03-12 10:27:19,774,CRITICAL,WP 1: (34.1521011, -77.8669438)
2025-03-12 10:27:19,774,CRITICAL,WP 2: (34.1520569, -77.8668358)
2025-03-12 10:27:19,775,CRITICAL,WP 3: (34.1519539, -77.8668528)
2025-03-12 10:27:19,775,CRITICAL,========================
2025-03-12 10:27:19,775,INFO,Initializing GPS Monitor (simulation=False)
2025-03-12 10:27:19,781,INFO,Connected to front GPS on /dev/ttyACM0
2025-03-12 10:27:19,781,INFO,Connected to rear GPS on /dev/ttyACM1
2025-03-12 10:27:19,794,INFO,Motor controller initialized successfully
2025-03-12 10:27:19,795,CRITICAL,MOTOR CONTROLLER MAX SPEED: 0.3
2025-03-12 10:27:19,796,INFO,Starting hardware control loop. Press Ctrl+C to stop.
2025-03-12 10:27:19,796,WARNING,No heading available (missing GPS data)
2025-03-12 10:27:19,797,ERROR,Error in control loop: must be real number, not NoneType
2025-03-12 10:27:19,799,INFO,Motors stopped
2025-03-12 10:27:20,810,INFO,DEBUG - TARGET WP: 1 [17.7m] | GPS Heading: 285.0°, Bearing to target: 349.5°, Needed turn: 64.4° RIGHT
2025-03-12 10:27:20,811,WARNING,=== COORDINATE DEBUG ===
2025-03-12 10:27:20,811,WARNING,Current position: (34.1519440, -77.8669085), Heading: 285.0°
2025-03-12 10:27:20,811,WARNING,Target waypoint 1: (34.1521011, -77.8669438)
2025-03-12 10:27:20,811,WARNING,DIRECT BEARING CALCULATION: 349.5°
2025-03-12 10:27:20,812,WARNING,CONTROLLER BEARING CALCULATION: 349.5°
2025-03-12 10:27:20,812,WARNING,WITH SWAPPED TARGET COORDS: 165.7°
2025-03-12 10:27:20,812,WARNING,WITH SWAPPED CURRENT COORDS: 256.4°
2025-03-12 10:27:20,812,WARNING,=== END DEBUG ===
2025-03-12 10:27:20,813,WARNING,MOTOR DEBUG - Raw steering command: 71.2°
2025-03-12 10:27:20,813,INFO,RIGHT TURN: 71.2°
2025-03-12 10:27:20,814,WARNING,MOTOR DEBUG - RIGHT turn factors: L=1.000, R=0.209
2025-03-12 10:27:20,814,WARNING,MOTOR DEBUG - Speed=0.15, Factors: L=1.00, R=0.21
2025-03-12 10:27:20,814,WARNING,MOTOR DEBUG - Final speeds: L=0.15, R=0.03
2025-03-12 10:27:20,814,INFO,Applying to motors - Left: 0.15, Right: 0.03
2025-03-12 10:27:20,817,INFO,
2025-03-12 10:27:20,817,INFO,DISTANCE TO TARGET: 17.72m [###-----------------]
2025-03-12 10:27:20,817,INFO,WAYPOINT: 1/3
2025-03-12 10:27:20,818,INFO,
2025-03-12 10:27:20,818,ERROR,Error in control loop: name 'verify_parameter_ordering' is not defined
2025-03-12 10:27:20,820,INFO,Motors stopped
2025-03-12 10:27:21,483,INFO,Manual stop requested
2025-03-12 10:27:21,483,INFO,Stopping motors and cleaning up...
2025-03-12 10:27:21,485,INFO,Motors stopped
