2025-03-12 16:06:49,043,INFO,Starting in GPS TEST mode
2025-03-12 16:06:49,044,INFO,Loading waypoints from ../data/polygon_data.json
2025-03-12 16:06:49,045,INFO,Loaded 4 waypoints:
2025-03-12 16:06:49,045,INFO,WP 0: (34.1519572, -77.8670002)
2025-03-12 16:06:49,046,INFO,WP 1: (34.1521011, -77.8669438)
2025-03-12 16:06:49,046,INFO,WP 2: (34.1520569, -77.8668358)
2025-03-12 16:06:49,047,INFO,WP 3: (34.1519539, -77.8668528)
2025-03-12 16:06:49,047,INFO,Initializing GPS Monitor (simulation=False)
2025-03-12 16:06:49,051,INFO,Connected to front GPS on /dev/ttyACM0
2025-03-12 16:06:49,052,INFO,Connected to rear GPS on /dev/ttyACM1
2025-03-12 16:06:49,055,INFO,Starting GPS test with live GPS data. Press Ctrl+C to exit.
2025-03-12 16:06:49,055,WARNING,No heading available (missing GPS data)
2025-03-12 16:06:49,056,WARNING,GPS position unavailable
2025-03-12 16:06:50,057,INFO,
🌍 CURRENT POSITION: (34.1519166, -77.8668749)
2025-03-12 16:06:50,058,INFO,🧭 HEADING: 16.5°
2025-03-12 16:06:50,058,INFO,
=== WAYPOINT INFORMATION ===
2025-03-12 16:06:50,058,INFO,WP  Distance (m)  Bearing   Turn
2025-03-12 16:06:50,059,INFO,----------------------------------------
2025-03-12 16:06:50,060,INFO,0   12.4          291.3     °← 85.2°
2025-03-12 16:06:50,061,INFO,1   21.4          342.8     °← 33.7°
2025-03-12 16:06:50,062,INFO,2   16.0          13.0      °← 3.5°
2025-03-12 16:06:50,064,INFO,3   4.6           26.0      °→ 9.5°
2025-03-12 16:06:50,065,INFO,========================================
2025-03-12 16:06:51,066,INFO,
🌍 CURRENT POSITION: (34.1519166, -77.8668748)
2025-03-12 16:06:51,067,INFO,🧭 HEADING: 16.7°
2025-03-12 16:06:51,067,INFO,
=== WAYPOINT INFORMATION ===
2025-03-12 16:06:51,068,INFO,WP  Distance (m)  Bearing   Turn
2025-03-12 16:06:51,068,INFO,----------------------------------------
2025-03-12 16:06:51,069,INFO,0   12.4          291.4     °← 85.3°
2025-03-12 16:06:51,070,INFO,1   21.4          342.8     °← 33.9°
2025-03-12 16:06:51,072,INFO,2   16.0          13.0      °← 3.7°
2025-03-12 16:06:51,073,INFO,3   4.6           26.0      °→ 9.3°
2025-03-12 16:06:51,074,INFO,========================================
2025-03-12 16:06:52,075,INFO,
🌍 CURRENT POSITION: (34.1519165, -77.8668748)
2025-03-12 16:06:52,076,INFO,🧭 HEADING: 16.6°
2025-03-12 16:06:52,076,INFO,
=== WAYPOINT INFORMATION ===
2025-03-12 16:06:52,077,INFO,WP  Distance (m)  Bearing   Turn
2025-03-12 16:06:52,077,INFO,----------------------------------------
2025-03-12 16:06:52,078,INFO,0   12.4          291.4     °← 85.2°
2025-03-12 16:06:52,079,INFO,1   21.4          342.8     °← 33.8°
2025-03-12 16:06:52,080,INFO,2   16.0          13.0      °← 3.6°
2025-03-12 16:06:52,081,INFO,3   4.6           25.9      °→ 9.3°
2025-03-12 16:06:52,082,INFO,========================================
2025-03-12 16:06:53,083,INFO,
🌍 CURRENT POSITION: (34.1519164, -77.8668748)
2025-03-12 16:06:53,083,INFO,🧭 HEADING: 17.1°
2025-03-12 16:06:53,084,INFO,
=== WAYPOINT INFORMATION ===
2025-03-12 16:06:53,084,INFO,WP  Distance (m)  Bearing   Turn
2025-03-12 16:06:53,084,INFO,----------------------------------------
2025-03-12 16:06:53,085,INFO,0   12.4          291.4     °← 85.7°
2025-03-12 16:06:53,086,INFO,1   21.5          342.8     °← 34.3°
2025-03-12 16:06:53,087,INFO,2   16.0          12.9      °← 4.2°
2025-03-12 16:06:53,088,INFO,3   4.6           25.8      °→ 8.7°
2025-03-12 16:06:53,088,INFO,========================================
2025-03-12 16:06:53,335,INFO,GPS test stopped by user
