2025-03-14 14:08:27,448,INFO,Starting in REAL HARDWARE mode
2025-03-14 14:08:27,449,INFO,Loading waypoints from: ../data/polygon_data.json
2025-03-14 14:08:27,450,INFO,Successfully loaded 4 waypoints:
2025-03-14 14:08:27,450,INFO,WP 0: (34.1519572, -77.8670002)
2025-03-14 14:08:27,451,INFO,WP 1: (34.1521011, -77.8669438)
2025-03-14 14:08:27,451,INFO,WP 2: (34.1520569, -77.8668358)
2025-03-14 14:08:27,451,INFO,WP 3: (34.1519539, -77.8668528)
2025-03-14 14:08:27,452,INFO,Initializing GPS...
2025-03-14 14:08:27,452,INFO,Initializing GPS Monitor (simulation=False)
2025-03-14 14:08:27,461,INFO,Connected to front GPS on /dev/ttyACM0
2025-03-14 14:08:27,466,INFO,Connected to rear GPS on /dev/ttyACM1
2025-03-14 14:08:27,484,INFO,Motor controller initialized successfully
2025-03-14 14:08:27,484,CRITICAL,MOTOR CONTROLLER MAX SPEED: 0.3
2025-03-14 14:08:27,484,INFO,Stanley Controller initialized with 4 waypoints
2025-03-14 14:08:27,485,INFO,Steering sensitivity: 60.0° (tanh denominator)
2025-03-14 14:08:27,485,INFO,Max steering angle: 90.0°
2025-03-14 14:08:27,485,INFO,Waypoint reach threshold: 1.0 meters
2025-03-14 14:08:27,485,INFO,GPS monitor: Provided
2025-03-14 14:08:27,485,INFO,Motor controller: Provided
2025-03-14 14:08:27,485,INFO,Performing GPS preflight check...
2025-03-14 14:08:27,486,WARNING,No heading available (missing GPS data)
2025-03-14 14:08:27,486,WARNING,GPS position unavailable, waiting...
2025-03-14 14:08:28,486,INFO,GPS data valid: (34.1519195, -77.8668555), heading: 126.5°
2025-03-14 14:08:28,486,INFO,Starting hardware control loop. Press Ctrl+C to stop.
2025-03-14 14:08:28,488,WARNING,MOTOR DEBUG - Raw steering command: 89.2°
2025-03-14 14:08:28,488,INFO,RIGHT TURN: 89.2°
2025-03-14 14:08:28,488,WARNING,MOTOR DEBUG - RIGHT turn factors: L=1.000, R=0.009
2025-03-14 14:08:28,489,WARNING,MOTOR DEBUG - Speed=0.30, Factors: L=1.00, R=0.01
2025-03-14 14:08:28,489,WARNING,MOTOR DEBUG - Final speeds: L=0.30, R=0.00
2025-03-14 14:08:28,489,INFO,Applying to motors - Left: 0.30, Right: 0.00
2025-03-14 14:08:28,491,INFO,POS: (34.1519195, -77.8668555) | HDG: 126.5° | TGT: 0 | DIST: 14.0m | STEER: 89.2°
2025-03-14 14:08:28,592,WARNING,MOTOR DEBUG - Raw steering command: 89.2°
2025-03-14 14:08:28,592,INFO,RIGHT TURN: 89.2°
2025-03-14 14:08:28,593,WARNING,MOTOR DEBUG - RIGHT turn factors: L=1.000, R=0.009
2025-03-14 14:08:28,593,WARNING,MOTOR DEBUG - Speed=0.30, Factors: L=1.00, R=0.01
2025-03-14 14:08:28,593,WARNING,MOTOR DEBUG - Final speeds: L=0.30, R=0.00
2025-03-14 14:08:28,593,INFO,Applying to motors - Left: 0.30, Right: 0.00
2025-03-14 14:08:28,595,INFO,POS: (34.1519195, -77.8668555) | HDG: 126.5° | TGT: 0 | DIST: 14.0m | STEER: 89.2°
2025-03-14 14:08:28,696,WARNING,MOTOR DEBUG - Raw steering command: 89.2°
2025-03-14 14:08:28,697,INFO,RIGHT TURN: 89.2°
2025-03-14 14:08:28,697,WARNING,MOTOR DEBUG - RIGHT turn factors: L=1.000, R=0.009
2025-03-14 14:08:28,697,WARNING,MOTOR DEBUG - Speed=0.30, Factors: L=1.00, R=0.01
2025-03-14 14:08:28,697,WARNING,MOTOR DEBUG - Final speeds: L=0.30, R=0.00
2025-03-14 14:08:28,698,INFO,Applying to motors - Left: 0.30, Right: 0.00
2025-03-14 14:08:28,699,INFO,POS: (34.1519195, -77.8668555) | HDG: 126.5° | TGT: 0 | DIST: 14.0m | STEER: 89.2°
2025-03-14 14:08:28,801,WARNING,MOTOR DEBUG - Raw steering command: 89.2°
2025-03-14 14:08:28,801,INFO,RIGHT TURN: 89.2°
2025-03-14 14:08:28,801,WARNING,MOTOR DEBUG - RIGHT turn factors: L=1.000, R=0.009
2025-03-14 14:08:28,802,WARNING,MOTOR DEBUG - Speed=0.30, Factors: L=1.00, R=0.01
2025-03-14 14:08:28,802,WARNING,MOTOR DEBUG - Final speeds: L=0.30, R=0.00
2025-03-14 14:08:28,803,INFO,Applying to motors - Left: 0.30, Right: 0.00
2025-03-14 14:08:28,804,INFO,POS: (34.1519195, -77.8668555) | HDG: 126.5° | TGT: 0 | DIST: 14.0m | STEER: 89.2°
2025-03-14 14:08:28,906,WARNING,MOTOR DEBUG - Raw steering command: 89.2°
2025-03-14 14:08:28,906,INFO,RIGHT TURN: 89.2°
2025-03-14 14:08:28,906,WARNING,MOTOR DEBUG - RIGHT turn factors: L=1.000, R=0.009
2025-03-14 14:08:28,907,WARNING,MOTOR DEBUG - Speed=0.30, Factors: L=1.00, R=0.01
2025-03-14 14:08:28,907,WARNING,MOTOR DEBUG - Final speeds: L=0.30, R=0.00
2025-03-14 14:08:28,907,INFO,Applying to motors - Left: 0.30, Right: 0.00
2025-03-14 14:08:28,909,INFO,POS: (34.1519195, -77.8668555) | HDG: 126.5° | TGT: 0 | DIST: 14.0m | STEER: 89.2°
2025-03-14 14:08:29,010,WARNING,MOTOR DEBUG - Raw steering command: 89.2°
2025-03-14 14:08:29,010,INFO,RIGHT TURN: 89.2°
2025-03-14 14:08:29,010,WARNING,MOTOR DEBUG - RIGHT turn factors: L=1.000, R=0.009
2025-03-14 14:08:29,011,WARNING,MOTOR DEBUG - Speed=0.30, Factors: L=1.00, R=0.01
2025-03-14 14:08:29,011,WARNING,MOTOR DEBUG - Final speeds: L=0.30, R=0.00
2025-03-14 14:08:29,011,INFO,Applying to motors - Left: 0.30, Right: 0.00
2025-03-14 14:08:29,013,INFO,POS: (34.1519195, -77.8668555) | HDG: 126.5° | TGT: 0 | DIST: 14.0m | STEER: 89.2°
2025-03-14 14:08:29,114,WARNING,MOTOR DEBUG - Raw steering command: 88.7°
2025-03-14 14:08:29,114,INFO,RIGHT TURN: 88.7°
2025-03-14 14:08:29,114,WARNING,MOTOR DEBUG - RIGHT turn factors: L=1.000, R=0.015
2025-03-14 14:08:29,115,WARNING,MOTOR DEBUG - Speed=0.30, Factors: L=1.00, R=0.01
2025-03-14 14:08:29,115,WARNING,MOTOR DEBUG - Final speeds: L=0.30, R=0.00
2025-03-14 14:08:29,115,INFO,Applying to motors - Left: 0.30, Right: 0.00
2025-03-14 14:08:29,117,INFO,POS: (34.1519195, -77.8668557) | HDG: 140.4° | TGT: 0 | DIST: 14.0m | STEER: 88.7°
2025-03-14 14:08:29,218,WARNING,MOTOR DEBUG - Raw steering command: 88.7°
2025-03-14 14:08:29,218,INFO,RIGHT TURN: 88.7°
2025-03-14 14:08:29,218,WARNING,MOTOR DEBUG - RIGHT turn factors: L=1.000, R=0.015
2025-03-14 14:08:29,219,WARNING,MOTOR DEBUG - Speed=0.30, Factors: L=1.00, R=0.01
2025-03-14 14:08:29,219,WARNING,MOTOR DEBUG - Final speeds: L=0.30, R=0.00
2025-03-14 14:08:29,219,INFO,Applying to motors - Left: 0.30, Right: 0.00
2025-03-14 14:08:29,221,INFO,POS: (34.1519195, -77.8668557) | HDG: 140.4° | TGT: 0 | DIST: 14.0m | STEER: 88.7°
2025-03-14 14:08:29,322,WARNING,MOTOR DEBUG - Raw steering command: 88.7°
2025-03-14 14:08:29,322,INFO,RIGHT TURN: 88.7°
2025-03-14 14:08:29,322,WARNING,MOTOR DEBUG - RIGHT turn factors: L=1.000, R=0.015
2025-03-14 14:08:29,323,WARNING,MOTOR DEBUG - Speed=0.30, Factors: L=1.00, R=0.01
2025-03-14 14:08:29,323,WARNING,MOTOR DEBUG - Final speeds: L=0.30, R=0.00
2025-03-14 14:08:29,323,INFO,Applying to motors - Left: 0.30, Right: 0.00
2025-03-14 14:08:29,325,INFO,POS: (34.1519195, -77.8668557) | HDG: 140.4° | TGT: 0 | DIST: 14.0m | STEER: 88.7°
2025-03-14 14:08:29,426,WARNING,MOTOR DEBUG - Raw steering command: 88.7°
2025-03-14 14:08:29,426,INFO,RIGHT TURN: 88.7°
2025-03-14 14:08:29,426,WARNING,MOTOR DEBUG - RIGHT turn factors: L=1.000, R=0.015
2025-03-14 14:08:29,427,WARNING,MOTOR DEBUG - Speed=0.30, Factors: L=1.00, R=0.01
2025-03-14 14:08:29,427,WARNING,MOTOR DEBUG - Final speeds: L=0.30, R=0.00
2025-03-14 14:08:29,428,INFO,Applying to motors - Left: 0.30, Right: 0.00
2025-03-14 14:08:29,429,INFO,POS: (34.1519195, -77.8668557) | HDG: 140.4° | TGT: 0 | DIST: 14.0m | STEER: 88.7°
2025-03-14 14:08:29,530,WARNING,MOTOR DEBUG - Raw steering command: 88.7°
2025-03-14 14:08:29,531,INFO,RIGHT TURN: 88.7°
2025-03-14 14:08:29,531,WARNING,MOTOR DEBUG - RIGHT turn factors: L=1.000, R=0.015
2025-03-14 14:08:29,531,WARNING,MOTOR DEBUG - Speed=0.30, Factors: L=1.00, R=0.01
2025-03-14 14:08:29,532,WARNING,MOTOR DEBUG - Final speeds: L=0.30, R=0.00
2025-03-14 14:08:29,532,INFO,Applying to motors - Left: 0.30, Right: 0.00
2025-03-14 14:08:29,534,INFO,POS: (34.1519195, -77.8668557) | HDG: 140.4° | TGT: 0 | DIST: 14.0m | STEER: 88.7°
2025-03-14 14:08:29,635,WARNING,MOTOR DEBUG - Raw steering command: 88.7°
2025-03-14 14:08:29,635,INFO,RIGHT TURN: 88.7°
2025-03-14 14:08:29,636,WARNING,MOTOR DEBUG - RIGHT turn factors: L=1.000, R=0.015
2025-03-14 14:08:29,636,WARNING,MOTOR DEBUG - Speed=0.30, Factors: L=1.00, R=0.01
2025-03-14 14:08:29,636,WARNING,MOTOR DEBUG - Final speeds: L=0.30, R=0.00
2025-03-14 14:08:29,636,INFO,Applying to motors - Left: 0.30, Right: 0.00
2025-03-14 14:08:29,638,INFO,POS: (34.1519195, -77.8668557) | HDG: 140.4° | TGT: 0 | DIST: 14.0m | STEER: 88.7°
2025-03-14 14:08:29,739,WARNING,MOTOR DEBUG - Raw steering command: 88.7°
2025-03-14 14:08:29,739,INFO,RIGHT TURN: 88.7°
2025-03-14 14:08:29,739,WARNING,MOTOR DEBUG - RIGHT turn factors: L=1.000, R=0.015
2025-03-14 14:08:29,740,WARNING,MOTOR DEBUG - Speed=0.30, Factors: L=1.00, R=0.01
2025-03-14 14:08:29,740,WARNING,MOTOR DEBUG - Final speeds: L=0.30, R=0.00
2025-03-14 14:08:29,740,INFO,Applying to motors - Left: 0.30, Right: 0.00
2025-03-14 14:08:29,742,INFO,POS: (34.1519195, -77.8668557) | HDG: 140.4° | TGT: 0 | DIST: 14.0m | STEER: 88.7°
2025-03-14 14:08:29,843,WARNING,MOTOR DEBUG - Raw steering command: 88.7°
2025-03-14 14:08:29,843,INFO,RIGHT TURN: 88.7°
2025-03-14 14:08:29,843,WARNING,MOTOR DEBUG - RIGHT turn factors: L=1.000, R=0.015
2025-03-14 14:08:29,844,WARNING,MOTOR DEBUG - Speed=0.30, Factors: L=1.00, R=0.01
2025-03-14 14:08:29,844,WARNING,MOTOR DEBUG - Final speeds: L=0.30, R=0.00
2025-03-14 14:08:29,844,INFO,Applying to motors - Left: 0.30, Right: 0.00
2025-03-14 14:08:29,846,INFO,POS: (34.1519195, -77.8668557) | HDG: 140.4° | TGT: 0 | DIST: 14.0m | STEER: 88.7°
2025-03-14 14:08:29,872,INFO,Control interrupted by user
2025-03-14 14:08:29,874,INFO,Motors stopped
