2025-03-14 14:24:51,810,INFO,Starting in REAL HARDWARE mode
2025-03-14 14:24:51,811,INFO,Loading waypoints from: ../data/polygon_data.json
2025-03-14 14:24:51,811,INFO,Successfully loaded 4 waypoints:
2025-03-14 14:24:51,812,INFO,WP 0: (34.1519572, -77.8670002)
2025-03-14 14:24:51,812,INFO,WP 1: (34.1521011, -77.8669438)
2025-03-14 14:24:51,812,INFO,WP 2: (34.1520569, -77.8668358)
2025-03-14 14:24:51,812,INFO,WP 3: (34.1519539, -77.8668528)
2025-03-14 14:24:51,813,INFO,Initializing GPS...
2025-03-14 14:24:51,813,INFO,Initializing GPS Monitor (simulation=False)
2025-03-14 14:24:51,818,INFO,Connected to front GPS on /dev/ttyACM0
2025-03-14 14:24:51,818,INFO,Connected to rear GPS on /dev/ttyACM1
2025-03-14 14:24:51,837,INFO,Motor controller initialized successfully
2025-03-14 14:24:51,837,CRITICAL,MOTOR CONTROLLER MAX SPEED: 0.3
2025-03-14 14:24:51,837,INFO,Stanley Controller initialized with 4 waypoints
2025-03-14 14:24:51,838,INFO,Steering sensitivity: 60.0° (tanh denominator)
2025-03-14 14:24:51,838,INFO,Max steering angle: 90.0°
2025-03-14 14:24:51,838,INFO,Waypoint reach threshold: 1.0 meters
2025-03-14 14:24:51,838,INFO,GPS monitor: Provided
2025-03-14 14:24:51,838,INFO,Motor controller: Provided
2025-03-14 14:24:51,839,INFO,Performing GPS preflight check...
2025-03-14 14:24:51,839,WARNING,No heading available (missing GPS data)
2025-03-14 14:24:51,839,WARNING,GPS position unavailable, waiting...
2025-03-14 14:24:52,839,INFO,GPS data valid: (34.1519152, -77.8668498), heading: 208.5°
2025-03-14 14:24:52,840,INFO,Starting hardware control loop. Press Ctrl+C to stop.
2025-03-14 14:24:52,841,WARNING,MOTOR DEBUG - Raw steering command: 78.4°
2025-03-14 14:24:52,841,INFO,RIGHT TURN: 78.4°
2025-03-14 14:24:52,841,WARNING,MOTOR DEBUG - RIGHT turn factors: L=1.000, R=0.129
2025-03-14 14:24:52,842,WARNING,MOTOR DEBUG - Speed=0.30, Factors: L=1.00, R=0.13
2025-03-14 14:24:52,843,WARNING,MOTOR DEBUG - Final speeds: L=0.30, R=0.04
2025-03-14 14:24:52,843,INFO,Applying to motors - Left: 0.30, Right: 0.04
2025-03-14 14:24:52,844,INFO,POS: (34.1519152, -77.8668498) | HDG: 208.5° | TGT: 0 | DIST: 14.6m | STEER: 78.4°
2025-03-14 14:24:52,946,WARNING,MOTOR DEBUG - Raw steering command: 78.3°
2025-03-14 14:24:52,946,INFO,RIGHT TURN: 78.3°
2025-03-14 14:24:52,946,WARNING,MOTOR DEBUG - RIGHT turn factors: L=1.000, R=0.130
2025-03-14 14:24:52,947,WARNING,MOTOR DEBUG - Speed=0.30, Factors: L=1.00, R=0.13
2025-03-14 14:24:52,947,WARNING,MOTOR DEBUG - Final speeds: L=0.30, R=0.04
2025-03-14 14:24:52,947,INFO,Applying to motors - Left: 0.30, Right: 0.04
2025-03-14 14:24:52,949,INFO,POS: (34.1519152, -77.8668500) | HDG: 208.8° | TGT: 0 | DIST: 14.6m | STEER: 78.3°
2025-03-14 14:24:53,050,WARNING,MOTOR DEBUG - Raw steering command: 78.3°
2025-03-14 14:24:53,050,INFO,RIGHT TURN: 78.3°
2025-03-14 14:24:53,051,WARNING,MOTOR DEBUG - RIGHT turn factors: L=1.000, R=0.130
2025-03-14 14:24:53,051,WARNING,MOTOR DEBUG - Speed=0.30, Factors: L=1.00, R=0.13
2025-03-14 14:24:53,051,WARNING,MOTOR DEBUG - Final speeds: L=0.30, R=0.04
2025-03-14 14:24:53,051,INFO,Applying to motors - Left: 0.30, Right: 0.04
2025-03-14 14:24:53,053,INFO,POS: (34.1519152, -77.8668500) | HDG: 208.8° | TGT: 0 | DIST: 14.6m | STEER: 78.3°
2025-03-14 14:24:53,154,WARNING,MOTOR DEBUG - Raw steering command: 78.3°
2025-03-14 14:24:53,155,INFO,RIGHT TURN: 78.3°
2025-03-14 14:24:53,155,WARNING,MOTOR DEBUG - RIGHT turn factors: L=1.000, R=0.130
2025-03-14 14:24:53,155,WARNING,MOTOR DEBUG - Speed=0.30, Factors: L=1.00, R=0.13
2025-03-14 14:24:53,156,WARNING,MOTOR DEBUG - Final speeds: L=0.30, R=0.04
2025-03-14 14:24:53,156,INFO,Applying to motors - Left: 0.30, Right: 0.04
2025-03-14 14:24:53,157,INFO,POS: (34.1519152, -77.8668500) | HDG: 208.8° | TGT: 0 | DIST: 14.6m | STEER: 78.3°
2025-03-14 14:24:53,258,WARNING,MOTOR DEBUG - Raw steering command: 78.3°
2025-03-14 14:24:53,259,INFO,RIGHT TURN: 78.3°
2025-03-14 14:24:53,259,WARNING,MOTOR DEBUG - RIGHT turn factors: L=1.000, R=0.130
2025-03-14 14:24:53,260,WARNING,MOTOR DEBUG - Speed=0.30, Factors: L=1.00, R=0.13
2025-03-14 14:24:53,260,WARNING,MOTOR DEBUG - Final speeds: L=0.30, R=0.04
2025-03-14 14:24:53,260,INFO,Applying to motors - Left: 0.30, Right: 0.04
2025-03-14 14:24:53,262,INFO,POS: (34.1519152, -77.8668500) | HDG: 208.8° | TGT: 0 | DIST: 14.6m | STEER: 78.3°
2025-03-14 14:24:53,363,WARNING,MOTOR DEBUG - Raw steering command: 78.0°
2025-03-14 14:24:53,363,INFO,RIGHT TURN: 78.0°
2025-03-14 14:24:53,363,WARNING,MOTOR DEBUG - RIGHT turn factors: L=1.000, R=0.134
2025-03-14 14:24:53,364,WARNING,MOTOR DEBUG - Speed=0.30, Factors: L=1.00, R=0.13
2025-03-14 14:24:53,364,WARNING,MOTOR DEBUG - Final speeds: L=0.30, R=0.04
2025-03-14 14:24:53,364,INFO,Applying to motors - Left: 0.30, Right: 0.04
2025-03-14 14:24:53,366,INFO,POS: (34.1519160, -77.8668508) | HDG: 209.3° | TGT: 0 | DIST: 14.5m | STEER: 78.0°
2025-03-14 14:24:53,467,WARNING,MOTOR DEBUG - Raw steering command: 78.8°
2025-03-14 14:24:53,467,INFO,RIGHT TURN: 78.8°
2025-03-14 14:24:53,467,WARNING,MOTOR DEBUG - RIGHT turn factors: L=1.000, R=0.125
2025-03-14 14:24:53,468,WARNING,MOTOR DEBUG - Speed=0.30, Factors: L=1.00, R=0.12
2025-03-14 14:24:53,468,WARNING,MOTOR DEBUG - Final speeds: L=0.30, R=0.04
2025-03-14 14:24:53,468,INFO,Applying to motors - Left: 0.30, Right: 0.04
2025-03-14 14:24:53,470,INFO,POS: (34.1519160, -77.8668508) | HDG: 207.1° | TGT: 0 | DIST: 14.5m | STEER: 78.8°
2025-03-14 14:24:53,571,WARNING,MOTOR DEBUG - Raw steering command: 77.8°
2025-03-14 14:24:53,571,INFO,RIGHT TURN: 77.8°
2025-03-14 14:24:53,571,WARNING,MOTOR DEBUG - RIGHT turn factors: L=1.000, R=0.136
2025-03-14 14:24:53,572,WARNING,MOTOR DEBUG - Speed=0.30, Factors: L=1.00, R=0.14
2025-03-14 14:24:53,572,WARNING,MOTOR DEBUG - Final speeds: L=0.30, R=0.04
2025-03-14 14:24:53,573,INFO,Applying to motors - Left: 0.30, Right: 0.04
2025-03-14 14:24:53,574,INFO,POS: (34.1519168, -77.8668515) | HDG: 209.6° | TGT: 0 | DIST: 14.4m | STEER: 77.8°
2025-03-14 14:24:53,675,WARNING,MOTOR DEBUG - Raw steering command: 78.9°
2025-03-14 14:24:53,675,INFO,RIGHT TURN: 78.9°
2025-03-14 14:24:53,676,WARNING,MOTOR DEBUG - RIGHT turn factors: L=1.000, R=0.123
2025-03-14 14:24:53,676,WARNING,MOTOR DEBUG - Speed=0.30, Factors: L=1.00, R=0.12
2025-03-14 14:24:53,676,WARNING,MOTOR DEBUG - Final speeds: L=0.30, R=0.04
2025-03-14 14:24:53,676,INFO,Applying to motors - Left: 0.30, Right: 0.04
2025-03-14 14:24:53,678,INFO,POS: (34.1519168, -77.8668515) | HDG: 206.5° | TGT: 0 | DIST: 14.4m | STEER: 78.9°
2025-03-14 14:24:53,759,INFO,Control interrupted by user
2025-03-14 14:24:53,762,INFO,Motors stopped
