2025-03-12 15:23:11,105,INFO,Starting in GPS TEST mode
2025-03-12 15:23:11,106,INFO,Loading waypoints from ../data/polygon_data.json
2025-03-12 15:23:11,107,INFO,Loaded 4 waypoints:
2025-03-12 15:23:11,107,INFO,WP 0: (34.1519572, -77.8670002)
2025-03-12 15:23:11,108,INFO,WP 1: (34.1521011, -77.8669438)
2025-03-12 15:23:11,109,INFO,WP 2: (34.1520569, -77.8668358)
2025-03-12 15:23:11,109,INFO,WP 3: (34.1519539, -77.8668528)
2025-03-12 15:23:11,110,INFO,Initializing GPS Monitor (simulation=False)
2025-03-12 15:23:11,112,ERROR,Failed to initialize hardware GPS: [Errno 2] could not open port /dev/ttyACM1: [Errno 2] No such file or directory: '/dev/ttyACM1'
2025-03-12 15:23:11,113,WARNING,Switching to simulation mode
2025-03-12 15:23:11,114,INFO,Starting GPS simulation
2025-03-12 15:23:11,115,INFO,Starting GPS test with live GPS data. Press Ctrl+C to exit.
2025-03-12 15:23:11,116,INFO,
🌍 CURRENT POSITION: (34.2257000, -77.9447000)
2025-03-12 15:23:11,116,INFO,🧭 HEADING: 0.0°
2025-03-12 15:23:11,117,INFO,
=== WAYPOINT INFORMATION ===
2025-03-12 15:23:11,118,INFO,WP  Distance (m)  Bearing   Turn
2025-03-12 15:23:11,118,INFO,----------------------------------------
2025-03-12 15:23:11,119,INFO,0   10872.5       138.9     °→ 138.9°
2025-03-12 15:23:11,121,INFO,1   10863.9       138.8     °→ 138.8°
2025-03-12 15:23:11,122,INFO,2   10874.2       138.8     °→ 138.8°
2025-03-12 15:23:11,123,INFO,3   10881.7       138.9     °→ 138.9°
2025-03-12 15:23:11,124,INFO,========================================
2025-03-12 15:23:11,216,ERROR,Error in GPS simulation: cannot access local variable 'R' where it is not associated with a value
2025-03-12 15:23:12,126,INFO,
🌍 CURRENT POSITION: (34.2257000, -77.9447000)
2025-03-12 15:23:12,126,INFO,🧭 HEADING: 0.0°
2025-03-12 15:23:12,126,INFO,
=== WAYPOINT INFORMATION ===
2025-03-12 15:23:12,127,INFO,WP  Distance (m)  Bearing   Turn
2025-03-12 15:23:12,127,INFO,----------------------------------------
2025-03-12 15:23:12,128,INFO,0   10872.5       138.9     °→ 138.9°
2025-03-12 15:23:12,129,INFO,1   10863.9       138.8     °→ 138.8°
2025-03-12 15:23:12,130,INFO,2   10874.2       138.8     °→ 138.8°
2025-03-12 15:23:12,131,INFO,3   10881.7       138.9     °→ 138.9°
2025-03-12 15:23:12,131,INFO,========================================
2025-03-12 15:23:13,132,INFO,
🌍 CURRENT POSITION: (34.2257000, -77.9447000)
2025-03-12 15:23:13,133,INFO,🧭 HEADING: 0.0°
2025-03-12 15:23:13,133,INFO,
=== WAYPOINT INFORMATION ===
2025-03-12 15:23:13,133,INFO,WP  Distance (m)  Bearing   Turn
2025-03-12 15:23:13,133,INFO,----------------------------------------
2025-03-12 15:23:13,134,INFO,0   10872.5       138.9     °→ 138.9°
2025-03-12 15:23:13,135,INFO,1   10863.9       138.8     °→ 138.8°
2025-03-12 15:23:13,136,INFO,2   10874.2       138.8     °→ 138.8°
2025-03-12 15:23:13,136,INFO,3   10881.7       138.9     °→ 138.9°
2025-03-12 15:23:13,137,INFO,========================================
2025-03-12 15:23:14,033,INFO,GPS test stopped by user
