2025-03-12 15:29:17,016,INFO,Starting in GPS TEST mode
2025-03-12 15:29:17,017,INFO,Loading waypoints from ../data/polygon_data.json
2025-03-12 15:29:17,019,INFO,Loaded 4 waypoints:
2025-03-12 15:29:17,019,INFO,WP 0: (34.1519572, -77.8670002)
2025-03-12 15:29:17,020,INFO,WP 1: (34.1521011, -77.8669438)
2025-03-12 15:29:17,021,INFO,WP 2: (34.1520569, -77.8668358)
2025-03-12 15:29:17,022,INFO,WP 3: (34.1519539, -77.8668528)
2025-03-12 15:29:17,022,INFO,Initializing GPS Monitor (simulation=False)
2025-03-12 15:29:17,028,INFO,Connected to front GPS on /dev/ttyACM0
2025-03-12 15:29:17,029,INFO,Connected to rear GPS on /dev/ttyACM1
2025-03-12 15:29:17,033,INFO,Starting GPS test with live GPS data. Press Ctrl+C to exit.
2025-03-12 15:29:17,034,WARNING,No heading available (missing GPS data)
2025-03-12 15:29:17,034,WARNING,GPS position unavailable
2025-03-12 15:29:18,037,INFO,
🌍 CURRENT POSITION: (34.1519214, -77.8668770)
2025-03-12 15:29:18,037,INFO,🧭 HEADING: 305.2°
2025-03-12 15:29:18,038,INFO,
=== WAYPOINT INFORMATION ===
2025-03-12 15:29:18,038,INFO,WP  Distance (m)  Bearing   Turn
2025-03-12 15:29:18,039,INFO,----------------------------------------
2025-03-12 15:29:18,041,INFO,0   12.0          289.4     °← 15.9°
2025-03-12 15:29:18,044,INFO,1   20.9          342.9     °→ 37.7°
2025-03-12 15:29:18,046,INFO,2   15.5          14.1      °→ 68.9°
2025-03-12 15:29:18,049,INFO,3   4.2           31.6      °→ 86.3°
2025-03-12 15:29:18,050,INFO,========================================
2025-03-12 15:29:19,051,INFO,
🌍 CURRENT POSITION: (34.1519214, -77.8668769)
2025-03-12 15:29:19,052,INFO,🧭 HEADING: 308.0°
2025-03-12 15:29:19,052,INFO,
=== WAYPOINT INFORMATION ===
2025-03-12 15:29:19,053,INFO,WP  Distance (m)  Bearing   Turn
2025-03-12 15:29:19,053,INFO,----------------------------------------
2025-03-12 15:29:19,054,INFO,0   12.0          289.3     °← 18.7°
2025-03-12 15:29:19,056,INFO,1   20.9          342.9     °→ 34.8°
2025-03-12 15:29:19,057,INFO,2   15.5          14.1      °→ 66.0°
2025-03-12 15:29:19,059,INFO,3   4.2           31.4      °→ 83.4°
2025-03-12 15:29:19,059,INFO,========================================
2025-03-12 15:29:20,061,INFO,
🌍 CURRENT POSITION: (34.1519214, -77.8668767)
2025-03-12 15:29:20,062,INFO,🧭 HEADING: 309.7°
2025-03-12 15:29:20,062,INFO,
=== WAYPOINT INFORMATION ===
2025-03-12 15:29:20,062,INFO,WP  Distance (m)  Bearing   Turn
2025-03-12 15:29:20,062,INFO,----------------------------------------
2025-03-12 15:29:20,063,INFO,0   12.1          289.3     °← 20.5°
2025-03-12 15:29:20,064,INFO,1   20.9          342.8     °→ 33.1°
2025-03-12 15:29:20,065,INFO,2   15.5          14.0      °→ 64.3°
2025-03-12 15:29:20,066,INFO,3   4.2           31.3      °→ 81.6°
2025-03-12 15:29:20,067,INFO,========================================
2025-03-12 15:29:20,620,INFO,GPS test stopped by user
