2025-03-12 10:48:05,911,INFO,Starting in REAL HARDWARE mode
2025-03-12 10:48:05,912,CRITICAL,Using waypoints file: /home/jay/projects/grassSmoking/autonomous-rover/data/polygon_data.json
2025-03-12 10:48:05,912,CRITICAL,Successfully opened waypoints file
2025-03-12 10:48:05,913,CRITICAL,Raw file content (first 100 chars): [
  {
    "lat": 34.15195716,
    "lon": -77.86700018666667
  },
  {
    "lat": 34.152101085,
    "l...
2025-03-12 10:48:05,914,CRITICAL,==== LOADED WAYPOINTS ====
2025-03-12 10:48:05,915,CRITICAL,WP 0: (34.1519572, -77.8670002)
2025-03-12 10:48:05,915,CRITICAL,WP 1: (34.1521011, -77.8669438)
2025-03-12 10:48:05,916,CRITICAL,WP 2: (34.1520569, -77.8668358)
2025-03-12 10:48:05,916,CRITICAL,WP 3: (34.1519539, -77.8668528)
2025-03-12 10:48:05,917,CRITICAL,========================
2025-03-12 10:48:05,917,INFO,Initializing GPS Monitor (simulation=False)
2025-03-12 10:48:05,923,INFO,Connected to front GPS on /dev/ttyACM0
2025-03-12 10:48:05,924,INFO,Connected to rear GPS on /dev/ttyACM1
2025-03-12 10:48:05,943,INFO,Motor controller initialized successfully
2025-03-12 10:48:05,943,INFO,Stanley Controller initialized with 4 waypoints
2025-03-12 10:48:05,944,INFO,Steering sensitivity: 60.0° (tanh denominator)
2025-03-12 10:48:05,945,INFO,Max steering angle: 90.0°
2025-03-12 10:48:05,945,INFO,Waypoint reach threshold: 1.0 meters
2025-03-12 10:48:05,946,CRITICAL,==== CONTROLLER WAYPOINTS ====
2025-03-12 10:48:05,947,CRITICAL,WP 0: (34.1519572, -77.8670002)
2025-03-12 10:48:05,947,CRITICAL,WP 1: (34.1521011, -77.8669438)
2025-03-12 10:48:05,949,CRITICAL,WP 2: (34.1520569, -77.8668358)
2025-03-12 10:48:05,949,CRITICAL,WP 3: (34.1519539, -77.8668528)
2025-03-12 10:48:05,949,CRITICAL,========================
2025-03-12 10:48:05,950,INFO,Initializing GPS Monitor (simulation=False)
2025-03-12 10:48:05,953,INFO,Connected to front GPS on /dev/ttyACM0
2025-03-12 10:48:05,953,INFO,Connected to rear GPS on /dev/ttyACM1
2025-03-12 10:48:05,966,INFO,Motor controller initialized successfully
2025-03-12 10:48:05,966,CRITICAL,MOTOR CONTROLLER MAX SPEED: 0.3
2025-03-12 10:48:05,967,INFO,Starting hardware control loop. Press Ctrl+C to stop.
2025-03-12 10:48:05,967,INFO,Performing GPS preflight check...
2025-03-12 10:48:05,968,WARNING,No heading available (missing GPS data)
2025-03-12 10:48:05,968,WARNING,Waiting for valid GPS data... (lat=None, lon=None, heading=0.0)
2025-03-12 10:48:06,968,INFO,GPS preflight check passed! Position: (34.1519431, -77.8669082), Heading: 317.9°
2025-03-12 10:48:06,969,INFO,DEBUG - TARGET WP: 0 [8.6m] | GPS Heading: 317.9°, Bearing to target: 280.5°, Needed turn: -37.4° LEFT
2025-03-12 10:48:06,970,WARNING,=== COORDINATE DEBUG ===
2025-03-12 10:48:06,970,WARNING,Current position: (34.1519431, -77.8669082), Heading: 317.9°
2025-03-12 10:48:06,970,WARNING,Target waypoint 0: (34.1519572, -77.8670002)
2025-03-12 10:48:06,970,WARNING,DIRECT BEARING CALCULATION: 280.5°
2025-03-12 10:48:06,971,WARNING,CONTROLLER BEARING CALCULATION: 280.5°
2025-03-12 10:48:06,971,WARNING,WITH SWAPPED TARGET COORDS: 165.7°
2025-03-12 10:48:06,971,WARNING,WITH SWAPPED CURRENT COORDS: 256.4°
2025-03-12 10:48:06,971,WARNING,=== END DEBUG ===
2025-03-12 10:48:06,972,WARNING,MOTOR DEBUG - Raw steering command: -49.8°
2025-03-12 10:48:06,972,INFO,LEFT TURN: 49.8°
2025-03-12 10:48:06,973,WARNING,MOTOR DEBUG - LEFT turn factors: L=0.447, R=1.000
2025-03-12 10:48:06,973,WARNING,MOTOR DEBUG - Speed=0.15, Factors: L=0.45, R=1.00
2025-03-12 10:48:06,973,WARNING,MOTOR DEBUG - Final speeds: L=0.07, R=0.15
2025-03-12 10:48:06,973,INFO,Applying to motors - Left: 0.07, Right: 0.15
2025-03-12 10:48:06,976,INFO,
2025-03-12 10:48:06,977,INFO,DISTANCE TO TARGET: 8.63m [############--------]
2025-03-12 10:48:06,977,INFO,WAYPOINT: 0/3
2025-03-12 10:48:06,977,INFO,
2025-03-12 10:48:06,978,ERROR,Error in control loop: 'steering_angle'
2025-03-12 10:48:06,979,INFO,Motors stopped
2025-03-12 10:48:07,990,INFO,DEBUG - TARGET WP: 0 [8.6m] | GPS Heading: 317.9°, Bearing to target: 280.5°, Needed turn: -37.4° LEFT
2025-03-12 10:48:07,991,WARNING,=== COORDINATE DEBUG ===
2025-03-12 10:48:07,991,WARNING,Current position: (34.1519431, -77.8669082), Heading: 317.9°
2025-03-12 10:48:07,992,WARNING,Target waypoint 0: (34.1519572, -77.8670002)
2025-03-12 10:48:07,992,WARNING,DIRECT BEARING CALCULATION: 280.5°
2025-03-12 10:48:07,992,WARNING,CONTROLLER BEARING CALCULATION: 280.5°
2025-03-12 10:48:07,992,WARNING,WITH SWAPPED TARGET COORDS: 165.7°
2025-03-12 10:48:07,993,WARNING,WITH SWAPPED CURRENT COORDS: 256.4°
2025-03-12 10:48:07,993,WARNING,=== END DEBUG ===
2025-03-12 10:48:07,993,WARNING,MOTOR DEBUG - Raw steering command: -49.8°
2025-03-12 10:48:07,993,INFO,LEFT TURN: 49.8°
2025-03-12 10:48:07,994,WARNING,MOTOR DEBUG - LEFT turn factors: L=0.447, R=1.000
2025-03-12 10:48:07,994,WARNING,MOTOR DEBUG - Speed=0.15, Factors: L=0.45, R=1.00
2025-03-12 10:48:07,994,WARNING,MOTOR DEBUG - Final speeds: L=0.07, R=0.15
2025-03-12 10:48:07,995,INFO,Applying to motors - Left: 0.07, Right: 0.15
2025-03-12 10:48:07,997,INFO,
2025-03-12 10:48:07,998,INFO,DISTANCE TO TARGET: 8.63m [############--------]
2025-03-12 10:48:07,998,INFO,WAYPOINT: 0/3
2025-03-12 10:48:07,998,INFO,
2025-03-12 10:48:07,998,ERROR,Error in control loop: 'steering_angle'
2025-03-12 10:48:08,000,INFO,Motors stopped
2025-03-12 10:48:08,299,ERROR,Error in rear GPS reader: device reports readiness to read but returned no data (device disconnected or multiple access on port?)
2025-03-12 10:48:08,751,ERROR,Error in front GPS reader: device reports readiness to read but returned no data (device disconnected or multiple access on port?)
2025-03-12 10:48:09,011,INFO,DEBUG - TARGET WP: 0 [8.6m] | GPS Heading: 317.5°, Bearing to target: 280.6°, Needed turn: -36.8° LEFT
2025-03-12 10:48:09,012,WARNING,=== COORDINATE DEBUG ===
2025-03-12 10:48:09,012,WARNING,Current position: (34.1519429, -77.8669084), Heading: 317.5°
2025-03-12 10:48:09,012,WARNING,Target waypoint 0: (34.1519572, -77.8670002)
2025-03-12 10:48:09,012,WARNING,DIRECT BEARING CALCULATION: 280.6°
2025-03-12 10:48:09,013,WARNING,CONTROLLER BEARING CALCULATION: 280.6°
2025-03-12 10:48:09,013,WARNING,WITH SWAPPED TARGET COORDS: 165.7°
2025-03-12 10:48:09,013,WARNING,WITH SWAPPED CURRENT COORDS: 256.4°
2025-03-12 10:48:09,013,WARNING,=== END DEBUG ===
2025-03-12 10:48:09,014,WARNING,MOTOR DEBUG - Raw steering command: -49.2°
2025-03-12 10:48:09,014,INFO,LEFT TURN: 49.2°
2025-03-12 10:48:09,014,WARNING,MOTOR DEBUG - LEFT turn factors: L=0.453, R=1.000
2025-03-12 10:48:09,015,WARNING,MOTOR DEBUG - Speed=0.15, Factors: L=0.45, R=1.00
2025-03-12 10:48:09,015,WARNING,MOTOR DEBUG - Final speeds: L=0.07, R=0.15
2025-03-12 10:48:09,015,INFO,Applying to motors - Left: 0.07, Right: 0.15
2025-03-12 10:48:09,017,INFO,
2025-03-12 10:48:09,018,INFO,DISTANCE TO TARGET: 8.61m [############--------]
2025-03-12 10:48:09,018,INFO,WAYPOINT: 0/3
2025-03-12 10:48:09,018,INFO,
2025-03-12 10:48:09,018,ERROR,Error in control loop: 'steering_angle'
2025-03-12 10:48:09,020,INFO,Motors stopped
2025-03-12 10:48:09,696,ERROR,Error in rear GPS reader: device reports readiness to read but returned no data (device disconnected or multiple access on port?)
2025-03-12 10:48:09,954,ERROR,Error in front GPS reader: device reports readiness to read but returned no data (device disconnected or multiple access on port?)
2025-03-12 10:48:10,032,INFO,DEBUG - TARGET WP: 0 [8.6m] | GPS Heading: 317.4°, Bearing to target: 280.7°, Needed turn: -36.6° LEFT
2025-03-12 10:48:10,033,WARNING,=== COORDINATE DEBUG ===
2025-03-12 10:48:10,033,WARNING,Current position: (34.1519428, -77.8669085), Heading: 317.4°
2025-03-12 10:48:10,034,WARNING,Target waypoint 0: (34.1519572, -77.8670002)
2025-03-12 10:48:10,034,WARNING,DIRECT BEARING CALCULATION: 280.7°
2025-03-12 10:48:10,035,WARNING,CONTROLLER BEARING CALCULATION: 280.7°
2025-03-12 10:48:10,035,WARNING,WITH SWAPPED TARGET COORDS: 165.7°
2025-03-12 10:48:10,036,WARNING,WITH SWAPPED CURRENT COORDS: 256.4°
2025-03-12 10:48:10,036,WARNING,=== END DEBUG ===
2025-03-12 10:48:10,037,WARNING,MOTOR DEBUG - Raw steering command: -49.0°
2025-03-12 10:48:10,038,INFO,LEFT TURN: 49.0°
2025-03-12 10:48:10,038,WARNING,MOTOR DEBUG - LEFT turn factors: L=0.456, R=1.000
2025-03-12 10:48:10,039,WARNING,MOTOR DEBUG - Speed=0.15, Factors: L=0.46, R=1.00
2025-03-12 10:48:10,040,WARNING,MOTOR DEBUG - Final speeds: L=0.07, R=0.15
2025-03-12 10:48:10,040,INFO,Applying to motors - Left: 0.07, Right: 0.15
2025-03-12 10:48:10,045,INFO,
2025-03-12 10:48:10,045,INFO,DISTANCE TO TARGET: 8.61m [############--------]
2025-03-12 10:48:10,046,INFO,WAYPOINT: 0/3
2025-03-12 10:48:10,047,INFO,
2025-03-12 10:48:10,047,ERROR,Error in control loop: name 'verify_parameter_ordering' is not defined
2025-03-12 10:48:10,051,INFO,Motors stopped
2025-03-12 10:48:10,744,INFO,Manual stop requested
2025-03-12 10:48:10,745,INFO,Stopping motors and cleaning up...
2025-03-12 10:48:10,748,INFO,Motors stopped
