2025-03-12 10:18:45,715,INFO,Starting in GPS TEST mode
2025-03-12 10:18:45,716,INFO,Loading waypoints from ../data/polygon_data.json
2025-03-12 10:18:45,716,INFO,Loaded 4 waypoints:
2025-03-12 10:18:45,717,INFO,WP 0: (34.1519572, -77.8670002)
2025-03-12 10:18:45,717,INFO,WP 1: (34.1521011, -77.8669438)
2025-03-12 10:18:45,717,INFO,WP 2: (34.1520569, -77.8668358)
2025-03-12 10:18:45,717,INFO,WP 3: (34.1519539, -77.8668528)
2025-03-12 10:18:45,717,INFO,Initializing GPS Monitor (simulation=False)
2025-03-12 10:18:45,721,INFO,Connected to front GPS on /dev/ttyACM0
2025-03-12 10:18:45,721,INFO,Connected to rear GPS on /dev/ttyACM1
2025-03-12 10:18:45,723,INFO,Starting GPS test with live GPS data. Press Ctrl+C to exit.
2025-03-12 10:18:45,723,WARNING,No heading available (missing GPS data)
2025-03-12 10:18:45,723,WARNING,GPS position unavailable
2025-03-12 10:18:46,724,INFO,
🌍 CURRENT POSITION: (34.1519413, -77.8669087)
2025-03-12 10:18:46,725,INFO,🧭 HEADING: 272.9°
2025-03-12 10:18:46,725,INFO,
=== WAYPOINT INFORMATION ===
2025-03-12 10:18:46,725,INFO,WP  Distance (m)  Bearing   Turn
2025-03-12 10:18:46,725,INFO,----------------------------------------
2025-03-12 10:18:46,726,INFO,0   8.6           281.8     °→ 9.0°
2025-03-12 10:18:46,727,INFO,1   18.0          349.7     °→ 76.8°
2025-03-12 10:18:46,728,INFO,2   14.5          27.6      °→ 114.7°
2025-03-12 10:18:46,729,INFO,3   5.3           74.7      °→ 161.8°
2025-03-12 10:18:46,729,INFO,========================================
2025-03-12 10:18:47,730,INFO,
🌍 CURRENT POSITION: (34.1519413, -77.8669088)
2025-03-12 10:18:47,731,INFO,🧭 HEADING: 276.8°
2025-03-12 10:18:47,731,INFO,
=== WAYPOINT INFORMATION ===
2025-03-12 10:18:47,731,INFO,WP  Distance (m)  Bearing   Turn
2025-03-12 10:18:47,731,INFO,----------------------------------------
2025-03-12 10:18:47,732,INFO,0   8.6           281.8     °→ 5.0°
2025-03-12 10:18:47,733,INFO,1   18.0          349.7     °→ 72.9°
2025-03-12 10:18:47,734,INFO,2   14.5          27.6      °→ 110.7°
2025-03-12 10:18:47,734,INFO,3   5.3           74.7      °→ 157.9°
2025-03-12 10:18:47,735,INFO,========================================
2025-03-12 10:18:48,736,INFO,
🌍 CURRENT POSITION: (34.1519413, -77.8669087)
2025-03-12 10:18:48,736,INFO,🧭 HEADING: 281.5°
2025-03-12 10:18:48,736,INFO,
=== WAYPOINT INFORMATION ===
2025-03-12 10:18:48,737,INFO,WP  Distance (m)  Bearing   Turn
2025-03-12 10:18:48,737,INFO,----------------------------------------
2025-03-12 10:18:48,738,INFO,0   8.6           281.8     °↑ 0.4°
2025-03-12 10:18:48,738,INFO,1   18.0          349.7     °→ 68.2°
2025-03-12 10:18:48,739,INFO,2   14.5          27.6      °→ 106.1°
2025-03-12 10:18:48,740,INFO,3   5.3           74.7      °→ 153.2°
2025-03-12 10:18:48,740,INFO,========================================
2025-03-12 10:18:49,741,INFO,
🌍 CURRENT POSITION: (34.1519413, -77.8669087)
2025-03-12 10:18:49,742,INFO,🧭 HEADING: 281.8°
2025-03-12 10:18:49,742,INFO,
=== WAYPOINT INFORMATION ===
2025-03-12 10:18:49,743,INFO,WP  Distance (m)  Bearing   Turn
2025-03-12 10:18:49,743,INFO,----------------------------------------
2025-03-12 10:18:49,745,INFO,0   8.6           281.8     °↑ 0.0°
2025-03-12 10:18:49,746,INFO,1   18.0          349.7     °→ 67.9°
2025-03-12 10:18:49,748,INFO,2   14.5          27.6      °→ 105.7°
2025-03-12 10:18:49,749,INFO,3   5.3           74.7      °→ 152.9°
2025-03-12 10:18:49,750,INFO,========================================
2025-03-12 10:18:50,752,INFO,
🌍 CURRENT POSITION: (34.1519413, -77.8669087)
2025-03-12 10:18:50,753,INFO,🧭 HEADING: 286.6°
2025-03-12 10:18:50,754,INFO,
=== WAYPOINT INFORMATION ===
2025-03-12 10:18:50,756,INFO,WP  Distance (m)  Bearing   Turn
2025-03-12 10:18:50,757,INFO,----------------------------------------
2025-03-12 10:18:50,761,INFO,0   8.6           281.8     °← 4.8°
2025-03-12 10:18:50,763,INFO,1   18.0          349.7     °→ 63.1°
2025-03-12 10:18:50,765,INFO,2   14.5          27.6      °→ 100.9°
2025-03-12 10:18:50,767,INFO,3   5.3           74.7      °→ 148.1°
2025-03-12 10:18:50,767,INFO,========================================
2025-03-12 10:18:51,770,INFO,
🌍 CURRENT POSITION: (34.1519413, -77.8669087)
2025-03-12 10:18:51,771,INFO,🧭 HEADING: 286.2°
2025-03-12 10:18:51,772,INFO,
=== WAYPOINT INFORMATION ===
2025-03-12 10:18:51,773,INFO,WP  Distance (m)  Bearing   Turn
2025-03-12 10:18:51,773,INFO,----------------------------------------
2025-03-12 10:18:51,775,INFO,0   8.6           281.8     °← 4.4°
2025-03-12 10:18:51,777,INFO,1   18.0          349.7     °→ 63.5°
2025-03-12 10:18:51,779,INFO,2   14.5          27.5      °→ 101.3°
2025-03-12 10:18:51,781,INFO,3   5.3           74.7      °→ 148.4°
2025-03-12 10:18:51,781,INFO,========================================
2025-03-12 10:18:52,783,INFO,
🌍 CURRENT POSITION: (34.1519413, -77.8669086)
2025-03-12 10:18:52,783,INFO,🧭 HEADING: 292.7°
2025-03-12 10:18:52,783,INFO,
=== WAYPOINT INFORMATION ===
2025-03-12 10:18:52,784,INFO,WP  Distance (m)  Bearing   Turn
2025-03-12 10:18:52,784,INFO,----------------------------------------
2025-03-12 10:18:52,785,INFO,0   8.6           281.8     °← 10.9°
2025-03-12 10:18:52,785,INFO,1   18.0          349.7     °→ 57.0°
2025-03-12 10:18:52,786,INFO,2   14.5          27.5      °→ 94.8°
2025-03-12 10:18:52,786,INFO,3   5.3           74.7      °→ 142.0°
2025-03-12 10:18:52,787,INFO,========================================
2025-03-12 10:18:53,788,INFO,
🌍 CURRENT POSITION: (34.1519413, -77.8669085)
2025-03-12 10:18:53,788,INFO,🧭 HEADING: 293.4°
2025-03-12 10:18:53,789,INFO,
=== WAYPOINT INFORMATION ===
2025-03-12 10:18:53,789,INFO,WP  Distance (m)  Bearing   Turn
2025-03-12 10:18:53,789,INFO,----------------------------------------
2025-03-12 10:18:53,790,INFO,0   8.6           281.8     °← 11.6°
2025-03-12 10:18:53,791,INFO,1   18.0          349.6     °→ 56.3°
2025-03-12 10:18:53,791,INFO,2   14.5          27.5      °→ 94.1°
2025-03-12 10:18:53,792,INFO,3   5.3           74.6      °→ 141.3°
2025-03-12 10:18:53,792,INFO,========================================
2025-03-12 10:18:54,316,INFO,GPS test stopped by user
