2025-03-12 15:00:30,905,INFO,Starting in REAL HARDWARE mode
2025-03-12 15:00:30,906,CRITICAL,Using waypoints file: /home/jay/projects/grassSmoking/autonomous-rover/data/polygon_data.json
2025-03-12 15:00:30,907,CRITICAL,Successfully opened waypoints file
2025-03-12 15:00:30,908,CRITICAL,Raw file content (first 100 chars): [
  {
    "lat": 34.15195716,
    "lon": -77.86700018666667
  },
  {
    "lat": 34.152101085,
    "l...
2025-03-12 15:00:30,910,CRITICAL,==== LOADED WAYPOINTS ====
2025-03-12 15:00:30,910,CRITICAL,WP 0: (34.1519572, -77.8670002)
2025-03-12 15:00:30,911,CRITICAL,WP 1: (34.1521011, -77.8669438)
2025-03-12 15:00:30,911,CRITICAL,WP 2: (34.1520569, -77.8668358)
2025-03-12 15:00:30,911,CRITICAL,WP 3: (34.1519539, -77.8668528)
2025-03-12 15:00:30,912,CRITICAL,========================
2025-03-12 15:00:30,912,INFO,Initializing GPS Monitor (simulation=False)
2025-03-12 15:00:30,920,INFO,Connected to front GPS on /dev/ttyACM0
2025-03-12 15:00:30,921,INFO,Connected to rear GPS on /dev/ttyACM1
2025-03-12 15:00:30,947,INFO,Motor controller initialized successfully
2025-03-12 15:00:30,947,INFO,Stanley Controller initialized with 4 waypoints
2025-03-12 15:00:30,948,INFO,Steering sensitivity: 60.0° (tanh denominator)
2025-03-12 15:00:30,948,INFO,Max steering angle: 90.0°
2025-03-12 15:00:30,949,INFO,Waypoint reach threshold: 1.0 meters
2025-03-12 15:00:30,949,CRITICAL,==== CONTROLLER WAYPOINTS ====
2025-03-12 15:00:30,950,CRITICAL,WP 0: (34.1519572, -77.8670002)
2025-03-12 15:00:30,950,CRITICAL,WP 1: (34.1521011, -77.8669438)
2025-03-12 15:00:30,951,CRITICAL,WP 2: (34.1520569, -77.8668358)
2025-03-12 15:00:30,951,CRITICAL,WP 3: (34.1519539, -77.8668528)
2025-03-12 15:00:30,952,CRITICAL,========================
2025-03-12 15:00:30,952,INFO,Initializing GPS Monitor (simulation=False)
2025-03-12 15:00:30,957,INFO,Connected to front GPS on /dev/ttyACM0
2025-03-12 15:00:30,958,INFO,Connected to rear GPS on /dev/ttyACM1
2025-03-12 15:00:30,972,INFO,Motor controller initialized successfully
2025-03-12 15:00:30,973,CRITICAL,MOTOR CONTROLLER MAX SPEED: 0.3
2025-03-12 15:00:30,974,INFO,Starting hardware control loop. Press Ctrl+C to stop.
2025-03-12 15:00:30,975,INFO,Performing GPS preflight check...
2025-03-12 15:00:30,975,ERROR,Error in run_hardware: 'GPSMonitor' object has no attribute '_front_gps'
