2025-03-12 15:03:38,334,INFO,Starting in REAL HARDWARE mode
2025-03-12 15:03:38,334,CRITICAL,Using waypoints file: /home/jay/projects/grassSmoking/autonomous-rover/data/polygon_data.json
2025-03-12 15:03:38,335,CRITICAL,Successfully opened waypoints file
2025-03-12 15:03:38,335,CRITICAL,Raw file content (first 100 chars): [
  {
    "lat": 34.15195716,
    "lon": -77.86700018666667
  },
  {
    "lat": 34.152101085,
    "l...
2025-03-12 15:03:38,335,CRITICAL,==== LOADED WAYPOINTS ====
2025-03-12 15:03:38,336,CRITICAL,WP 0: (34.1519572, -77.8670002)
2025-03-12 15:03:38,336,CRITICAL,WP 1: (34.1521011, -77.8669438)
2025-03-12 15:03:38,336,CRITICAL,WP 2: (34.1520569, -77.8668358)
2025-03-12 15:03:38,337,CRITICAL,WP 3: (34.1519539, -77.8668528)
2025-03-12 15:03:38,337,CRITICAL,========================
2025-03-12 15:03:38,337,INFO,Initializing GPS Monitor (simulation=False)
2025-03-12 15:03:38,341,INFO,Connected to front GPS on /dev/ttyACM0
2025-03-12 15:03:38,342,INFO,Connected to rear GPS on /dev/ttyACM1
2025-03-12 15:03:38,360,INFO,Motor controller initialized successfully
2025-03-12 15:03:38,360,INFO,Stanley Controller initialized with 4 waypoints
2025-03-12 15:03:38,360,INFO,Steering sensitivity: 60.0° (tanh denominator)
2025-03-12 15:03:38,361,INFO,Max steering angle: 90.0°
2025-03-12 15:03:38,361,INFO,Waypoint reach threshold: 1.0 meters
2025-03-12 15:03:38,361,CRITICAL,==== CONTROLLER WAYPOINTS ====
2025-03-12 15:03:38,361,CRITICAL,WP 0: (34.1519572, -77.8670002)
2025-03-12 15:03:38,362,CRITICAL,WP 1: (34.1521011, -77.8669438)
2025-03-12 15:03:38,362,CRITICAL,WP 2: (34.1520569, -77.8668358)
2025-03-12 15:03:38,362,CRITICAL,WP 3: (34.1519539, -77.8668528)
2025-03-12 15:03:38,362,CRITICAL,========================
2025-03-12 15:03:38,362,INFO,Initializing GPS Monitor (simulation=False)
2025-03-12 15:03:38,366,INFO,Connected to front GPS on /dev/ttyACM0
2025-03-12 15:03:38,367,INFO,Connected to rear GPS on /dev/ttyACM1
2025-03-12 15:03:38,380,INFO,Motor controller initialized successfully
2025-03-12 15:03:38,380,CRITICAL,MOTOR CONTROLLER MAX SPEED: 0.3
2025-03-12 15:03:38,382,INFO,Starting hardware control loop. Press Ctrl+C to stop.
2025-03-12 15:03:38,382,INFO,Performing GPS preflight check...
2025-03-12 15:03:38,382,WARNING,No heading available (missing GPS data)
2025-03-12 15:03:38,383,WARNING,Waiting for valid GPS data... (lat=None, lon=None, heading=None)
2025-03-12 15:03:39,383,ERROR,Error in run_hardware: 'GPSMonitor' object has no attribute 'calculate_bearing'
