2025-03-12 16:45:22,381,INFO,Starting in REAL HARDWARE mode
2025-03-12 16:45:22,381,INFO,Loading waypoints from: ../data/polygon_data.json
2025-03-12 16:45:22,382,INFO,Successfully loaded 4 waypoints:
2025-03-12 16:45:22,382,INFO,WP 0: (34.1519572, -77.8670002)
2025-03-12 16:45:22,382,INFO,WP 1: (34.1521011, -77.8669438)
2025-03-12 16:45:22,383,INFO,WP 2: (34.1520569, -77.8668358)
2025-03-12 16:45:22,383,INFO,WP 3: (34.1519539, -77.8668528)
2025-03-12 16:45:22,383,INFO,Initializing GPS...
2025-03-12 16:45:22,383,INFO,Initializing GPS Monitor (simulation=False)
2025-03-12 16:45:22,387,INFO,Connected to front GPS on /dev/ttyACM0
2025-03-12 16:45:22,388,INFO,Connected to rear GPS on /dev/ttyACM1
2025-03-12 16:45:22,405,INFO,Motor controller initialized successfully
2025-03-12 16:45:22,405,CRITICAL,MOTOR CONTROLLER MAX SPEED: 0.3
2025-03-12 16:45:22,406,INFO,Stanley Controller initialized with 4 waypoints
2025-03-12 16:45:22,406,INFO,Steering sensitivity: 60.0° (tanh denominator)
2025-03-12 16:45:22,406,INFO,Max steering angle: 90.0°
2025-03-12 16:45:22,406,INFO,Waypoint reach threshold: 1.0 meters
2025-03-12 16:45:22,406,INFO,GPS monitor: Provided
2025-03-12 16:45:22,407,INFO,Motor controller: Provided
2025-03-12 16:45:22,407,INFO,Performing GPS preflight check...
2025-03-12 16:45:22,407,WARNING,No heading available (missing GPS data)
2025-03-12 16:45:22,407,WARNING,GPS position unavailable, waiting...
2025-03-12 16:45:23,408,INFO,GPS data valid: (34.1519394, -77.8668516), heading: 118.7°
2025-03-12 16:45:23,408,INFO,Starting hardware control loop. Press Ctrl+C to stop.
2025-03-12 16:45:23,409,WARNING,MOTOR DEBUG - Raw steering command: 89.1°
2025-03-12 16:45:23,409,INFO,RIGHT TURN: 89.1°
2025-03-12 16:45:23,410,WARNING,MOTOR DEBUG - RIGHT turn factors: L=1.000, R=0.010
2025-03-12 16:45:23,410,WARNING,MOTOR DEBUG - Speed=0.30, Factors: L=1.00, R=0.01
2025-03-12 16:45:23,411,WARNING,MOTOR DEBUG - Final speeds: L=0.30, R=0.00
2025-03-12 16:45:23,411,INFO,Applying to motors - Left: 0.30, Right: 0.00
2025-03-12 16:45:23,412,INFO,POS: (34.1519394, -77.8668516) | HDG: 118.7° | TGT: 0 | DIST: 13.8m | STEER: 89.1°
2025-03-12 16:45:23,513,WARNING,MOTOR DEBUG - Raw steering command: 89.1°
2025-03-12 16:45:23,514,INFO,RIGHT TURN: 89.1°
2025-03-12 16:45:23,514,WARNING,MOTOR DEBUG - RIGHT turn factors: L=1.000, R=0.010
2025-03-12 16:45:23,515,WARNING,MOTOR DEBUG - Speed=0.30, Factors: L=1.00, R=0.01
2025-03-12 16:45:23,516,WARNING,MOTOR DEBUG - Final speeds: L=0.30, R=0.00
2025-03-12 16:45:23,516,INFO,Applying to motors - Left: 0.30, Right: 0.00
2025-03-12 16:45:23,518,INFO,POS: (34.1519394, -77.8668515) | HDG: 118.8° | TGT: 0 | DIST: 13.9m | STEER: 89.1°
2025-03-12 16:45:23,620,WARNING,MOTOR DEBUG - Raw steering command: 89.1°
2025-03-12 16:45:23,621,INFO,RIGHT TURN: 89.1°
2025-03-12 16:45:23,621,WARNING,MOTOR DEBUG - RIGHT turn factors: L=1.000, R=0.010
2025-03-12 16:45:23,622,WARNING,MOTOR DEBUG - Speed=0.30, Factors: L=1.00, R=0.01
2025-03-12 16:45:23,622,WARNING,MOTOR DEBUG - Final speeds: L=0.30, R=0.00
2025-03-12 16:45:23,623,INFO,Applying to motors - Left: 0.30, Right: 0.00
2025-03-12 16:45:23,624,INFO,POS: (34.1519394, -77.8668515) | HDG: 118.8° | TGT: 0 | DIST: 13.9m | STEER: 89.1°
2025-03-12 16:45:23,726,WARNING,MOTOR DEBUG - Raw steering command: 89.1°
2025-03-12 16:45:23,726,INFO,RIGHT TURN: 89.1°
2025-03-12 16:45:23,727,WARNING,MOTOR DEBUG - RIGHT turn factors: L=1.000, R=0.010
2025-03-12 16:45:23,727,WARNING,MOTOR DEBUG - Speed=0.30, Factors: L=1.00, R=0.01
2025-03-12 16:45:23,728,WARNING,MOTOR DEBUG - Final speeds: L=0.30, R=0.00
2025-03-12 16:45:23,728,INFO,Applying to motors - Left: 0.30, Right: 0.00
2025-03-12 16:45:23,730,INFO,POS: (34.1519393, -77.8668516) | HDG: 118.8° | TGT: 0 | DIST: 13.8m | STEER: 89.1°
2025-03-12 16:45:23,831,WARNING,MOTOR DEBUG - Raw steering command: 89.1°
2025-03-12 16:45:23,832,INFO,RIGHT TURN: 89.1°
2025-03-12 16:45:23,832,WARNING,MOTOR DEBUG - RIGHT turn factors: L=1.000, R=0.010
2025-03-12 16:45:23,833,WARNING,MOTOR DEBUG - Speed=0.30, Factors: L=1.00, R=0.01
2025-03-12 16:45:23,833,WARNING,MOTOR DEBUG - Final speeds: L=0.30, R=0.00
2025-03-12 16:45:23,834,INFO,Applying to motors - Left: 0.30, Right: 0.00
2025-03-12 16:45:23,836,INFO,POS: (34.1519393, -77.8668516) | HDG: 118.8° | TGT: 0 | DIST: 13.8m | STEER: 89.1°
2025-03-12 16:45:23,937,WARNING,MOTOR DEBUG - Raw steering command: 89.1°
2025-03-12 16:45:23,937,INFO,RIGHT TURN: 89.1°
2025-03-12 16:45:23,938,WARNING,MOTOR DEBUG - RIGHT turn factors: L=1.000, R=0.010
2025-03-12 16:45:23,938,WARNING,MOTOR DEBUG - Speed=0.30, Factors: L=1.00, R=0.01
2025-03-12 16:45:23,939,WARNING,MOTOR DEBUG - Final speeds: L=0.30, R=0.00
2025-03-12 16:45:23,939,INFO,Applying to motors - Left: 0.30, Right: 0.00
2025-03-12 16:45:23,941,INFO,POS: (34.1519386, -77.8668523) | HDG: 119.8° | TGT: 0 | DIST: 13.8m | STEER: 89.1°
2025-03-12 16:45:24,042,WARNING,MOTOR DEBUG - Raw steering command: 89.1°
2025-03-12 16:45:24,043,INFO,RIGHT TURN: 89.1°
2025-03-12 16:45:24,044,WARNING,MOTOR DEBUG - RIGHT turn factors: L=1.000, R=0.010
2025-03-12 16:45:24,044,WARNING,MOTOR DEBUG - Speed=0.30, Factors: L=1.00, R=0.01
2025-03-12 16:45:24,045,WARNING,MOTOR DEBUG - Final speeds: L=0.30, R=0.00
2025-03-12 16:45:24,045,INFO,Applying to motors - Left: 0.30, Right: 0.00
2025-03-12 16:45:24,047,INFO,POS: (34.1519386, -77.8668523) | HDG: 119.8° | TGT: 0 | DIST: 13.8m | STEER: 89.1°
2025-03-12 16:45:24,148,WARNING,MOTOR DEBUG - Raw steering command: 89.1°
2025-03-12 16:45:24,149,INFO,RIGHT TURN: 89.1°
2025-03-12 16:45:24,149,WARNING,MOTOR DEBUG - RIGHT turn factors: L=1.000, R=0.010
2025-03-12 16:45:24,150,WARNING,MOTOR DEBUG - Speed=0.30, Factors: L=1.00, R=0.01
2025-03-12 16:45:24,150,WARNING,MOTOR DEBUG - Final speeds: L=0.30, R=0.00
2025-03-12 16:45:24,151,INFO,Applying to motors - Left: 0.30, Right: 0.00
2025-03-12 16:45:24,153,INFO,POS: (34.1519379, -77.8668530) | HDG: 120.0° | TGT: 0 | DIST: 13.7m | STEER: 89.1°
2025-03-12 16:45:24,254,WARNING,MOTOR DEBUG - Raw steering command: 89.1°
2025-03-12 16:45:24,255,INFO,RIGHT TURN: 89.1°
2025-03-12 16:45:24,256,WARNING,MOTOR DEBUG - RIGHT turn factors: L=1.000, R=0.010
2025-03-12 16:45:24,256,WARNING,MOTOR DEBUG - Speed=0.30, Factors: L=1.00, R=0.01
2025-03-12 16:45:24,257,WARNING,MOTOR DEBUG - Final speeds: L=0.30, R=0.00
2025-03-12 16:45:24,257,INFO,Applying to motors - Left: 0.30, Right: 0.00
2025-03-12 16:45:24,259,INFO,POS: (34.1519379, -77.8668530) | HDG: 120.0° | TGT: 0 | DIST: 13.7m | STEER: 89.1°
2025-03-12 16:45:24,360,WARNING,MOTOR DEBUG - Raw steering command: 89.1°
2025-03-12 16:45:24,361,INFO,RIGHT TURN: 89.1°
2025-03-12 16:45:24,361,WARNING,MOTOR DEBUG - RIGHT turn factors: L=1.000, R=0.010
2025-03-12 16:45:24,362,WARNING,MOTOR DEBUG - Speed=0.30, Factors: L=1.00, R=0.01
2025-03-12 16:45:24,362,WARNING,MOTOR DEBUG - Final speeds: L=0.30, R=0.00
2025-03-12 16:45:24,363,INFO,Applying to motors - Left: 0.30, Right: 0.00
2025-03-12 16:45:24,365,INFO,POS: (34.1519373, -77.8668536) | HDG: 120.2° | TGT: 0 | DIST: 13.7m | STEER: 89.1°
2025-03-12 16:45:24,466,WARNING,MOTOR DEBUG - Raw steering command: 89.1°
2025-03-12 16:45:24,467,INFO,RIGHT TURN: 89.1°
2025-03-12 16:45:24,467,WARNING,MOTOR DEBUG - RIGHT turn factors: L=1.000, R=0.010
2025-03-12 16:45:24,468,WARNING,MOTOR DEBUG - Speed=0.30, Factors: L=1.00, R=0.01
2025-03-12 16:45:24,468,WARNING,MOTOR DEBUG - Final speeds: L=0.30, R=0.00
2025-03-12 16:45:24,469,INFO,Applying to motors - Left: 0.30, Right: 0.00
2025-03-12 16:45:24,470,INFO,POS: (34.1519373, -77.8668536) | HDG: 120.2° | TGT: 0 | DIST: 13.7m | STEER: 89.1°
2025-03-12 16:45:24,571,WARNING,MOTOR DEBUG - Raw steering command: 89.1°
2025-03-12 16:45:24,572,INFO,RIGHT TURN: 89.1°
2025-03-12 16:45:24,573,WARNING,MOTOR DEBUG - RIGHT turn factors: L=1.000, R=0.010
2025-03-12 16:45:24,573,WARNING,MOTOR DEBUG - Speed=0.30, Factors: L=1.00, R=0.01
2025-03-12 16:45:24,574,WARNING,MOTOR DEBUG - Final speeds: L=0.30, R=0.00
2025-03-12 16:45:24,574,INFO,Applying to motors - Left: 0.30, Right: 0.00
2025-03-12 16:45:24,576,INFO,POS: (34.1519367, -77.8668545) | HDG: 120.9° | TGT: 0 | DIST: 13.6m | STEER: 89.1°
2025-03-12 16:45:24,677,WARNING,MOTOR DEBUG - Raw steering command: 89.1°
2025-03-12 16:45:24,678,INFO,RIGHT TURN: 89.1°
2025-03-12 16:45:24,679,WARNING,MOTOR DEBUG - RIGHT turn factors: L=1.000, R=0.010
2025-03-12 16:45:24,680,WARNING,MOTOR DEBUG - Speed=0.30, Factors: L=1.00, R=0.01
2025-03-12 16:45:24,680,WARNING,MOTOR DEBUG - Final speeds: L=0.30, R=0.00
2025-03-12 16:45:24,681,INFO,Applying to motors - Left: 0.30, Right: 0.00
2025-03-12 16:45:24,683,INFO,POS: (34.1519367, -77.8668545) | HDG: 120.9° | TGT: 0 | DIST: 13.6m | STEER: 89.1°
2025-03-12 16:45:24,784,WARNING,MOTOR DEBUG - Raw steering command: 89.1°
2025-03-12 16:45:24,785,INFO,RIGHT TURN: 89.1°
2025-03-12 16:45:24,786,WARNING,MOTOR DEBUG - RIGHT turn factors: L=1.000, R=0.010
2025-03-12 16:45:24,787,WARNING,MOTOR DEBUG - Speed=0.30, Factors: L=1.00, R=0.01
2025-03-12 16:45:24,787,WARNING,MOTOR DEBUG - Final speeds: L=0.30, R=0.00
2025-03-12 16:45:24,788,INFO,Applying to motors - Left: 0.30, Right: 0.00
2025-03-12 16:45:24,790,INFO,POS: (34.1519362, -77.8668556) | HDG: 120.1° | TGT: 0 | DIST: 13.5m | STEER: 89.1°
2025-03-12 16:45:24,891,WARNING,MOTOR DEBUG - Raw steering command: 88.9°
2025-03-12 16:45:24,891,INFO,RIGHT TURN: 88.9°
2025-03-12 16:45:24,892,WARNING,MOTOR DEBUG - RIGHT turn factors: L=1.000, R=0.012
2025-03-12 16:45:24,893,WARNING,MOTOR DEBUG - Speed=0.30, Factors: L=1.00, R=0.01
2025-03-12 16:45:24,894,WARNING,MOTOR DEBUG - Final speeds: L=0.30, R=0.00
2025-03-12 16:45:24,894,INFO,Applying to motors - Left: 0.30, Right: 0.00
2025-03-12 16:45:24,896,INFO,POS: (34.1519358, -77.8668566) | HDG: 126.5° | TGT: 0 | DIST: 13.5m | STEER: 88.9°
2025-03-12 16:45:24,997,WARNING,MOTOR DEBUG - Raw steering command: 89.2°
2025-03-12 16:45:24,998,INFO,RIGHT TURN: 89.2°
2025-03-12 16:45:24,998,WARNING,MOTOR DEBUG - RIGHT turn factors: L=1.000, R=0.009
2025-03-12 16:45:24,999,WARNING,MOTOR DEBUG - Speed=0.30, Factors: L=1.00, R=0.01
2025-03-12 16:45:24,999,WARNING,MOTOR DEBUG - Final speeds: L=0.30, R=0.00
2025-03-12 16:45:25,000,INFO,Applying to motors - Left: 0.30, Right: 0.00
2025-03-12 16:45:25,002,INFO,POS: (34.1519358, -77.8668566) | HDG: 119.2° | TGT: 0 | DIST: 13.5m | STEER: 89.2°
2025-03-12 16:45:25,103,WARNING,MOTOR DEBUG - Raw steering command: 89.2°
2025-03-12 16:45:25,104,INFO,RIGHT TURN: 89.2°
2025-03-12 16:45:25,104,WARNING,MOTOR DEBUG - RIGHT turn factors: L=1.000, R=0.009
2025-03-12 16:45:25,105,WARNING,MOTOR DEBUG - Speed=0.30, Factors: L=1.00, R=0.01
2025-03-12 16:45:25,106,WARNING,MOTOR DEBUG - Final speeds: L=0.30, R=0.00
2025-03-12 16:45:25,106,INFO,Applying to motors - Left: 0.30, Right: 0.00
2025-03-12 16:45:25,108,INFO,POS: (34.1519354, -77.8668577) | HDG: 117.3° | TGT: 0 | DIST: 13.4m | STEER: 89.2°
2025-03-12 16:45:25,209,WARNING,MOTOR DEBUG - Raw steering command: 89.2°
2025-03-12 16:45:25,210,INFO,RIGHT TURN: 89.2°
2025-03-12 16:45:25,210,WARNING,MOTOR DEBUG - RIGHT turn factors: L=1.000, R=0.009
2025-03-12 16:45:25,211,WARNING,MOTOR DEBUG - Speed=0.30, Factors: L=1.00, R=0.01
2025-03-12 16:45:25,211,WARNING,MOTOR DEBUG - Final speeds: L=0.30, R=0.00
2025-03-12 16:45:25,212,INFO,Applying to motors - Left: 0.30, Right: 0.00
2025-03-12 16:45:25,214,INFO,POS: (34.1519354, -77.8668577) | HDG: 117.3° | TGT: 0 | DIST: 13.4m | STEER: 89.2°
2025-03-12 16:45:25,316,WARNING,MOTOR DEBUG - Raw steering command: 89.3°
2025-03-12 16:45:25,316,INFO,RIGHT TURN: 89.3°
2025-03-12 16:45:25,317,WARNING,MOTOR DEBUG - RIGHT turn factors: L=1.000, R=0.008
2025-03-12 16:45:25,318,WARNING,MOTOR DEBUG - Speed=0.30, Factors: L=1.00, R=0.01
2025-03-12 16:45:25,318,WARNING,MOTOR DEBUG - Final speeds: L=0.30, R=0.00
2025-03-12 16:45:25,319,INFO,Applying to motors - Left: 0.30, Right: 0.00
2025-03-12 16:45:25,321,INFO,POS: (34.1519351, -77.8668589) | HDG: 114.9° | TGT: 0 | DIST: 13.3m | STEER: 89.3°
2025-03-12 16:45:25,422,WARNING,MOTOR DEBUG - Raw steering command: 89.3°
2025-03-12 16:45:25,423,INFO,RIGHT TURN: 89.3°
2025-03-12 16:45:25,424,WARNING,MOTOR DEBUG - RIGHT turn factors: L=1.000, R=0.008
2025-03-12 16:45:25,425,WARNING,MOTOR DEBUG - Speed=0.30, Factors: L=1.00, R=0.01
2025-03-12 16:45:25,426,WARNING,MOTOR DEBUG - Final speeds: L=0.30, R=0.00
2025-03-12 16:45:25,426,INFO,Applying to motors - Left: 0.30, Right: 0.00
2025-03-12 16:45:25,428,INFO,POS: (34.1519351, -77.8668589) | HDG: 114.9° | TGT: 0 | DIST: 13.3m | STEER: 89.3°
2025-03-12 16:45:25,530,WARNING,MOTOR DEBUG - Raw steering command: 89.4°
2025-03-12 16:45:25,530,INFO,RIGHT TURN: 89.4°
2025-03-12 16:45:25,531,WARNING,MOTOR DEBUG - RIGHT turn factors: L=1.000, R=0.007
2025-03-12 16:45:25,532,WARNING,MOTOR DEBUG - Speed=0.30, Factors: L=1.00, R=0.01
2025-03-12 16:45:25,532,WARNING,MOTOR DEBUG - Final speeds: L=0.30, R=0.00
2025-03-12 16:45:25,532,INFO,Applying to motors - Left: 0.30, Right: 0.00
2025-03-12 16:45:25,534,INFO,POS: (34.1519350, -77.8668603) | HDG: 109.8° | TGT: 0 | DIST: 13.1m | STEER: 89.4°
2025-03-12 16:45:25,636,WARNING,MOTOR DEBUG - Raw steering command: 89.4°
2025-03-12 16:45:25,637,INFO,RIGHT TURN: 89.4°
2025-03-12 16:45:25,637,WARNING,MOTOR DEBUG - RIGHT turn factors: L=1.000, R=0.007
2025-03-12 16:45:25,638,WARNING,MOTOR DEBUG - Speed=0.30, Factors: L=1.00, R=0.01
2025-03-12 16:45:25,639,WARNING,MOTOR DEBUG - Final speeds: L=0.30, R=0.00
2025-03-12 16:45:25,640,INFO,Applying to motors - Left: 0.30, Right: 0.00
2025-03-12 16:45:25,642,INFO,POS: (34.1519350, -77.8668603) | HDG: 109.8° | TGT: 0 | DIST: 13.1m | STEER: 89.4°
2025-03-12 16:45:25,744,WARNING,MOTOR DEBUG - Raw steering command: 89.5°
2025-03-12 16:45:25,745,INFO,RIGHT TURN: 89.5°
2025-03-12 16:45:25,746,WARNING,MOTOR DEBUG - RIGHT turn factors: L=1.000, R=0.005
2025-03-12 16:45:25,748,WARNING,MOTOR DEBUG - Speed=0.30, Factors: L=1.00, R=0.01
2025-03-12 16:45:25,749,WARNING,MOTOR DEBUG - Final speeds: L=0.30, R=0.00
2025-03-12 16:45:25,750,INFO,Applying to motors - Left: 0.30, Right: 0.00
2025-03-12 16:45:25,752,INFO,POS: (34.1519349, -77.8668616) | HDG: 103.3° | TGT: 0 | DIST: 13.0m | STEER: 89.5°
2025-03-12 16:45:25,855,WARNING,MOTOR DEBUG - Raw steering command: 89.5°
2025-03-12 16:45:25,856,INFO,RIGHT TURN: 89.5°
2025-03-12 16:45:25,857,WARNING,MOTOR DEBUG - RIGHT turn factors: L=1.000, R=0.005
2025-03-12 16:45:25,858,WARNING,MOTOR DEBUG - Speed=0.30, Factors: L=1.00, R=0.01
2025-03-12 16:45:25,859,WARNING,MOTOR DEBUG - Final speeds: L=0.30, R=0.00
2025-03-12 16:45:25,859,INFO,Applying to motors - Left: 0.30, Right: 0.00
2025-03-12 16:45:25,862,INFO,POS: (34.1519349, -77.8668616) | HDG: 103.3° | TGT: 0 | DIST: 13.0m | STEER: 89.5°
2025-03-12 16:45:25,964,WARNING,MOTOR DEBUG - Raw steering command: -89.5°
2025-03-12 16:45:25,965,INFO,LEFT TURN: 89.5°
2025-03-12 16:45:25,966,WARNING,MOTOR DEBUG - LEFT turn factors: L=0.006, R=1.000
2025-03-12 16:45:25,967,WARNING,MOTOR DEBUG - Speed=0.30, Factors: L=0.01, R=1.00
2025-03-12 16:45:25,968,WARNING,MOTOR DEBUG - Final speeds: L=0.00, R=0.30
2025-03-12 16:45:25,969,INFO,Applying to motors - Left: 0.00, Right: 0.30
2025-03-12 16:45:25,971,INFO,POS: (34.1519350, -77.8668629) | HDG: 95.4° | TGT: 0 | DIST: 12.9m | STEER: -89.5°
2025-03-12 16:45:26,074,WARNING,MOTOR DEBUG - Raw steering command: -89.5°
2025-03-12 16:45:26,075,INFO,LEFT TURN: 89.5°
2025-03-12 16:45:26,076,WARNING,MOTOR DEBUG - LEFT turn factors: L=0.006, R=1.000
2025-03-12 16:45:26,077,WARNING,MOTOR DEBUG - Speed=0.30, Factors: L=0.01, R=1.00
2025-03-12 16:45:26,078,WARNING,MOTOR DEBUG - Final speeds: L=0.00, R=0.30
2025-03-12 16:45:26,078,INFO,Applying to motors - Left: 0.00, Right: 0.30
2025-03-12 16:45:26,081,INFO,POS: (34.1519350, -77.8668629) | HDG: 95.4° | TGT: 0 | DIST: 12.9m | STEER: -89.5°
2025-03-12 16:45:26,183,WARNING,MOTOR DEBUG - Raw steering command: -89.3°
2025-03-12 16:45:26,184,INFO,LEFT TURN: 89.3°
2025-03-12 16:45:26,185,WARNING,MOTOR DEBUG - LEFT turn factors: L=0.008, R=1.000
2025-03-12 16:45:26,186,WARNING,MOTOR DEBUG - Speed=0.30, Factors: L=0.01, R=1.00
2025-03-12 16:45:26,187,WARNING,MOTOR DEBUG - Final speeds: L=0.00, R=0.30
2025-03-12 16:45:26,188,INFO,Applying to motors - Left: 0.00, Right: 0.30
2025-03-12 16:45:26,191,INFO,POS: (34.1519350, -77.8668639) | HDG: 86.6° | TGT: 0 | DIST: 12.8m | STEER: -89.3°
2025-03-12 16:45:26,293,WARNING,MOTOR DEBUG - Raw steering command: -89.4°
2025-03-12 16:45:26,294,INFO,LEFT TURN: 89.4°
2025-03-12 16:45:26,295,WARNING,MOTOR DEBUG - LEFT turn factors: L=0.006, R=1.000
2025-03-12 16:45:26,296,WARNING,MOTOR DEBUG - Speed=0.30, Factors: L=0.01, R=1.00
2025-03-12 16:45:26,297,WARNING,MOTOR DEBUG - Final speeds: L=0.00, R=0.30
2025-03-12 16:45:26,298,INFO,Applying to motors - Left: 0.00, Right: 0.30
2025-03-12 16:45:26,300,INFO,POS: (34.1519348, -77.8668642) | HDG: 93.3° | TGT: 0 | DIST: 12.8m | STEER: -89.4°
2025-03-12 16:45:26,402,WARNING,MOTOR DEBUG - Raw steering command: -89.4°
2025-03-12 16:45:26,403,INFO,LEFT TURN: 89.4°
2025-03-12 16:45:26,404,WARNING,MOTOR DEBUG - LEFT turn factors: L=0.006, R=1.000
2025-03-12 16:45:26,405,WARNING,MOTOR DEBUG - Speed=0.30, Factors: L=0.01, R=1.00
2025-03-12 16:45:26,406,WARNING,MOTOR DEBUG - Final speeds: L=0.00, R=0.30
2025-03-12 16:45:26,407,INFO,Applying to motors - Left: 0.00, Right: 0.30
2025-03-12 16:45:26,409,INFO,POS: (34.1519348, -77.8668642) | HDG: 93.3° | TGT: 0 | DIST: 12.8m | STEER: -89.4°
2025-03-12 16:45:26,449,INFO,Control interrupted by user
2025-03-12 16:45:26,452,INFO,Motors stopped
