2025-03-12 15:26:48,741,INFO,Starting in REAL HARDWARE mode
2025-03-12 15:26:48,742,CRITICAL,Using waypoints file: /home/jay/projects/grassSmoking/autonomous-rover/data/polygon_data.json
2025-03-12 15:26:48,744,CRITICAL,Successfully opened waypoints file
2025-03-12 15:26:48,744,CRITICAL,Raw file content (first 100 chars): [
  {
    "lat": 34.15195716,
    "lon": -77.86700018666667
  },
  {
    "lat": 34.152101085,
    "l...
2025-03-12 15:26:48,745,CRITICAL,==== LOADED WAYPOINTS ====
2025-03-12 15:26:48,746,CRITICAL,WP 0: (34.1519572, -77.8670002)
2025-03-12 15:26:48,747,CRITICAL,WP 1: (34.1521011, -77.8669438)
2025-03-12 15:26:48,747,CRITICAL,WP 2: (34.1520569, -77.8668358)
2025-03-12 15:26:48,748,CRITICAL,WP 3: (34.1519539, -77.8668528)
2025-03-12 15:26:48,748,CRITICAL,========================
2025-03-12 15:26:48,749,INFO,Initializing GPS Monitor (simulation=False)
2025-03-12 15:26:48,752,ERROR,Failed to initialize hardware GPS: [Errno 2] could not open port /dev/ttyACM1: [Errno 2] No such file or directory: '/dev/ttyACM1'
2025-03-12 15:26:48,753,WARNING,Switching to simulation mode
2025-03-12 15:26:48,753,INFO,Starting GPS simulation
2025-03-12 15:26:48,780,INFO,Motor controller initialized successfully
2025-03-12 15:26:48,780,INFO,Stanley Controller initialized with 4 waypoints
2025-03-12 15:26:48,781,INFO,Steering sensitivity: 60.0° (tanh denominator)
2025-03-12 15:26:48,782,INFO,Max steering angle: 90.0°
2025-03-12 15:26:48,782,INFO,Waypoint reach threshold: 1.0 meters
2025-03-12 15:26:48,782,CRITICAL,==== CONTROLLER WAYPOINTS ====
2025-03-12 15:26:48,783,CRITICAL,WP 0: (34.1519572, -77.8670002)
2025-03-12 15:26:48,783,CRITICAL,WP 1: (34.1521011, -77.8669438)
2025-03-12 15:26:48,784,CRITICAL,WP 2: (34.1520569, -77.8668358)
2025-03-12 15:26:48,784,CRITICAL,WP 3: (34.1519539, -77.8668528)
2025-03-12 15:26:48,785,CRITICAL,========================
2025-03-12 15:26:48,785,INFO,Initializing GPS Monitor (simulation=False)
2025-03-12 15:26:48,786,ERROR,Failed to initialize hardware GPS: [Errno 2] could not open port /dev/ttyACM1: [Errno 2] No such file or directory: '/dev/ttyACM1'
2025-03-12 15:26:48,787,WARNING,Switching to simulation mode
2025-03-12 15:26:48,787,INFO,Starting GPS simulation
2025-03-12 15:26:48,800,INFO,Motor controller initialized successfully
2025-03-12 15:26:48,800,CRITICAL,MOTOR CONTROLLER MAX SPEED: 0.3
2025-03-12 15:26:48,801,INFO,Starting hardware control loop. Press Ctrl+C to stop.
2025-03-12 15:26:48,801,INFO,Performing GPS preflight check...
2025-03-12 15:26:48,802,INFO,GPS preflight check passed! Position: (34.2257000, -77.9447000), Heading: 0.0°
2025-03-12 15:26:48,803,INFO,DEBUG - TARGET WP: 0 [10872.5m] | GPS Heading: 0.0°, Bearing to target: 138.9°, Needed turn: 138.9° RIGHT
2025-03-12 15:26:48,803,WARNING,=== COORDINATE DEBUG ===
2025-03-12 15:26:48,804,WARNING,Current position: (34.2257000, -77.9447000), Heading: 0.0°
2025-03-12 15:26:48,805,WARNING,Target waypoint 0: (34.1519572, -77.8670002)
2025-03-12 15:26:48,805,WARNING,DIRECT BEARING CALCULATION: 138.9°
2025-03-12 15:26:48,805,WARNING,CONTROLLER BEARING CALCULATION: 138.9°
2025-03-12 15:26:48,806,WARNING,WITH SWAPPED TARGET COORDS: 165.7°
2025-03-12 15:26:48,806,WARNING,WITH SWAPPED CURRENT COORDS: 256.3°
2025-03-12 15:26:48,806,WARNING,=== END DEBUG ===
2025-03-12 15:26:48,807,INFO,Reached waypoint 0. New target: waypoint 1
2025-03-12 15:26:48,807,WARNING,MOTOR DEBUG - Raw steering command: 88.3°
2025-03-12 15:26:48,808,INFO,RIGHT TURN: 88.3°
2025-03-12 15:26:48,808,WARNING,MOTOR DEBUG - RIGHT turn factors: L=1.000, R=0.019
2025-03-12 15:26:48,809,WARNING,MOTOR DEBUG - Speed=0.15, Factors: L=1.00, R=0.02
2025-03-12 15:26:48,809,WARNING,MOTOR DEBUG - Final speeds: L=0.15, R=0.00
2025-03-12 15:26:48,809,INFO,Applying to motors - Left: 0.15, Right: 0.00
2025-03-12 15:26:48,812,INFO,
2025-03-12 15:26:48,813,INFO,DISTANCE TO TARGET: 10863.93m [--------------------]
2025-03-12 15:26:48,813,INFO,WAYPOINT: 1/3
2025-03-12 15:26:48,813,INFO,
2025-03-12 15:26:48,813,ERROR,Error in control loop: 'steering_angle'
2025-03-12 15:26:48,815,INFO,Motors stopped
2025-03-12 15:26:48,856,ERROR,Error in GPS simulation: cannot access local variable 'R' where it is not associated with a value
2025-03-12 15:26:48,890,ERROR,Error in GPS simulation: cannot access local variable 'R' where it is not associated with a value
2025-03-12 15:26:49,827,INFO,DEBUG - TARGET WP: 1 [10863.9m] | GPS Heading: 0.0°, Bearing to target: 138.8°, Needed turn: 138.8° RIGHT
2025-03-12 15:26:49,827,WARNING,=== COORDINATE DEBUG ===
2025-03-12 15:26:49,827,WARNING,Current position: (34.2257000, -77.9447000), Heading: 0.0°
2025-03-12 15:26:49,828,WARNING,Target waypoint 1: (34.1521011, -77.8669438)
2025-03-12 15:26:49,828,WARNING,DIRECT BEARING CALCULATION: 138.8°
2025-03-12 15:26:49,828,WARNING,CONTROLLER BEARING CALCULATION: 138.8°
2025-03-12 15:26:49,829,WARNING,WITH SWAPPED TARGET COORDS: 165.7°
2025-03-12 15:26:49,829,WARNING,WITH SWAPPED CURRENT COORDS: 256.3°
2025-03-12 15:26:49,829,WARNING,=== END DEBUG ===
2025-03-12 15:26:49,830,INFO,Reached waypoint 1. New target: waypoint 2
2025-03-12 15:26:49,830,WARNING,MOTOR DEBUG - Raw steering command: 88.3°
2025-03-12 15:26:49,830,INFO,RIGHT TURN: 88.3°
2025-03-12 15:26:49,831,WARNING,MOTOR DEBUG - RIGHT turn factors: L=1.000, R=0.019
2025-03-12 15:26:49,831,WARNING,MOTOR DEBUG - Speed=0.15, Factors: L=1.00, R=0.02
2025-03-12 15:26:49,831,WARNING,MOTOR DEBUG - Final speeds: L=0.15, R=0.00
2025-03-12 15:26:49,832,INFO,Applying to motors - Left: 0.15, Right: 0.00
2025-03-12 15:26:49,835,INFO,
2025-03-12 15:26:49,835,INFO,DISTANCE TO TARGET: 10874.18m [--------------------]
2025-03-12 15:26:49,835,INFO,WAYPOINT: 2/3
2025-03-12 15:26:49,836,INFO,
2025-03-12 15:26:49,836,ERROR,Error in control loop: 'steering_angle'
2025-03-12 15:26:49,838,INFO,Motors stopped
2025-03-12 15:26:50,850,INFO,DEBUG - TARGET WP: 2 [10874.2m] | GPS Heading: 0.0°, Bearing to target: 138.8°, Needed turn: 138.8° RIGHT
2025-03-12 15:26:50,850,WARNING,=== COORDINATE DEBUG ===
2025-03-12 15:26:50,850,WARNING,Current position: (34.2257000, -77.9447000), Heading: 0.0°
2025-03-12 15:26:50,851,WARNING,Target waypoint 2: (34.1520569, -77.8668358)
2025-03-12 15:26:50,851,WARNING,DIRECT BEARING CALCULATION: 138.8°
2025-03-12 15:26:50,851,WARNING,CONTROLLER BEARING CALCULATION: 138.8°
2025-03-12 15:26:50,851,WARNING,WITH SWAPPED TARGET COORDS: 165.7°
2025-03-12 15:26:50,852,WARNING,WITH SWAPPED CURRENT COORDS: 256.3°
2025-03-12 15:26:50,852,WARNING,=== END DEBUG ===
2025-03-12 15:26:50,852,INFO,Reached waypoint 2. New target: waypoint 3
2025-03-12 15:26:50,853,WARNING,MOTOR DEBUG - Raw steering command: 88.3°
2025-03-12 15:26:50,853,INFO,RIGHT TURN: 88.3°
2025-03-12 15:26:50,853,WARNING,MOTOR DEBUG - RIGHT turn factors: L=1.000, R=0.019
2025-03-12 15:26:50,854,WARNING,MOTOR DEBUG - Speed=0.15, Factors: L=1.00, R=0.02
2025-03-12 15:26:50,854,WARNING,MOTOR DEBUG - Final speeds: L=0.15, R=0.00
2025-03-12 15:26:50,854,INFO,Applying to motors - Left: 0.15, Right: 0.00
2025-03-12 15:26:50,856,INFO,✓✓ REACHED FINAL WAYPOINT
2025-03-12 15:26:50,858,INFO,Motors stopped
2025-03-12 15:26:50,858,INFO,Stopping motors and cleaning up...
2025-03-12 15:26:50,860,INFO,Motors stopped
