2025-03-12 15:10:01,187,INFO,Starting in REAL HARDWARE mode
2025-03-12 15:10:01,188,CRITICAL,Using waypoints file: /home/jay/projects/grassSmoking/autonomous-rover/data/polygon_data.json
2025-03-12 15:10:01,188,CRITICAL,Successfully opened waypoints file
2025-03-12 15:10:01,188,CRITICAL,Raw file content (first 100 chars): [
  {
    "lat": 34.15195716,
    "lon": -77.86700018666667
  },
  {
    "lat": 34.152101085,
    "l...
2025-03-12 15:10:01,189,CRITICAL,==== LOADED WAYPOINTS ====
2025-03-12 15:10:01,189,CRITICAL,WP 0: (34.1519572, -77.8670002)
2025-03-12 15:10:01,189,CRITICAL,WP 1: (34.1521011, -77.8669438)
2025-03-12 15:10:01,190,CRITICAL,WP 2: (34.1520569, -77.8668358)
2025-03-12 15:10:01,190,CRITICAL,WP 3: (34.1519539, -77.8668528)
2025-03-12 15:10:01,190,CRITICAL,========================
2025-03-12 15:10:01,190,INFO,Initializing GPS Monitor (simulation=False)
2025-03-12 15:10:01,194,INFO,Connected to front GPS on /dev/ttyACM0
2025-03-12 15:10:01,195,INFO,Connected to rear GPS on /dev/ttyACM1
2025-03-12 15:10:01,214,INFO,Motor controller initialized successfully
2025-03-12 15:10:01,214,INFO,Stanley Controller initialized with 4 waypoints
2025-03-12 15:10:01,215,INFO,Steering sensitivity: 60.0° (tanh denominator)
2025-03-12 15:10:01,215,INFO,Max steering angle: 90.0°
2025-03-12 15:10:01,215,INFO,Waypoint reach threshold: 1.0 meters
2025-03-12 15:10:01,215,CRITICAL,==== CONTROLLER WAYPOINTS ====
2025-03-12 15:10:01,216,CRITICAL,WP 0: (34.1519572, -77.8670002)
2025-03-12 15:10:01,216,CRITICAL,WP 1: (34.1521011, -77.8669438)
2025-03-12 15:10:01,216,CRITICAL,WP 2: (34.1520569, -77.8668358)
2025-03-12 15:10:01,217,CRITICAL,WP 3: (34.1519539, -77.8668528)
2025-03-12 15:10:01,217,CRITICAL,========================
2025-03-12 15:10:01,217,INFO,Initializing GPS Monitor (simulation=False)
2025-03-12 15:10:01,221,INFO,Connected to front GPS on /dev/ttyACM0
2025-03-12 15:10:01,221,INFO,Connected to rear GPS on /dev/ttyACM1
2025-03-12 15:10:01,235,INFO,Motor controller initialized successfully
2025-03-12 15:10:01,236,CRITICAL,MOTOR CONTROLLER MAX SPEED: 0.3
2025-03-12 15:10:01,237,INFO,Starting hardware control loop. Press Ctrl+C to stop.
2025-03-12 15:10:01,238,INFO,Performing GPS preflight check...
2025-03-12 15:10:01,238,WARNING,No heading available (missing GPS data)
2025-03-12 15:10:01,238,WARNING,Waiting for valid GPS data... (lat=None, lon=None, heading=None)
2025-03-12 15:10:02,239,INFO,GPS preflight check passed! Position: (34.1519352, -77.8669079), Heading: 305.0°
2025-03-12 15:10:02,240,INFO,DEBUG - TARGET WP: 0 [8.8m] | GPS Heading: 305.0°, Bearing to target: 286.0°, Needed turn: -19.0° LEFT
2025-03-12 15:10:02,241,WARNING,=== COORDINATE DEBUG ===
2025-03-12 15:10:02,241,WARNING,Current position: (34.1519352, -77.8669079), Heading: 305.0°
2025-03-12 15:10:02,241,WARNING,Target waypoint 0: (34.1519572, -77.8670002)
2025-03-12 15:10:02,242,WARNING,DIRECT BEARING CALCULATION: 286.0°
2025-03-12 15:10:02,242,WARNING,CONTROLLER BEARING CALCULATION: 286.0°
2025-03-12 15:10:02,242,WARNING,WITH SWAPPED TARGET COORDS: 165.7°
2025-03-12 15:10:02,243,WARNING,WITH SWAPPED CURRENT COORDS: 256.4°
2025-03-12 15:10:02,243,WARNING,=== END DEBUG ===
2025-03-12 15:10:02,243,INFO,Reached waypoint 0. New target: waypoint 1
2025-03-12 15:10:02,246,WARNING,MOTOR DEBUG - Raw steering command: -27.6°
2025-03-12 15:10:02,246,INFO,LEFT TURN: 27.6°
2025-03-12 15:10:02,247,WARNING,MOTOR DEBUG - LEFT turn factors: L=0.693, R=1.000
2025-03-12 15:10:02,248,WARNING,MOTOR DEBUG - Speed=0.21, Factors: L=0.69, R=1.00
2025-03-12 15:10:02,248,WARNING,MOTOR DEBUG - Final speeds: L=0.15, R=0.21
2025-03-12 15:10:02,249,INFO,Applying to motors - Left: 0.15, Right: 0.21
2025-03-12 15:10:02,252,INFO,
2025-03-12 15:10:02,254,INFO,DISTANCE TO TARGET: 18.69m [##------------------]
2025-03-12 15:10:02,254,INFO,WAYPOINT: 1/3
2025-03-12 15:10:02,254,INFO,
2025-03-12 15:10:02,255,ERROR,Error in control loop: 'steering_angle'
2025-03-12 15:10:02,258,INFO,Motors stopped
2025-03-12 15:10:02,534,ERROR,Error in front GPS reader: device reports readiness to read but returned no data (device disconnected or multiple access on port?)
2025-03-12 15:10:03,269,INFO,DEBUG - TARGET WP: 1 [18.7m] | GPS Heading: 304.7°, Bearing to target: 349.9°, Needed turn: 45.2° RIGHT
2025-03-12 15:10:03,269,WARNING,=== COORDINATE DEBUG ===
2025-03-12 15:10:03,270,WARNING,Current position: (34.1519353, -77.8669080), Heading: 304.7°
2025-03-12 15:10:03,270,WARNING,Target waypoint 1: (34.1521011, -77.8669438)
2025-03-12 15:10:03,270,WARNING,DIRECT BEARING CALCULATION: 349.9°
2025-03-12 15:10:03,271,WARNING,CONTROLLER BEARING CALCULATION: 349.9°
2025-03-12 15:10:03,271,WARNING,WITH SWAPPED TARGET COORDS: 165.7°
2025-03-12 15:10:03,271,WARNING,WITH SWAPPED CURRENT COORDS: 256.4°
2025-03-12 15:10:03,272,WARNING,=== END DEBUG ===
2025-03-12 15:10:03,272,INFO,Reached waypoint 1. New target: waypoint 2
2025-03-12 15:10:03,273,WARNING,MOTOR DEBUG - Raw steering command: 57.3°
2025-03-12 15:10:03,273,INFO,RIGHT TURN: 57.3°
2025-03-12 15:10:03,273,WARNING,MOTOR DEBUG - RIGHT turn factors: L=1.000, R=0.363
2025-03-12 15:10:03,274,WARNING,MOTOR DEBUG - Speed=0.15, Factors: L=1.00, R=0.36
2025-03-12 15:10:03,274,WARNING,MOTOR DEBUG - Final speeds: L=0.15, R=0.05
2025-03-12 15:10:03,274,INFO,Applying to motors - Left: 0.15, Right: 0.05
2025-03-12 15:10:03,277,INFO,
2025-03-12 15:10:03,277,INFO,DISTANCE TO TARGET: 15.04m [#####---------------]
2025-03-12 15:10:03,278,INFO,WAYPOINT: 2/3
2025-03-12 15:10:03,278,INFO,
2025-03-12 15:10:03,278,ERROR,Error in control loop: 'steering_angle'
2025-03-12 15:10:03,280,INFO,Motors stopped
2025-03-12 15:10:04,283,ERROR,Error in front GPS reader: device reports readiness to read but returned no data (device disconnected or multiple access on port?)
2025-03-12 15:10:04,289,ERROR,Error in rear GPS reader: device reports readiness to read but returned no data (device disconnected or multiple access on port?)
2025-03-12 15:10:04,292,INFO,DEBUG - TARGET WP: 2 [15.0m] | GPS Heading: 304.7°, Bearing to target: 26.2°, Needed turn: 81.5° RIGHT
2025-03-12 15:10:04,292,WARNING,=== COORDINATE DEBUG ===
2025-03-12 15:10:04,293,WARNING,Current position: (34.1519353, -77.8669080), Heading: 304.7°
2025-03-12 15:10:04,293,WARNING,Target waypoint 2: (34.1520569, -77.8668358)
2025-03-12 15:10:04,293,WARNING,DIRECT BEARING CALCULATION: 26.2°
2025-03-12 15:10:04,294,WARNING,CONTROLLER BEARING CALCULATION: 26.2°
2025-03-12 15:10:04,294,WARNING,WITH SWAPPED TARGET COORDS: 165.7°
2025-03-12 15:10:04,294,WARNING,WITH SWAPPED CURRENT COORDS: 256.4°
2025-03-12 15:10:04,295,WARNING,=== END DEBUG ===
2025-03-12 15:10:04,295,INFO,Reached waypoint 2. New target: waypoint 3
2025-03-12 15:10:04,296,WARNING,MOTOR DEBUG - Raw steering command: 78.8°
2025-03-12 15:10:04,296,INFO,RIGHT TURN: 78.8°
2025-03-12 15:10:04,296,WARNING,MOTOR DEBUG - RIGHT turn factors: L=1.000, R=0.124
2025-03-12 15:10:04,297,WARNING,MOTOR DEBUG - Speed=0.15, Factors: L=1.00, R=0.12
2025-03-12 15:10:04,297,WARNING,MOTOR DEBUG - Final speeds: L=0.15, R=0.02
2025-03-12 15:10:04,298,INFO,Applying to motors - Left: 0.15, Right: 0.02
2025-03-12 15:10:04,300,INFO,✓✓ REACHED FINAL WAYPOINT
2025-03-12 15:10:04,302,INFO,Motors stopped
2025-03-12 15:10:04,302,INFO,Stopping motors and cleaning up...
2025-03-12 15:10:04,304,INFO,Motors stopped
