2025-03-12 10:35:54,272,INFO,Starting in GPS TEST mode
2025-03-12 10:35:54,273,INFO,Loading waypoints from ../data/polygon_data.json
2025-03-12 10:35:54,274,INFO,Loaded 4 waypoints:
2025-03-12 10:35:54,275,INFO,WP 0: (34.1519572, -77.8670002)
2025-03-12 10:35:54,275,INFO,WP 1: (34.1521011, -77.8669438)
2025-03-12 10:35:54,276,INFO,WP 2: (34.1520569, -77.8668358)
2025-03-12 10:35:54,277,INFO,WP 3: (34.1519539, -77.8668528)
2025-03-12 10:35:54,277,INFO,Initializing GPS Monitor (simulation=False)
2025-03-12 10:35:54,281,INFO,Connected to front GPS on /dev/ttyACM0
2025-03-12 10:35:54,282,INFO,Connected to rear GPS on /dev/ttyACM1
2025-03-12 10:35:54,284,INFO,Starting GPS test with live GPS data. Press Ctrl+C to exit.
2025-03-12 10:35:54,284,WARNING,No heading available (missing GPS data)
2025-03-12 10:35:54,285,WARNING,GPS position unavailable
2025-03-12 10:35:55,286,INFO,
🌍 CURRENT POSITION: (34.1519448, -77.8669085)
2025-03-12 10:35:55,287,INFO,🧭 HEADING: 292.9°
2025-03-12 10:35:55,287,INFO,
=== WAYPOINT INFORMATION ===
2025-03-12 10:35:55,288,INFO,WP  Distance (m)  Bearing   Turn
2025-03-12 10:35:55,289,INFO,----------------------------------------
2025-03-12 10:35:55,291,INFO,0   8.6           279.3     °← 13.7°
2025-03-12 10:35:55,293,INFO,1   17.6          349.4     °→ 56.5°
2025-03-12 10:35:55,294,INFO,2   14.1          28.2      °→ 95.3°
2025-03-12 10:35:55,296,INFO,3   5.2           78.8      °→ 145.8°
2025-03-12 10:35:55,297,INFO,========================================
2025-03-12 10:35:56,299,INFO,
🌍 CURRENT POSITION: (34.1519447, -77.8669087)
2025-03-12 10:35:56,300,INFO,🧭 HEADING: 291.8°
2025-03-12 10:35:56,302,INFO,
=== WAYPOINT INFORMATION ===
2025-03-12 10:35:56,303,INFO,WP  Distance (m)  Bearing   Turn
2025-03-12 10:35:56,304,INFO,----------------------------------------
2025-03-12 10:35:56,305,INFO,0   8.5           279.3     °← 12.5°
2025-03-12 10:35:56,307,INFO,1   17.6          349.5     °→ 57.6°
2025-03-12 10:35:56,308,INFO,2   14.1          28.3      °→ 96.5°
2025-03-12 10:35:56,309,INFO,3   5.3           78.7      °→ 146.9°
2025-03-12 10:35:56,310,INFO,========================================
2025-03-12 10:35:57,312,INFO,
🌍 CURRENT POSITION: (34.1519446, -77.8669089)
2025-03-12 10:35:57,312,INFO,🧭 HEADING: 290.5°
2025-03-12 10:35:57,313,INFO,
=== WAYPOINT INFORMATION ===
2025-03-12 10:35:57,313,INFO,WP  Distance (m)  Bearing   Turn
2025-03-12 10:35:57,313,INFO,----------------------------------------
2025-03-12 10:35:57,314,INFO,0   8.5           279.4     °← 11.1°
2025-03-12 10:35:57,315,INFO,1   17.7          349.5     °→ 59.0°
2025-03-12 10:35:57,316,INFO,2   14.2          28.3      °→ 97.8°
2025-03-12 10:35:57,317,INFO,3   5.3           78.7      °→ 148.1°
2025-03-12 10:35:57,317,INFO,========================================
2025-03-12 10:35:58,048,INFO,GPS test stopped by user
