2025-03-12 10:32:56,959,INFO,Starting in REAL HARDWARE mode
2025-03-12 10:32:56,960,CRITICAL,Using waypoints file: /home/jay/projects/grassSmoking/autonomous-rover/data/polygon_data.json
2025-03-12 10:32:56,960,CRITICAL,Successfully opened waypoints file
2025-03-12 10:32:56,961,CRITICAL,Raw file content (first 100 chars): [
  {
    "lat": 34.15195716,
    "lon": -77.86700018666667
  },
  {
    "lat": 34.152101085,
    "l...
2025-03-12 10:32:56,961,CRITICAL,==== LOADED WAYPOINTS ====
2025-03-12 10:32:56,962,CRITICAL,WP 0: (34.1519572, -77.8670002)
2025-03-12 10:32:56,962,CRITICAL,WP 1: (34.1521011, -77.8669438)
2025-03-12 10:32:56,962,CRITICAL,WP 2: (34.1520569, -77.8668358)
2025-03-12 10:32:56,963,CRITICAL,WP 3: (34.1519539, -77.8668528)
2025-03-12 10:32:56,963,CRITICAL,========================
2025-03-12 10:32:56,963,INFO,Initializing GPS Monitor (simulation=False)
2025-03-12 10:32:56,968,INFO,Connected to front GPS on /dev/ttyACM0
2025-03-12 10:32:56,969,INFO,Connected to rear GPS on /dev/ttyACM1
2025-03-12 10:32:56,986,INFO,Motor controller initialized successfully
2025-03-12 10:32:56,986,INFO,Stanley Controller initialized with 4 waypoints
2025-03-12 10:32:56,987,INFO,Steering sensitivity: 60.0° (tanh denominator)
2025-03-12 10:32:56,987,INFO,Max steering angle: 90.0°
2025-03-12 10:32:56,987,INFO,Waypoint reach threshold: 1.0 meters
2025-03-12 10:32:56,987,CRITICAL,==== CONTROLLER WAYPOINTS ====
2025-03-12 10:32:56,988,CRITICAL,WP 0: (34.1519572, -77.8670002)
2025-03-12 10:32:56,988,CRITICAL,WP 1: (34.1521011, -77.8669438)
2025-03-12 10:32:56,988,CRITICAL,WP 2: (34.1520569, -77.8668358)
2025-03-12 10:32:56,988,CRITICAL,WP 3: (34.1519539, -77.8668528)
2025-03-12 10:32:56,988,CRITICAL,========================
2025-03-12 10:32:56,989,INFO,Initializing GPS Monitor (simulation=False)
2025-03-12 10:32:56,993,INFO,Connected to front GPS on /dev/ttyACM0
2025-03-12 10:32:56,993,INFO,Connected to rear GPS on /dev/ttyACM1
2025-03-12 10:32:57,006,INFO,Motor controller initialized successfully
2025-03-12 10:32:57,006,CRITICAL,MOTOR CONTROLLER MAX SPEED: 0.3
2025-03-12 10:32:57,007,INFO,Starting hardware control loop. Press Ctrl+C to stop.
2025-03-12 10:32:57,007,WARNING,No heading available (missing GPS data)
2025-03-12 10:32:57,008,ERROR,Error in control loop: must be real number, not NoneType
2025-03-12 10:32:57,010,INFO,Motors stopped
2025-03-12 10:32:58,021,INFO,DEBUG - TARGET WP: 0 [8.5m] | GPS Heading: 287.0°, Bearing to target: 280.2°, Needed turn: -6.8° LEFT
2025-03-12 10:32:58,021,WARNING,=== COORDINATE DEBUG ===
2025-03-12 10:32:58,022,WARNING,Current position: (34.1519437, -77.8669096), Heading: 287.0°
2025-03-12 10:32:58,022,WARNING,Target waypoint 0: (34.1519572, -77.8670002)
2025-03-12 10:32:58,022,WARNING,DIRECT BEARING CALCULATION: 280.2°
2025-03-12 10:32:58,023,WARNING,CONTROLLER BEARING CALCULATION: 280.2°
2025-03-12 10:32:58,023,WARNING,WITH SWAPPED TARGET COORDS: 165.7°
2025-03-12 10:32:58,023,WARNING,WITH SWAPPED CURRENT COORDS: 256.4°
2025-03-12 10:32:58,023,WARNING,=== END DEBUG ===
2025-03-12 10:32:58,024,WARNING,MOTOR DEBUG - Raw steering command: -10.2°
2025-03-12 10:32:58,024,INFO,LEFT TURN: 10.2°
2025-03-12 10:32:58,024,WARNING,MOTOR DEBUG - LEFT turn factors: L=0.887, R=1.000
2025-03-12 10:32:58,025,WARNING,MOTOR DEBUG - Speed=0.30, Factors: L=0.89, R=1.00
2025-03-12 10:32:58,025,WARNING,MOTOR DEBUG - Final speeds: L=0.27, R=0.30
2025-03-12 10:32:58,025,INFO,Applying to motors - Left: 0.27, Right: 0.30
2025-03-12 10:32:58,028,INFO,
2025-03-12 10:32:58,028,INFO,DISTANCE TO TARGET: 8.48m [############--------]
2025-03-12 10:32:58,029,INFO,WAYPOINT: 0/3
2025-03-12 10:32:58,029,INFO,
2025-03-12 10:32:58,029,ERROR,Error in control loop: 'steering_angle'
2025-03-12 10:32:58,031,INFO,Motors stopped
2025-03-12 10:32:59,042,INFO,DEBUG - TARGET WP: 0 [8.5m] | GPS Heading: 287.0°, Bearing to target: 280.2°, Needed turn: -6.8° LEFT
2025-03-12 10:32:59,043,WARNING,=== COORDINATE DEBUG ===
2025-03-12 10:32:59,043,WARNING,Current position: (34.1519437, -77.8669096), Heading: 287.0°
2025-03-12 10:32:59,043,WARNING,Target waypoint 0: (34.1519572, -77.8670002)
2025-03-12 10:32:59,044,WARNING,DIRECT BEARING CALCULATION: 280.2°
2025-03-12 10:32:59,044,WARNING,CONTROLLER BEARING CALCULATION: 280.2°
2025-03-12 10:32:59,044,WARNING,WITH SWAPPED TARGET COORDS: 165.7°
2025-03-12 10:32:59,044,WARNING,WITH SWAPPED CURRENT COORDS: 256.4°
2025-03-12 10:32:59,045,WARNING,=== END DEBUG ===
2025-03-12 10:32:59,045,WARNING,MOTOR DEBUG - Raw steering command: -10.2°
2025-03-12 10:32:59,046,INFO,LEFT TURN: 10.2°
2025-03-12 10:32:59,046,WARNING,MOTOR DEBUG - LEFT turn factors: L=0.887, R=1.000
2025-03-12 10:32:59,046,WARNING,MOTOR DEBUG - Speed=0.30, Factors: L=0.89, R=1.00
2025-03-12 10:32:59,046,WARNING,MOTOR DEBUG - Final speeds: L=0.27, R=0.30
2025-03-12 10:32:59,047,INFO,Applying to motors - Left: 0.27, Right: 0.30
2025-03-12 10:32:59,049,INFO,
2025-03-12 10:32:59,050,INFO,DISTANCE TO TARGET: 8.48m [############--------]
2025-03-12 10:32:59,051,INFO,WAYPOINT: 0/3
2025-03-12 10:32:59,051,INFO,
2025-03-12 10:32:59,051,ERROR,Error in control loop: 'steering_angle'
2025-03-12 10:32:59,053,INFO,Motors stopped
2025-03-12 10:32:59,352,INFO,Manual stop requested
2025-03-12 10:32:59,353,INFO,Stopping motors and cleaning up...
2025-03-12 10:32:59,355,INFO,Motors stopped
