2025-03-12 07:44:33,260,INFO,Starting in GPS TEST mode
2025-03-12 07:44:33,260,INFO,Loading waypoints from ../data/polygon_data.json
2025-03-12 07:44:33,261,INFO,Loaded 4 waypoints:
2025-03-12 07:44:33,261,INFO,WP 0: (34.1519572, -77.8670002)
2025-03-12 07:44:33,262,INFO,WP 1: (34.1521011, -77.8669438)
2025-03-12 07:44:33,262,INFO,WP 2: (34.1520569, -77.8668358)
2025-03-12 07:44:33,262,INFO,WP 3: (34.1519539, -77.8668528)
2025-03-12 07:44:33,263,INFO,Initializing GPS Monitor (simulation=False)
2025-03-12 07:44:33,267,INFO,Connected to front GPS on /dev/ttyACM0
2025-03-12 07:44:33,267,INFO,Connected to rear GPS on /dev/ttyACM1
2025-03-12 07:44:33,269,INFO,Starting GPS test with live GPS data. Press Ctrl+C to exit.
2025-03-12 07:44:33,269,WARNING,No heading available (missing GPS data)
2025-03-12 07:44:33,270,WARNING,GPS position unavailable
2025-03-12 07:44:34,271,INFO,
🌍 CURRENT POSITION: (34.1519161, -77.8667953)
2025-03-12 07:44:34,271,INFO,🧭 HEADING: 344.9°
2025-03-12 07:44:34,272,INFO,
=== WAYPOINT INFORMATION ===
2025-03-12 07:44:34,272,INFO,WP  Distance (m)  Bearing   Turn
2025-03-12 07:44:34,272,INFO,----------------------------------------
2025-03-12 07:44:34,273,INFO,0   19.4          283.6     °← 61.3°
2025-03-12 07:44:34,275,INFO,1   24.7          326.4     °← 18.6°
2025-03-12 07:44:34,275,INFO,2   16.1          346.6     °→ 1.6°
2025-03-12 07:44:34,276,INFO,3   6.8           308.5     °← 36.5°
2025-03-12 07:44:34,276,INFO,========================================
2025-03-12 07:44:35,278,INFO,
🌍 CURRENT POSITION: (34.1519159, -77.8667954)
2025-03-12 07:44:35,278,INFO,🧭 HEADING: 345.1°
2025-03-12 07:44:35,278,INFO,
=== WAYPOINT INFORMATION ===
2025-03-12 07:44:35,279,INFO,WP  Distance (m)  Bearing   Turn
2025-03-12 07:44:35,279,INFO,----------------------------------------
2025-03-12 07:44:35,280,INFO,0   19.4          283.7     °← 61.4°
2025-03-12 07:44:35,282,INFO,1   24.7          326.4     °← 18.6°
2025-03-12 07:44:35,283,INFO,2   16.1          346.6     °→ 1.6°
2025-03-12 07:44:35,285,INFO,3   6.8           308.7     °← 36.4°
2025-03-12 07:44:35,287,INFO,========================================
2025-03-12 07:44:36,288,INFO,
🌍 CURRENT POSITION: (34.1519158, -77.8667955)
2025-03-12 07:44:36,289,INFO,🧭 HEADING: 345.3°
2025-03-12 07:44:36,289,INFO,
=== WAYPOINT INFORMATION ===
2025-03-12 07:44:36,290,INFO,WP  Distance (m)  Bearing   Turn
2025-03-12 07:44:36,290,INFO,----------------------------------------
2025-03-12 07:44:36,291,INFO,0   19.4          283.7     °← 61.6°
2025-03-12 07:44:36,293,INFO,1   24.7          326.5     °← 18.8°
2025-03-12 07:44:36,294,INFO,2   16.1          346.7     °→ 1.4°
2025-03-12 07:44:36,295,INFO,3   6.8           308.8     °← 36.5°
2025-03-12 07:44:36,297,INFO,========================================
2025-03-12 07:44:36,814,INFO,GPS test stopped by user
