2025-03-12 16:12:06,701,INFO,Starting in REAL HARDWARE mode
2025-03-12 16:12:06,701,INFO,Loading waypoints from: ../data/polygon_data.json
2025-03-12 16:12:06,702,INFO,Successfully loaded 4 waypoints:
2025-03-12 16:12:06,702,INFO,WP 0: (34.1519572, -77.8670002)
2025-03-12 16:12:06,703,INFO,WP 1: (34.1521011, -77.8669438)
2025-03-12 16:12:06,703,INFO,WP 2: (34.1520569, -77.8668358)
2025-03-12 16:12:06,703,INFO,WP 3: (34.1519539, -77.8668528)
2025-03-12 16:12:06,704,INFO,Initializing GPS...
2025-03-12 16:12:06,704,INFO,Initializing GPS Monitor (simulation=False)
2025-03-12 16:12:06,708,INFO,Connected to front GPS on /dev/ttyACM0
2025-03-12 16:12:06,708,INFO,Connected to rear GPS on /dev/ttyACM1
2025-03-12 16:12:06,727,INFO,Motor controller initialized successfully
2025-03-12 16:12:06,727,CRITICAL,MOTOR CONTROLLER MAX SPEED: 0.3
2025-03-12 16:12:06,728,INFO,Stanley Controller initialized with 4 waypoints
2025-03-12 16:12:06,728,INFO,Steering sensitivity: 60.0° (tanh denominator)
2025-03-12 16:12:06,728,INFO,Max steering angle: 90.0°
2025-03-12 16:12:06,728,INFO,Waypoint reach threshold: 1.0 meters
2025-03-12 16:12:06,729,INFO,GPS monitor: Provided
2025-03-12 16:12:06,729,INFO,Motor controller: Provided
2025-03-12 16:12:06,729,INFO,Performing GPS preflight check...
2025-03-12 16:12:06,729,WARNING,No heading available (missing GPS data)
2025-03-12 16:12:06,729,WARNING,GPS position unavailable, waiting...
2025-03-12 16:12:07,730,INFO,GPS data valid: (34.1519150, -77.8668800), heading: 310.9°
2025-03-12 16:12:07,730,INFO,Starting hardware control loop. Press Ctrl+C to stop.
2025-03-12 16:12:07,730,INFO,Reached waypoint 0. New target: waypoint 1
2025-03-12 16:12:07,731,WARNING,MOTOR DEBUG - Raw steering command: -26.0°
2025-03-12 16:12:07,731,INFO,LEFT TURN: 26.0°
2025-03-12 16:12:07,731,WARNING,MOTOR DEBUG - LEFT turn factors: L=0.711, R=1.000
2025-03-12 16:12:07,732,WARNING,MOTOR DEBUG - Speed=0.30, Factors: L=0.71, R=1.00
2025-03-12 16:12:07,732,WARNING,MOTOR DEBUG - Final speeds: L=0.21, R=0.30
2025-03-12 16:12:07,732,INFO,Applying to motors - Left: 0.21, Right: 0.30
2025-03-12 16:12:07,734,INFO,POS: (34.1519150, -77.8668800) | HDG: 310.9° | TGT: 1 | DIST: 0.0m | STEER: -26.0°
2025-03-12 16:12:07,834,INFO,Reached waypoint 1. New target: waypoint 2
2025-03-12 16:12:07,835,WARNING,MOTOR DEBUG - Raw steering command: 45.4°
2025-03-12 16:12:07,835,INFO,RIGHT TURN: 45.4°
2025-03-12 16:12:07,835,WARNING,MOTOR DEBUG - RIGHT turn factors: L=1.000, R=0.496
2025-03-12 16:12:07,836,WARNING,MOTOR DEBUG - Speed=0.30, Factors: L=1.00, R=0.50
2025-03-12 16:12:07,836,WARNING,MOTOR DEBUG - Final speeds: L=0.30, R=0.15
2025-03-12 16:12:07,836,INFO,Applying to motors - Left: 0.30, Right: 0.15
2025-03-12 16:12:07,838,INFO,POS: (34.1519150, -77.8668800) | HDG: 310.9° | TGT: 2 | DIST: 0.0m | STEER: 45.4°
2025-03-12 16:12:07,938,INFO,Reached waypoint 2. New target: waypoint 3
2025-03-12 16:12:07,939,WARNING,MOTOR DEBUG - Raw steering command: 71.1°
2025-03-12 16:12:07,939,INFO,RIGHT TURN: 71.1°
2025-03-12 16:12:07,939,WARNING,MOTOR DEBUG - RIGHT turn factors: L=1.000, R=0.210
2025-03-12 16:12:07,940,WARNING,MOTOR DEBUG - Speed=0.30, Factors: L=1.00, R=0.21
2025-03-12 16:12:07,940,WARNING,MOTOR DEBUG - Final speeds: L=0.30, R=0.06
2025-03-12 16:12:07,941,INFO,Applying to motors - Left: 0.30, Right: 0.06
2025-03-12 16:12:07,942,INFO,POS: (34.1519150, -77.8668800) | HDG: 310.2° | TGT: 3 | DIST: 0.0m | STEER: 71.1°
2025-03-12 16:12:08,043,WARNING,MOTOR DEBUG - Raw steering command: 78.2°
2025-03-12 16:12:08,043,INFO,RIGHT TURN: 78.2°
2025-03-12 16:12:08,043,WARNING,MOTOR DEBUG - RIGHT turn factors: L=1.000, R=0.131
2025-03-12 16:12:08,044,WARNING,MOTOR DEBUG - Speed=0.30, Factors: L=1.00, R=0.13
2025-03-12 16:12:08,044,WARNING,MOTOR DEBUG - Final speeds: L=0.30, R=0.04
2025-03-12 16:12:08,044,INFO,Applying to motors - Left: 0.30, Right: 0.04
2025-03-12 16:12:08,046,INFO,POS: (34.1519150, -77.8668800) | HDG: 310.2° | TGT: 3 | DIST: 0.0m | STEER: 78.2°
2025-03-12 16:12:08,147,WARNING,MOTOR DEBUG - Raw steering command: 77.9°
2025-03-12 16:12:08,147,INFO,RIGHT TURN: 77.9°
2025-03-12 16:12:08,147,WARNING,MOTOR DEBUG - RIGHT turn factors: L=1.000, R=0.134
2025-03-12 16:12:08,148,WARNING,MOTOR DEBUG - Speed=0.30, Factors: L=1.00, R=0.13
2025-03-12 16:12:08,149,WARNING,MOTOR DEBUG - Final speeds: L=0.30, R=0.04
2025-03-12 16:12:08,149,INFO,Applying to motors - Left: 0.30, Right: 0.04
2025-03-12 16:12:08,151,INFO,POS: (34.1519154, -77.8668807) | HDG: 312.0° | TGT: 3 | DIST: 0.0m | STEER: 77.9°
2025-03-12 16:12:08,252,WARNING,MOTOR DEBUG - Raw steering command: 77.9°
2025-03-12 16:12:08,252,INFO,RIGHT TURN: 77.9°
2025-03-12 16:12:08,252,WARNING,MOTOR DEBUG - RIGHT turn factors: L=1.000, R=0.134
2025-03-12 16:12:08,253,WARNING,MOTOR DEBUG - Speed=0.30, Factors: L=1.00, R=0.13
2025-03-12 16:12:08,253,WARNING,MOTOR DEBUG - Final speeds: L=0.30, R=0.04
2025-03-12 16:12:08,253,INFO,Applying to motors - Left: 0.30, Right: 0.04
2025-03-12 16:12:08,255,INFO,POS: (34.1519154, -77.8668807) | HDG: 312.0° | TGT: 3 | DIST: 0.0m | STEER: 77.9°
2025-03-12 16:12:08,355,WARNING,MOTOR DEBUG - Raw steering command: 76.7°
2025-03-12 16:12:08,356,INFO,RIGHT TURN: 76.7°
2025-03-12 16:12:08,356,WARNING,MOTOR DEBUG - RIGHT turn factors: L=1.000, R=0.148
2025-03-12 16:12:08,356,WARNING,MOTOR DEBUG - Speed=0.30, Factors: L=1.00, R=0.15
2025-03-12 16:12:08,357,WARNING,MOTOR DEBUG - Final speeds: L=0.30, R=0.04
2025-03-12 16:12:08,357,INFO,Applying to motors - Left: 0.30, Right: 0.04
2025-03-12 16:12:08,359,INFO,POS: (34.1519162, -77.8668813) | HDG: 316.1° | TGT: 3 | DIST: 0.0m | STEER: 76.7°
2025-03-12 16:12:08,460,WARNING,MOTOR DEBUG - Raw steering command: 76.7°
2025-03-12 16:12:08,460,INFO,RIGHT TURN: 76.7°
2025-03-12 16:12:08,461,WARNING,MOTOR DEBUG - RIGHT turn factors: L=1.000, R=0.148
2025-03-12 16:12:08,461,WARNING,MOTOR DEBUG - Speed=0.30, Factors: L=1.00, R=0.15
2025-03-12 16:12:08,462,WARNING,MOTOR DEBUG - Final speeds: L=0.30, R=0.04
2025-03-12 16:12:08,462,INFO,Applying to motors - Left: 0.30, Right: 0.04
2025-03-12 16:12:08,464,INFO,POS: (34.1519162, -77.8668813) | HDG: 316.1° | TGT: 3 | DIST: 0.0m | STEER: 76.7°
2025-03-12 16:12:08,565,WARNING,MOTOR DEBUG - Raw steering command: 75.7°
2025-03-12 16:12:08,566,INFO,RIGHT TURN: 75.7°
2025-03-12 16:12:08,567,WARNING,MOTOR DEBUG - RIGHT turn factors: L=1.000, R=0.158
2025-03-12 16:12:08,567,WARNING,MOTOR DEBUG - Speed=0.30, Factors: L=1.00, R=0.16
2025-03-12 16:12:08,568,WARNING,MOTOR DEBUG - Final speeds: L=0.30, R=0.05
2025-03-12 16:12:08,569,INFO,Applying to motors - Left: 0.30, Right: 0.05
2025-03-12 16:12:08,571,INFO,POS: (34.1519170, -77.8668819) | HDG: 319.5° | TGT: 3 | DIST: 0.0m | STEER: 75.7°
2025-03-12 16:12:08,672,WARNING,MOTOR DEBUG - Raw steering command: 75.7°
2025-03-12 16:12:08,673,INFO,RIGHT TURN: 75.7°
2025-03-12 16:12:08,673,WARNING,MOTOR DEBUG - RIGHT turn factors: L=1.000, R=0.158
2025-03-12 16:12:08,674,WARNING,MOTOR DEBUG - Speed=0.30, Factors: L=1.00, R=0.16
2025-03-12 16:12:08,674,WARNING,MOTOR DEBUG - Final speeds: L=0.30, R=0.05
2025-03-12 16:12:08,675,INFO,Applying to motors - Left: 0.30, Right: 0.05
2025-03-12 16:12:08,677,INFO,POS: (34.1519170, -77.8668819) | HDG: 319.5° | TGT: 3 | DIST: 0.0m | STEER: 75.7°
2025-03-12 16:12:08,777,WARNING,MOTOR DEBUG - Raw steering command: 73.8°
2025-03-12 16:12:08,778,INFO,RIGHT TURN: 73.8°
2025-03-12 16:12:08,779,WARNING,MOTOR DEBUG - RIGHT turn factors: L=1.000, R=0.180
2025-03-12 16:12:08,779,WARNING,MOTOR DEBUG - Speed=0.30, Factors: L=1.00, R=0.18
2025-03-12 16:12:08,780,WARNING,MOTOR DEBUG - Final speeds: L=0.30, R=0.05
2025-03-12 16:12:08,780,INFO,Applying to motors - Left: 0.30, Right: 0.05
2025-03-12 16:12:08,782,INFO,POS: (34.1519179, -77.8668824) | HDG: 324.7° | TGT: 3 | DIST: 0.0m | STEER: 73.8°
2025-03-12 16:12:08,883,WARNING,MOTOR DEBUG - Raw steering command: 73.8°
2025-03-12 16:12:08,884,INFO,RIGHT TURN: 73.8°
2025-03-12 16:12:08,884,WARNING,MOTOR DEBUG - RIGHT turn factors: L=1.000, R=0.180
2025-03-12 16:12:08,885,WARNING,MOTOR DEBUG - Speed=0.30, Factors: L=1.00, R=0.18
2025-03-12 16:12:08,885,WARNING,MOTOR DEBUG - Final speeds: L=0.30, R=0.05
2025-03-12 16:12:08,886,INFO,Applying to motors - Left: 0.30, Right: 0.05
2025-03-12 16:12:08,888,INFO,POS: (34.1519179, -77.8668824) | HDG: 324.7° | TGT: 3 | DIST: 0.0m | STEER: 73.8°
2025-03-12 16:12:08,989,WARNING,MOTOR DEBUG - Raw steering command: 72.6°
2025-03-12 16:12:08,989,INFO,RIGHT TURN: 72.6°
2025-03-12 16:12:08,990,WARNING,MOTOR DEBUG - RIGHT turn factors: L=1.000, R=0.193
2025-03-12 16:12:08,990,WARNING,MOTOR DEBUG - Speed=0.30, Factors: L=1.00, R=0.19
2025-03-12 16:12:08,991,WARNING,MOTOR DEBUG - Final speeds: L=0.30, R=0.06
2025-03-12 16:12:08,991,INFO,Applying to motors - Left: 0.30, Right: 0.06
2025-03-12 16:12:08,993,INFO,POS: (34.1519188, -77.8668828) | HDG: 328.2° | TGT: 3 | DIST: 0.0m | STEER: 72.6°
2025-03-12 16:12:09,094,WARNING,MOTOR DEBUG - Raw steering command: 72.6°
2025-03-12 16:12:09,094,INFO,RIGHT TURN: 72.6°
2025-03-12 16:12:09,095,WARNING,MOTOR DEBUG - RIGHT turn factors: L=1.000, R=0.193
2025-03-12 16:12:09,096,WARNING,MOTOR DEBUG - Speed=0.30, Factors: L=1.00, R=0.19
2025-03-12 16:12:09,096,WARNING,MOTOR DEBUG - Final speeds: L=0.30, R=0.06
2025-03-12 16:12:09,097,INFO,Applying to motors - Left: 0.30, Right: 0.06
2025-03-12 16:12:09,098,INFO,POS: (34.1519188, -77.8668828) | HDG: 328.2° | TGT: 3 | DIST: 0.0m | STEER: 72.6°
2025-03-12 16:12:09,199,WARNING,MOTOR DEBUG - Raw steering command: 71.2°
2025-03-12 16:12:09,200,INFO,RIGHT TURN: 71.2°
2025-03-12 16:12:09,200,WARNING,MOTOR DEBUG - RIGHT turn factors: L=1.000, R=0.209
2025-03-12 16:12:09,201,WARNING,MOTOR DEBUG - Speed=0.30, Factors: L=1.00, R=0.21
2025-03-12 16:12:09,201,WARNING,MOTOR DEBUG - Final speeds: L=0.30, R=0.06
2025-03-12 16:12:09,202,INFO,Applying to motors - Left: 0.30, Right: 0.06
2025-03-12 16:12:09,204,INFO,POS: (34.1519198, -77.8668833) | HDG: 332.0° | TGT: 3 | DIST: 0.0m | STEER: 71.2°
2025-03-12 16:12:09,305,WARNING,MOTOR DEBUG - Raw steering command: 71.2°
2025-03-12 16:12:09,306,INFO,RIGHT TURN: 71.2°
2025-03-12 16:12:09,307,WARNING,MOTOR DEBUG - RIGHT turn factors: L=1.000, R=0.209
2025-03-12 16:12:09,308,WARNING,MOTOR DEBUG - Speed=0.30, Factors: L=1.00, R=0.21
2025-03-12 16:12:09,308,WARNING,MOTOR DEBUG - Final speeds: L=0.30, R=0.06
2025-03-12 16:12:09,308,INFO,Applying to motors - Left: 0.30, Right: 0.06
2025-03-12 16:12:09,310,INFO,POS: (34.1519198, -77.8668833) | HDG: 332.0° | TGT: 3 | DIST: 0.0m | STEER: 71.2°
2025-03-12 16:12:09,411,WARNING,MOTOR DEBUG - Raw steering command: 69.8°
2025-03-12 16:12:09,412,INFO,RIGHT TURN: 69.8°
2025-03-12 16:12:09,412,WARNING,MOTOR DEBUG - RIGHT turn factors: L=1.000, R=0.224
2025-03-12 16:12:09,413,WARNING,MOTOR DEBUG - Speed=0.30, Factors: L=1.00, R=0.22
2025-03-12 16:12:09,414,WARNING,MOTOR DEBUG - Final speeds: L=0.30, R=0.07
2025-03-12 16:12:09,414,INFO,Applying to motors - Left: 0.30, Right: 0.07
2025-03-12 16:12:09,416,INFO,POS: (34.1519208, -77.8668835) | HDG: 335.4° | TGT: 3 | DIST: 0.0m | STEER: 69.8°
2025-03-12 16:12:09,517,WARNING,MOTOR DEBUG - Raw steering command: 68.2°
2025-03-12 16:12:09,517,INFO,RIGHT TURN: 68.2°
2025-03-12 16:12:09,518,WARNING,MOTOR DEBUG - RIGHT turn factors: L=1.000, R=0.242
2025-03-12 16:12:09,518,WARNING,MOTOR DEBUG - Speed=0.30, Factors: L=1.00, R=0.24
2025-03-12 16:12:09,519,WARNING,MOTOR DEBUG - Final speeds: L=0.30, R=0.07
2025-03-12 16:12:09,519,INFO,Applying to motors - Left: 0.30, Right: 0.07
2025-03-12 16:12:09,521,INFO,POS: (34.1519219, -77.8668836) | HDG: 338.9° | TGT: 3 | DIST: 0.0m | STEER: 68.2°
2025-03-12 16:12:09,622,WARNING,MOTOR DEBUG - Raw steering command: 68.2°
2025-03-12 16:12:09,622,INFO,RIGHT TURN: 68.2°
2025-03-12 16:12:09,623,WARNING,MOTOR DEBUG - RIGHT turn factors: L=1.000, R=0.242
2025-03-12 16:12:09,624,WARNING,MOTOR DEBUG - Speed=0.30, Factors: L=1.00, R=0.24
2025-03-12 16:12:09,624,WARNING,MOTOR DEBUG - Final speeds: L=0.30, R=0.07
2025-03-12 16:12:09,624,INFO,Applying to motors - Left: 0.30, Right: 0.07
2025-03-12 16:12:09,626,INFO,POS: (34.1519219, -77.8668836) | HDG: 338.9° | TGT: 3 | DIST: 0.0m | STEER: 68.2°
2025-03-12 16:12:09,727,WARNING,MOTOR DEBUG - Raw steering command: 67.0°
2025-03-12 16:12:09,728,INFO,RIGHT TURN: 67.0°
2025-03-12 16:12:09,728,WARNING,MOTOR DEBUG - RIGHT turn factors: L=1.000, R=0.256
2025-03-12 16:12:09,729,WARNING,MOTOR DEBUG - Speed=0.30, Factors: L=1.00, R=0.26
2025-03-12 16:12:09,729,WARNING,MOTOR DEBUG - Final speeds: L=0.30, R=0.08
2025-03-12 16:12:09,730,INFO,Applying to motors - Left: 0.30, Right: 0.08
2025-03-12 16:12:09,731,INFO,POS: (34.1519230, -77.8668837) | HDG: 342.0° | TGT: 3 | DIST: 0.0m | STEER: 67.0°
2025-03-12 16:12:09,832,WARNING,MOTOR DEBUG - Raw steering command: 67.0°
2025-03-12 16:12:09,833,INFO,RIGHT TURN: 67.0°
2025-03-12 16:12:09,833,WARNING,MOTOR DEBUG - RIGHT turn factors: L=1.000, R=0.256
2025-03-12 16:12:09,833,WARNING,MOTOR DEBUG - Speed=0.30, Factors: L=1.00, R=0.26
2025-03-12 16:12:09,833,WARNING,MOTOR DEBUG - Final speeds: L=0.30, R=0.08
2025-03-12 16:12:09,833,INFO,Applying to motors - Left: 0.30, Right: 0.08
2025-03-12 16:12:09,835,INFO,POS: (34.1519230, -77.8668837) | HDG: 342.0° | TGT: 3 | DIST: 0.0m | STEER: 67.0°
2025-03-12 16:12:09,936,WARNING,MOTOR DEBUG - Raw steering command: 65.2°
2025-03-12 16:12:09,936,INFO,RIGHT TURN: 65.2°
2025-03-12 16:12:09,936,WARNING,MOTOR DEBUG - RIGHT turn factors: L=1.000, R=0.276
2025-03-12 16:12:09,937,WARNING,MOTOR DEBUG - Speed=0.30, Factors: L=1.00, R=0.28
2025-03-12 16:12:09,937,WARNING,MOTOR DEBUG - Final speeds: L=0.30, R=0.08
2025-03-12 16:12:09,937,INFO,Applying to motors - Left: 0.30, Right: 0.08
2025-03-12 16:12:09,939,INFO,POS: (34.1519239, -77.8668836) | HDG: 345.4° | TGT: 3 | DIST: 0.0m | STEER: 65.2°
2025-03-12 16:12:10,040,WARNING,MOTOR DEBUG - Raw steering command: 65.2°
2025-03-12 16:12:10,040,INFO,RIGHT TURN: 65.2°
2025-03-12 16:12:10,040,WARNING,MOTOR DEBUG - RIGHT turn factors: L=1.000, R=0.276
2025-03-12 16:12:10,041,WARNING,MOTOR DEBUG - Speed=0.30, Factors: L=1.00, R=0.28
2025-03-12 16:12:10,041,WARNING,MOTOR DEBUG - Final speeds: L=0.30, R=0.08
2025-03-12 16:12:10,041,INFO,Applying to motors - Left: 0.30, Right: 0.08
2025-03-12 16:12:10,043,INFO,POS: (34.1519239, -77.8668836) | HDG: 345.4° | TGT: 3 | DIST: 0.0m | STEER: 65.2°
2025-03-12 16:12:10,145,WARNING,MOTOR DEBUG - Raw steering command: 64.4°
2025-03-12 16:12:10,146,INFO,RIGHT TURN: 64.4°
2025-03-12 16:12:10,147,WARNING,MOTOR DEBUG - RIGHT turn factors: L=1.000, R=0.284
2025-03-12 16:12:10,148,WARNING,MOTOR DEBUG - Speed=0.30, Factors: L=1.00, R=0.28
2025-03-12 16:12:10,150,WARNING,MOTOR DEBUG - Final speeds: L=0.30, R=0.09
2025-03-12 16:12:10,152,INFO,Applying to motors - Left: 0.30, Right: 0.09
2025-03-12 16:12:10,155,INFO,POS: (34.1519251, -77.8668837) | HDG: 347.5° | TGT: 3 | DIST: 0.0m | STEER: 64.4°
2025-03-12 16:12:10,256,WARNING,MOTOR DEBUG - Raw steering command: 64.4°
2025-03-12 16:12:10,257,INFO,RIGHT TURN: 64.4°
2025-03-12 16:12:10,257,WARNING,MOTOR DEBUG - RIGHT turn factors: L=1.000, R=0.284
2025-03-12 16:12:10,258,WARNING,MOTOR DEBUG - Speed=0.30, Factors: L=1.00, R=0.28
2025-03-12 16:12:10,258,WARNING,MOTOR DEBUG - Final speeds: L=0.30, R=0.09
2025-03-12 16:12:10,259,INFO,Applying to motors - Left: 0.30, Right: 0.09
2025-03-12 16:12:10,261,INFO,POS: (34.1519251, -77.8668837) | HDG: 347.5° | TGT: 3 | DIST: 0.0m | STEER: 64.4°
2025-03-12 16:12:10,362,WARNING,MOTOR DEBUG - Raw steering command: 62.9°
2025-03-12 16:12:10,363,INFO,RIGHT TURN: 62.9°
2025-03-12 16:12:10,364,WARNING,MOTOR DEBUG - RIGHT turn factors: L=1.000, R=0.301
2025-03-12 16:12:10,365,WARNING,MOTOR DEBUG - Speed=0.30, Factors: L=1.00, R=0.30
2025-03-12 16:12:10,366,WARNING,MOTOR DEBUG - Final speeds: L=0.30, R=0.09
2025-03-12 16:12:10,366,INFO,Applying to motors - Left: 0.30, Right: 0.09
2025-03-12 16:12:10,371,INFO,POS: (34.1519260, -77.8668833) | HDG: 350.1° | TGT: 3 | DIST: 0.0m | STEER: 62.9°
2025-03-12 16:12:10,392,ERROR,Error in rear GPS reader: [Errno 5] Input/output error
2025-03-12 16:12:10,475,WARNING,MOTOR DEBUG - Raw steering command: 62.9°
2025-03-12 16:12:10,475,INFO,RIGHT TURN: 62.9°
2025-03-12 16:12:10,476,WARNING,MOTOR DEBUG - RIGHT turn factors: L=1.000, R=0.301
2025-03-12 16:12:10,476,WARNING,MOTOR DEBUG - Speed=0.30, Factors: L=1.00, R=0.30
2025-03-12 16:12:10,478,WARNING,MOTOR DEBUG - Final speeds: L=0.30, R=0.09
2025-03-12 16:12:10,478,INFO,Applying to motors - Left: 0.30, Right: 0.09
2025-03-12 16:12:10,480,INFO,POS: (34.1519260, -77.8668833) | HDG: 350.1° | TGT: 3 | DIST: 0.0m | STEER: 62.9°
2025-03-12 16:12:10,581,WARNING,MOTOR DEBUG - Raw steering command: 62.9°
2025-03-12 16:12:10,581,INFO,RIGHT TURN: 62.9°
2025-03-12 16:12:10,581,WARNING,MOTOR DEBUG - RIGHT turn factors: L=1.000, R=0.302
2025-03-12 16:12:10,582,WARNING,MOTOR DEBUG - Speed=0.30, Factors: L=1.00, R=0.30
2025-03-12 16:12:10,582,WARNING,MOTOR DEBUG - Final speeds: L=0.30, R=0.09
2025-03-12 16:12:10,582,INFO,Applying to motors - Left: 0.30, Right: 0.09
2025-03-12 16:12:10,584,INFO,POS: (34.1519271, -77.8668832) | HDG: 351.3° | TGT: 3 | DIST: 0.0m | STEER: 62.9°
2025-03-12 16:12:10,684,WARNING,MOTOR DEBUG - Raw steering command: 62.9°
2025-03-12 16:12:10,685,INFO,RIGHT TURN: 62.9°
2025-03-12 16:12:10,685,WARNING,MOTOR DEBUG - RIGHT turn factors: L=1.000, R=0.302
2025-03-12 16:12:10,685,WARNING,MOTOR DEBUG - Speed=0.30, Factors: L=1.00, R=0.30
2025-03-12 16:12:10,686,WARNING,MOTOR DEBUG - Final speeds: L=0.30, R=0.09
2025-03-12 16:12:10,686,INFO,Applying to motors - Left: 0.30, Right: 0.09
2025-03-12 16:12:10,688,INFO,POS: (34.1519271, -77.8668832) | HDG: 351.3° | TGT: 3 | DIST: 0.0m | STEER: 62.9°
2025-03-12 16:12:10,789,WARNING,MOTOR DEBUG - Raw steering command: 62.5°
2025-03-12 16:12:10,789,INFO,RIGHT TURN: 62.5°
2025-03-12 16:12:10,789,WARNING,MOTOR DEBUG - RIGHT turn factors: L=1.000, R=0.306
2025-03-12 16:12:10,790,WARNING,MOTOR DEBUG - Speed=0.30, Factors: L=1.00, R=0.31
2025-03-12 16:12:10,790,WARNING,MOTOR DEBUG - Final speeds: L=0.30, R=0.09
2025-03-12 16:12:10,790,INFO,Applying to motors - Left: 0.30, Right: 0.09
2025-03-12 16:12:10,792,INFO,POS: (34.1519280, -77.8668830) | HDG: 352.5° | TGT: 3 | DIST: 0.0m | STEER: 62.5°
2025-03-12 16:12:10,893,WARNING,MOTOR DEBUG - Raw steering command: 62.5°
2025-03-12 16:12:10,894,INFO,RIGHT TURN: 62.5°
2025-03-12 16:12:10,894,WARNING,MOTOR DEBUG - RIGHT turn factors: L=1.000, R=0.306
2025-03-12 16:12:10,895,WARNING,MOTOR DEBUG - Speed=0.30, Factors: L=1.00, R=0.31
2025-03-12 16:12:10,895,WARNING,MOTOR DEBUG - Final speeds: L=0.30, R=0.09
2025-03-12 16:12:10,895,INFO,Applying to motors - Left: 0.30, Right: 0.09
2025-03-12 16:12:10,897,INFO,POS: (34.1519280, -77.8668830) | HDG: 352.5° | TGT: 3 | DIST: 0.0m | STEER: 62.5°
2025-03-12 16:12:10,998,WARNING,MOTOR DEBUG - Raw steering command: 62.9°
2025-03-12 16:12:10,998,INFO,RIGHT TURN: 62.9°
2025-03-12 16:12:10,998,WARNING,MOTOR DEBUG - RIGHT turn factors: L=1.000, R=0.301
2025-03-12 16:12:10,999,WARNING,MOTOR DEBUG - Speed=0.30, Factors: L=1.00, R=0.30
2025-03-12 16:12:11,000,WARNING,MOTOR DEBUG - Final speeds: L=0.30, R=0.09
2025-03-12 16:12:11,000,INFO,Applying to motors - Left: 0.30, Right: 0.09
2025-03-12 16:12:11,002,INFO,POS: (34.1519287, -77.8668830) | HDG: 352.9° | TGT: 3 | DIST: 0.0m | STEER: 62.9°
2025-03-12 16:12:11,102,WARNING,MOTOR DEBUG - Raw steering command: 62.9°
2025-03-12 16:12:11,103,INFO,RIGHT TURN: 62.9°
2025-03-12 16:12:11,103,WARNING,MOTOR DEBUG - RIGHT turn factors: L=1.000, R=0.301
2025-03-12 16:12:11,104,WARNING,MOTOR DEBUG - Speed=0.30, Factors: L=1.00, R=0.30
2025-03-12 16:12:11,104,WARNING,MOTOR DEBUG - Final speeds: L=0.30, R=0.09
2025-03-12 16:12:11,104,INFO,Applying to motors - Left: 0.30, Right: 0.09
2025-03-12 16:12:11,106,INFO,POS: (34.1519287, -77.8668830) | HDG: 352.9° | TGT: 3 | DIST: 0.0m | STEER: 62.9°
2025-03-12 16:12:11,206,WARNING,MOTOR DEBUG - Raw steering command: 61.3°
2025-03-12 16:12:11,207,INFO,RIGHT TURN: 61.3°
2025-03-12 16:12:11,207,WARNING,MOTOR DEBUG - RIGHT turn factors: L=1.000, R=0.319
2025-03-12 16:12:11,207,WARNING,MOTOR DEBUG - Speed=0.30, Factors: L=1.00, R=0.32
2025-03-12 16:12:11,208,WARNING,MOTOR DEBUG - Final speeds: L=0.30, R=0.10
2025-03-12 16:12:11,208,INFO,Applying to motors - Left: 0.30, Right: 0.10
2025-03-12 16:12:11,214,INFO,POS: (34.1519297, -77.8668824) | HDG: 355.4° | TGT: 3 | DIST: 0.0m | STEER: 61.3°
2025-03-12 16:12:11,315,WARNING,MOTOR DEBUG - Raw steering command: 60.6°
2025-03-12 16:12:11,315,INFO,RIGHT TURN: 60.6°
2025-03-12 16:12:11,315,WARNING,MOTOR DEBUG - RIGHT turn factors: L=1.000, R=0.326
2025-03-12 16:12:11,316,WARNING,MOTOR DEBUG - Speed=0.30, Factors: L=1.00, R=0.33
2025-03-12 16:12:11,316,WARNING,MOTOR DEBUG - Final speeds: L=0.30, R=0.10
2025-03-12 16:12:11,316,INFO,Applying to motors - Left: 0.30, Right: 0.10
2025-03-12 16:12:11,318,INFO,POS: (34.1519306, -77.8668820) | HDG: 357.0° | TGT: 3 | DIST: 0.0m | STEER: 60.6°
2025-03-12 16:12:11,393,ERROR,Error in rear GPS reader: [Errno 5] Input/output error
2025-03-12 16:12:11,418,WARNING,MOTOR DEBUG - Raw steering command: 60.6°
2025-03-12 16:12:11,419,INFO,RIGHT TURN: 60.6°
2025-03-12 16:12:11,419,WARNING,MOTOR DEBUG - RIGHT turn factors: L=1.000, R=0.326
2025-03-12 16:12:11,419,WARNING,MOTOR DEBUG - Speed=0.30, Factors: L=1.00, R=0.33
2025-03-12 16:12:11,420,WARNING,MOTOR DEBUG - Final speeds: L=0.30, R=0.10
2025-03-12 16:12:11,420,INFO,Applying to motors - Left: 0.30, Right: 0.10
2025-03-12 16:12:11,421,INFO,POS: (34.1519306, -77.8668820) | HDG: 357.0° | TGT: 3 | DIST: 0.0m | STEER: 60.6°
2025-03-12 16:12:11,522,WARNING,MOTOR DEBUG - Raw steering command: 59.4°
2025-03-12 16:12:11,522,INFO,RIGHT TURN: 59.4°
2025-03-12 16:12:11,522,WARNING,MOTOR DEBUG - RIGHT turn factors: L=1.000, R=0.340
2025-03-12 16:12:11,523,WARNING,MOTOR DEBUG - Speed=0.30, Factors: L=1.00, R=0.34
2025-03-12 16:12:11,523,WARNING,MOTOR DEBUG - Final speeds: L=0.30, R=0.10
2025-03-12 16:12:11,523,INFO,Applying to motors - Left: 0.30, Right: 0.10
2025-03-12 16:12:11,525,INFO,POS: (34.1519315, -77.8668814) | HDG: 358.9° | TGT: 3 | DIST: 0.0m | STEER: 59.4°
2025-03-12 16:12:11,625,WARNING,MOTOR DEBUG - Raw steering command: 59.4°
2025-03-12 16:12:11,626,INFO,RIGHT TURN: 59.4°
2025-03-12 16:12:11,626,WARNING,MOTOR DEBUG - RIGHT turn factors: L=1.000, R=0.340
2025-03-12 16:12:11,626,WARNING,MOTOR DEBUG - Speed=0.30, Factors: L=1.00, R=0.34
2025-03-12 16:12:11,627,WARNING,MOTOR DEBUG - Final speeds: L=0.30, R=0.10
2025-03-12 16:12:11,627,INFO,Applying to motors - Left: 0.30, Right: 0.10
2025-03-12 16:12:11,628,INFO,POS: (34.1519315, -77.8668814) | HDG: 358.9° | TGT: 3 | DIST: 0.0m | STEER: 59.4°
2025-03-12 16:12:11,729,WARNING,MOTOR DEBUG - Raw steering command: 58.1°
2025-03-12 16:12:11,729,INFO,RIGHT TURN: 58.1°
2025-03-12 16:12:11,730,WARNING,MOTOR DEBUG - RIGHT turn factors: L=1.000, R=0.354
2025-03-12 16:12:11,730,WARNING,MOTOR DEBUG - Speed=0.30, Factors: L=1.00, R=0.35
2025-03-12 16:12:11,730,WARNING,MOTOR DEBUG - Final speeds: L=0.30, R=0.11
2025-03-12 16:12:11,730,INFO,Applying to motors - Left: 0.30, Right: 0.11
2025-03-12 16:12:11,732,INFO,POS: (34.1519324, -77.8668807) | HDG: 0.9° | TGT: 3 | DIST: 0.0m | STEER: 58.1°
2025-03-12 16:12:11,833,WARNING,MOTOR DEBUG - Raw steering command: 58.1°
2025-03-12 16:12:11,833,INFO,RIGHT TURN: 58.1°
2025-03-12 16:12:11,833,WARNING,MOTOR DEBUG - RIGHT turn factors: L=1.000, R=0.354
2025-03-12 16:12:11,834,WARNING,MOTOR DEBUG - Speed=0.30, Factors: L=1.00, R=0.35
2025-03-12 16:12:11,834,WARNING,MOTOR DEBUG - Final speeds: L=0.30, R=0.11
2025-03-12 16:12:11,834,INFO,Applying to motors - Left: 0.30, Right: 0.11
2025-03-12 16:12:11,836,INFO,POS: (34.1519324, -77.8668807) | HDG: 0.9° | TGT: 3 | DIST: 0.0m | STEER: 58.1°
2025-03-12 16:12:11,936,WARNING,MOTOR DEBUG - Raw steering command: 56.6°
2025-03-12 16:12:11,936,INFO,RIGHT TURN: 56.6°
2025-03-12 16:12:11,937,WARNING,MOTOR DEBUG - RIGHT turn factors: L=1.000, R=0.371
2025-03-12 16:12:11,937,WARNING,MOTOR DEBUG - Speed=0.30, Factors: L=1.00, R=0.37
2025-03-12 16:12:11,937,WARNING,MOTOR DEBUG - Final speeds: L=0.30, R=0.11
2025-03-12 16:12:11,938,INFO,Applying to motors - Left: 0.30, Right: 0.11
2025-03-12 16:12:11,939,INFO,POS: (34.1519332, -77.8668799) | HDG: 2.9° | TGT: 3 | DIST: 0.0m | STEER: 56.6°
2025-03-12 16:12:12,040,WARNING,MOTOR DEBUG - Raw steering command: 56.6°
2025-03-12 16:12:12,040,INFO,RIGHT TURN: 56.6°
2025-03-12 16:12:12,040,WARNING,MOTOR DEBUG - RIGHT turn factors: L=1.000, R=0.371
2025-03-12 16:12:12,041,WARNING,MOTOR DEBUG - Speed=0.30, Factors: L=1.00, R=0.37
2025-03-12 16:12:12,041,WARNING,MOTOR DEBUG - Final speeds: L=0.30, R=0.11
2025-03-12 16:12:12,041,INFO,Applying to motors - Left: 0.30, Right: 0.11
2025-03-12 16:12:12,043,INFO,POS: (34.1519332, -77.8668799) | HDG: 2.9° | TGT: 3 | DIST: 0.0m | STEER: 56.6°
2025-03-12 16:12:12,143,WARNING,MOTOR DEBUG - Raw steering command: 54.7°
2025-03-12 16:12:12,144,INFO,RIGHT TURN: 54.7°
2025-03-12 16:12:12,144,WARNING,MOTOR DEBUG - RIGHT turn factors: L=1.000, R=0.393
2025-03-12 16:12:12,144,WARNING,MOTOR DEBUG - Speed=0.30, Factors: L=1.00, R=0.39
2025-03-12 16:12:12,145,WARNING,MOTOR DEBUG - Final speeds: L=0.30, R=0.12
2025-03-12 16:12:12,145,INFO,Applying to motors - Left: 0.30, Right: 0.12
2025-03-12 16:12:12,146,INFO,POS: (34.1519339, -77.8668790) | HDG: 5.0° | TGT: 3 | DIST: 0.0m | STEER: 54.7°
2025-03-12 16:12:12,247,WARNING,MOTOR DEBUG - Raw steering command: 54.7°
2025-03-12 16:12:12,247,INFO,RIGHT TURN: 54.7°
2025-03-12 16:12:12,248,WARNING,MOTOR DEBUG - RIGHT turn factors: L=1.000, R=0.393
2025-03-12 16:12:12,249,WARNING,MOTOR DEBUG - Speed=0.30, Factors: L=1.00, R=0.39
2025-03-12 16:12:12,249,WARNING,MOTOR DEBUG - Final speeds: L=0.30, R=0.12
2025-03-12 16:12:12,249,INFO,Applying to motors - Left: 0.30, Right: 0.12
2025-03-12 16:12:12,251,INFO,POS: (34.1519339, -77.8668790) | HDG: 5.0° | TGT: 3 | DIST: 0.0m | STEER: 54.7°
2025-03-12 16:12:12,352,WARNING,MOTOR DEBUG - Raw steering command: 52.9°
2025-03-12 16:12:12,353,INFO,RIGHT TURN: 52.9°
2025-03-12 16:12:12,353,WARNING,MOTOR DEBUG - RIGHT turn factors: L=1.000, R=0.412
2025-03-12 16:12:12,354,WARNING,MOTOR DEBUG - Speed=0.30, Factors: L=1.00, R=0.41
2025-03-12 16:12:12,354,WARNING,MOTOR DEBUG - Final speeds: L=0.30, R=0.12
2025-03-12 16:12:12,354,INFO,Applying to motors - Left: 0.30, Right: 0.12
2025-03-12 16:12:12,356,INFO,POS: (34.1519347, -77.8668781) | HDG: 7.0° | TGT: 3 | DIST: 0.0m | STEER: 52.9°
2025-03-12 16:12:12,394,ERROR,Error in rear GPS reader: [Errno 5] Input/output error
2025-03-12 16:12:12,457,WARNING,MOTOR DEBUG - Raw steering command: 52.9°
2025-03-12 16:12:12,458,INFO,RIGHT TURN: 52.9°
2025-03-12 16:12:12,458,WARNING,MOTOR DEBUG - RIGHT turn factors: L=1.000, R=0.412
2025-03-12 16:12:12,459,WARNING,MOTOR DEBUG - Speed=0.30, Factors: L=1.00, R=0.41
2025-03-12 16:12:12,459,WARNING,MOTOR DEBUG - Final speeds: L=0.30, R=0.12
2025-03-12 16:12:12,459,INFO,Applying to motors - Left: 0.30, Right: 0.12
2025-03-12 16:12:12,461,INFO,POS: (34.1519347, -77.8668781) | HDG: 7.0° | TGT: 3 | DIST: 0.0m | STEER: 52.9°
2025-03-12 16:12:12,562,WARNING,MOTOR DEBUG - Raw steering command: 50.9°
2025-03-12 16:12:12,563,INFO,RIGHT TURN: 50.9°
2025-03-12 16:12:12,563,WARNING,MOTOR DEBUG - RIGHT turn factors: L=1.000, R=0.434
2025-03-12 16:12:12,564,WARNING,MOTOR DEBUG - Speed=0.30, Factors: L=1.00, R=0.43
2025-03-12 16:12:12,564,WARNING,MOTOR DEBUG - Final speeds: L=0.30, R=0.13
2025-03-12 16:12:12,564,INFO,Applying to motors - Left: 0.30, Right: 0.13
2025-03-12 16:12:12,566,INFO,POS: (34.1519355, -77.8668771) | HDG: 9.0° | TGT: 3 | DIST: 0.0m | STEER: 50.9°
2025-03-12 16:12:12,667,WARNING,MOTOR DEBUG - Raw steering command: 50.9°
2025-03-12 16:12:12,668,INFO,RIGHT TURN: 50.9°
2025-03-12 16:12:12,668,WARNING,MOTOR DEBUG - RIGHT turn factors: L=1.000, R=0.434
2025-03-12 16:12:12,669,WARNING,MOTOR DEBUG - Speed=0.30, Factors: L=1.00, R=0.43
2025-03-12 16:12:12,669,WARNING,MOTOR DEBUG - Final speeds: L=0.30, R=0.13
2025-03-12 16:12:12,669,INFO,Applying to motors - Left: 0.30, Right: 0.13
2025-03-12 16:12:12,671,INFO,POS: (34.1519355, -77.8668771) | HDG: 9.0° | TGT: 3 | DIST: 0.0m | STEER: 50.9°
2025-03-12 16:12:12,772,WARNING,MOTOR DEBUG - Raw steering command: 48.3°
2025-03-12 16:12:12,773,INFO,RIGHT TURN: 48.3°
2025-03-12 16:12:12,773,WARNING,MOTOR DEBUG - RIGHT turn factors: L=1.000, R=0.463
2025-03-12 16:12:12,774,WARNING,MOTOR DEBUG - Speed=0.30, Factors: L=1.00, R=0.46
2025-03-12 16:12:12,774,WARNING,MOTOR DEBUG - Final speeds: L=0.30, R=0.14
2025-03-12 16:12:12,774,INFO,Applying to motors - Left: 0.30, Right: 0.14
2025-03-12 16:12:12,776,INFO,POS: (34.1519361, -77.8668760) | HDG: 11.1° | TGT: 3 | DIST: 0.0m | STEER: 48.3°
2025-03-12 16:12:12,877,WARNING,MOTOR DEBUG - Raw steering command: 48.3°
2025-03-12 16:12:12,878,INFO,RIGHT TURN: 48.3°
2025-03-12 16:12:12,878,WARNING,MOTOR DEBUG - RIGHT turn factors: L=1.000, R=0.463
2025-03-12 16:12:12,879,WARNING,MOTOR DEBUG - Speed=0.30, Factors: L=1.00, R=0.46
2025-03-12 16:12:12,879,WARNING,MOTOR DEBUG - Final speeds: L=0.30, R=0.14
2025-03-12 16:12:12,880,INFO,Applying to motors - Left: 0.30, Right: 0.14
2025-03-12 16:12:12,881,INFO,POS: (34.1519361, -77.8668760) | HDG: 11.1° | TGT: 3 | DIST: 0.0m | STEER: 48.3°
2025-03-12 16:12:12,982,WARNING,MOTOR DEBUG - Raw steering command: 46.4°
2025-03-12 16:12:12,983,INFO,RIGHT TURN: 46.4°
2025-03-12 16:12:12,983,WARNING,MOTOR DEBUG - RIGHT turn factors: L=1.000, R=0.485
2025-03-12 16:12:12,984,WARNING,MOTOR DEBUG - Speed=0.30, Factors: L=1.00, R=0.48
2025-03-12 16:12:12,984,WARNING,MOTOR DEBUG - Final speeds: L=0.30, R=0.15
2025-03-12 16:12:12,984,INFO,Applying to motors - Left: 0.30, Right: 0.15
2025-03-12 16:12:12,986,INFO,POS: (34.1519368, -77.8668750) | HDG: 12.9° | TGT: 3 | DIST: 0.0m | STEER: 46.4°
2025-03-12 16:12:13,087,WARNING,MOTOR DEBUG - Raw steering command: 46.4°
2025-03-12 16:12:13,087,INFO,RIGHT TURN: 46.4°
2025-03-12 16:12:13,087,WARNING,MOTOR DEBUG - RIGHT turn factors: L=1.000, R=0.485
2025-03-12 16:12:13,088,WARNING,MOTOR DEBUG - Speed=0.30, Factors: L=1.00, R=0.48
2025-03-12 16:12:13,088,WARNING,MOTOR DEBUG - Final speeds: L=0.30, R=0.15
2025-03-12 16:12:13,088,INFO,Applying to motors - Left: 0.30, Right: 0.15
2025-03-12 16:12:13,090,INFO,POS: (34.1519368, -77.8668750) | HDG: 12.9° | TGT: 3 | DIST: 0.0m | STEER: 46.4°
2025-03-12 16:12:13,190,WARNING,MOTOR DEBUG - Raw steering command: 42.9°
2025-03-12 16:12:13,190,INFO,RIGHT TURN: 42.9°
2025-03-12 16:12:13,191,WARNING,MOTOR DEBUG - RIGHT turn factors: L=1.000, R=0.523
2025-03-12 16:12:13,191,WARNING,MOTOR DEBUG - Speed=0.30, Factors: L=1.00, R=0.52
2025-03-12 16:12:13,191,WARNING,MOTOR DEBUG - Final speeds: L=0.30, R=0.16
2025-03-12 16:12:13,192,INFO,Applying to motors - Left: 0.30, Right: 0.16
2025-03-12 16:12:13,193,INFO,POS: (34.1519373, -77.8668738) | HDG: 15.1° | TGT: 3 | DIST: 0.0m | STEER: 42.9°
2025-03-12 16:12:13,294,WARNING,MOTOR DEBUG - Raw steering command: 42.9°
2025-03-12 16:12:13,294,INFO,RIGHT TURN: 42.9°
2025-03-12 16:12:13,294,WARNING,MOTOR DEBUG - RIGHT turn factors: L=1.000, R=0.523
2025-03-12 16:12:13,295,WARNING,MOTOR DEBUG - Speed=0.30, Factors: L=1.00, R=0.52
2025-03-12 16:12:13,295,WARNING,MOTOR DEBUG - Final speeds: L=0.30, R=0.16
2025-03-12 16:12:13,295,INFO,Applying to motors - Left: 0.30, Right: 0.16
2025-03-12 16:12:13,297,INFO,POS: (34.1519373, -77.8668738) | HDG: 15.1° | TGT: 3 | DIST: 0.0m | STEER: 42.9°
2025-03-12 16:12:13,376,INFO,Control interrupted by user
2025-03-12 16:12:13,378,INFO,Motors stopped
