2025-03-12 16:04:50,925,INFO,Starting in REAL HARDWARE mode
2025-03-12 16:04:50,925,INFO,Initializing GPS and motors...
2025-03-12 16:04:50,926,INFO,Initializing GPS (attempt 1/3)...
2025-03-12 16:04:50,926,INFO,Initializing GPS Monitor (simulation=False)
2025-03-12 16:04:50,930,INFO,Connected to front GPS on /dev/ttyACM0
2025-03-12 16:04:50,930,INFO,Connected to rear GPS on /dev/ttyACM1
2025-03-12 16:04:50,932,WARNING,No heading available (missing GPS data)
2025-03-12 16:04:50,932,WARNING,GPS returned None values, retrying...
2025-03-12 16:04:51,932,INFO,Initializing GPS (attempt 2/3)...
2025-03-12 16:04:51,933,INFO,Initializing GPS Monitor (simulation=False)
2025-03-12 16:04:51,936,INFO,Connected to front GPS on /dev/ttyACM0
2025-03-12 16:04:51,937,INFO,Connected to rear GPS on /dev/ttyACM1
2025-03-12 16:04:51,938,WARNING,No heading available (missing GPS data)
2025-03-12 16:04:51,938,WARNING,GPS returned None values, retrying...
2025-03-12 16:04:52,938,INFO,Initializing GPS (attempt 3/3)...
2025-03-12 16:04:52,939,INFO,Initializing GPS Monitor (simulation=False)
2025-03-12 16:04:52,940,ERROR,Error in front GPS reader: device reports readiness to read but returned no data (device disconnected or multiple access on port?)
2025-03-12 16:04:52,943,INFO,Connected to front GPS on /dev/ttyACM0
2025-03-12 16:04:52,943,INFO,Connected to rear GPS on /dev/ttyACM1
2025-03-12 16:04:52,945,WARNING,No heading available (missing GPS data)
2025-03-12 16:04:52,945,WARNING,GPS returned None values, retrying...
2025-03-12 16:04:53,946,ERROR,Failed to initialize GPS after multiple attempts
2025-03-12 16:04:53,946,ERROR,Cannot proceed without GPS
