2025-03-12 15:19:41,112,INFO,Starting in REAL HARDWARE mode
2025-03-12 15:19:41,112,CRITICAL,Using waypoints file: /home/jay/projects/grassSmoking/autonomous-rover/data/polygon_data.json
2025-03-12 15:19:41,113,CRITICAL,Successfully opened waypoints file
2025-03-12 15:19:41,113,CRITICAL,Raw file content (first 100 chars): [
  {
    "lat": 34.15195716,
    "lon": -77.86700018666667
  },
  {
    "lat": 34.152101085,
    "l...
2025-03-12 15:19:41,114,CRITICAL,==== LOADED WAYPOINTS ====
2025-03-12 15:19:41,114,CRITICAL,WP 0: (34.1519572, -77.8670002)
2025-03-12 15:19:41,115,CRITICAL,WP 1: (34.1521011, -77.8669438)
2025-03-12 15:19:41,115,CRITICAL,WP 2: (34.1520569, -77.8668358)
2025-03-12 15:19:41,115,CRITICAL,WP 3: (34.1519539, -77.8668528)
2025-03-12 15:19:41,116,CRITICAL,========================
2025-03-12 15:19:41,116,INFO,Initializing GPS Monitor (simulation=False)
2025-03-12 15:19:41,121,INFO,Connected to front GPS on /dev/ttyACM0
2025-03-12 15:19:41,121,INFO,Connected to rear GPS on /dev/ttyACM1
2025-03-12 15:19:41,141,INFO,Motor controller initialized successfully
2025-03-12 15:19:41,142,INFO,Stanley Controller initialized with 4 waypoints
2025-03-12 15:19:41,143,INFO,Steering sensitivity: 60.0° (tanh denominator)
2025-03-12 15:19:41,143,INFO,Max steering angle: 90.0°
2025-03-12 15:19:41,144,INFO,Waypoint reach threshold: 1.0 meters
2025-03-12 15:19:41,144,CRITICAL,==== CONTROLLER WAYPOINTS ====
2025-03-12 15:19:41,145,CRITICAL,WP 0: (34.1519572, -77.8670002)
2025-03-12 15:19:41,145,CRITICAL,WP 1: (34.1521011, -77.8669438)
2025-03-12 15:19:41,146,CRITICAL,WP 2: (34.1520569, -77.8668358)
2025-03-12 15:19:41,146,CRITICAL,WP 3: (34.1519539, -77.8668528)
2025-03-12 15:19:41,147,CRITICAL,========================
2025-03-12 15:19:41,149,INFO,Initializing GPS Monitor (simulation=False)
2025-03-12 15:19:41,153,INFO,Connected to front GPS on /dev/ttyACM0
2025-03-12 15:19:41,154,INFO,Connected to rear GPS on /dev/ttyACM1
2025-03-12 15:19:41,167,INFO,Motor controller initialized successfully
2025-03-12 15:19:41,168,CRITICAL,MOTOR CONTROLLER MAX SPEED: 0.3
2025-03-12 15:19:41,170,INFO,Starting hardware control loop. Press Ctrl+C to stop.
2025-03-12 15:19:41,170,INFO,Performing GPS preflight check...
2025-03-12 15:19:41,171,WARNING,No heading available (missing GPS data)
2025-03-12 15:19:41,172,WARNING,Waiting for valid GPS data... (lat=None, lon=None, heading=None)
2025-03-12 15:19:42,172,WARNING,No heading available (missing GPS data)
2025-03-12 15:19:42,173,WARNING,Waiting for valid GPS data... (lat=34.151932456666664, lon=-77.86689750666666, heading=None)
2025-03-12 15:19:43,173,INFO,GPS preflight check passed! Position: (34.1519326, -77.8668976), Heading: 317.8°
2025-03-12 15:19:43,174,INFO,DEBUG - TARGET WP: 0 [9.8m] | GPS Heading: 317.8°, Bearing to target: 286.2°, Needed turn: -31.6° LEFT
2025-03-12 15:19:43,175,WARNING,=== COORDINATE DEBUG ===
2025-03-12 15:19:43,175,WARNING,Current position: (34.1519326, -77.8668976), Heading: 317.8°
2025-03-12 15:19:43,176,WARNING,Target waypoint 0: (34.1519572, -77.8670002)
2025-03-12 15:19:43,176,WARNING,DIRECT BEARING CALCULATION: 286.2°
2025-03-12 15:19:43,176,WARNING,CONTROLLER BEARING CALCULATION: 286.2°
2025-03-12 15:19:43,176,WARNING,WITH SWAPPED TARGET COORDS: 165.7°
2025-03-12 15:19:43,177,WARNING,WITH SWAPPED CURRENT COORDS: 256.4°
2025-03-12 15:19:43,177,WARNING,=== END DEBUG ===
2025-03-12 15:19:43,177,INFO,Reached waypoint 0. New target: waypoint 1
2025-03-12 15:19:43,177,WARNING,MOTOR DEBUG - Raw steering command: -43.5°
2025-03-12 15:19:43,178,INFO,LEFT TURN: 43.5°
2025-03-12 15:19:43,178,WARNING,MOTOR DEBUG - LEFT turn factors: L=0.517, R=1.000
2025-03-12 15:19:43,179,WARNING,MOTOR DEBUG - Speed=0.15, Factors: L=0.52, R=1.00
2025-03-12 15:19:43,179,WARNING,MOTOR DEBUG - Final speeds: L=0.08, R=0.15
2025-03-12 15:19:43,179,INFO,Applying to motors - Left: 0.08, Right: 0.15
2025-03-12 15:19:43,182,INFO,
2025-03-12 15:19:43,182,INFO,DISTANCE TO TARGET: 19.17m [#-------------------]
2025-03-12 15:19:43,182,INFO,WAYPOINT: 1/3
2025-03-12 15:19:43,182,INFO,
2025-03-12 15:19:43,183,ERROR,Error in control loop: 'steering_angle'
2025-03-12 15:19:43,184,INFO,Motors stopped
2025-03-12 15:19:44,196,INFO,DEBUG - TARGET WP: 1 [19.2m] | GPS Heading: 317.8°, Bearing to target: 347.2°, Needed turn: 29.5° RIGHT
2025-03-12 15:19:44,196,WARNING,=== COORDINATE DEBUG ===
2025-03-12 15:19:44,196,WARNING,Current position: (34.1519326, -77.8668976), Heading: 317.8°
2025-03-12 15:19:44,196,WARNING,Target waypoint 1: (34.1521011, -77.8669438)
2025-03-12 15:19:44,197,WARNING,DIRECT BEARING CALCULATION: 347.2°
2025-03-12 15:19:44,197,WARNING,CONTROLLER BEARING CALCULATION: 347.2°
2025-03-12 15:19:44,197,WARNING,WITH SWAPPED TARGET COORDS: 165.7°
2025-03-12 15:19:44,198,WARNING,WITH SWAPPED CURRENT COORDS: 256.4°
2025-03-12 15:19:44,198,WARNING,=== END DEBUG ===
2025-03-12 15:19:44,198,INFO,Reached waypoint 1. New target: waypoint 2
2025-03-12 15:19:44,198,WARNING,MOTOR DEBUG - Raw steering command: 40.9°
2025-03-12 15:19:44,199,INFO,RIGHT TURN: 40.9°
2025-03-12 15:19:44,199,WARNING,MOTOR DEBUG - RIGHT turn factors: L=1.000, R=0.545
2025-03-12 15:19:44,199,WARNING,MOTOR DEBUG - Speed=0.15, Factors: L=1.00, R=0.55
2025-03-12 15:19:44,200,WARNING,MOTOR DEBUG - Final speeds: L=0.15, R=0.08
2025-03-12 15:19:44,200,INFO,Applying to motors - Left: 0.15, Right: 0.08
2025-03-12 15:19:44,202,INFO,
2025-03-12 15:19:44,202,INFO,DISTANCE TO TARGET: 14.92m [######--------------]
2025-03-12 15:19:44,203,INFO,WAYPOINT: 2/3
2025-03-12 15:19:44,203,INFO,
2025-03-12 15:19:44,203,ERROR,Error in control loop: 'steering_angle'
2025-03-12 15:19:44,205,INFO,Motors stopped
2025-03-12 15:19:44,260,ERROR,Error in front GPS reader: device reports readiness to read but returned no data (device disconnected or multiple access on port?)
2025-03-12 15:19:45,217,INFO,DEBUG - TARGET WP: 2 [14.9m] | GPS Heading: 318.9°, Bearing to target: 22.4°, Needed turn: 63.4° RIGHT
2025-03-12 15:19:45,218,WARNING,=== COORDINATE DEBUG ===
2025-03-12 15:19:45,219,WARNING,Current position: (34.1519326, -77.8668976), Heading: 318.9°
2025-03-12 15:19:45,220,WARNING,Target waypoint 2: (34.1520569, -77.8668358)
2025-03-12 15:19:45,221,WARNING,DIRECT BEARING CALCULATION: 22.4°
2025-03-12 15:19:45,222,WARNING,CONTROLLER BEARING CALCULATION: 22.4°
2025-03-12 15:19:45,224,WARNING,WITH SWAPPED TARGET COORDS: 165.7°
2025-03-12 15:19:45,225,WARNING,WITH SWAPPED CURRENT COORDS: 256.4°
2025-03-12 15:19:45,226,WARNING,=== END DEBUG ===
2025-03-12 15:19:45,228,INFO,Reached waypoint 2. New target: waypoint 3
2025-03-12 15:19:45,230,WARNING,MOTOR DEBUG - Raw steering command: 70.6°
2025-03-12 15:19:45,231,INFO,RIGHT TURN: 70.6°
2025-03-12 15:19:45,232,WARNING,MOTOR DEBUG - RIGHT turn factors: L=1.000, R=0.215
2025-03-12 15:19:45,235,WARNING,MOTOR DEBUG - Speed=0.15, Factors: L=1.00, R=0.22
2025-03-12 15:19:45,236,WARNING,MOTOR DEBUG - Final speeds: L=0.15, R=0.03
2025-03-12 15:19:45,237,INFO,Applying to motors - Left: 0.15, Right: 0.03
2025-03-12 15:19:45,241,INFO,✓✓ REACHED FINAL WAYPOINT
2025-03-12 15:19:45,244,INFO,Motors stopped
2025-03-12 15:19:45,246,INFO,Stopping motors and cleaning up...
2025-03-12 15:19:45,249,INFO,Motors stopped
