2025-03-12 10:43:57,892,INFO,Starting in REAL HARDWARE mode
2025-03-12 10:43:57,893,CRITICAL,Using waypoints file: /home/jay/projects/grassSmoking/autonomous-rover/data/polygon_data.json
2025-03-12 10:43:57,894,CRITICAL,Successfully opened waypoints file
2025-03-12 10:43:57,894,CRITICAL,Raw file content (first 100 chars): [
  {
    "lat": 34.15195716,
    "lon": -77.86700018666667
  },
  {
    "lat": 34.152101085,
    "l...
2025-03-12 10:43:57,894,CRITICAL,==== LOADED WAYPOINTS ====
2025-03-12 10:43:57,895,CRITICAL,WP 0: (34.1519572, -77.8670002)
2025-03-12 10:43:57,895,CRITICAL,WP 1: (34.1521011, -77.8669438)
2025-03-12 10:43:57,896,CRITICAL,WP 2: (34.1520569, -77.8668358)
2025-03-12 10:43:57,896,CRITICAL,WP 3: (34.1519539, -77.8668528)
2025-03-12 10:43:57,896,CRITICAL,========================
2025-03-12 10:43:57,897,INFO,Initializing GPS Monitor (simulation=False)
2025-03-12 10:43:57,902,INFO,Connected to front GPS on /dev/ttyACM0
2025-03-12 10:43:57,903,INFO,Connected to rear GPS on /dev/ttyACM1
2025-03-12 10:43:57,920,INFO,Motor controller initialized successfully
2025-03-12 10:43:57,920,INFO,Stanley Controller initialized with 4 waypoints
2025-03-12 10:43:57,921,INFO,Steering sensitivity: 60.0° (tanh denominator)
2025-03-12 10:43:57,921,INFO,Max steering angle: 90.0°
2025-03-12 10:43:57,921,INFO,Waypoint reach threshold: 1.0 meters
2025-03-12 10:43:57,921,CRITICAL,==== CONTROLLER WAYPOINTS ====
2025-03-12 10:43:57,921,CRITICAL,WP 0: (34.1519572, -77.8670002)
2025-03-12 10:43:57,922,CRITICAL,WP 1: (34.1521011, -77.8669438)
2025-03-12 10:43:57,922,CRITICAL,WP 2: (34.1520569, -77.8668358)
2025-03-12 10:43:57,922,CRITICAL,WP 3: (34.1519539, -77.8668528)
2025-03-12 10:43:57,922,CRITICAL,========================
2025-03-12 10:43:57,922,INFO,Initializing GPS Monitor (simulation=False)
2025-03-12 10:43:57,927,INFO,Connected to front GPS on /dev/ttyACM0
2025-03-12 10:43:57,927,INFO,Connected to rear GPS on /dev/ttyACM1
2025-03-12 10:43:57,941,INFO,Motor controller initialized successfully
2025-03-12 10:43:57,941,CRITICAL,MOTOR CONTROLLER MAX SPEED: 0.3
2025-03-12 10:43:57,942,INFO,Starting hardware control loop. Press Ctrl+C to stop.
2025-03-12 10:43:57,943,INFO,Performing GPS preflight check...
2025-03-12 10:43:57,943,WARNING,No heading available (missing GPS data)
2025-03-12 10:43:57,943,WARNING,Waiting for valid GPS data... (lat=None, lon=None, heading=0.0)
2025-03-12 10:43:58,944,INFO,GPS preflight check passed! Position: (34.1519404, -77.8669060), Heading: 284.6°
2025-03-12 10:43:58,945,INFO,DEBUG - TARGET WP: 0 [8.9m] | GPS Heading: 284.6°, Bearing to target: 282.2°, Needed turn: -2.5° LEFT
2025-03-12 10:43:58,946,WARNING,=== COORDINATE DEBUG ===
2025-03-12 10:43:58,946,WARNING,Current position: (34.1519404, -77.8669060), Heading: 284.6°
2025-03-12 10:43:58,946,WARNING,Target waypoint 0: (34.1519572, -77.8670002)
2025-03-12 10:43:58,946,WARNING,DIRECT BEARING CALCULATION: 282.2°
2025-03-12 10:43:58,946,WARNING,CONTROLLER BEARING CALCULATION: 282.2°
2025-03-12 10:43:58,947,WARNING,WITH SWAPPED TARGET COORDS: 165.7°
2025-03-12 10:43:58,947,WARNING,WITH SWAPPED CURRENT COORDS: 256.4°
2025-03-12 10:43:58,947,WARNING,=== END DEBUG ===
2025-03-12 10:43:58,947,WARNING,MOTOR DEBUG - Raw steering command: -3.7°
2025-03-12 10:43:58,948,INFO,LEFT TURN: 3.7°
2025-03-12 10:43:58,948,WARNING,MOTOR DEBUG - LEFT turn factors: L=0.959, R=1.000
2025-03-12 10:43:58,949,WARNING,MOTOR DEBUG - Speed=0.30, Factors: L=0.96, R=1.00
2025-03-12 10:43:58,949,WARNING,MOTOR DEBUG - Final speeds: L=0.29, R=0.30
2025-03-12 10:43:58,949,INFO,Applying to motors - Left: 0.29, Right: 0.30
2025-03-12 10:43:58,952,INFO,
2025-03-12 10:43:58,952,INFO,DISTANCE TO TARGET: 8.88m [############--------]
2025-03-12 10:43:58,952,INFO,WAYPOINT: 0/3
2025-03-12 10:43:58,952,INFO,
2025-03-12 10:43:58,953,ERROR,Error in control loop: 'steering_angle'
2025-03-12 10:43:58,955,INFO,Motors stopped
2025-03-12 10:43:59,966,INFO,DEBUG - TARGET WP: 0 [8.9m] | GPS Heading: 285.3°, Bearing to target: 282.2°, Needed turn: -3.1° LEFT
2025-03-12 10:43:59,966,WARNING,=== COORDINATE DEBUG ===
2025-03-12 10:43:59,967,WARNING,Current position: (34.1519403, -77.8669060), Heading: 285.3°
2025-03-12 10:43:59,967,WARNING,Target waypoint 0: (34.1519572, -77.8670002)
2025-03-12 10:43:59,967,WARNING,DIRECT BEARING CALCULATION: 282.2°
2025-03-12 10:43:59,967,WARNING,CONTROLLER BEARING CALCULATION: 282.2°
2025-03-12 10:43:59,968,WARNING,WITH SWAPPED TARGET COORDS: 165.7°
2025-03-12 10:43:59,968,WARNING,WITH SWAPPED CURRENT COORDS: 256.4°
2025-03-12 10:43:59,968,WARNING,=== END DEBUG ===
2025-03-12 10:43:59,969,WARNING,MOTOR DEBUG - Raw steering command: -4.7°
2025-03-12 10:43:59,969,INFO,LEFT TURN: 4.7°
2025-03-12 10:43:59,969,WARNING,MOTOR DEBUG - LEFT turn factors: L=0.948, R=1.000
2025-03-12 10:43:59,970,WARNING,MOTOR DEBUG - Speed=0.30, Factors: L=0.95, R=1.00
2025-03-12 10:43:59,970,WARNING,MOTOR DEBUG - Final speeds: L=0.28, R=0.30
2025-03-12 10:43:59,970,INFO,Applying to motors - Left: 0.28, Right: 0.30
2025-03-12 10:43:59,972,INFO,
2025-03-12 10:43:59,973,INFO,DISTANCE TO TARGET: 8.89m [############--------]
2025-03-12 10:43:59,973,INFO,WAYPOINT: 0/3
2025-03-12 10:43:59,973,INFO,
2025-03-12 10:43:59,974,ERROR,Error in control loop: 'steering_angle'
2025-03-12 10:43:59,975,INFO,Motors stopped
2025-03-12 10:44:00,987,INFO,DEBUG - TARGET WP: 0 [8.9m] | GPS Heading: 285.3°, Bearing to target: 282.2°, Needed turn: -3.1° LEFT
2025-03-12 10:44:00,987,WARNING,=== COORDINATE DEBUG ===
2025-03-12 10:44:00,987,WARNING,Current position: (34.1519403, -77.8669059), Heading: 285.3°
2025-03-12 10:44:00,988,WARNING,Target waypoint 0: (34.1519572, -77.8670002)
2025-03-12 10:44:00,988,WARNING,DIRECT BEARING CALCULATION: 282.2°
2025-03-12 10:44:00,989,WARNING,CONTROLLER BEARING CALCULATION: 282.2°
2025-03-12 10:44:00,989,WARNING,WITH SWAPPED TARGET COORDS: 165.7°
2025-03-12 10:44:00,989,WARNING,WITH SWAPPED CURRENT COORDS: 256.4°
2025-03-12 10:44:00,990,WARNING,=== END DEBUG ===
2025-03-12 10:44:00,990,WARNING,MOTOR DEBUG - Raw steering command: -4.7°
2025-03-12 10:44:00,991,INFO,LEFT TURN: 4.7°
2025-03-12 10:44:00,991,WARNING,MOTOR DEBUG - LEFT turn factors: L=0.948, R=1.000
2025-03-12 10:44:00,992,WARNING,MOTOR DEBUG - Speed=0.30, Factors: L=0.95, R=1.00
2025-03-12 10:44:00,992,WARNING,MOTOR DEBUG - Final speeds: L=0.28, R=0.30
2025-03-12 10:44:00,992,INFO,Applying to motors - Left: 0.28, Right: 0.30
2025-03-12 10:44:00,996,INFO,
2025-03-12 10:44:00,997,INFO,DISTANCE TO TARGET: 8.89m [############--------]
2025-03-12 10:44:00,997,INFO,WAYPOINT: 0/3
2025-03-12 10:44:00,997,INFO,
2025-03-12 10:44:00,998,ERROR,Error in control loop: name 'verify_parameter_ordering' is not defined
2025-03-12 10:44:01,000,INFO,Motors stopped
2025-03-12 10:44:01,047,INFO,Manual stop requested
2025-03-12 10:44:01,047,INFO,Stopping motors and cleaning up...
2025-03-12 10:44:01,049,INFO,Motors stopped
