2025-03-12 09:54:26,064,INFO,Starting in REAL HARDWARE mode
2025-03-12 09:54:26,065,CRITICAL,Using waypoints file: /home/jay/projects/grassSmoking/autonomous-rover/data/polygon_data.json
2025-03-12 09:54:26,065,CRITICAL,Successfully opened waypoints file
2025-03-12 09:54:26,065,CRITICAL,Raw file content (first 100 chars): [
  {
    "lat": 34.15195716,
    "lon": -77.86700018666667
  },
  {
    "lat": 34.152101085,
    "l...
2025-03-12 09:54:26,066,CRITICAL,==== LOADED WAYPOINTS ====
2025-03-12 09:54:26,066,CRITICAL,WP 0: (34.1519572, -77.8670002)
2025-03-12 09:54:26,067,CRITICAL,WP 1: (34.1521011, -77.8669438)
2025-03-12 09:54:26,067,CRITICAL,WP 2: (34.1520569, -77.8668358)
2025-03-12 09:54:26,068,CRITICAL,WP 3: (34.1519539, -77.8668528)
2025-03-12 09:54:26,068,CRITICAL,========================
2025-03-12 09:54:26,069,INFO,Initializing GPS Monitor (simulation=False)
2025-03-12 09:54:26,073,INFO,Connected to front GPS on /dev/ttyACM0
2025-03-12 09:54:26,074,INFO,Connected to rear GPS on /dev/ttyACM1
2025-03-12 09:54:26,092,INFO,Motor controller initialized successfully
2025-03-12 09:54:26,093,INFO,Stanley Controller initialized with 4 waypoints
2025-03-12 09:54:26,093,INFO,Steering sensitivity: 60.0° (tanh denominator)
2025-03-12 09:54:26,093,INFO,Max steering angle: 90.0°
2025-03-12 09:54:26,093,INFO,Waypoint reach threshold: 1.0 meters
2025-03-12 09:54:26,093,CRITICAL,==== CONTROLLER WAYPOINTS ====
2025-03-12 09:54:26,094,CRITICAL,WP 0: (34.1519572, -77.8670002)
2025-03-12 09:54:26,094,CRITICAL,WP 1: (34.1521011, -77.8669438)
2025-03-12 09:54:26,094,CRITICAL,WP 2: (34.1520569, -77.8668358)
2025-03-12 09:54:26,094,CRITICAL,WP 3: (34.1519539, -77.8668528)
2025-03-12 09:54:26,094,CRITICAL,========================
2025-03-12 09:54:26,094,INFO,Initializing GPS Monitor (simulation=False)
2025-03-12 09:54:26,097,INFO,Connected to front GPS on /dev/ttyACM0
2025-03-12 09:54:26,097,INFO,Connected to rear GPS on /dev/ttyACM1
2025-03-12 09:54:26,111,INFO,Motor controller initialized successfully
2025-03-12 09:54:26,112,CRITICAL,MOTOR CONTROLLER MAX SPEED: 0.3
2025-03-12 09:54:26,113,INFO,Starting hardware control loop. Press Ctrl+C to stop.
2025-03-12 09:54:26,113,WARNING,No heading available (missing GPS data)
2025-03-12 09:54:26,114,ERROR,Error in control loop: must be real number, not NoneType
2025-03-12 09:54:26,116,INFO,Motors stopped
2025-03-12 09:54:27,128,INFO,DEBUG - TARGET WP: 1 [18.2m] | GPS Heading: 308.8°, Bearing to target: 350.0°, Needed turn: 41.2° RIGHT
2025-03-12 09:54:27,128,WARNING,=== COORDINATE DEBUG ===
2025-03-12 09:54:27,129,WARNING,Current position: (34.1519394, -77.8669094), Heading: 308.8°
2025-03-12 09:54:27,129,WARNING,Target waypoint 1: (34.1521011, -77.8669438)
2025-03-12 09:54:27,129,WARNING,DIRECT BEARING CALCULATION: 350.0°
2025-03-12 09:54:27,130,WARNING,CONTROLLER BEARING CALCULATION: 350.0°
2025-03-12 09:54:27,130,WARNING,WITH SWAPPED TARGET COORDS: 165.7°
2025-03-12 09:54:27,130,WARNING,WITH SWAPPED CURRENT COORDS: 256.4°
2025-03-12 09:54:27,130,WARNING,=== END DEBUG ===
2025-03-12 09:54:27,131,WARNING,MOTOR DEBUG - Raw steering command: 53.6°
2025-03-12 09:54:27,131,INFO,RIGHT TURN: 53.6°
2025-03-12 09:54:27,131,WARNING,MOTOR DEBUG - RIGHT turn factors: L=1.000, R=0.405
2025-03-12 09:54:27,132,WARNING,MOTOR DEBUG - Speed=0.15, Factors: L=1.00, R=0.40
2025-03-12 09:54:27,132,WARNING,MOTOR DEBUG - Final speeds: L=0.15, R=0.06
2025-03-12 09:54:27,132,INFO,Applying to motors - Left: 0.15, Right: 0.06
2025-03-12 09:54:27,135,INFO,
2025-03-12 09:54:27,135,INFO,DISTANCE TO TARGET: 18.21m [##------------------]
2025-03-12 09:54:27,136,INFO,WAYPOINT: 1/3
2025-03-12 09:54:27,136,INFO,
2025-03-12 09:54:27,137,ERROR,Error in control loop: 'steering_angle'
2025-03-12 09:54:27,139,INFO,Motors stopped
2025-03-12 09:54:27,312,ERROR,Error in front GPS reader: device reports readiness to read but returned no data (device disconnected or multiple access on port?)
2025-03-12 09:54:28,150,INFO,DEBUG - TARGET WP: 1 [18.2m] | GPS Heading: 308.8°, Bearing to target: 350.0°, Needed turn: 41.2° RIGHT
2025-03-12 09:54:28,150,WARNING,=== COORDINATE DEBUG ===
2025-03-12 09:54:28,150,WARNING,Current position: (34.1519394, -77.8669094), Heading: 308.8°
2025-03-12 09:54:28,151,WARNING,Target waypoint 1: (34.1521011, -77.8669438)
2025-03-12 09:54:28,151,WARNING,DIRECT BEARING CALCULATION: 350.0°
2025-03-12 09:54:28,152,WARNING,CONTROLLER BEARING CALCULATION: 350.0°
2025-03-12 09:54:28,152,WARNING,WITH SWAPPED TARGET COORDS: 165.7°
2025-03-12 09:54:28,152,WARNING,WITH SWAPPED CURRENT COORDS: 256.4°
2025-03-12 09:54:28,153,WARNING,=== END DEBUG ===
2025-03-12 09:54:28,153,WARNING,MOTOR DEBUG - Raw steering command: 53.6°
2025-03-12 09:54:28,154,INFO,RIGHT TURN: 53.6°
2025-03-12 09:54:28,154,WARNING,MOTOR DEBUG - RIGHT turn factors: L=1.000, R=0.405
2025-03-12 09:54:28,154,WARNING,MOTOR DEBUG - Speed=0.15, Factors: L=1.00, R=0.40
2025-03-12 09:54:28,155,WARNING,MOTOR DEBUG - Final speeds: L=0.15, R=0.06
2025-03-12 09:54:28,155,INFO,Applying to motors - Left: 0.15, Right: 0.06
2025-03-12 09:54:28,157,INFO,
2025-03-12 09:54:28,158,INFO,DISTANCE TO TARGET: 18.21m [##------------------]
2025-03-12 09:54:28,158,INFO,WAYPOINT: 1/3
2025-03-12 09:54:28,158,INFO,
2025-03-12 09:54:28,158,ERROR,Error in control loop: 'steering_angle'
2025-03-12 09:54:28,160,INFO,Motors stopped
2025-03-12 09:54:29,171,INFO,DEBUG - TARGET WP: 1 [18.2m] | GPS Heading: 309.4°, Bearing to target: 350.0°, Needed turn: 40.7° RIGHT
2025-03-12 09:54:29,172,WARNING,=== COORDINATE DEBUG ===
2025-03-12 09:54:29,172,WARNING,Current position: (34.1519396, -77.8669095), Heading: 309.4°
2025-03-12 09:54:29,173,WARNING,Target waypoint 1: (34.1521011, -77.8669438)
2025-03-12 09:54:29,173,WARNING,DIRECT BEARING CALCULATION: 350.0°
2025-03-12 09:54:29,174,WARNING,CONTROLLER BEARING CALCULATION: 350.0°
2025-03-12 09:54:29,174,WARNING,WITH SWAPPED TARGET COORDS: 165.7°
2025-03-12 09:54:29,175,WARNING,WITH SWAPPED CURRENT COORDS: 256.4°
2025-03-12 09:54:29,176,WARNING,=== END DEBUG ===
2025-03-12 09:54:29,177,WARNING,MOTOR DEBUG - Raw steering command: 53.1°
2025-03-12 09:54:29,178,INFO,RIGHT TURN: 53.1°
2025-03-12 09:54:29,178,WARNING,MOTOR DEBUG - RIGHT turn factors: L=1.000, R=0.410
2025-03-12 09:54:29,180,WARNING,MOTOR DEBUG - Speed=0.15, Factors: L=1.00, R=0.41
2025-03-12 09:54:29,180,WARNING,MOTOR DEBUG - Final speeds: L=0.15, R=0.06
2025-03-12 09:54:29,181,INFO,Applying to motors - Left: 0.15, Right: 0.06
2025-03-12 09:54:29,184,INFO,
2025-03-12 09:54:29,185,INFO,DISTANCE TO TARGET: 18.19m [##------------------]
2025-03-12 09:54:29,186,INFO,WAYPOINT: 1/3
2025-03-12 09:54:29,186,INFO,
2025-03-12 09:54:29,187,ERROR,Error in control loop: 'steering_angle'
2025-03-12 09:54:29,189,INFO,Motors stopped
2025-03-12 09:54:29,491,ERROR,Error in rear GPS reader: device reports readiness to read but returned no data (device disconnected or multiple access on port?)
2025-03-12 09:54:29,711,INFO,Manual stop requested
2025-03-12 09:54:29,713,INFO,Stopping motors and cleaning up...
2025-03-12 09:54:29,715,INFO,Motors stopped
