2025-03-12 09:52:05,009,INFO,Starting in REAL HARDWARE mode
2025-03-12 09:52:05,012,CRITICAL,Using waypoints file: /home/jay/projects/grassSmoking/autonomous-rover/data/polygon_data.json
2025-03-12 09:52:05,013,CRITICAL,Successfully opened waypoints file
2025-03-12 09:52:05,013,CRITICAL,Raw file content (first 100 chars): [
  {
    "lat": 34.15195716,
    "lon": -77.86700018666667
  },
  {
    "lat": 34.152101085,
    "l...
2025-03-12 09:52:05,014,CRITICAL,==== LOADED WAYPOINTS ====
2025-03-12 09:52:05,015,CRITICAL,WP 0: (34.1519572, -77.8670002)
2025-03-12 09:52:05,015,CRITICAL,WP 1: (34.1521011, -77.8669438)
2025-03-12 09:52:05,015,CRITICAL,WP 2: (34.1520569, -77.8668358)
2025-03-12 09:52:05,016,CRITICAL,WP 3: (34.1519539, -77.8668528)
2025-03-12 09:52:05,016,CRITICAL,========================
2025-03-12 09:52:05,017,INFO,Initializing GPS Monitor (simulation=False)
2025-03-12 09:52:05,021,INFO,Connected to front GPS on /dev/ttyACM0
2025-03-12 09:52:05,022,INFO,Connected to rear GPS on /dev/ttyACM1
2025-03-12 09:52:05,046,INFO,Motor controller initialized successfully
2025-03-12 09:52:05,047,INFO,Stanley Controller initialized with 4 waypoints
2025-03-12 09:52:05,048,INFO,Steering sensitivity: 60.0° (tanh denominator)
2025-03-12 09:52:05,049,INFO,Max steering angle: 90.0°
2025-03-12 09:52:05,050,INFO,Waypoint reach threshold: 1.0 meters
2025-03-12 09:52:05,051,CRITICAL,==== CONTROLLER WAYPOINTS ====
2025-03-12 09:52:05,052,CRITICAL,WP 0: (34.1519572, -77.8670002)
2025-03-12 09:52:05,053,CRITICAL,WP 1: (34.1521011, -77.8669438)
2025-03-12 09:52:05,054,CRITICAL,WP 2: (34.1520569, -77.8668358)
2025-03-12 09:52:05,054,CRITICAL,WP 3: (34.1519539, -77.8668528)
2025-03-12 09:52:05,055,CRITICAL,========================
2025-03-12 09:52:05,057,INFO,Initializing GPS Monitor (simulation=False)
2025-03-12 09:52:05,074,INFO,Connected to front GPS on /dev/ttyACM0
2025-03-12 09:52:05,075,INFO,Connected to rear GPS on /dev/ttyACM1
2025-03-12 09:52:05,077,ERROR,Error in front GPS reader: device reports readiness to read but returned no data (device disconnected or multiple access on port?)
2025-03-12 09:52:05,091,INFO,Motor controller initialized successfully
2025-03-12 09:52:05,092,CRITICAL,MOTOR CONTROLLER MAX SPEED: 0.3
2025-03-12 09:52:05,094,INFO,Starting hardware control loop. Press Ctrl+C to stop.
2025-03-12 09:52:05,095,WARNING,No heading available (missing GPS data)
2025-03-12 09:52:05,096,ERROR,Error in control loop: must be real number, not NoneType
2025-03-12 09:52:05,099,INFO,Motors stopped
2025-03-12 09:52:06,111,INFO,DEBUG - TARGET WP: 1 [15.7m] | GPS Heading: 294.4°, Bearing to target: 347.7°, Needed turn: 53.3° RIGHT
2025-03-12 09:52:06,112,WARNING,=== COORDINATE DEBUG ===
2025-03-12 09:52:06,112,WARNING,Current position: (34.1519630, -77.8669074), Heading: 294.4°
2025-03-12 09:52:06,112,WARNING,Target waypoint 1: (34.1521011, -77.8669438)
2025-03-12 09:52:06,113,WARNING,DIRECT BEARING CALCULATION: 347.7°
2025-03-12 09:52:06,113,WARNING,CONTROLLER BEARING CALCULATION: 347.7°
2025-03-12 09:52:06,114,WARNING,WITH SWAPPED TARGET COORDS: 165.7°
2025-03-12 09:52:06,114,WARNING,WITH SWAPPED CURRENT COORDS: 256.4°
2025-03-12 09:52:06,114,WARNING,=== END DEBUG ===
2025-03-12 09:52:06,115,WARNING,MOTOR DEBUG - Raw steering command: 63.9°
2025-03-12 09:52:06,115,INFO,RIGHT TURN: 63.9°
2025-03-12 09:52:06,115,WARNING,MOTOR DEBUG - RIGHT turn factors: L=1.000, R=0.290
2025-03-12 09:52:06,116,WARNING,MOTOR DEBUG - Speed=0.15, Factors: L=1.00, R=0.29
2025-03-12 09:52:06,116,WARNING,MOTOR DEBUG - Final speeds: L=0.15, R=0.04
2025-03-12 09:52:06,116,INFO,Applying to motors - Left: 0.15, Right: 0.04
2025-03-12 09:52:06,119,INFO,
2025-03-12 09:52:06,119,INFO,DISTANCE TO TARGET: 15.68m [#####---------------]
2025-03-12 09:52:06,120,INFO,WAYPOINT: 1/3
2025-03-12 09:52:06,120,INFO,
2025-03-12 09:52:06,121,ERROR,Error in control loop: 'steering_angle'
2025-03-12 09:52:06,123,INFO,Motors stopped
2025-03-12 09:52:06,515,ERROR,Error in front GPS reader: device reports readiness to read but returned no data (device disconnected or multiple access on port?)
2025-03-12 09:52:07,134,INFO,DEBUG - TARGET WP: 1 [15.7m] | GPS Heading: 294.4°, Bearing to target: 347.7°, Needed turn: 53.3° RIGHT
2025-03-12 09:52:07,134,WARNING,=== COORDINATE DEBUG ===
2025-03-12 09:52:07,134,WARNING,Current position: (34.1519630, -77.8669074), Heading: 294.4°
2025-03-12 09:52:07,134,WARNING,Target waypoint 1: (34.1521011, -77.8669438)
2025-03-12 09:52:07,135,WARNING,DIRECT BEARING CALCULATION: 347.7°
2025-03-12 09:52:07,135,WARNING,CONTROLLER BEARING CALCULATION: 347.7°
2025-03-12 09:52:07,135,WARNING,WITH SWAPPED TARGET COORDS: 165.7°
2025-03-12 09:52:07,135,WARNING,WITH SWAPPED CURRENT COORDS: 256.4°
2025-03-12 09:52:07,135,WARNING,=== END DEBUG ===
2025-03-12 09:52:07,136,WARNING,MOTOR DEBUG - Raw steering command: 63.9°
2025-03-12 09:52:07,136,INFO,RIGHT TURN: 63.9°
2025-03-12 09:52:07,137,WARNING,MOTOR DEBUG - RIGHT turn factors: L=1.000, R=0.290
2025-03-12 09:52:07,137,WARNING,MOTOR DEBUG - Speed=0.15, Factors: L=1.00, R=0.29
2025-03-12 09:52:07,137,WARNING,MOTOR DEBUG - Final speeds: L=0.15, R=0.04
2025-03-12 09:52:07,138,INFO,Applying to motors - Left: 0.15, Right: 0.04
2025-03-12 09:52:07,140,INFO,
2025-03-12 09:52:07,140,INFO,DISTANCE TO TARGET: 15.68m [#####---------------]
2025-03-12 09:52:07,140,INFO,WAYPOINT: 1/3
2025-03-12 09:52:07,141,INFO,
2025-03-12 09:52:07,141,ERROR,Error in control loop: 'steering_angle'
2025-03-12 09:52:07,144,INFO,Motors stopped
2025-03-12 09:52:08,156,INFO,DEBUG - TARGET WP: 1 [15.7m] | GPS Heading: 293.7°, Bearing to target: 347.7°, Needed turn: 54.0° RIGHT
2025-03-12 09:52:08,158,WARNING,=== COORDINATE DEBUG ===
2025-03-12 09:52:08,159,WARNING,Current position: (34.1519629, -77.8669074), Heading: 293.7°
2025-03-12 09:52:08,160,WARNING,Target waypoint 1: (34.1521011, -77.8669438)
2025-03-12 09:52:08,161,WARNING,DIRECT BEARING CALCULATION: 347.7°
2025-03-12 09:52:08,162,WARNING,CONTROLLER BEARING CALCULATION: 347.7°
2025-03-12 09:52:08,163,WARNING,WITH SWAPPED TARGET COORDS: 165.7°
2025-03-12 09:52:08,165,WARNING,WITH SWAPPED CURRENT COORDS: 256.4°
2025-03-12 09:52:08,166,WARNING,=== END DEBUG ===
2025-03-12 09:52:08,167,WARNING,MOTOR DEBUG - Raw steering command: 64.5°
2025-03-12 09:52:08,168,INFO,RIGHT TURN: 64.5°
2025-03-12 09:52:08,169,WARNING,MOTOR DEBUG - RIGHT turn factors: L=1.000, R=0.284
2025-03-12 09:52:08,170,WARNING,MOTOR DEBUG - Speed=0.15, Factors: L=1.00, R=0.28
2025-03-12 09:52:08,170,WARNING,MOTOR DEBUG - Final speeds: L=0.15, R=0.04
2025-03-12 09:52:08,171,INFO,Applying to motors - Left: 0.15, Right: 0.04
2025-03-12 09:52:08,174,INFO,
2025-03-12 09:52:08,175,INFO,DISTANCE TO TARGET: 15.70m [#####---------------]
2025-03-12 09:52:08,176,INFO,WAYPOINT: 1/3
2025-03-12 09:52:08,176,INFO,
2025-03-12 09:52:08,177,ERROR,Error in control loop: 'steering_angle'
2025-03-12 09:52:08,180,INFO,Motors stopped
2025-03-12 09:52:08,689,ERROR,Error in rear GPS reader: device reports readiness to read but returned no data (device disconnected or multiple access on port?)
2025-03-12 09:52:09,192,INFO,DEBUG - TARGET WP: 1 [15.7m] | GPS Heading: 293.4°, Bearing to target: 347.7°, Needed turn: 54.3° RIGHT
2025-03-12 09:52:09,193,WARNING,=== COORDINATE DEBUG ===
2025-03-12 09:52:09,193,WARNING,Current position: (34.1519628, -77.8669074), Heading: 293.4°
2025-03-12 09:52:09,194,WARNING,Target waypoint 1: (34.1521011, -77.8669438)
2025-03-12 09:52:09,195,WARNING,DIRECT BEARING CALCULATION: 347.7°
2025-03-12 09:52:09,195,WARNING,CONTROLLER BEARING CALCULATION: 347.7°
2025-03-12 09:52:09,196,WARNING,WITH SWAPPED TARGET COORDS: 165.7°
2025-03-12 09:52:09,197,WARNING,WITH SWAPPED CURRENT COORDS: 256.4°
2025-03-12 09:52:09,197,WARNING,=== END DEBUG ===
2025-03-12 09:52:09,198,WARNING,MOTOR DEBUG - Raw steering command: 64.7°
2025-03-12 09:52:09,199,INFO,RIGHT TURN: 64.7°
2025-03-12 09:52:09,200,WARNING,MOTOR DEBUG - RIGHT turn factors: L=1.000, R=0.281
2025-03-12 09:52:09,201,WARNING,MOTOR DEBUG - Speed=0.15, Factors: L=1.00, R=0.28
2025-03-12 09:52:09,202,WARNING,MOTOR DEBUG - Final speeds: L=0.15, R=0.04
2025-03-12 09:52:09,203,INFO,Applying to motors - Left: 0.15, Right: 0.04
2025-03-12 09:52:09,207,INFO,
2025-03-12 09:52:09,208,INFO,DISTANCE TO TARGET: 15.70m [#####---------------]
2025-03-12 09:52:09,209,INFO,WAYPOINT: 1/3
2025-03-12 09:52:09,210,INFO,
2025-03-12 09:52:09,211,ERROR,Error in control loop: 'steering_angle'
2025-03-12 09:52:09,216,INFO,Motors stopped
2025-03-12 09:52:09,520,ERROR,Error in front GPS reader: device reports readiness to read but returned no data (device disconnected or multiple access on port?)
2025-03-12 09:52:10,227,INFO,DEBUG - TARGET WP: 1 [15.7m] | GPS Heading: 293.1°, Bearing to target: 347.7°, Needed turn: 54.5° RIGHT
2025-03-12 09:52:10,228,WARNING,=== COORDINATE DEBUG ===
2025-03-12 09:52:10,228,WARNING,Current position: (34.1519628, -77.8669073), Heading: 293.1°
2025-03-12 09:52:10,228,WARNING,Target waypoint 1: (34.1521011, -77.8669438)
2025-03-12 09:52:10,229,WARNING,DIRECT BEARING CALCULATION: 347.7°
2025-03-12 09:52:10,229,WARNING,CONTROLLER BEARING CALCULATION: 347.7°
2025-03-12 09:52:10,229,WARNING,WITH SWAPPED TARGET COORDS: 165.7°
2025-03-12 09:52:10,229,WARNING,WITH SWAPPED CURRENT COORDS: 256.4°
2025-03-12 09:52:10,230,WARNING,=== END DEBUG ===
2025-03-12 09:52:10,230,WARNING,MOTOR DEBUG - Raw steering command: 64.9°
2025-03-12 09:52:10,230,INFO,RIGHT TURN: 64.9°
2025-03-12 09:52:10,231,WARNING,MOTOR DEBUG - RIGHT turn factors: L=1.000, R=0.279
2025-03-12 09:52:10,231,WARNING,MOTOR DEBUG - Speed=0.15, Factors: L=1.00, R=0.28
2025-03-12 09:52:10,231,WARNING,MOTOR DEBUG - Final speeds: L=0.15, R=0.04
2025-03-12 09:52:10,232,INFO,Applying to motors - Left: 0.15, Right: 0.04
2025-03-12 09:52:10,234,INFO,
2025-03-12 09:52:10,234,INFO,DISTANCE TO TARGET: 15.71m [#####---------------]
2025-03-12 09:52:10,235,INFO,WAYPOINT: 1/3
2025-03-12 09:52:10,235,INFO,
2025-03-12 09:52:10,235,ERROR,Error in control loop: name 'verify_parameter_ordering' is not defined
2025-03-12 09:52:10,237,INFO,Motors stopped
2025-03-12 09:52:11,127,ERROR,Error in front GPS reader: device reports readiness to read but returned no data (device disconnected or multiple access on port?)
2025-03-12 09:52:11,248,INFO,DEBUG - TARGET WP: 1 [15.7m] | GPS Heading: 294.0°, Bearing to target: 347.7°, Needed turn: 53.6° RIGHT
2025-03-12 09:52:11,248,WARNING,=== COORDINATE DEBUG ===
2025-03-12 09:52:11,249,WARNING,Current position: (34.1519628, -77.8669074), Heading: 294.0°
2025-03-12 09:52:11,249,WARNING,Target waypoint 1: (34.1521011, -77.8669438)
2025-03-12 09:52:11,249,WARNING,DIRECT BEARING CALCULATION: 347.7°
2025-03-12 09:52:11,249,WARNING,CONTROLLER BEARING CALCULATION: 347.7°
2025-03-12 09:52:11,250,WARNING,WITH SWAPPED TARGET COORDS: 165.7°
2025-03-12 09:52:11,250,WARNING,WITH SWAPPED CURRENT COORDS: 256.4°
2025-03-12 09:52:11,250,WARNING,=== END DEBUG ===
2025-03-12 09:52:11,251,WARNING,MOTOR DEBUG - Raw steering command: 64.2°
2025-03-12 09:52:11,251,INFO,RIGHT TURN: 64.2°
2025-03-12 09:52:11,251,WARNING,MOTOR DEBUG - RIGHT turn factors: L=1.000, R=0.287
2025-03-12 09:52:11,251,WARNING,MOTOR DEBUG - Speed=0.15, Factors: L=1.00, R=0.29
2025-03-12 09:52:11,252,WARNING,MOTOR DEBUG - Final speeds: L=0.15, R=0.04
2025-03-12 09:52:11,252,INFO,Applying to motors - Left: 0.15, Right: 0.04
2025-03-12 09:52:11,254,INFO,
2025-03-12 09:52:11,254,INFO,DISTANCE TO TARGET: 15.71m [#####---------------]
2025-03-12 09:52:11,255,INFO,WAYPOINT: 1/3
2025-03-12 09:52:11,255,INFO,
2025-03-12 09:52:11,255,ERROR,Error in control loop: 'steering_angle'
2025-03-12 09:52:11,257,INFO,Motors stopped
2025-03-12 09:52:12,269,INFO,DEBUG - TARGET WP: 1 [15.7m] | GPS Heading: 294.4°, Bearing to target: 347.7°, Needed turn: 53.3° RIGHT
2025-03-12 09:52:12,269,WARNING,=== COORDINATE DEBUG ===
2025-03-12 09:52:12,269,WARNING,Current position: (34.1519628, -77.8669074), Heading: 294.4°
2025-03-12 09:52:12,269,WARNING,Target waypoint 1: (34.1521011, -77.8669438)
2025-03-12 09:52:12,270,WARNING,DIRECT BEARING CALCULATION: 347.7°
2025-03-12 09:52:12,270,WARNING,CONTROLLER BEARING CALCULATION: 347.7°
2025-03-12 09:52:12,270,WARNING,WITH SWAPPED TARGET COORDS: 165.7°
2025-03-12 09:52:12,271,WARNING,WITH SWAPPED CURRENT COORDS: 256.4°
2025-03-12 09:52:12,271,WARNING,=== END DEBUG ===
2025-03-12 09:52:12,272,WARNING,MOTOR DEBUG - Raw steering command: 63.9°
2025-03-12 09:52:12,272,INFO,RIGHT TURN: 63.9°
2025-03-12 09:52:12,272,WARNING,MOTOR DEBUG - RIGHT turn factors: L=1.000, R=0.290
2025-03-12 09:52:12,273,WARNING,MOTOR DEBUG - Speed=0.15, Factors: L=1.00, R=0.29
2025-03-12 09:52:12,273,WARNING,MOTOR DEBUG - Final speeds: L=0.15, R=0.04
2025-03-12 09:52:12,273,INFO,Applying to motors - Left: 0.15, Right: 0.04
2025-03-12 09:52:12,276,INFO,
2025-03-12 09:52:12,276,INFO,DISTANCE TO TARGET: 15.71m [#####---------------]
2025-03-12 09:52:12,277,INFO,WAYPOINT: 1/3
2025-03-12 09:52:12,277,INFO,
2025-03-12 09:52:12,278,ERROR,Error in control loop: 'steering_angle'
2025-03-12 09:52:12,280,INFO,Motors stopped
2025-03-12 09:52:12,696,ERROR,Error in front GPS reader: device reports readiness to read but returned no data (device disconnected or multiple access on port?)
2025-03-12 09:52:13,292,ERROR,Error in rear GPS reader: device reports readiness to read but returned no data (device disconnected or multiple access on port?)
2025-03-12 09:52:13,293,INFO,DEBUG - TARGET WP: 1 [15.7m] | GPS Heading: 294.0°, Bearing to target: 347.7°, Needed turn: 53.7° RIGHT
2025-03-12 09:52:13,293,WARNING,=== COORDINATE DEBUG ===
2025-03-12 09:52:13,294,WARNING,Current position: (34.1519627, -77.8669074), Heading: 294.0°
2025-03-12 09:52:13,294,WARNING,Target waypoint 1: (34.1521011, -77.8669438)
2025-03-12 09:52:13,294,WARNING,DIRECT BEARING CALCULATION: 347.7°
2025-03-12 09:52:13,294,WARNING,CONTROLLER BEARING CALCULATION: 347.7°
2025-03-12 09:52:13,294,WARNING,WITH SWAPPED TARGET COORDS: 165.7°
2025-03-12 09:52:13,295,WARNING,WITH SWAPPED CURRENT COORDS: 256.4°
2025-03-12 09:52:13,295,WARNING,=== END DEBUG ===
2025-03-12 09:52:13,295,WARNING,MOTOR DEBUG - Raw steering command: 64.2°
2025-03-12 09:52:13,295,INFO,RIGHT TURN: 64.2°
2025-03-12 09:52:13,296,WARNING,MOTOR DEBUG - RIGHT turn factors: L=1.000, R=0.286
2025-03-12 09:52:13,296,WARNING,MOTOR DEBUG - Speed=0.15, Factors: L=1.00, R=0.29
2025-03-12 09:52:13,297,WARNING,MOTOR DEBUG - Final speeds: L=0.15, R=0.04
2025-03-12 09:52:13,297,INFO,Applying to motors - Left: 0.15, Right: 0.04
2025-03-12 09:52:13,300,INFO,
2025-03-12 09:52:13,300,INFO,DISTANCE TO TARGET: 15.71m [#####---------------]
2025-03-12 09:52:13,300,INFO,WAYPOINT: 1/3
2025-03-12 09:52:13,300,INFO,
2025-03-12 09:52:13,301,ERROR,Error in control loop: 'steering_angle'
2025-03-12 09:52:13,302,INFO,Motors stopped
2025-03-12 09:52:14,313,INFO,DEBUG - TARGET WP: 1 [15.7m] | GPS Heading: 294.2°, Bearing to target: 347.7°, Needed turn: 53.6° RIGHT
2025-03-12 09:52:14,314,WARNING,=== COORDINATE DEBUG ===
2025-03-12 09:52:14,314,WARNING,Current position: (34.1519627, -77.8669074), Heading: 294.2°
2025-03-12 09:52:14,314,WARNING,Target waypoint 1: (34.1521011, -77.8669438)
2025-03-12 09:52:14,315,WARNING,DIRECT BEARING CALCULATION: 347.7°
2025-03-12 09:52:14,315,WARNING,CONTROLLER BEARING CALCULATION: 347.7°
2025-03-12 09:52:14,315,WARNING,WITH SWAPPED TARGET COORDS: 165.7°
2025-03-12 09:52:14,315,WARNING,WITH SWAPPED CURRENT COORDS: 256.4°
2025-03-12 09:52:14,315,WARNING,=== END DEBUG ===
2025-03-12 09:52:14,316,WARNING,MOTOR DEBUG - Raw steering command: 64.1°
2025-03-12 09:52:14,316,INFO,RIGHT TURN: 64.1°
2025-03-12 09:52:14,317,WARNING,MOTOR DEBUG - RIGHT turn factors: L=1.000, R=0.287
2025-03-12 09:52:14,317,WARNING,MOTOR DEBUG - Speed=0.15, Factors: L=1.00, R=0.29
2025-03-12 09:52:14,317,WARNING,MOTOR DEBUG - Final speeds: L=0.15, R=0.04
2025-03-12 09:52:14,317,INFO,Applying to motors - Left: 0.15, Right: 0.04
2025-03-12 09:52:14,320,INFO,
2025-03-12 09:52:14,320,INFO,DISTANCE TO TARGET: 15.72m [#####---------------]
2025-03-12 09:52:14,320,INFO,WAYPOINT: 1/3
2025-03-12 09:52:14,321,INFO,
2025-03-12 09:52:14,321,ERROR,Error in control loop: 'steering_angle'
2025-03-12 09:52:14,323,INFO,Motors stopped
2025-03-12 09:52:15,334,INFO,DEBUG - TARGET WP: 1 [15.7m] | GPS Heading: 293.9°, Bearing to target: 347.7°, Needed turn: 53.9° RIGHT
2025-03-12 09:52:15,335,WARNING,=== COORDINATE DEBUG ===
2025-03-12 09:52:15,335,WARNING,Current position: (34.1519626, -77.8669075), Heading: 293.9°
2025-03-12 09:52:15,336,WARNING,Target waypoint 1: (34.1521011, -77.8669438)
2025-03-12 09:52:15,336,WARNING,DIRECT BEARING CALCULATION: 347.7°
2025-03-12 09:52:15,336,WARNING,CONTROLLER BEARING CALCULATION: 347.7°
2025-03-12 09:52:15,337,WARNING,WITH SWAPPED TARGET COORDS: 165.7°
2025-03-12 09:52:15,337,WARNING,WITH SWAPPED CURRENT COORDS: 256.4°
2025-03-12 09:52:15,337,WARNING,=== END DEBUG ===
2025-03-12 09:52:15,338,WARNING,MOTOR DEBUG - Raw steering command: 64.4°
2025-03-12 09:52:15,338,INFO,RIGHT TURN: 64.4°
2025-03-12 09:52:15,338,WARNING,MOTOR DEBUG - RIGHT turn factors: L=1.000, R=0.285
2025-03-12 09:52:15,339,WARNING,MOTOR DEBUG - Speed=0.15, Factors: L=1.00, R=0.28
2025-03-12 09:52:15,339,WARNING,MOTOR DEBUG - Final speeds: L=0.15, R=0.04
2025-03-12 09:52:15,339,INFO,Applying to motors - Left: 0.15, Right: 0.04
2025-03-12 09:52:15,342,INFO,
2025-03-12 09:52:15,343,INFO,DISTANCE TO TARGET: 15.72m [#####---------------]
2025-03-12 09:52:15,343,INFO,WAYPOINT: 1/3
2025-03-12 09:52:15,343,INFO,
2025-03-12 09:52:15,344,ERROR,Error in control loop: 'steering_angle'
2025-03-12 09:52:15,345,ERROR,Error in front GPS reader: device reports readiness to read but returned no data (device disconnected or multiple access on port?)
2025-03-12 09:52:15,347,INFO,Motors stopped
2025-03-12 09:52:16,358,INFO,DEBUG - TARGET WP: 1 [15.7m] | GPS Heading: 293.9°, Bearing to target: 347.7°, Needed turn: 53.9° RIGHT
2025-03-12 09:52:16,359,WARNING,=== COORDINATE DEBUG ===
2025-03-12 09:52:16,359,WARNING,Current position: (34.1519626, -77.8669075), Heading: 293.9°
2025-03-12 09:52:16,359,WARNING,Target waypoint 1: (34.1521011, -77.8669438)
2025-03-12 09:52:16,359,WARNING,DIRECT BEARING CALCULATION: 347.7°
2025-03-12 09:52:16,360,WARNING,CONTROLLER BEARING CALCULATION: 347.7°
2025-03-12 09:52:16,360,WARNING,WITH SWAPPED TARGET COORDS: 165.7°
2025-03-12 09:52:16,360,WARNING,WITH SWAPPED CURRENT COORDS: 256.4°
2025-03-12 09:52:16,360,WARNING,=== END DEBUG ===
2025-03-12 09:52:16,361,WARNING,MOTOR DEBUG - Raw steering command: 64.4°
2025-03-12 09:52:16,361,INFO,RIGHT TURN: 64.4°
2025-03-12 09:52:16,361,WARNING,MOTOR DEBUG - RIGHT turn factors: L=1.000, R=0.285
2025-03-12 09:52:16,362,WARNING,MOTOR DEBUG - Speed=0.15, Factors: L=1.00, R=0.28
2025-03-12 09:52:16,362,WARNING,MOTOR DEBUG - Final speeds: L=0.15, R=0.04
2025-03-12 09:52:16,362,INFO,Applying to motors - Left: 0.15, Right: 0.04
2025-03-12 09:52:16,364,INFO,
2025-03-12 09:52:16,365,INFO,DISTANCE TO TARGET: 15.72m [#####---------------]
2025-03-12 09:52:16,366,INFO,WAYPOINT: 1/3
2025-03-12 09:52:16,367,INFO,
2025-03-12 09:52:16,368,ERROR,Error in control loop: 'steering_angle'
2025-03-12 09:52:16,370,INFO,Motors stopped
2025-03-12 09:52:16,888,ERROR,Error in rear GPS reader: device reports readiness to read but returned no data (device disconnected or multiple access on port?)
2025-03-12 09:52:17,382,INFO,DEBUG - TARGET WP: 1 [15.7m] | GPS Heading: 293.6°, Bearing to target: 347.7°, Needed turn: 54.1° RIGHT
2025-03-12 09:52:17,382,WARNING,=== COORDINATE DEBUG ===
2025-03-12 09:52:17,384,WARNING,Current position: (34.1519626, -77.8669075), Heading: 293.6°
2025-03-12 09:52:17,385,WARNING,Target waypoint 1: (34.1521011, -77.8669438)
2025-03-12 09:52:17,385,WARNING,DIRECT BEARING CALCULATION: 347.7°
2025-03-12 09:52:17,385,WARNING,CONTROLLER BEARING CALCULATION: 347.7°
2025-03-12 09:52:17,386,WARNING,WITH SWAPPED TARGET COORDS: 165.7°
2025-03-12 09:52:17,386,WARNING,WITH SWAPPED CURRENT COORDS: 256.4°
2025-03-12 09:52:17,386,WARNING,=== END DEBUG ===
2025-03-12 09:52:17,387,WARNING,MOTOR DEBUG - Raw steering command: 64.5°
2025-03-12 09:52:17,387,INFO,RIGHT TURN: 64.5°
2025-03-12 09:52:17,387,WARNING,MOTOR DEBUG - RIGHT turn factors: L=1.000, R=0.283
2025-03-12 09:52:17,388,WARNING,MOTOR DEBUG - Speed=0.15, Factors: L=1.00, R=0.28
2025-03-12 09:52:17,388,WARNING,MOTOR DEBUG - Final speeds: L=0.15, R=0.04
2025-03-12 09:52:17,389,INFO,Applying to motors - Left: 0.15, Right: 0.04
2025-03-12 09:52:17,391,INFO,
2025-03-12 09:52:17,391,INFO,DISTANCE TO TARGET: 15.72m [#####---------------]
2025-03-12 09:52:17,391,INFO,WAYPOINT: 1/3
2025-03-12 09:52:17,392,INFO,
2025-03-12 09:52:17,392,ERROR,Error in control loop: 'steering_angle'
2025-03-12 09:52:17,394,INFO,Motors stopped
2025-03-12 09:52:17,405,INFO,Manual stop requested
2025-03-12 09:52:17,406,INFO,Stopping motors and cleaning up...
2025-03-12 09:52:17,408,INFO,Motors stopped
