2025-03-12 10:32:17,153,INFO,Starting in REAL HARDWARE mode
2025-03-12 10:32:17,154,CRITICAL,Using waypoints file: /home/jay/projects/grassSmoking/autonomous-rover/data/polygon_data.json
2025-03-12 10:32:17,155,CRITICAL,Successfully opened waypoints file
2025-03-12 10:32:17,155,CRITICAL,Raw file content (first 100 chars): [
  {
    "lat": 34.15195716,
    "lon": -77.86700018666667
  },
  {
    "lat": 34.152101085,
    "l...
2025-03-12 10:32:17,156,CRITICAL,==== LOADED WAYPOINTS ====
2025-03-12 10:32:17,157,CRITICAL,WP 0: (34.1519572, -77.8670002)
2025-03-12 10:32:17,157,CRITICAL,WP 1: (34.1521011, -77.8669438)
2025-03-12 10:32:17,158,CRITICAL,WP 2: (34.1520569, -77.8668358)
2025-03-12 10:32:17,158,CRITICAL,WP 3: (34.1519539, -77.8668528)
2025-03-12 10:32:17,159,CRITICAL,========================
2025-03-12 10:32:17,160,INFO,Initializing GPS Monitor (simulation=False)
2025-03-12 10:32:17,164,INFO,Connected to front GPS on /dev/ttyACM0
2025-03-12 10:32:17,165,INFO,Connected to rear GPS on /dev/ttyACM1
2025-03-12 10:32:17,182,INFO,Motor controller initialized successfully
2025-03-12 10:32:17,183,INFO,Stanley Controller initialized with 4 waypoints
2025-03-12 10:32:17,184,INFO,Steering sensitivity: 60.0° (tanh denominator)
2025-03-12 10:32:17,184,INFO,Max steering angle: 90.0°
2025-03-12 10:32:17,185,INFO,Waypoint reach threshold: 1.0 meters
2025-03-12 10:32:17,185,CRITICAL,==== CONTROLLER WAYPOINTS ====
2025-03-12 10:32:17,185,CRITICAL,WP 0: (34.1519572, -77.8670002)
2025-03-12 10:32:17,186,CRITICAL,WP 1: (34.1521011, -77.8669438)
2025-03-12 10:32:17,186,CRITICAL,WP 2: (34.1520569, -77.8668358)
2025-03-12 10:32:17,187,CRITICAL,WP 3: (34.1519539, -77.8668528)
2025-03-12 10:32:17,187,CRITICAL,========================
2025-03-12 10:32:17,187,INFO,Initializing GPS Monitor (simulation=False)
2025-03-12 10:32:17,193,INFO,Connected to front GPS on /dev/ttyACM0
2025-03-12 10:32:17,193,INFO,Connected to rear GPS on /dev/ttyACM1
2025-03-12 10:32:17,206,INFO,Motor controller initialized successfully
2025-03-12 10:32:17,207,CRITICAL,MOTOR CONTROLLER MAX SPEED: 0.3
2025-03-12 10:32:17,208,INFO,Starting hardware control loop. Press Ctrl+C to stop.
2025-03-12 10:32:17,208,WARNING,No heading available (missing GPS data)
2025-03-12 10:32:17,209,ERROR,Error in control loop: must be real number, not NoneType
2025-03-12 10:32:17,211,INFO,Motors stopped
2025-03-12 10:32:18,116,ERROR,Error in rear GPS reader: device reports readiness to read but returned no data (device disconnected or multiple access on port?)
2025-03-12 10:32:18,223,INFO,DEBUG - TARGET WP: 1 [17.9m] | GPS Heading: 281.8°, Bearing to target: 349.2°, Needed turn: 67.4° RIGHT
2025-03-12 10:32:18,223,WARNING,=== COORDINATE DEBUG ===
2025-03-12 10:32:18,223,WARNING,Current position: (34.1519425, -77.8669072), Heading: 281.8°
2025-03-12 10:32:18,224,WARNING,Target waypoint 1: (34.1521011, -77.8669438)
2025-03-12 10:32:18,224,WARNING,DIRECT BEARING CALCULATION: 349.2°
2025-03-12 10:32:18,224,WARNING,CONTROLLER BEARING CALCULATION: 349.2°
2025-03-12 10:32:18,225,WARNING,WITH SWAPPED TARGET COORDS: 165.7°
2025-03-12 10:32:18,225,WARNING,WITH SWAPPED CURRENT COORDS: 256.4°
2025-03-12 10:32:18,225,WARNING,=== END DEBUG ===
2025-03-12 10:32:18,226,WARNING,MOTOR DEBUG - Raw steering command: 72.8°
2025-03-12 10:32:18,226,INFO,RIGHT TURN: 72.8°
2025-03-12 10:32:18,227,WARNING,MOTOR DEBUG - RIGHT turn factors: L=1.000, R=0.191
2025-03-12 10:32:18,228,WARNING,MOTOR DEBUG - Speed=0.15, Factors: L=1.00, R=0.19
2025-03-12 10:32:18,229,WARNING,MOTOR DEBUG - Final speeds: L=0.15, R=0.03
2025-03-12 10:32:18,229,INFO,Applying to motors - Left: 0.15, Right: 0.03
2025-03-12 10:32:18,233,INFO,
2025-03-12 10:32:18,234,INFO,DISTANCE TO TARGET: 17.91m [###-----------------]
2025-03-12 10:32:18,234,INFO,WAYPOINT: 1/3
2025-03-12 10:32:18,235,INFO,
2025-03-12 10:32:18,236,ERROR,Error in control loop: 'steering_angle'
2025-03-12 10:32:18,238,INFO,Motors stopped
2025-03-12 10:32:19,250,INFO,DEBUG - TARGET WP: 1 [17.9m] | GPS Heading: 281.9°, Bearing to target: 349.2°, Needed turn: 67.2° RIGHT
2025-03-12 10:32:19,250,WARNING,=== COORDINATE DEBUG ===
2025-03-12 10:32:19,251,WARNING,Current position: (34.1519426, -77.8669072), Heading: 281.9°
2025-03-12 10:32:19,251,WARNING,Target waypoint 1: (34.1521011, -77.8669438)
2025-03-12 10:32:19,251,WARNING,DIRECT BEARING CALCULATION: 349.2°
2025-03-12 10:32:19,251,WARNING,CONTROLLER BEARING CALCULATION: 349.2°
2025-03-12 10:32:19,252,WARNING,WITH SWAPPED TARGET COORDS: 165.7°
2025-03-12 10:32:19,252,WARNING,WITH SWAPPED CURRENT COORDS: 256.4°
2025-03-12 10:32:19,252,WARNING,=== END DEBUG ===
2025-03-12 10:32:19,253,WARNING,MOTOR DEBUG - Raw steering command: 72.7°
2025-03-12 10:32:19,253,INFO,RIGHT TURN: 72.7°
2025-03-12 10:32:19,253,WARNING,MOTOR DEBUG - RIGHT turn factors: L=1.000, R=0.192
2025-03-12 10:32:19,254,WARNING,MOTOR DEBUG - Speed=0.15, Factors: L=1.00, R=0.19
2025-03-12 10:32:19,254,WARNING,MOTOR DEBUG - Final speeds: L=0.15, R=0.03
2025-03-12 10:32:19,254,INFO,Applying to motors - Left: 0.15, Right: 0.03
2025-03-12 10:32:19,257,INFO,
2025-03-12 10:32:19,257,INFO,DISTANCE TO TARGET: 17.90m [###-----------------]
2025-03-12 10:32:19,257,INFO,WAYPOINT: 1/3
2025-03-12 10:32:19,257,INFO,
2025-03-12 10:32:19,258,ERROR,Error in control loop: 'steering_angle'
2025-03-12 10:32:19,260,INFO,Motors stopped
2025-03-12 10:32:19,292,INFO,Manual stop requested
2025-03-12 10:32:19,292,INFO,Stopping motors and cleaning up...
2025-03-12 10:32:19,295,INFO,Motors stopped
