2025-03-12 15:53:41,521,INFO,Starting in REAL HARDWARE mode
2025-03-12 15:53:41,522,INFO,Initializing GPS and motors...
2025-03-12 15:53:41,522,INFO,Initializing GPS (attempt 1/3)...
2025-03-12 15:53:41,522,INFO,Initializing GPS Monitor (simulation=False)
2025-03-12 15:53:41,527,INFO,Connected to front GPS on /dev/ttyACM0
2025-03-12 15:53:41,527,INFO,Connected to rear GPS on /dev/ttyACM1
2025-03-12 15:53:41,529,WARNING,No heading available (missing GPS data)
2025-03-12 15:53:41,529,WARNING,GPS returned None values, retrying...
2025-03-12 15:53:42,529,INFO,Initializing GPS (attempt 2/3)...
2025-03-12 15:53:42,530,INFO,Initializing GPS Monitor (simulation=False)
2025-03-12 15:53:42,533,INFO,Connected to front GPS on /dev/ttyACM0
2025-03-12 15:53:42,534,INFO,Connected to rear GPS on /dev/ttyACM1
2025-03-12 15:53:42,535,WARNING,No heading available (missing GPS data)
2025-03-12 15:53:42,535,WARNING,GPS returned None values, retrying...
2025-03-12 15:53:43,536,INFO,Initializing GPS (attempt 3/3)...
2025-03-12 15:53:43,536,INFO,Initializing GPS Monitor (simulation=False)
2025-03-12 15:53:43,540,INFO,Connected to front GPS on /dev/ttyACM0
2025-03-12 15:53:43,540,INFO,Connected to rear GPS on /dev/ttyACM1
2025-03-12 15:53:43,542,WARNING,No heading available (missing GPS data)
2025-03-12 15:53:43,542,WARNING,GPS returned None values, retrying...
2025-03-12 15:53:44,053,ERROR,Error in front GPS reader: device reports readiness to read but returned no data (device disconnected or multiple access on port?)
2025-03-12 15:53:44,542,ERROR,Failed to initialize GPS after multiple attempts
2025-03-12 15:53:44,542,ERROR,Cannot proceed without GPS
