2025-03-12 15:47:31,393,INFO,Starting in GPS TEST mode
2025-03-12 15:47:31,393,INFO,Loading waypoints from ../data/polygon_data.json
2025-03-12 15:47:31,394,INFO,Loaded 4 waypoints:
2025-03-12 15:47:31,394,INFO,WP 0: (34.1519572, -77.8670002)
2025-03-12 15:47:31,395,INFO,WP 1: (34.1521011, -77.8669438)
2025-03-12 15:47:31,395,INFO,WP 2: (34.1520569, -77.8668358)
2025-03-12 15:47:31,395,INFO,WP 3: (34.1519539, -77.8668528)
2025-03-12 15:47:31,396,INFO,Initializing GPS Monitor (simulation=False)
2025-03-12 15:47:31,402,INFO,Connected to front GPS on /dev/ttyACM0
2025-03-12 15:47:31,403,INFO,Connected to rear GPS on /dev/ttyACM1
2025-03-12 15:47:31,405,INFO,Starting GPS test with live GPS data. Press Ctrl+C to exit.
2025-03-12 15:47:31,405,WARNING,No heading available (missing GPS data)
2025-03-12 15:47:31,406,WARNING,GPS position unavailable
2025-03-12 15:47:32,408,INFO,
🌍 CURRENT POSITION: (34.1519167, -77.8668780)
2025-03-12 15:47:32,409,INFO,🧭 HEADING: 265.7°
2025-03-12 15:47:32,409,INFO,
=== WAYPOINT INFORMATION ===
2025-03-12 15:47:32,409,INFO,WP  Distance (m)  Bearing   Turn
2025-03-12 15:47:32,410,INFO,----------------------------------------
2025-03-12 15:47:32,410,INFO,0   12.1          291.8     °→ 26.1°
2025-03-12 15:47:32,411,INFO,1   21.3          343.5     °→ 77.8°
2025-03-12 15:47:32,412,INFO,2   16.0          14.0      °→ 108.3°
2025-03-12 15:47:32,413,INFO,3   4.7           29.3      °→ 123.6°
2025-03-12 15:47:32,413,INFO,========================================
2025-03-12 15:47:33,414,INFO,
🌍 CURRENT POSITION: (34.1519167, -77.8668781)
2025-03-12 15:47:33,415,INFO,🧭 HEADING: 265.2°
2025-03-12 15:47:33,415,INFO,
=== WAYPOINT INFORMATION ===
2025-03-12 15:47:33,416,INFO,WP  Distance (m)  Bearing   Turn
2025-03-12 15:47:33,416,INFO,----------------------------------------
2025-03-12 15:47:33,417,INFO,0   12.1          291.8     °→ 26.7°
2025-03-12 15:47:33,417,INFO,1   21.3          343.6     °→ 78.4°
2025-03-12 15:47:33,418,INFO,2   16.0          14.0      °→ 108.9°
2025-03-12 15:47:33,419,INFO,3   4.7           29.3      °→ 124.1°
2025-03-12 15:47:33,419,INFO,========================================
2025-03-12 15:47:34,421,INFO,
🌍 CURRENT POSITION: (34.1519166, -77.8668781)
2025-03-12 15:47:34,421,INFO,🧭 HEADING: 264.6°
2025-03-12 15:47:34,421,INFO,
=== WAYPOINT INFORMATION ===
2025-03-12 15:47:34,422,INFO,WP  Distance (m)  Bearing   Turn
2025-03-12 15:47:34,423,INFO,----------------------------------------
2025-03-12 15:47:34,424,INFO,0   12.1          291.9     °→ 27.3°
2025-03-12 15:47:34,425,INFO,1   21.3          343.6     °→ 79.0°
2025-03-12 15:47:34,426,INFO,2   16.0          14.0      °→ 109.4°
2025-03-12 15:47:34,427,INFO,3   4.8           29.3      °→ 124.7°
2025-03-12 15:47:34,427,INFO,========================================
2025-03-12 15:47:35,428,INFO,
🌍 CURRENT POSITION: (34.1519166, -77.8668781)
2025-03-12 15:47:35,429,INFO,🧭 HEADING: 264.5°
2025-03-12 15:47:35,430,INFO,
=== WAYPOINT INFORMATION ===
2025-03-12 15:47:35,431,INFO,WP  Distance (m)  Bearing   Turn
2025-03-12 15:47:35,431,INFO,----------------------------------------
2025-03-12 15:47:35,433,INFO,0   12.1          291.9     °→ 27.4°
2025-03-12 15:47:35,437,INFO,1   21.3          343.6     °→ 79.0°
2025-03-12 15:47:35,440,INFO,2   16.0          14.0      °→ 109.5°
2025-03-12 15:47:35,442,INFO,3   4.8           29.2      °→ 124.7°
2025-03-12 15:47:35,442,INFO,========================================
2025-03-12 15:47:35,825,INFO,GPS test stopped by user
