2025-03-12 16:19:38,133,INFO,Starting in REAL HARDWARE mode
2025-03-12 16:19:38,134,INFO,Loading waypoints from: ../data/polygon_data.json
2025-03-12 16:19:38,136,INFO,Successfully loaded 4 waypoints:
2025-03-12 16:19:38,137,INFO,WP 0: (34.1519572, -77.8670002)
2025-03-12 16:19:38,138,INFO,WP 1: (34.1521011, -77.8669438)
2025-03-12 16:19:38,138,INFO,WP 2: (34.1520569, -77.8668358)
2025-03-12 16:19:38,139,INFO,WP 3: (34.1519539, -77.8668528)
2025-03-12 16:19:38,139,INFO,Initializing GPS...
2025-03-12 16:19:38,140,INFO,Initializing GPS Monitor (simulation=False)
2025-03-12 16:19:38,144,ERROR,Failed to initialize hardware GPS: [Errno 2] could not open port /dev/ttyACM1: [Errno 2] No such file or directory: '/dev/ttyACM1'
2025-03-12 16:19:38,144,WARNING,Switching to simulation mode
2025-03-12 16:19:38,145,INFO,Starting GPS simulation
2025-03-12 16:19:38,162,INFO,Motor controller initialized successfully
2025-03-12 16:19:38,162,CRITICAL,MOTOR CONTROLLER MAX SPEED: 0.3
2025-03-12 16:19:38,163,INFO,Stanley Controller initialized with 4 waypoints
2025-03-12 16:19:38,163,INFO,Steering sensitivity: 60.0° (tanh denominator)
2025-03-12 16:19:38,163,INFO,Max steering angle: 90.0°
2025-03-12 16:19:38,163,INFO,Waypoint reach threshold: 1.0 meters
2025-03-12 16:19:38,163,INFO,GPS monitor: Provided
2025-03-12 16:19:38,164,INFO,Motor controller: Provided
2025-03-12 16:19:38,164,INFO,Performing GPS preflight check...
2025-03-12 16:19:38,164,INFO,GPS data valid: (34.2257000, -77.9447000), heading: 0.0°
2025-03-12 16:19:38,164,INFO,Starting hardware control loop. Press Ctrl+C to stop.
2025-03-12 16:19:38,165,WARNING,MOTOR DEBUG - Raw steering command: 88.3°
2025-03-12 16:19:38,165,INFO,RIGHT TURN: 88.3°
2025-03-12 16:19:38,166,WARNING,MOTOR DEBUG - RIGHT turn factors: L=1.000, R=0.019
2025-03-12 16:19:38,166,WARNING,MOTOR DEBUG - Speed=0.30, Factors: L=1.00, R=0.02
2025-03-12 16:19:38,166,WARNING,MOTOR DEBUG - Final speeds: L=0.30, R=0.01
2025-03-12 16:19:38,167,INFO,Applying to motors - Left: 0.30, Right: 0.01
2025-03-12 16:19:38,168,INFO,POS: (34.2257000, -77.9447000) | HDG: 0.0° | TGT: 0 | DIST: 10872.5m | STEER: 88.3°
2025-03-12 16:19:38,248,ERROR,Error in GPS simulation: cannot access local variable 'R' where it is not associated with a value
2025-03-12 16:19:38,270,WARNING,MOTOR DEBUG - Raw steering command: 88.3°
2025-03-12 16:19:38,271,INFO,RIGHT TURN: 88.3°
2025-03-12 16:19:38,271,WARNING,MOTOR DEBUG - RIGHT turn factors: L=1.000, R=0.019
2025-03-12 16:19:38,272,WARNING,MOTOR DEBUG - Speed=0.30, Factors: L=1.00, R=0.02
2025-03-12 16:19:38,272,WARNING,MOTOR DEBUG - Final speeds: L=0.30, R=0.01
2025-03-12 16:19:38,272,INFO,Applying to motors - Left: 0.30, Right: 0.01
2025-03-12 16:19:38,274,INFO,POS: (34.2257000, -77.9447000) | HDG: 0.0° | TGT: 0 | DIST: 10872.5m | STEER: 88.3°
2025-03-12 16:19:38,376,WARNING,MOTOR DEBUG - Raw steering command: 88.3°
2025-03-12 16:19:38,376,INFO,RIGHT TURN: 88.3°
2025-03-12 16:19:38,376,WARNING,MOTOR DEBUG - RIGHT turn factors: L=1.000, R=0.019
2025-03-12 16:19:38,377,WARNING,MOTOR DEBUG - Speed=0.30, Factors: L=1.00, R=0.02
2025-03-12 16:19:38,377,WARNING,MOTOR DEBUG - Final speeds: L=0.30, R=0.01
2025-03-12 16:19:38,377,INFO,Applying to motors - Left: 0.30, Right: 0.01
2025-03-12 16:19:38,379,INFO,POS: (34.2257000, -77.9447000) | HDG: 0.0° | TGT: 0 | DIST: 10872.5m | STEER: 88.3°
2025-03-12 16:19:38,482,WARNING,MOTOR DEBUG - Raw steering command: 88.3°
2025-03-12 16:19:38,482,INFO,RIGHT TURN: 88.3°
2025-03-12 16:19:38,483,WARNING,MOTOR DEBUG - RIGHT turn factors: L=1.000, R=0.019
2025-03-12 16:19:38,484,WARNING,MOTOR DEBUG - Speed=0.30, Factors: L=1.00, R=0.02
2025-03-12 16:19:38,485,WARNING,MOTOR DEBUG - Final speeds: L=0.30, R=0.01
2025-03-12 16:19:38,485,INFO,Applying to motors - Left: 0.30, Right: 0.01
2025-03-12 16:19:38,486,INFO,POS: (34.2257000, -77.9447000) | HDG: 0.0° | TGT: 0 | DIST: 10872.5m | STEER: 88.3°
2025-03-12 16:19:38,588,WARNING,MOTOR DEBUG - Raw steering command: 88.3°
2025-03-12 16:19:38,588,INFO,RIGHT TURN: 88.3°
2025-03-12 16:19:38,588,WARNING,MOTOR DEBUG - RIGHT turn factors: L=1.000, R=0.019
2025-03-12 16:19:38,589,WARNING,MOTOR DEBUG - Speed=0.30, Factors: L=1.00, R=0.02
2025-03-12 16:19:38,589,WARNING,MOTOR DEBUG - Final speeds: L=0.30, R=0.01
2025-03-12 16:19:38,589,INFO,Applying to motors - Left: 0.30, Right: 0.01
2025-03-12 16:19:38,591,INFO,POS: (34.2257000, -77.9447000) | HDG: 0.0° | TGT: 0 | DIST: 10872.5m | STEER: 88.3°
2025-03-12 16:19:38,692,WARNING,MOTOR DEBUG - Raw steering command: 88.3°
2025-03-12 16:19:38,692,INFO,RIGHT TURN: 88.3°
2025-03-12 16:19:38,692,WARNING,MOTOR DEBUG - RIGHT turn factors: L=1.000, R=0.019
2025-03-12 16:19:38,693,WARNING,MOTOR DEBUG - Speed=0.30, Factors: L=1.00, R=0.02
2025-03-12 16:19:38,693,WARNING,MOTOR DEBUG - Final speeds: L=0.30, R=0.01
2025-03-12 16:19:38,693,INFO,Applying to motors - Left: 0.30, Right: 0.01
2025-03-12 16:19:38,695,INFO,POS: (34.2257000, -77.9447000) | HDG: 0.0° | TGT: 0 | DIST: 10872.5m | STEER: 88.3°
2025-03-12 16:19:38,796,WARNING,MOTOR DEBUG - Raw steering command: 88.3°
2025-03-12 16:19:38,797,INFO,RIGHT TURN: 88.3°
2025-03-12 16:19:38,797,WARNING,MOTOR DEBUG - RIGHT turn factors: L=1.000, R=0.019
2025-03-12 16:19:38,797,WARNING,MOTOR DEBUG - Speed=0.30, Factors: L=1.00, R=0.02
2025-03-12 16:19:38,798,WARNING,MOTOR DEBUG - Final speeds: L=0.30, R=0.01
2025-03-12 16:19:38,798,INFO,Applying to motors - Left: 0.30, Right: 0.01
2025-03-12 16:19:38,799,INFO,POS: (34.2257000, -77.9447000) | HDG: 0.0° | TGT: 0 | DIST: 10872.5m | STEER: 88.3°
2025-03-12 16:19:38,901,WARNING,MOTOR DEBUG - Raw steering command: 88.3°
2025-03-12 16:19:38,901,INFO,RIGHT TURN: 88.3°
2025-03-12 16:19:38,901,WARNING,MOTOR DEBUG - RIGHT turn factors: L=1.000, R=0.019
2025-03-12 16:19:38,902,WARNING,MOTOR DEBUG - Speed=0.30, Factors: L=1.00, R=0.02
2025-03-12 16:19:38,902,WARNING,MOTOR DEBUG - Final speeds: L=0.30, R=0.01
2025-03-12 16:19:38,902,INFO,Applying to motors - Left: 0.30, Right: 0.01
2025-03-12 16:19:38,904,INFO,POS: (34.2257000, -77.9447000) | HDG: 0.0° | TGT: 0 | DIST: 10872.5m | STEER: 88.3°
2025-03-12 16:19:39,005,WARNING,MOTOR DEBUG - Raw steering command: 88.3°
2025-03-12 16:19:39,005,INFO,RIGHT TURN: 88.3°
2025-03-12 16:19:39,006,WARNING,MOTOR DEBUG - RIGHT turn factors: L=1.000, R=0.019
2025-03-12 16:19:39,006,WARNING,MOTOR DEBUG - Speed=0.30, Factors: L=1.00, R=0.02
2025-03-12 16:19:39,007,WARNING,MOTOR DEBUG - Final speeds: L=0.30, R=0.01
2025-03-12 16:19:39,007,INFO,Applying to motors - Left: 0.30, Right: 0.01
2025-03-12 16:19:39,009,INFO,POS: (34.2257000, -77.9447000) | HDG: 0.0° | TGT: 0 | DIST: 10872.5m | STEER: 88.3°
2025-03-12 16:19:39,110,WARNING,MOTOR DEBUG - Raw steering command: 88.3°
2025-03-12 16:19:39,111,INFO,RIGHT TURN: 88.3°
2025-03-12 16:19:39,111,WARNING,MOTOR DEBUG - RIGHT turn factors: L=1.000, R=0.019
2025-03-12 16:19:39,112,WARNING,MOTOR DEBUG - Speed=0.30, Factors: L=1.00, R=0.02
2025-03-12 16:19:39,112,WARNING,MOTOR DEBUG - Final speeds: L=0.30, R=0.01
2025-03-12 16:19:39,113,INFO,Applying to motors - Left: 0.30, Right: 0.01
2025-03-12 16:19:39,114,INFO,POS: (34.2257000, -77.9447000) | HDG: 0.0° | TGT: 0 | DIST: 10872.5m | STEER: 88.3°
2025-03-12 16:19:39,215,WARNING,MOTOR DEBUG - Raw steering command: 88.3°
2025-03-12 16:19:39,216,INFO,RIGHT TURN: 88.3°
2025-03-12 16:19:39,216,WARNING,MOTOR DEBUG - RIGHT turn factors: L=1.000, R=0.019
2025-03-12 16:19:39,217,WARNING,MOTOR DEBUG - Speed=0.30, Factors: L=1.00, R=0.02
2025-03-12 16:19:39,218,WARNING,MOTOR DEBUG - Final speeds: L=0.30, R=0.01
2025-03-12 16:19:39,218,INFO,Applying to motors - Left: 0.30, Right: 0.01
2025-03-12 16:19:39,220,INFO,POS: (34.2257000, -77.9447000) | HDG: 0.0° | TGT: 0 | DIST: 10872.5m | STEER: 88.3°
2025-03-12 16:19:39,321,WARNING,MOTOR DEBUG - Raw steering command: 88.3°
2025-03-12 16:19:39,321,INFO,RIGHT TURN: 88.3°
2025-03-12 16:19:39,322,WARNING,MOTOR DEBUG - RIGHT turn factors: L=1.000, R=0.019
2025-03-12 16:19:39,322,WARNING,MOTOR DEBUG - Speed=0.30, Factors: L=1.00, R=0.02
2025-03-12 16:19:39,322,WARNING,MOTOR DEBUG - Final speeds: L=0.30, R=0.01
2025-03-12 16:19:39,322,INFO,Applying to motors - Left: 0.30, Right: 0.01
2025-03-12 16:19:39,324,INFO,POS: (34.2257000, -77.9447000) | HDG: 0.0° | TGT: 0 | DIST: 10872.5m | STEER: 88.3°
2025-03-12 16:19:39,425,WARNING,MOTOR DEBUG - Raw steering command: 88.3°
2025-03-12 16:19:39,425,INFO,RIGHT TURN: 88.3°
2025-03-12 16:19:39,426,WARNING,MOTOR DEBUG - RIGHT turn factors: L=1.000, R=0.019
2025-03-12 16:19:39,426,WARNING,MOTOR DEBUG - Speed=0.30, Factors: L=1.00, R=0.02
2025-03-12 16:19:39,426,WARNING,MOTOR DEBUG - Final speeds: L=0.30, R=0.01
2025-03-12 16:19:39,426,INFO,Applying to motors - Left: 0.30, Right: 0.01
2025-03-12 16:19:39,428,INFO,POS: (34.2257000, -77.9447000) | HDG: 0.0° | TGT: 0 | DIST: 10872.5m | STEER: 88.3°
2025-03-12 16:19:39,529,WARNING,MOTOR DEBUG - Raw steering command: 88.3°
2025-03-12 16:19:39,530,INFO,RIGHT TURN: 88.3°
2025-03-12 16:19:39,530,WARNING,MOTOR DEBUG - RIGHT turn factors: L=1.000, R=0.019
2025-03-12 16:19:39,531,WARNING,MOTOR DEBUG - Speed=0.30, Factors: L=1.00, R=0.02
2025-03-12 16:19:39,531,WARNING,MOTOR DEBUG - Final speeds: L=0.30, R=0.01
2025-03-12 16:19:39,531,INFO,Applying to motors - Left: 0.30, Right: 0.01
2025-03-12 16:19:39,533,INFO,POS: (34.2257000, -77.9447000) | HDG: 0.0° | TGT: 0 | DIST: 10872.5m | STEER: 88.3°
2025-03-12 16:19:39,634,WARNING,MOTOR DEBUG - Raw steering command: 88.3°
2025-03-12 16:19:39,635,INFO,RIGHT TURN: 88.3°
2025-03-12 16:19:39,635,WARNING,MOTOR DEBUG - RIGHT turn factors: L=1.000, R=0.019
2025-03-12 16:19:39,635,WARNING,MOTOR DEBUG - Speed=0.30, Factors: L=1.00, R=0.02
2025-03-12 16:19:39,636,WARNING,MOTOR DEBUG - Final speeds: L=0.30, R=0.01
2025-03-12 16:19:39,636,INFO,Applying to motors - Left: 0.30, Right: 0.01
2025-03-12 16:19:39,638,INFO,POS: (34.2257000, -77.9447000) | HDG: 0.0° | TGT: 0 | DIST: 10872.5m | STEER: 88.3°
2025-03-12 16:19:39,739,WARNING,MOTOR DEBUG - Raw steering command: 88.3°
2025-03-12 16:19:39,739,INFO,RIGHT TURN: 88.3°
2025-03-12 16:19:39,739,WARNING,MOTOR DEBUG - RIGHT turn factors: L=1.000, R=0.019
2025-03-12 16:19:39,740,WARNING,MOTOR DEBUG - Speed=0.30, Factors: L=1.00, R=0.02
2025-03-12 16:19:39,740,WARNING,MOTOR DEBUG - Final speeds: L=0.30, R=0.01
2025-03-12 16:19:39,740,INFO,Applying to motors - Left: 0.30, Right: 0.01
2025-03-12 16:19:39,742,INFO,POS: (34.2257000, -77.9447000) | HDG: 0.0° | TGT: 0 | DIST: 10872.5m | STEER: 88.3°
2025-03-12 16:19:39,843,WARNING,MOTOR DEBUG - Raw steering command: 88.3°
2025-03-12 16:19:39,844,INFO,RIGHT TURN: 88.3°
2025-03-12 16:19:39,844,WARNING,MOTOR DEBUG - RIGHT turn factors: L=1.000, R=0.019
2025-03-12 16:19:39,844,WARNING,MOTOR DEBUG - Speed=0.30, Factors: L=1.00, R=0.02
2025-03-12 16:19:39,845,WARNING,MOTOR DEBUG - Final speeds: L=0.30, R=0.01
2025-03-12 16:19:39,845,INFO,Applying to motors - Left: 0.30, Right: 0.01
2025-03-12 16:19:39,847,INFO,POS: (34.2257000, -77.9447000) | HDG: 0.0° | TGT: 0 | DIST: 10872.5m | STEER: 88.3°
2025-03-12 16:19:39,948,WARNING,MOTOR DEBUG - Raw steering command: 88.3°
2025-03-12 16:19:39,949,INFO,RIGHT TURN: 88.3°
2025-03-12 16:19:39,949,WARNING,MOTOR DEBUG - RIGHT turn factors: L=1.000, R=0.019
2025-03-12 16:19:39,949,WARNING,MOTOR DEBUG - Speed=0.30, Factors: L=1.00, R=0.02
2025-03-12 16:19:39,950,WARNING,MOTOR DEBUG - Final speeds: L=0.30, R=0.01
2025-03-12 16:19:39,950,INFO,Applying to motors - Left: 0.30, Right: 0.01
2025-03-12 16:19:39,951,INFO,POS: (34.2257000, -77.9447000) | HDG: 0.0° | TGT: 0 | DIST: 10872.5m | STEER: 88.3°
2025-03-12 16:19:40,053,WARNING,MOTOR DEBUG - Raw steering command: 88.3°
2025-03-12 16:19:40,053,INFO,RIGHT TURN: 88.3°
2025-03-12 16:19:40,053,WARNING,MOTOR DEBUG - RIGHT turn factors: L=1.000, R=0.019
2025-03-12 16:19:40,054,WARNING,MOTOR DEBUG - Speed=0.30, Factors: L=1.00, R=0.02
2025-03-12 16:19:40,054,WARNING,MOTOR DEBUG - Final speeds: L=0.30, R=0.01
2025-03-12 16:19:40,054,INFO,Applying to motors - Left: 0.30, Right: 0.01
2025-03-12 16:19:40,056,INFO,POS: (34.2257000, -77.9447000) | HDG: 0.0° | TGT: 0 | DIST: 10872.5m | STEER: 88.3°
2025-03-12 16:19:40,157,WARNING,MOTOR DEBUG - Raw steering command: 88.3°
2025-03-12 16:19:40,157,INFO,RIGHT TURN: 88.3°
2025-03-12 16:19:40,157,WARNING,MOTOR DEBUG - RIGHT turn factors: L=1.000, R=0.019
2025-03-12 16:19:40,158,WARNING,MOTOR DEBUG - Speed=0.30, Factors: L=1.00, R=0.02
2025-03-12 16:19:40,158,WARNING,MOTOR DEBUG - Final speeds: L=0.30, R=0.01
2025-03-12 16:19:40,158,INFO,Applying to motors - Left: 0.30, Right: 0.01
2025-03-12 16:19:40,160,INFO,POS: (34.2257000, -77.9447000) | HDG: 0.0° | TGT: 0 | DIST: 10872.5m | STEER: 88.3°
2025-03-12 16:19:40,261,WARNING,MOTOR DEBUG - Raw steering command: 88.3°
2025-03-12 16:19:40,261,INFO,RIGHT TURN: 88.3°
2025-03-12 16:19:40,261,WARNING,MOTOR DEBUG - RIGHT turn factors: L=1.000, R=0.019
2025-03-12 16:19:40,262,WARNING,MOTOR DEBUG - Speed=0.30, Factors: L=1.00, R=0.02
2025-03-12 16:19:40,262,WARNING,MOTOR DEBUG - Final speeds: L=0.30, R=0.01
2025-03-12 16:19:40,262,INFO,Applying to motors - Left: 0.30, Right: 0.01
2025-03-12 16:19:40,264,INFO,POS: (34.2257000, -77.9447000) | HDG: 0.0° | TGT: 0 | DIST: 10872.5m | STEER: 88.3°
2025-03-12 16:19:40,365,WARNING,MOTOR DEBUG - Raw steering command: 88.3°
2025-03-12 16:19:40,365,INFO,RIGHT TURN: 88.3°
2025-03-12 16:19:40,365,WARNING,MOTOR DEBUG - RIGHT turn factors: L=1.000, R=0.019
2025-03-12 16:19:40,366,WARNING,MOTOR DEBUG - Speed=0.30, Factors: L=1.00, R=0.02
2025-03-12 16:19:40,366,WARNING,MOTOR DEBUG - Final speeds: L=0.30, R=0.01
2025-03-12 16:19:40,366,INFO,Applying to motors - Left: 0.30, Right: 0.01
2025-03-12 16:19:40,368,INFO,POS: (34.2257000, -77.9447000) | HDG: 0.0° | TGT: 0 | DIST: 10872.5m | STEER: 88.3°
2025-03-12 16:19:40,469,WARNING,MOTOR DEBUG - Raw steering command: 88.3°
2025-03-12 16:19:40,469,INFO,RIGHT TURN: 88.3°
2025-03-12 16:19:40,470,WARNING,MOTOR DEBUG - RIGHT turn factors: L=1.000, R=0.019
2025-03-12 16:19:40,470,WARNING,MOTOR DEBUG - Speed=0.30, Factors: L=1.00, R=0.02
2025-03-12 16:19:40,470,WARNING,MOTOR DEBUG - Final speeds: L=0.30, R=0.01
2025-03-12 16:19:40,470,INFO,Applying to motors - Left: 0.30, Right: 0.01
2025-03-12 16:19:40,472,INFO,POS: (34.2257000, -77.9447000) | HDG: 0.0° | TGT: 0 | DIST: 10872.5m | STEER: 88.3°
2025-03-12 16:19:40,573,WARNING,MOTOR DEBUG - Raw steering command: 88.3°
2025-03-12 16:19:40,574,INFO,RIGHT TURN: 88.3°
2025-03-12 16:19:40,574,WARNING,MOTOR DEBUG - RIGHT turn factors: L=1.000, R=0.019
2025-03-12 16:19:40,574,WARNING,MOTOR DEBUG - Speed=0.30, Factors: L=1.00, R=0.02
2025-03-12 16:19:40,575,WARNING,MOTOR DEBUG - Final speeds: L=0.30, R=0.01
2025-03-12 16:19:40,575,INFO,Applying to motors - Left: 0.30, Right: 0.01
2025-03-12 16:19:40,577,INFO,POS: (34.2257000, -77.9447000) | HDG: 0.0° | TGT: 0 | DIST: 10872.5m | STEER: 88.3°
2025-03-12 16:19:40,678,WARNING,MOTOR DEBUG - Raw steering command: 88.3°
2025-03-12 16:19:40,679,INFO,RIGHT TURN: 88.3°
2025-03-12 16:19:40,679,WARNING,MOTOR DEBUG - RIGHT turn factors: L=1.000, R=0.019
2025-03-12 16:19:40,680,WARNING,MOTOR DEBUG - Speed=0.30, Factors: L=1.00, R=0.02
2025-03-12 16:19:40,680,WARNING,MOTOR DEBUG - Final speeds: L=0.30, R=0.01
2025-03-12 16:19:40,680,INFO,Applying to motors - Left: 0.30, Right: 0.01
2025-03-12 16:19:40,682,INFO,POS: (34.2257000, -77.9447000) | HDG: 0.0° | TGT: 0 | DIST: 10872.5m | STEER: 88.3°
2025-03-12 16:19:40,783,WARNING,MOTOR DEBUG - Raw steering command: 88.3°
2025-03-12 16:19:40,783,INFO,RIGHT TURN: 88.3°
2025-03-12 16:19:40,783,WARNING,MOTOR DEBUG - RIGHT turn factors: L=1.000, R=0.019
2025-03-12 16:19:40,784,WARNING,MOTOR DEBUG - Speed=0.30, Factors: L=1.00, R=0.02
2025-03-12 16:19:40,784,WARNING,MOTOR DEBUG - Final speeds: L=0.30, R=0.01
2025-03-12 16:19:40,784,INFO,Applying to motors - Left: 0.30, Right: 0.01
2025-03-12 16:19:40,786,INFO,POS: (34.2257000, -77.9447000) | HDG: 0.0° | TGT: 0 | DIST: 10872.5m | STEER: 88.3°
2025-03-12 16:19:40,887,WARNING,MOTOR DEBUG - Raw steering command: 88.3°
2025-03-12 16:19:40,887,INFO,RIGHT TURN: 88.3°
2025-03-12 16:19:40,888,WARNING,MOTOR DEBUG - RIGHT turn factors: L=1.000, R=0.019
2025-03-12 16:19:40,888,WARNING,MOTOR DEBUG - Speed=0.30, Factors: L=1.00, R=0.02
2025-03-12 16:19:40,888,WARNING,MOTOR DEBUG - Final speeds: L=0.30, R=0.01
2025-03-12 16:19:40,888,INFO,Applying to motors - Left: 0.30, Right: 0.01
2025-03-12 16:19:40,890,INFO,POS: (34.2257000, -77.9447000) | HDG: 0.0° | TGT: 0 | DIST: 10872.5m | STEER: 88.3°
2025-03-12 16:19:40,991,WARNING,MOTOR DEBUG - Raw steering command: 88.3°
2025-03-12 16:19:40,992,INFO,RIGHT TURN: 88.3°
2025-03-12 16:19:40,992,WARNING,MOTOR DEBUG - RIGHT turn factors: L=1.000, R=0.019
2025-03-12 16:19:40,992,WARNING,MOTOR DEBUG - Speed=0.30, Factors: L=1.00, R=0.02
2025-03-12 16:19:40,993,WARNING,MOTOR DEBUG - Final speeds: L=0.30, R=0.01
2025-03-12 16:19:40,993,INFO,Applying to motors - Left: 0.30, Right: 0.01
2025-03-12 16:19:40,994,INFO,POS: (34.2257000, -77.9447000) | HDG: 0.0° | TGT: 0 | DIST: 10872.5m | STEER: 88.3°
2025-03-12 16:19:41,095,WARNING,MOTOR DEBUG - Raw steering command: 88.3°
2025-03-12 16:19:41,096,INFO,RIGHT TURN: 88.3°
2025-03-12 16:19:41,096,WARNING,MOTOR DEBUG - RIGHT turn factors: L=1.000, R=0.019
2025-03-12 16:19:41,097,WARNING,MOTOR DEBUG - Speed=0.30, Factors: L=1.00, R=0.02
2025-03-12 16:19:41,097,WARNING,MOTOR DEBUG - Final speeds: L=0.30, R=0.01
2025-03-12 16:19:41,097,INFO,Applying to motors - Left: 0.30, Right: 0.01
2025-03-12 16:19:41,099,INFO,POS: (34.2257000, -77.9447000) | HDG: 0.0° | TGT: 0 | DIST: 10872.5m | STEER: 88.3°
2025-03-12 16:19:41,200,WARNING,MOTOR DEBUG - Raw steering command: 88.3°
2025-03-12 16:19:41,200,INFO,RIGHT TURN: 88.3°
2025-03-12 16:19:41,200,WARNING,MOTOR DEBUG - RIGHT turn factors: L=1.000, R=0.019
2025-03-12 16:19:41,201,WARNING,MOTOR DEBUG - Speed=0.30, Factors: L=1.00, R=0.02
2025-03-12 16:19:41,201,WARNING,MOTOR DEBUG - Final speeds: L=0.30, R=0.01
2025-03-12 16:19:41,201,INFO,Applying to motors - Left: 0.30, Right: 0.01
2025-03-12 16:19:41,203,INFO,POS: (34.2257000, -77.9447000) | HDG: 0.0° | TGT: 0 | DIST: 10872.5m | STEER: 88.3°
2025-03-12 16:19:41,304,WARNING,MOTOR DEBUG - Raw steering command: 88.3°
2025-03-12 16:19:41,304,INFO,RIGHT TURN: 88.3°
2025-03-12 16:19:41,305,WARNING,MOTOR DEBUG - RIGHT turn factors: L=1.000, R=0.019
2025-03-12 16:19:41,305,WARNING,MOTOR DEBUG - Speed=0.30, Factors: L=1.00, R=0.02
2025-03-12 16:19:41,305,WARNING,MOTOR DEBUG - Final speeds: L=0.30, R=0.01
2025-03-12 16:19:41,306,INFO,Applying to motors - Left: 0.30, Right: 0.01
2025-03-12 16:19:41,308,INFO,POS: (34.2257000, -77.9447000) | HDG: 0.0° | TGT: 0 | DIST: 10872.5m | STEER: 88.3°
2025-03-12 16:19:41,410,WARNING,MOTOR DEBUG - Raw steering command: 88.3°
2025-03-12 16:19:41,410,INFO,RIGHT TURN: 88.3°
2025-03-12 16:19:41,412,WARNING,MOTOR DEBUG - RIGHT turn factors: L=1.000, R=0.019
2025-03-12 16:19:41,413,WARNING,MOTOR DEBUG - Speed=0.30, Factors: L=1.00, R=0.02
2025-03-12 16:19:41,414,WARNING,MOTOR DEBUG - Final speeds: L=0.30, R=0.01
2025-03-12 16:19:41,414,INFO,Applying to motors - Left: 0.30, Right: 0.01
2025-03-12 16:19:41,418,INFO,POS: (34.2257000, -77.9447000) | HDG: 0.0° | TGT: 0 | DIST: 10872.5m | STEER: 88.3°
2025-03-12 16:19:41,521,WARNING,MOTOR DEBUG - Raw steering command: 88.3°
2025-03-12 16:19:41,522,INFO,RIGHT TURN: 88.3°
2025-03-12 16:19:41,523,WARNING,MOTOR DEBUG - RIGHT turn factors: L=1.000, R=0.019
2025-03-12 16:19:41,525,WARNING,MOTOR DEBUG - Speed=0.30, Factors: L=1.00, R=0.02
2025-03-12 16:19:41,526,WARNING,MOTOR DEBUG - Final speeds: L=0.30, R=0.01
2025-03-12 16:19:41,528,INFO,Applying to motors - Left: 0.30, Right: 0.01
2025-03-12 16:19:41,534,INFO,POS: (34.2257000, -77.9447000) | HDG: 0.0° | TGT: 0 | DIST: 10872.5m | STEER: 88.3°
2025-03-12 16:19:41,636,WARNING,MOTOR DEBUG - Raw steering command: 88.3°
2025-03-12 16:19:41,637,INFO,RIGHT TURN: 88.3°
2025-03-12 16:19:41,638,WARNING,MOTOR DEBUG - RIGHT turn factors: L=1.000, R=0.019
2025-03-12 16:19:41,638,WARNING,MOTOR DEBUG - Speed=0.30, Factors: L=1.00, R=0.02
2025-03-12 16:19:41,639,WARNING,MOTOR DEBUG - Final speeds: L=0.30, R=0.01
2025-03-12 16:19:41,640,INFO,Applying to motors - Left: 0.30, Right: 0.01
2025-03-12 16:19:41,642,INFO,POS: (34.2257000, -77.9447000) | HDG: 0.0° | TGT: 0 | DIST: 10872.5m | STEER: 88.3°
2025-03-12 16:19:41,743,WARNING,MOTOR DEBUG - Raw steering command: 88.3°
2025-03-12 16:19:41,744,INFO,RIGHT TURN: 88.3°
2025-03-12 16:19:41,745,WARNING,MOTOR DEBUG - RIGHT turn factors: L=1.000, R=0.019
2025-03-12 16:19:41,746,WARNING,MOTOR DEBUG - Speed=0.30, Factors: L=1.00, R=0.02
2025-03-12 16:19:41,746,WARNING,MOTOR DEBUG - Final speeds: L=0.30, R=0.01
2025-03-12 16:19:41,747,INFO,Applying to motors - Left: 0.30, Right: 0.01
2025-03-12 16:19:41,751,INFO,POS: (34.2257000, -77.9447000) | HDG: 0.0° | TGT: 0 | DIST: 10872.5m | STEER: 88.3°
2025-03-12 16:19:41,852,WARNING,MOTOR DEBUG - Raw steering command: 88.3°
2025-03-12 16:19:41,852,INFO,RIGHT TURN: 88.3°
2025-03-12 16:19:41,852,WARNING,MOTOR DEBUG - RIGHT turn factors: L=1.000, R=0.019
2025-03-12 16:19:41,853,WARNING,MOTOR DEBUG - Speed=0.30, Factors: L=1.00, R=0.02
2025-03-12 16:19:41,853,WARNING,MOTOR DEBUG - Final speeds: L=0.30, R=0.01
2025-03-12 16:19:41,853,INFO,Applying to motors - Left: 0.30, Right: 0.01
2025-03-12 16:19:41,855,INFO,POS: (34.2257000, -77.9447000) | HDG: 0.0° | TGT: 0 | DIST: 10872.5m | STEER: 88.3°
2025-03-12 16:19:41,956,WARNING,MOTOR DEBUG - Raw steering command: 88.3°
2025-03-12 16:19:41,956,INFO,RIGHT TURN: 88.3°
2025-03-12 16:19:41,956,WARNING,MOTOR DEBUG - RIGHT turn factors: L=1.000, R=0.019
2025-03-12 16:19:41,957,WARNING,MOTOR DEBUG - Speed=0.30, Factors: L=1.00, R=0.02
2025-03-12 16:19:41,957,WARNING,MOTOR DEBUG - Final speeds: L=0.30, R=0.01
2025-03-12 16:19:41,958,INFO,Applying to motors - Left: 0.30, Right: 0.01
2025-03-12 16:19:41,959,INFO,POS: (34.2257000, -77.9447000) | HDG: 0.0° | TGT: 0 | DIST: 10872.5m | STEER: 88.3°
2025-03-12 16:19:42,061,WARNING,MOTOR DEBUG - Raw steering command: 88.3°
2025-03-12 16:19:42,061,INFO,RIGHT TURN: 88.3°
2025-03-12 16:19:42,061,WARNING,MOTOR DEBUG - RIGHT turn factors: L=1.000, R=0.019
2025-03-12 16:19:42,062,WARNING,MOTOR DEBUG - Speed=0.30, Factors: L=1.00, R=0.02
2025-03-12 16:19:42,062,WARNING,MOTOR DEBUG - Final speeds: L=0.30, R=0.01
2025-03-12 16:19:42,062,INFO,Applying to motors - Left: 0.30, Right: 0.01
2025-03-12 16:19:42,064,INFO,POS: (34.2257000, -77.9447000) | HDG: 0.0° | TGT: 0 | DIST: 10872.5m | STEER: 88.3°
2025-03-12 16:19:42,165,WARNING,MOTOR DEBUG - Raw steering command: 88.3°
2025-03-12 16:19:42,165,INFO,RIGHT TURN: 88.3°
2025-03-12 16:19:42,165,WARNING,MOTOR DEBUG - RIGHT turn factors: L=1.000, R=0.019
2025-03-12 16:19:42,166,WARNING,MOTOR DEBUG - Speed=0.30, Factors: L=1.00, R=0.02
2025-03-12 16:19:42,166,WARNING,MOTOR DEBUG - Final speeds: L=0.30, R=0.01
2025-03-12 16:19:42,166,INFO,Applying to motors - Left: 0.30, Right: 0.01
2025-03-12 16:19:42,168,INFO,POS: (34.2257000, -77.9447000) | HDG: 0.0° | TGT: 0 | DIST: 10872.5m | STEER: 88.3°
2025-03-12 16:19:42,269,WARNING,MOTOR DEBUG - Raw steering command: 88.3°
2025-03-12 16:19:42,269,INFO,RIGHT TURN: 88.3°
2025-03-12 16:19:42,270,WARNING,MOTOR DEBUG - RIGHT turn factors: L=1.000, R=0.019
2025-03-12 16:19:42,270,WARNING,MOTOR DEBUG - Speed=0.30, Factors: L=1.00, R=0.02
2025-03-12 16:19:42,271,WARNING,MOTOR DEBUG - Final speeds: L=0.30, R=0.01
2025-03-12 16:19:42,271,INFO,Applying to motors - Left: 0.30, Right: 0.01
2025-03-12 16:19:42,273,INFO,POS: (34.2257000, -77.9447000) | HDG: 0.0° | TGT: 0 | DIST: 10872.5m | STEER: 88.3°
2025-03-12 16:19:42,374,WARNING,MOTOR DEBUG - Raw steering command: 88.3°
2025-03-12 16:19:42,375,INFO,RIGHT TURN: 88.3°
2025-03-12 16:19:42,375,WARNING,MOTOR DEBUG - RIGHT turn factors: L=1.000, R=0.019
2025-03-12 16:19:42,376,WARNING,MOTOR DEBUG - Speed=0.30, Factors: L=1.00, R=0.02
2025-03-12 16:19:42,376,WARNING,MOTOR DEBUG - Final speeds: L=0.30, R=0.01
2025-03-12 16:19:42,377,INFO,Applying to motors - Left: 0.30, Right: 0.01
2025-03-12 16:19:42,378,INFO,POS: (34.2257000, -77.9447000) | HDG: 0.0° | TGT: 0 | DIST: 10872.5m | STEER: 88.3°
2025-03-12 16:19:42,480,WARNING,MOTOR DEBUG - Raw steering command: 88.3°
2025-03-12 16:19:42,480,INFO,RIGHT TURN: 88.3°
2025-03-12 16:19:42,481,WARNING,MOTOR DEBUG - RIGHT turn factors: L=1.000, R=0.019
2025-03-12 16:19:42,481,WARNING,MOTOR DEBUG - Speed=0.30, Factors: L=1.00, R=0.02
2025-03-12 16:19:42,482,WARNING,MOTOR DEBUG - Final speeds: L=0.30, R=0.01
2025-03-12 16:19:42,482,INFO,Applying to motors - Left: 0.30, Right: 0.01
2025-03-12 16:19:42,484,INFO,POS: (34.2257000, -77.9447000) | HDG: 0.0° | TGT: 0 | DIST: 10872.5m | STEER: 88.3°
2025-03-12 16:19:42,585,WARNING,MOTOR DEBUG - Raw steering command: 88.3°
2025-03-12 16:19:42,586,INFO,RIGHT TURN: 88.3°
2025-03-12 16:19:42,586,WARNING,MOTOR DEBUG - RIGHT turn factors: L=1.000, R=0.019
2025-03-12 16:19:42,587,WARNING,MOTOR DEBUG - Speed=0.30, Factors: L=1.00, R=0.02
2025-03-12 16:19:42,587,WARNING,MOTOR DEBUG - Final speeds: L=0.30, R=0.01
2025-03-12 16:19:42,587,INFO,Applying to motors - Left: 0.30, Right: 0.01
2025-03-12 16:19:42,589,INFO,POS: (34.2257000, -77.9447000) | HDG: 0.0° | TGT: 0 | DIST: 10872.5m | STEER: 88.3°
2025-03-12 16:19:42,690,WARNING,MOTOR DEBUG - Raw steering command: 88.3°
2025-03-12 16:19:42,691,INFO,RIGHT TURN: 88.3°
2025-03-12 16:19:42,691,WARNING,MOTOR DEBUG - RIGHT turn factors: L=1.000, R=0.019
2025-03-12 16:19:42,692,WARNING,MOTOR DEBUG - Speed=0.30, Factors: L=1.00, R=0.02
2025-03-12 16:19:42,692,WARNING,MOTOR DEBUG - Final speeds: L=0.30, R=0.01
2025-03-12 16:19:42,693,INFO,Applying to motors - Left: 0.30, Right: 0.01
2025-03-12 16:19:42,694,INFO,POS: (34.2257000, -77.9447000) | HDG: 0.0° | TGT: 0 | DIST: 10872.5m | STEER: 88.3°
2025-03-12 16:19:42,796,WARNING,MOTOR DEBUG - Raw steering command: 88.3°
2025-03-12 16:19:42,796,INFO,RIGHT TURN: 88.3°
2025-03-12 16:19:42,797,WARNING,MOTOR DEBUG - RIGHT turn factors: L=1.000, R=0.019
2025-03-12 16:19:42,797,WARNING,MOTOR DEBUG - Speed=0.30, Factors: L=1.00, R=0.02
2025-03-12 16:19:42,798,WARNING,MOTOR DEBUG - Final speeds: L=0.30, R=0.01
2025-03-12 16:19:42,798,INFO,Applying to motors - Left: 0.30, Right: 0.01
2025-03-12 16:19:42,800,INFO,POS: (34.2257000, -77.9447000) | HDG: 0.0° | TGT: 0 | DIST: 10872.5m | STEER: 88.3°
2025-03-12 16:19:42,901,WARNING,MOTOR DEBUG - Raw steering command: 88.3°
2025-03-12 16:19:42,902,INFO,RIGHT TURN: 88.3°
2025-03-12 16:19:42,902,WARNING,MOTOR DEBUG - RIGHT turn factors: L=1.000, R=0.019
2025-03-12 16:19:42,903,WARNING,MOTOR DEBUG - Speed=0.30, Factors: L=1.00, R=0.02
2025-03-12 16:19:42,903,WARNING,MOTOR DEBUG - Final speeds: L=0.30, R=0.01
2025-03-12 16:19:42,903,INFO,Applying to motors - Left: 0.30, Right: 0.01
2025-03-12 16:19:42,905,INFO,POS: (34.2257000, -77.9447000) | HDG: 0.0° | TGT: 0 | DIST: 10872.5m | STEER: 88.3°
2025-03-12 16:19:43,006,WARNING,MOTOR DEBUG - Raw steering command: 88.3°
2025-03-12 16:19:43,007,INFO,RIGHT TURN: 88.3°
2025-03-12 16:19:43,007,WARNING,MOTOR DEBUG - RIGHT turn factors: L=1.000, R=0.019
2025-03-12 16:19:43,008,WARNING,MOTOR DEBUG - Speed=0.30, Factors: L=1.00, R=0.02
2025-03-12 16:19:43,008,WARNING,MOTOR DEBUG - Final speeds: L=0.30, R=0.01
2025-03-12 16:19:43,009,INFO,Applying to motors - Left: 0.30, Right: 0.01
2025-03-12 16:19:43,010,INFO,POS: (34.2257000, -77.9447000) | HDG: 0.0° | TGT: 0 | DIST: 10872.5m | STEER: 88.3°
2025-03-12 16:19:43,112,WARNING,MOTOR DEBUG - Raw steering command: 88.3°
2025-03-12 16:19:43,113,INFO,RIGHT TURN: 88.3°
2025-03-12 16:19:43,113,WARNING,MOTOR DEBUG - RIGHT turn factors: L=1.000, R=0.019
2025-03-12 16:19:43,114,WARNING,MOTOR DEBUG - Speed=0.30, Factors: L=1.00, R=0.02
2025-03-12 16:19:43,114,WARNING,MOTOR DEBUG - Final speeds: L=0.30, R=0.01
2025-03-12 16:19:43,115,INFO,Applying to motors - Left: 0.30, Right: 0.01
2025-03-12 16:19:43,117,INFO,POS: (34.2257000, -77.9447000) | HDG: 0.0° | TGT: 0 | DIST: 10872.5m | STEER: 88.3°
2025-03-12 16:19:43,219,WARNING,MOTOR DEBUG - Raw steering command: 88.3°
2025-03-12 16:19:43,221,INFO,RIGHT TURN: 88.3°
2025-03-12 16:19:43,222,WARNING,MOTOR DEBUG - RIGHT turn factors: L=1.000, R=0.019
2025-03-12 16:19:43,223,WARNING,MOTOR DEBUG - Speed=0.30, Factors: L=1.00, R=0.02
2025-03-12 16:19:43,225,WARNING,MOTOR DEBUG - Final speeds: L=0.30, R=0.01
2025-03-12 16:19:43,226,INFO,Applying to motors - Left: 0.30, Right: 0.01
2025-03-12 16:19:43,229,INFO,POS: (34.2257000, -77.9447000) | HDG: 0.0° | TGT: 0 | DIST: 10872.5m | STEER: 88.3°
2025-03-12 16:19:43,331,WARNING,MOTOR DEBUG - Raw steering command: 88.3°
2025-03-12 16:19:43,332,INFO,RIGHT TURN: 88.3°
2025-03-12 16:19:43,333,WARNING,MOTOR DEBUG - RIGHT turn factors: L=1.000, R=0.019
2025-03-12 16:19:43,334,WARNING,MOTOR DEBUG - Speed=0.30, Factors: L=1.00, R=0.02
2025-03-12 16:19:43,334,WARNING,MOTOR DEBUG - Final speeds: L=0.30, R=0.01
2025-03-12 16:19:43,336,INFO,Applying to motors - Left: 0.30, Right: 0.01
2025-03-12 16:19:43,341,INFO,POS: (34.2257000, -77.9447000) | HDG: 0.0° | TGT: 0 | DIST: 10872.5m | STEER: 88.3°
2025-03-12 16:19:43,443,WARNING,MOTOR DEBUG - Raw steering command: 88.3°
2025-03-12 16:19:43,445,INFO,RIGHT TURN: 88.3°
2025-03-12 16:19:43,446,WARNING,MOTOR DEBUG - RIGHT turn factors: L=1.000, R=0.019
2025-03-12 16:19:43,447,WARNING,MOTOR DEBUG - Speed=0.30, Factors: L=1.00, R=0.02
2025-03-12 16:19:43,448,WARNING,MOTOR DEBUG - Final speeds: L=0.30, R=0.01
2025-03-12 16:19:43,450,INFO,Applying to motors - Left: 0.30, Right: 0.01
2025-03-12 16:19:43,471,INFO,POS: (34.2257000, -77.9447000) | HDG: 0.0° | TGT: 0 | DIST: 10872.5m | STEER: 88.3°
2025-03-12 16:19:43,574,WARNING,MOTOR DEBUG - Raw steering command: 88.3°
2025-03-12 16:19:43,575,INFO,RIGHT TURN: 88.3°
2025-03-12 16:19:43,577,WARNING,MOTOR DEBUG - RIGHT turn factors: L=1.000, R=0.019
2025-03-12 16:19:43,579,WARNING,MOTOR DEBUG - Speed=0.30, Factors: L=1.00, R=0.02
2025-03-12 16:19:43,581,WARNING,MOTOR DEBUG - Final speeds: L=0.30, R=0.01
2025-03-12 16:19:43,583,INFO,Applying to motors - Left: 0.30, Right: 0.01
2025-03-12 16:19:43,586,INFO,POS: (34.2257000, -77.9447000) | HDG: 0.0° | TGT: 0 | DIST: 10872.5m | STEER: 88.3°
2025-03-12 16:19:43,689,WARNING,MOTOR DEBUG - Raw steering command: 88.3°
2025-03-12 16:19:43,690,INFO,RIGHT TURN: 88.3°
2025-03-12 16:19:43,691,WARNING,MOTOR DEBUG - RIGHT turn factors: L=1.000, R=0.019
2025-03-12 16:19:43,693,WARNING,MOTOR DEBUG - Speed=0.30, Factors: L=1.00, R=0.02
2025-03-12 16:19:43,695,WARNING,MOTOR DEBUG - Final speeds: L=0.30, R=0.01
2025-03-12 16:19:43,697,INFO,Applying to motors - Left: 0.30, Right: 0.01
2025-03-12 16:19:43,700,INFO,POS: (34.2257000, -77.9447000) | HDG: 0.0° | TGT: 0 | DIST: 10872.5m | STEER: 88.3°
2025-03-12 16:19:43,802,WARNING,MOTOR DEBUG - Raw steering command: 88.3°
2025-03-12 16:19:43,803,INFO,RIGHT TURN: 88.3°
2025-03-12 16:19:43,804,WARNING,MOTOR DEBUG - RIGHT turn factors: L=1.000, R=0.019
2025-03-12 16:19:43,806,WARNING,MOTOR DEBUG - Speed=0.30, Factors: L=1.00, R=0.02
2025-03-12 16:19:43,808,WARNING,MOTOR DEBUG - Final speeds: L=0.30, R=0.01
2025-03-12 16:19:43,810,INFO,Applying to motors - Left: 0.30, Right: 0.01
2025-03-12 16:19:43,814,INFO,POS: (34.2257000, -77.9447000) | HDG: 0.0° | TGT: 0 | DIST: 10872.5m | STEER: 88.3°
2025-03-12 16:19:43,916,WARNING,MOTOR DEBUG - Raw steering command: 88.3°
2025-03-12 16:19:43,917,INFO,RIGHT TURN: 88.3°
2025-03-12 16:19:43,918,WARNING,MOTOR DEBUG - RIGHT turn factors: L=1.000, R=0.019
2025-03-12 16:19:43,920,WARNING,MOTOR DEBUG - Speed=0.30, Factors: L=1.00, R=0.02
2025-03-12 16:19:43,921,WARNING,MOTOR DEBUG - Final speeds: L=0.30, R=0.01
2025-03-12 16:19:43,923,INFO,Applying to motors - Left: 0.30, Right: 0.01
2025-03-12 16:19:43,926,INFO,POS: (34.2257000, -77.9447000) | HDG: 0.0° | TGT: 0 | DIST: 10872.5m | STEER: 88.3°
2025-03-12 16:19:44,030,WARNING,MOTOR DEBUG - Raw steering command: 88.3°
2025-03-12 16:19:44,033,INFO,RIGHT TURN: 88.3°
2025-03-12 16:19:44,035,WARNING,MOTOR DEBUG - RIGHT turn factors: L=1.000, R=0.019
2025-03-12 16:19:44,041,WARNING,MOTOR DEBUG - Speed=0.30, Factors: L=1.00, R=0.02
2025-03-12 16:19:44,045,WARNING,MOTOR DEBUG - Final speeds: L=0.30, R=0.01
2025-03-12 16:19:44,052,INFO,Applying to motors - Left: 0.30, Right: 0.01
2025-03-12 16:19:44,060,INFO,POS: (34.2257000, -77.9447000) | HDG: 0.0° | TGT: 0 | DIST: 10872.5m | STEER: 88.3°
2025-03-12 16:19:44,162,WARNING,MOTOR DEBUG - Raw steering command: 88.3°
2025-03-12 16:19:44,163,INFO,RIGHT TURN: 88.3°
2025-03-12 16:19:44,164,WARNING,MOTOR DEBUG - RIGHT turn factors: L=1.000, R=0.019
2025-03-12 16:19:44,164,WARNING,MOTOR DEBUG - Speed=0.30, Factors: L=1.00, R=0.02
2025-03-12 16:19:44,165,WARNING,MOTOR DEBUG - Final speeds: L=0.30, R=0.01
2025-03-12 16:19:44,166,INFO,Applying to motors - Left: 0.30, Right: 0.01
2025-03-12 16:19:44,168,INFO,POS: (34.2257000, -77.9447000) | HDG: 0.0° | TGT: 0 | DIST: 10872.5m | STEER: 88.3°
2025-03-12 16:19:44,269,WARNING,MOTOR DEBUG - Raw steering command: 88.3°
2025-03-12 16:19:44,270,INFO,RIGHT TURN: 88.3°
2025-03-12 16:19:44,271,WARNING,MOTOR DEBUG - RIGHT turn factors: L=1.000, R=0.019
2025-03-12 16:19:44,271,WARNING,MOTOR DEBUG - Speed=0.30, Factors: L=1.00, R=0.02
2025-03-12 16:19:44,272,WARNING,MOTOR DEBUG - Final speeds: L=0.30, R=0.01
2025-03-12 16:19:44,273,INFO,Applying to motors - Left: 0.30, Right: 0.01
2025-03-12 16:19:44,274,INFO,POS: (34.2257000, -77.9447000) | HDG: 0.0° | TGT: 0 | DIST: 10872.5m | STEER: 88.3°
2025-03-12 16:19:44,377,WARNING,MOTOR DEBUG - Raw steering command: 88.3°
2025-03-12 16:19:44,377,INFO,RIGHT TURN: 88.3°
2025-03-12 16:19:44,378,WARNING,MOTOR DEBUG - RIGHT turn factors: L=1.000, R=0.019
2025-03-12 16:19:44,379,WARNING,MOTOR DEBUG - Speed=0.30, Factors: L=1.00, R=0.02
2025-03-12 16:19:44,380,WARNING,MOTOR DEBUG - Final speeds: L=0.30, R=0.01
2025-03-12 16:19:44,380,INFO,Applying to motors - Left: 0.30, Right: 0.01
2025-03-12 16:19:44,382,INFO,POS: (34.2257000, -77.9447000) | HDG: 0.0° | TGT: 0 | DIST: 10872.5m | STEER: 88.3°
2025-03-12 16:19:44,485,WARNING,MOTOR DEBUG - Raw steering command: 88.3°
2025-03-12 16:19:44,486,INFO,RIGHT TURN: 88.3°
2025-03-12 16:19:44,486,WARNING,MOTOR DEBUG - RIGHT turn factors: L=1.000, R=0.019
2025-03-12 16:19:44,487,WARNING,MOTOR DEBUG - Speed=0.30, Factors: L=1.00, R=0.02
2025-03-12 16:19:44,488,WARNING,MOTOR DEBUG - Final speeds: L=0.30, R=0.01
2025-03-12 16:19:44,488,INFO,Applying to motors - Left: 0.30, Right: 0.01
2025-03-12 16:19:44,490,INFO,POS: (34.2257000, -77.9447000) | HDG: 0.0° | TGT: 0 | DIST: 10872.5m | STEER: 88.3°
2025-03-12 16:19:44,592,WARNING,MOTOR DEBUG - Raw steering command: 88.3°
2025-03-12 16:19:44,593,INFO,RIGHT TURN: 88.3°
2025-03-12 16:19:44,593,WARNING,MOTOR DEBUG - RIGHT turn factors: L=1.000, R=0.019
2025-03-12 16:19:44,594,WARNING,MOTOR DEBUG - Speed=0.30, Factors: L=1.00, R=0.02
2025-03-12 16:19:44,595,WARNING,MOTOR DEBUG - Final speeds: L=0.30, R=0.01
2025-03-12 16:19:44,595,INFO,Applying to motors - Left: 0.30, Right: 0.01
2025-03-12 16:19:44,597,INFO,POS: (34.2257000, -77.9447000) | HDG: 0.0° | TGT: 0 | DIST: 10872.5m | STEER: 88.3°
2025-03-12 16:19:44,699,WARNING,MOTOR DEBUG - Raw steering command: 88.3°
2025-03-12 16:19:44,700,INFO,RIGHT TURN: 88.3°
2025-03-12 16:19:44,701,WARNING,MOTOR DEBUG - RIGHT turn factors: L=1.000, R=0.019
2025-03-12 16:19:44,702,WARNING,MOTOR DEBUG - Speed=0.30, Factors: L=1.00, R=0.02
2025-03-12 16:19:44,702,WARNING,MOTOR DEBUG - Final speeds: L=0.30, R=0.01
2025-03-12 16:19:44,703,INFO,Applying to motors - Left: 0.30, Right: 0.01
2025-03-12 16:19:44,705,INFO,POS: (34.2257000, -77.9447000) | HDG: 0.0° | TGT: 0 | DIST: 10872.5m | STEER: 88.3°
2025-03-12 16:19:44,807,WARNING,MOTOR DEBUG - Raw steering command: 88.3°
2025-03-12 16:19:44,808,INFO,RIGHT TURN: 88.3°
2025-03-12 16:19:44,808,WARNING,MOTOR DEBUG - RIGHT turn factors: L=1.000, R=0.019
2025-03-12 16:19:44,809,WARNING,MOTOR DEBUG - Speed=0.30, Factors: L=1.00, R=0.02
2025-03-12 16:19:44,810,WARNING,MOTOR DEBUG - Final speeds: L=0.30, R=0.01
2025-03-12 16:19:44,810,INFO,Applying to motors - Left: 0.30, Right: 0.01
2025-03-12 16:19:44,812,INFO,POS: (34.2257000, -77.9447000) | HDG: 0.0° | TGT: 0 | DIST: 10872.5m | STEER: 88.3°
2025-03-12 16:19:44,914,WARNING,MOTOR DEBUG - Raw steering command: 88.3°
2025-03-12 16:19:44,915,INFO,RIGHT TURN: 88.3°
2025-03-12 16:19:44,916,WARNING,MOTOR DEBUG - RIGHT turn factors: L=1.000, R=0.019
2025-03-12 16:19:44,916,WARNING,MOTOR DEBUG - Speed=0.30, Factors: L=1.00, R=0.02
2025-03-12 16:19:44,917,WARNING,MOTOR DEBUG - Final speeds: L=0.30, R=0.01
2025-03-12 16:19:44,918,INFO,Applying to motors - Left: 0.30, Right: 0.01
2025-03-12 16:19:44,920,INFO,POS: (34.2257000, -77.9447000) | HDG: 0.0° | TGT: 0 | DIST: 10872.5m | STEER: 88.3°
2025-03-12 16:19:45,022,WARNING,MOTOR DEBUG - Raw steering command: 88.3°
2025-03-12 16:19:45,023,INFO,RIGHT TURN: 88.3°
2025-03-12 16:19:45,023,WARNING,MOTOR DEBUG - RIGHT turn factors: L=1.000, R=0.019
2025-03-12 16:19:45,024,WARNING,MOTOR DEBUG - Speed=0.30, Factors: L=1.00, R=0.02
2025-03-12 16:19:45,025,WARNING,MOTOR DEBUG - Final speeds: L=0.30, R=0.01
2025-03-12 16:19:45,025,INFO,Applying to motors - Left: 0.30, Right: 0.01
2025-03-12 16:19:45,027,INFO,POS: (34.2257000, -77.9447000) | HDG: 0.0° | TGT: 0 | DIST: 10872.5m | STEER: 88.3°
2025-03-12 16:19:45,129,WARNING,MOTOR DEBUG - Raw steering command: 88.3°
2025-03-12 16:19:45,130,INFO,RIGHT TURN: 88.3°
2025-03-12 16:19:45,131,WARNING,MOTOR DEBUG - RIGHT turn factors: L=1.000, R=0.019
2025-03-12 16:19:45,132,WARNING,MOTOR DEBUG - Speed=0.30, Factors: L=1.00, R=0.02
2025-03-12 16:19:45,132,WARNING,MOTOR DEBUG - Final speeds: L=0.30, R=0.01
2025-03-12 16:19:45,133,INFO,Applying to motors - Left: 0.30, Right: 0.01
2025-03-12 16:19:45,135,INFO,POS: (34.2257000, -77.9447000) | HDG: 0.0° | TGT: 0 | DIST: 10872.5m | STEER: 88.3°
2025-03-12 16:19:45,237,WARNING,MOTOR DEBUG - Raw steering command: 88.3°
2025-03-12 16:19:45,238,INFO,RIGHT TURN: 88.3°
2025-03-12 16:19:45,239,WARNING,MOTOR DEBUG - RIGHT turn factors: L=1.000, R=0.019
2025-03-12 16:19:45,240,WARNING,MOTOR DEBUG - Speed=0.30, Factors: L=1.00, R=0.02
2025-03-12 16:19:45,240,WARNING,MOTOR DEBUG - Final speeds: L=0.30, R=0.01
2025-03-12 16:19:45,241,INFO,Applying to motors - Left: 0.30, Right: 0.01
2025-03-12 16:19:45,243,INFO,POS: (34.2257000, -77.9447000) | HDG: 0.0° | TGT: 0 | DIST: 10872.5m | STEER: 88.3°
2025-03-12 16:19:45,345,WARNING,MOTOR DEBUG - Raw steering command: 88.3°
2025-03-12 16:19:45,346,INFO,RIGHT TURN: 88.3°
2025-03-12 16:19:45,347,WARNING,MOTOR DEBUG - RIGHT turn factors: L=1.000, R=0.019
2025-03-12 16:19:45,347,WARNING,MOTOR DEBUG - Speed=0.30, Factors: L=1.00, R=0.02
2025-03-12 16:19:45,348,WARNING,MOTOR DEBUG - Final speeds: L=0.30, R=0.01
2025-03-12 16:19:45,349,INFO,Applying to motors - Left: 0.30, Right: 0.01
2025-03-12 16:19:45,350,INFO,POS: (34.2257000, -77.9447000) | HDG: 0.0° | TGT: 0 | DIST: 10872.5m | STEER: 88.3°
2025-03-12 16:19:45,453,WARNING,MOTOR DEBUG - Raw steering command: 88.3°
2025-03-12 16:19:45,454,INFO,RIGHT TURN: 88.3°
2025-03-12 16:19:45,454,WARNING,MOTOR DEBUG - RIGHT turn factors: L=1.000, R=0.019
2025-03-12 16:19:45,455,WARNING,MOTOR DEBUG - Speed=0.30, Factors: L=1.00, R=0.02
2025-03-12 16:19:45,456,WARNING,MOTOR DEBUG - Final speeds: L=0.30, R=0.01
2025-03-12 16:19:45,456,INFO,Applying to motors - Left: 0.30, Right: 0.01
2025-03-12 16:19:45,458,INFO,POS: (34.2257000, -77.9447000) | HDG: 0.0° | TGT: 0 | DIST: 10872.5m | STEER: 88.3°
2025-03-12 16:19:45,560,WARNING,MOTOR DEBUG - Raw steering command: 88.3°
2025-03-12 16:19:45,561,INFO,RIGHT TURN: 88.3°
2025-03-12 16:19:45,562,WARNING,MOTOR DEBUG - RIGHT turn factors: L=1.000, R=0.019
2025-03-12 16:19:45,563,WARNING,MOTOR DEBUG - Speed=0.30, Factors: L=1.00, R=0.02
2025-03-12 16:19:45,564,WARNING,MOTOR DEBUG - Final speeds: L=0.30, R=0.01
2025-03-12 16:19:45,565,INFO,Applying to motors - Left: 0.30, Right: 0.01
2025-03-12 16:19:45,567,INFO,POS: (34.2257000, -77.9447000) | HDG: 0.0° | TGT: 0 | DIST: 10872.5m | STEER: 88.3°
2025-03-12 16:19:45,669,WARNING,MOTOR DEBUG - Raw steering command: 88.3°
2025-03-12 16:19:45,670,INFO,RIGHT TURN: 88.3°
2025-03-12 16:19:45,671,WARNING,MOTOR DEBUG - RIGHT turn factors: L=1.000, R=0.019
2025-03-12 16:19:45,671,WARNING,MOTOR DEBUG - Speed=0.30, Factors: L=1.00, R=0.02
2025-03-12 16:19:45,672,WARNING,MOTOR DEBUG - Final speeds: L=0.30, R=0.01
2025-03-12 16:19:45,673,INFO,Applying to motors - Left: 0.30, Right: 0.01
2025-03-12 16:19:45,675,INFO,POS: (34.2257000, -77.9447000) | HDG: 0.0° | TGT: 0 | DIST: 10872.5m | STEER: 88.3°
2025-03-12 16:19:45,776,WARNING,MOTOR DEBUG - Raw steering command: 88.3°
2025-03-12 16:19:45,777,INFO,RIGHT TURN: 88.3°
2025-03-12 16:19:45,778,WARNING,MOTOR DEBUG - RIGHT turn factors: L=1.000, R=0.019
2025-03-12 16:19:45,779,WARNING,MOTOR DEBUG - Speed=0.30, Factors: L=1.00, R=0.02
2025-03-12 16:19:45,779,WARNING,MOTOR DEBUG - Final speeds: L=0.30, R=0.01
2025-03-12 16:19:45,780,INFO,Applying to motors - Left: 0.30, Right: 0.01
2025-03-12 16:19:45,782,INFO,POS: (34.2257000, -77.9447000) | HDG: 0.0° | TGT: 0 | DIST: 10872.5m | STEER: 88.3°
2025-03-12 16:19:45,884,WARNING,MOTOR DEBUG - Raw steering command: 88.3°
2025-03-12 16:19:45,885,INFO,RIGHT TURN: 88.3°
2025-03-12 16:19:45,885,WARNING,MOTOR DEBUG - RIGHT turn factors: L=1.000, R=0.019
2025-03-12 16:19:45,886,WARNING,MOTOR DEBUG - Speed=0.30, Factors: L=1.00, R=0.02
2025-03-12 16:19:45,887,WARNING,MOTOR DEBUG - Final speeds: L=0.30, R=0.01
2025-03-12 16:19:45,887,INFO,Applying to motors - Left: 0.30, Right: 0.01
2025-03-12 16:19:45,889,INFO,POS: (34.2257000, -77.9447000) | HDG: 0.0° | TGT: 0 | DIST: 10872.5m | STEER: 88.3°
2025-03-12 16:19:45,991,WARNING,MOTOR DEBUG - Raw steering command: 88.3°
2025-03-12 16:19:45,992,INFO,RIGHT TURN: 88.3°
2025-03-12 16:19:45,993,WARNING,MOTOR DEBUG - RIGHT turn factors: L=1.000, R=0.019
2025-03-12 16:19:45,994,WARNING,MOTOR DEBUG - Speed=0.30, Factors: L=1.00, R=0.02
2025-03-12 16:19:45,994,WARNING,MOTOR DEBUG - Final speeds: L=0.30, R=0.01
2025-03-12 16:19:45,995,INFO,Applying to motors - Left: 0.30, Right: 0.01
2025-03-12 16:19:45,997,INFO,POS: (34.2257000, -77.9447000) | HDG: 0.0° | TGT: 0 | DIST: 10872.5m | STEER: 88.3°
2025-03-12 16:19:46,099,WARNING,MOTOR DEBUG - Raw steering command: 88.3°
2025-03-12 16:19:46,100,INFO,RIGHT TURN: 88.3°
2025-03-12 16:19:46,101,WARNING,MOTOR DEBUG - RIGHT turn factors: L=1.000, R=0.019
2025-03-12 16:19:46,102,WARNING,MOTOR DEBUG - Speed=0.30, Factors: L=1.00, R=0.02
2025-03-12 16:19:46,102,WARNING,MOTOR DEBUG - Final speeds: L=0.30, R=0.01
2025-03-12 16:19:46,103,INFO,Applying to motors - Left: 0.30, Right: 0.01
2025-03-12 16:19:46,104,INFO,POS: (34.2257000, -77.9447000) | HDG: 0.0° | TGT: 0 | DIST: 10872.5m | STEER: 88.3°
2025-03-12 16:19:46,206,WARNING,MOTOR DEBUG - Raw steering command: 88.3°
2025-03-12 16:19:46,206,INFO,RIGHT TURN: 88.3°
2025-03-12 16:19:46,206,WARNING,MOTOR DEBUG - RIGHT turn factors: L=1.000, R=0.019
2025-03-12 16:19:46,206,WARNING,MOTOR DEBUG - Speed=0.30, Factors: L=1.00, R=0.02
2025-03-12 16:19:46,207,WARNING,MOTOR DEBUG - Final speeds: L=0.30, R=0.01
2025-03-12 16:19:46,207,INFO,Applying to motors - Left: 0.30, Right: 0.01
2025-03-12 16:19:46,209,INFO,POS: (34.2257000, -77.9447000) | HDG: 0.0° | TGT: 0 | DIST: 10872.5m | STEER: 88.3°
2025-03-12 16:19:46,310,WARNING,MOTOR DEBUG - Raw steering command: 88.3°
2025-03-12 16:19:46,311,INFO,RIGHT TURN: 88.3°
2025-03-12 16:19:46,311,WARNING,MOTOR DEBUG - RIGHT turn factors: L=1.000, R=0.019
2025-03-12 16:19:46,312,WARNING,MOTOR DEBUG - Speed=0.30, Factors: L=1.00, R=0.02
2025-03-12 16:19:46,312,WARNING,MOTOR DEBUG - Final speeds: L=0.30, R=0.01
2025-03-12 16:19:46,313,INFO,Applying to motors - Left: 0.30, Right: 0.01
2025-03-12 16:19:46,314,INFO,POS: (34.2257000, -77.9447000) | HDG: 0.0° | TGT: 0 | DIST: 10872.5m | STEER: 88.3°
2025-03-12 16:19:46,415,WARNING,MOTOR DEBUG - Raw steering command: 88.3°
2025-03-12 16:19:46,416,INFO,RIGHT TURN: 88.3°
2025-03-12 16:19:46,416,WARNING,MOTOR DEBUG - RIGHT turn factors: L=1.000, R=0.019
2025-03-12 16:19:46,417,WARNING,MOTOR DEBUG - Speed=0.30, Factors: L=1.00, R=0.02
2025-03-12 16:19:46,417,WARNING,MOTOR DEBUG - Final speeds: L=0.30, R=0.01
2025-03-12 16:19:46,418,INFO,Applying to motors - Left: 0.30, Right: 0.01
2025-03-12 16:19:46,419,INFO,POS: (34.2257000, -77.9447000) | HDG: 0.0° | TGT: 0 | DIST: 10872.5m | STEER: 88.3°
2025-03-12 16:19:46,521,WARNING,MOTOR DEBUG - Raw steering command: 88.3°
2025-03-12 16:19:46,521,INFO,RIGHT TURN: 88.3°
2025-03-12 16:19:46,522,WARNING,MOTOR DEBUG - RIGHT turn factors: L=1.000, R=0.019
2025-03-12 16:19:46,522,WARNING,MOTOR DEBUG - Speed=0.30, Factors: L=1.00, R=0.02
2025-03-12 16:19:46,523,WARNING,MOTOR DEBUG - Final speeds: L=0.30, R=0.01
2025-03-12 16:19:46,523,INFO,Applying to motors - Left: 0.30, Right: 0.01
2025-03-12 16:19:46,525,INFO,POS: (34.2257000, -77.9447000) | HDG: 0.0° | TGT: 0 | DIST: 10872.5m | STEER: 88.3°
2025-03-12 16:19:46,626,WARNING,MOTOR DEBUG - Raw steering command: 88.3°
2025-03-12 16:19:46,627,INFO,RIGHT TURN: 88.3°
2025-03-12 16:19:46,628,WARNING,MOTOR DEBUG - RIGHT turn factors: L=1.000, R=0.019
2025-03-12 16:19:46,629,WARNING,MOTOR DEBUG - Speed=0.30, Factors: L=1.00, R=0.02
2025-03-12 16:19:46,629,WARNING,MOTOR DEBUG - Final speeds: L=0.30, R=0.01
2025-03-12 16:19:46,630,INFO,Applying to motors - Left: 0.30, Right: 0.01
2025-03-12 16:19:46,633,INFO,POS: (34.2257000, -77.9447000) | HDG: 0.0° | TGT: 0 | DIST: 10872.5m | STEER: 88.3°
2025-03-12 16:19:46,735,WARNING,MOTOR DEBUG - Raw steering command: 88.3°
2025-03-12 16:19:46,737,INFO,RIGHT TURN: 88.3°
2025-03-12 16:19:46,737,WARNING,MOTOR DEBUG - RIGHT turn factors: L=1.000, R=0.019
2025-03-12 16:19:46,739,WARNING,MOTOR DEBUG - Speed=0.30, Factors: L=1.00, R=0.02
2025-03-12 16:19:46,740,WARNING,MOTOR DEBUG - Final speeds: L=0.30, R=0.01
2025-03-12 16:19:46,741,INFO,Applying to motors - Left: 0.30, Right: 0.01
2025-03-12 16:19:46,743,INFO,POS: (34.2257000, -77.9447000) | HDG: 0.0° | TGT: 0 | DIST: 10872.5m | STEER: 88.3°
2025-03-12 16:19:46,846,WARNING,MOTOR DEBUG - Raw steering command: 88.3°
2025-03-12 16:19:46,847,INFO,RIGHT TURN: 88.3°
2025-03-12 16:19:46,848,WARNING,MOTOR DEBUG - RIGHT turn factors: L=1.000, R=0.019
2025-03-12 16:19:46,849,WARNING,MOTOR DEBUG - Speed=0.30, Factors: L=1.00, R=0.02
2025-03-12 16:19:46,850,WARNING,MOTOR DEBUG - Final speeds: L=0.30, R=0.01
2025-03-12 16:19:46,851,INFO,Applying to motors - Left: 0.30, Right: 0.01
2025-03-12 16:19:46,853,INFO,POS: (34.2257000, -77.9447000) | HDG: 0.0° | TGT: 0 | DIST: 10872.5m | STEER: 88.3°
2025-03-12 16:19:46,956,WARNING,MOTOR DEBUG - Raw steering command: 88.3°
2025-03-12 16:19:46,957,INFO,RIGHT TURN: 88.3°
2025-03-12 16:19:46,958,WARNING,MOTOR DEBUG - RIGHT turn factors: L=1.000, R=0.019
2025-03-12 16:19:46,959,WARNING,MOTOR DEBUG - Speed=0.30, Factors: L=1.00, R=0.02
2025-03-12 16:19:46,960,WARNING,MOTOR DEBUG - Final speeds: L=0.30, R=0.01
2025-03-12 16:19:46,961,INFO,Applying to motors - Left: 0.30, Right: 0.01
2025-03-12 16:19:46,964,INFO,POS: (34.2257000, -77.9447000) | HDG: 0.0° | TGT: 0 | DIST: 10872.5m | STEER: 88.3°
2025-03-12 16:19:47,067,WARNING,MOTOR DEBUG - Raw steering command: 88.3°
2025-03-12 16:19:47,068,INFO,RIGHT TURN: 88.3°
2025-03-12 16:19:47,069,WARNING,MOTOR DEBUG - RIGHT turn factors: L=1.000, R=0.019
2025-03-12 16:19:47,070,WARNING,MOTOR DEBUG - Speed=0.30, Factors: L=1.00, R=0.02
2025-03-12 16:19:47,072,WARNING,MOTOR DEBUG - Final speeds: L=0.30, R=0.01
2025-03-12 16:19:47,073,INFO,Applying to motors - Left: 0.30, Right: 0.01
2025-03-12 16:19:47,075,INFO,POS: (34.2257000, -77.9447000) | HDG: 0.0° | TGT: 0 | DIST: 10872.5m | STEER: 88.3°
2025-03-12 16:19:47,178,WARNING,MOTOR DEBUG - Raw steering command: 88.3°
2025-03-12 16:19:47,179,INFO,RIGHT TURN: 88.3°
2025-03-12 16:19:47,180,WARNING,MOTOR DEBUG - RIGHT turn factors: L=1.000, R=0.019
2025-03-12 16:19:47,182,WARNING,MOTOR DEBUG - Speed=0.30, Factors: L=1.00, R=0.02
2025-03-12 16:19:47,183,WARNING,MOTOR DEBUG - Final speeds: L=0.30, R=0.01
2025-03-12 16:19:47,184,INFO,Applying to motors - Left: 0.30, Right: 0.01
2025-03-12 16:19:47,187,INFO,POS: (34.2257000, -77.9447000) | HDG: 0.0° | TGT: 0 | DIST: 10872.5m | STEER: 88.3°
2025-03-12 16:19:47,289,WARNING,MOTOR DEBUG - Raw steering command: 88.3°
2025-03-12 16:19:47,291,INFO,RIGHT TURN: 88.3°
2025-03-12 16:19:47,292,WARNING,MOTOR DEBUG - RIGHT turn factors: L=1.000, R=0.019
2025-03-12 16:19:47,293,WARNING,MOTOR DEBUG - Speed=0.30, Factors: L=1.00, R=0.02
2025-03-12 16:19:47,294,WARNING,MOTOR DEBUG - Final speeds: L=0.30, R=0.01
2025-03-12 16:19:47,295,INFO,Applying to motors - Left: 0.30, Right: 0.01
2025-03-12 16:19:47,298,INFO,POS: (34.2257000, -77.9447000) | HDG: 0.0° | TGT: 0 | DIST: 10872.5m | STEER: 88.3°
2025-03-12 16:19:47,400,WARNING,MOTOR DEBUG - Raw steering command: 88.3°
2025-03-12 16:19:47,401,INFO,RIGHT TURN: 88.3°
2025-03-12 16:19:47,401,WARNING,MOTOR DEBUG - RIGHT turn factors: L=1.000, R=0.019
2025-03-12 16:19:47,402,WARNING,MOTOR DEBUG - Speed=0.30, Factors: L=1.00, R=0.02
2025-03-12 16:19:47,403,WARNING,MOTOR DEBUG - Final speeds: L=0.30, R=0.01
2025-03-12 16:19:47,403,INFO,Applying to motors - Left: 0.30, Right: 0.01
2025-03-12 16:19:47,405,INFO,POS: (34.2257000, -77.9447000) | HDG: 0.0° | TGT: 0 | DIST: 10872.5m | STEER: 88.3°
2025-03-12 16:19:47,507,WARNING,MOTOR DEBUG - Raw steering command: 88.3°
2025-03-12 16:19:47,508,INFO,RIGHT TURN: 88.3°
2025-03-12 16:19:47,508,WARNING,MOTOR DEBUG - RIGHT turn factors: L=1.000, R=0.019
2025-03-12 16:19:47,509,WARNING,MOTOR DEBUG - Speed=0.30, Factors: L=1.00, R=0.02
2025-03-12 16:19:47,510,WARNING,MOTOR DEBUG - Final speeds: L=0.30, R=0.01
2025-03-12 16:19:47,510,INFO,Applying to motors - Left: 0.30, Right: 0.01
2025-03-12 16:19:47,512,INFO,POS: (34.2257000, -77.9447000) | HDG: 0.0° | TGT: 0 | DIST: 10872.5m | STEER: 88.3°
2025-03-12 16:19:47,614,WARNING,MOTOR DEBUG - Raw steering command: 88.3°
2025-03-12 16:19:47,615,INFO,RIGHT TURN: 88.3°
2025-03-12 16:19:47,616,WARNING,MOTOR DEBUG - RIGHT turn factors: L=1.000, R=0.019
2025-03-12 16:19:47,616,WARNING,MOTOR DEBUG - Speed=0.30, Factors: L=1.00, R=0.02
2025-03-12 16:19:47,617,WARNING,MOTOR DEBUG - Final speeds: L=0.30, R=0.01
2025-03-12 16:19:47,617,INFO,Applying to motors - Left: 0.30, Right: 0.01
2025-03-12 16:19:47,619,INFO,POS: (34.2257000, -77.9447000) | HDG: 0.0° | TGT: 0 | DIST: 10872.5m | STEER: 88.3°
2025-03-12 16:19:47,721,WARNING,MOTOR DEBUG - Raw steering command: 88.3°
2025-03-12 16:19:47,722,INFO,RIGHT TURN: 88.3°
2025-03-12 16:19:47,723,WARNING,MOTOR DEBUG - RIGHT turn factors: L=1.000, R=0.019
2025-03-12 16:19:47,725,WARNING,MOTOR DEBUG - Speed=0.30, Factors: L=1.00, R=0.02
2025-03-12 16:19:47,726,WARNING,MOTOR DEBUG - Final speeds: L=0.30, R=0.01
2025-03-12 16:19:47,727,INFO,Applying to motors - Left: 0.30, Right: 0.01
2025-03-12 16:19:47,730,INFO,POS: (34.2257000, -77.9447000) | HDG: 0.0° | TGT: 0 | DIST: 10872.5m | STEER: 88.3°
2025-03-12 16:19:47,833,WARNING,MOTOR DEBUG - Raw steering command: 88.3°
2025-03-12 16:19:47,834,INFO,RIGHT TURN: 88.3°
2025-03-12 16:19:47,835,WARNING,MOTOR DEBUG - RIGHT turn factors: L=1.000, R=0.019
2025-03-12 16:19:47,836,WARNING,MOTOR DEBUG - Speed=0.30, Factors: L=1.00, R=0.02
2025-03-12 16:19:47,837,WARNING,MOTOR DEBUG - Final speeds: L=0.30, R=0.01
2025-03-12 16:19:47,838,INFO,Applying to motors - Left: 0.30, Right: 0.01
2025-03-12 16:19:47,841,INFO,POS: (34.2257000, -77.9447000) | HDG: 0.0° | TGT: 0 | DIST: 10872.5m | STEER: 88.3°
2025-03-12 16:19:47,944,WARNING,MOTOR DEBUG - Raw steering command: 88.3°
2025-03-12 16:19:47,945,INFO,RIGHT TURN: 88.3°
2025-03-12 16:19:47,946,WARNING,MOTOR DEBUG - RIGHT turn factors: L=1.000, R=0.019
2025-03-12 16:19:47,947,WARNING,MOTOR DEBUG - Speed=0.30, Factors: L=1.00, R=0.02
2025-03-12 16:19:47,948,WARNING,MOTOR DEBUG - Final speeds: L=0.30, R=0.01
2025-03-12 16:19:47,949,INFO,Applying to motors - Left: 0.30, Right: 0.01
2025-03-12 16:19:47,953,INFO,POS: (34.2257000, -77.9447000) | HDG: 0.0° | TGT: 0 | DIST: 10872.5m | STEER: 88.3°
2025-03-12 16:19:48,055,WARNING,MOTOR DEBUG - Raw steering command: 88.3°
2025-03-12 16:19:48,057,INFO,RIGHT TURN: 88.3°
2025-03-12 16:19:48,058,WARNING,MOTOR DEBUG - RIGHT turn factors: L=1.000, R=0.019
2025-03-12 16:19:48,059,WARNING,MOTOR DEBUG - Speed=0.30, Factors: L=1.00, R=0.02
2025-03-12 16:19:48,060,WARNING,MOTOR DEBUG - Final speeds: L=0.30, R=0.01
2025-03-12 16:19:48,061,INFO,Applying to motors - Left: 0.30, Right: 0.01
2025-03-12 16:19:48,064,INFO,POS: (34.2257000, -77.9447000) | HDG: 0.0° | TGT: 0 | DIST: 10872.5m | STEER: 88.3°
2025-03-12 16:19:48,167,WARNING,MOTOR DEBUG - Raw steering command: 88.3°
2025-03-12 16:19:48,169,INFO,RIGHT TURN: 88.3°
2025-03-12 16:19:48,170,WARNING,MOTOR DEBUG - RIGHT turn factors: L=1.000, R=0.019
2025-03-12 16:19:48,171,WARNING,MOTOR DEBUG - Speed=0.30, Factors: L=1.00, R=0.02
2025-03-12 16:19:48,172,WARNING,MOTOR DEBUG - Final speeds: L=0.30, R=0.01
2025-03-12 16:19:48,173,INFO,Applying to motors - Left: 0.30, Right: 0.01
2025-03-12 16:19:48,176,INFO,POS: (34.2257000, -77.9447000) | HDG: 0.0° | TGT: 0 | DIST: 10872.5m | STEER: 88.3°
2025-03-12 16:19:48,279,WARNING,MOTOR DEBUG - Raw steering command: 88.3°
2025-03-12 16:19:48,280,INFO,RIGHT TURN: 88.3°
2025-03-12 16:19:48,281,WARNING,MOTOR DEBUG - RIGHT turn factors: L=1.000, R=0.019
2025-03-12 16:19:48,283,WARNING,MOTOR DEBUG - Speed=0.30, Factors: L=1.00, R=0.02
2025-03-12 16:19:48,284,WARNING,MOTOR DEBUG - Final speeds: L=0.30, R=0.01
2025-03-12 16:19:48,285,INFO,Applying to motors - Left: 0.30, Right: 0.01
2025-03-12 16:19:48,288,INFO,POS: (34.2257000, -77.9447000) | HDG: 0.0° | TGT: 0 | DIST: 10872.5m | STEER: 88.3°
2025-03-12 16:19:48,390,WARNING,MOTOR DEBUG - Raw steering command: 88.3°
2025-03-12 16:19:48,391,INFO,RIGHT TURN: 88.3°
2025-03-12 16:19:48,392,WARNING,MOTOR DEBUG - RIGHT turn factors: L=1.000, R=0.019
2025-03-12 16:19:48,394,WARNING,MOTOR DEBUG - Speed=0.30, Factors: L=1.00, R=0.02
2025-03-12 16:19:48,394,WARNING,MOTOR DEBUG - Final speeds: L=0.30, R=0.01
2025-03-12 16:19:48,395,INFO,Applying to motors - Left: 0.30, Right: 0.01
2025-03-12 16:19:48,398,INFO,POS: (34.2257000, -77.9447000) | HDG: 0.0° | TGT: 0 | DIST: 10872.5m | STEER: 88.3°
2025-03-12 16:19:48,501,WARNING,MOTOR DEBUG - Raw steering command: 88.3°
2025-03-12 16:19:48,502,INFO,RIGHT TURN: 88.3°
2025-03-12 16:19:48,503,WARNING,MOTOR DEBUG - RIGHT turn factors: L=1.000, R=0.019
2025-03-12 16:19:48,505,WARNING,MOTOR DEBUG - Speed=0.30, Factors: L=1.00, R=0.02
2025-03-12 16:19:48,506,WARNING,MOTOR DEBUG - Final speeds: L=0.30, R=0.01
2025-03-12 16:19:48,507,INFO,Applying to motors - Left: 0.30, Right: 0.01
2025-03-12 16:19:48,509,INFO,POS: (34.2257000, -77.9447000) | HDG: 0.0° | TGT: 0 | DIST: 10872.5m | STEER: 88.3°
2025-03-12 16:19:48,612,WARNING,MOTOR DEBUG - Raw steering command: 88.3°
2025-03-12 16:19:48,613,INFO,RIGHT TURN: 88.3°
2025-03-12 16:19:48,614,WARNING,MOTOR DEBUG - RIGHT turn factors: L=1.000, R=0.019
2025-03-12 16:19:48,616,WARNING,MOTOR DEBUG - Speed=0.30, Factors: L=1.00, R=0.02
2025-03-12 16:19:48,617,WARNING,MOTOR DEBUG - Final speeds: L=0.30, R=0.01
2025-03-12 16:19:48,618,INFO,Applying to motors - Left: 0.30, Right: 0.01
2025-03-12 16:19:48,621,INFO,POS: (34.2257000, -77.9447000) | HDG: 0.0° | TGT: 0 | DIST: 10872.5m | STEER: 88.3°
2025-03-12 16:19:48,723,WARNING,MOTOR DEBUG - Raw steering command: 88.3°
2025-03-12 16:19:48,724,INFO,RIGHT TURN: 88.3°
2025-03-12 16:19:48,724,WARNING,MOTOR DEBUG - RIGHT turn factors: L=1.000, R=0.019
2025-03-12 16:19:48,725,WARNING,MOTOR DEBUG - Speed=0.30, Factors: L=1.00, R=0.02
2025-03-12 16:19:48,726,WARNING,MOTOR DEBUG - Final speeds: L=0.30, R=0.01
2025-03-12 16:19:48,726,INFO,Applying to motors - Left: 0.30, Right: 0.01
2025-03-12 16:19:48,730,INFO,POS: (34.2257000, -77.9447000) | HDG: 0.0° | TGT: 0 | DIST: 10872.5m | STEER: 88.3°
2025-03-12 16:19:48,833,WARNING,MOTOR DEBUG - Raw steering command: 88.3°
2025-03-12 16:19:48,833,INFO,RIGHT TURN: 88.3°
2025-03-12 16:19:48,834,WARNING,MOTOR DEBUG - RIGHT turn factors: L=1.000, R=0.019
2025-03-12 16:19:48,835,WARNING,MOTOR DEBUG - Speed=0.30, Factors: L=1.00, R=0.02
2025-03-12 16:19:48,836,WARNING,MOTOR DEBUG - Final speeds: L=0.30, R=0.01
2025-03-12 16:19:48,837,INFO,Applying to motors - Left: 0.30, Right: 0.01
2025-03-12 16:19:48,839,INFO,POS: (34.2257000, -77.9447000) | HDG: 0.0° | TGT: 0 | DIST: 10872.5m | STEER: 88.3°
2025-03-12 16:19:48,941,WARNING,MOTOR DEBUG - Raw steering command: 88.3°
2025-03-12 16:19:48,942,INFO,RIGHT TURN: 88.3°
2025-03-12 16:19:48,943,WARNING,MOTOR DEBUG - RIGHT turn factors: L=1.000, R=0.019
2025-03-12 16:19:48,944,WARNING,MOTOR DEBUG - Speed=0.30, Factors: L=1.00, R=0.02
2025-03-12 16:19:48,944,WARNING,MOTOR DEBUG - Final speeds: L=0.30, R=0.01
2025-03-12 16:19:48,944,INFO,Applying to motors - Left: 0.30, Right: 0.01
2025-03-12 16:19:48,946,INFO,POS: (34.2257000, -77.9447000) | HDG: 0.0° | TGT: 0 | DIST: 10872.5m | STEER: 88.3°
2025-03-12 16:19:49,048,WARNING,MOTOR DEBUG - Raw steering command: 88.3°
2025-03-12 16:19:49,051,INFO,RIGHT TURN: 88.3°
2025-03-12 16:19:49,052,WARNING,MOTOR DEBUG - RIGHT turn factors: L=1.000, R=0.019
2025-03-12 16:19:49,053,WARNING,MOTOR DEBUG - Speed=0.30, Factors: L=1.00, R=0.02
2025-03-12 16:19:49,054,WARNING,MOTOR DEBUG - Final speeds: L=0.30, R=0.01
2025-03-12 16:19:49,054,INFO,Applying to motors - Left: 0.30, Right: 0.01
2025-03-12 16:19:49,056,INFO,POS: (34.2257000, -77.9447000) | HDG: 0.0° | TGT: 0 | DIST: 10872.5m | STEER: 88.3°
2025-03-12 16:19:49,158,WARNING,MOTOR DEBUG - Raw steering command: 88.3°
2025-03-12 16:19:49,159,INFO,RIGHT TURN: 88.3°
2025-03-12 16:19:49,160,WARNING,MOTOR DEBUG - RIGHT turn factors: L=1.000, R=0.019
2025-03-12 16:19:49,161,WARNING,MOTOR DEBUG - Speed=0.30, Factors: L=1.00, R=0.02
2025-03-12 16:19:49,161,WARNING,MOTOR DEBUG - Final speeds: L=0.30, R=0.01
2025-03-12 16:19:49,162,INFO,Applying to motors - Left: 0.30, Right: 0.01
2025-03-12 16:19:49,164,INFO,POS: (34.2257000, -77.9447000) | HDG: 0.0° | TGT: 0 | DIST: 10872.5m | STEER: 88.3°
2025-03-12 16:19:49,266,WARNING,MOTOR DEBUG - Raw steering command: 88.3°
2025-03-12 16:19:49,267,INFO,RIGHT TURN: 88.3°
2025-03-12 16:19:49,267,WARNING,MOTOR DEBUG - RIGHT turn factors: L=1.000, R=0.019
2025-03-12 16:19:49,268,WARNING,MOTOR DEBUG - Speed=0.30, Factors: L=1.00, R=0.02
2025-03-12 16:19:49,269,WARNING,MOTOR DEBUG - Final speeds: L=0.30, R=0.01
2025-03-12 16:19:49,269,INFO,Applying to motors - Left: 0.30, Right: 0.01
2025-03-12 16:19:49,271,INFO,POS: (34.2257000, -77.9447000) | HDG: 0.0° | TGT: 0 | DIST: 10872.5m | STEER: 88.3°
2025-03-12 16:19:49,373,WARNING,MOTOR DEBUG - Raw steering command: 88.3°
2025-03-12 16:19:49,374,INFO,RIGHT TURN: 88.3°
2025-03-12 16:19:49,374,WARNING,MOTOR DEBUG - RIGHT turn factors: L=1.000, R=0.019
2025-03-12 16:19:49,375,WARNING,MOTOR DEBUG - Speed=0.30, Factors: L=1.00, R=0.02
2025-03-12 16:19:49,376,WARNING,MOTOR DEBUG - Final speeds: L=0.30, R=0.01
2025-03-12 16:19:49,376,INFO,Applying to motors - Left: 0.30, Right: 0.01
2025-03-12 16:19:49,378,INFO,POS: (34.2257000, -77.9447000) | HDG: 0.0° | TGT: 0 | DIST: 10872.5m | STEER: 88.3°
2025-03-12 16:19:49,480,WARNING,MOTOR DEBUG - Raw steering command: 88.3°
2025-03-12 16:19:49,481,INFO,RIGHT TURN: 88.3°
2025-03-12 16:19:49,481,WARNING,MOTOR DEBUG - RIGHT turn factors: L=1.000, R=0.019
2025-03-12 16:19:49,482,WARNING,MOTOR DEBUG - Speed=0.30, Factors: L=1.00, R=0.02
2025-03-12 16:19:49,482,WARNING,MOTOR DEBUG - Final speeds: L=0.30, R=0.01
2025-03-12 16:19:49,483,INFO,Applying to motors - Left: 0.30, Right: 0.01
2025-03-12 16:19:49,485,INFO,POS: (34.2257000, -77.9447000) | HDG: 0.0° | TGT: 0 | DIST: 10872.5m | STEER: 88.3°
2025-03-12 16:19:49,586,WARNING,MOTOR DEBUG - Raw steering command: 88.3°
2025-03-12 16:19:49,587,INFO,RIGHT TURN: 88.3°
2025-03-12 16:19:49,587,WARNING,MOTOR DEBUG - RIGHT turn factors: L=1.000, R=0.019
2025-03-12 16:19:49,588,WARNING,MOTOR DEBUG - Speed=0.30, Factors: L=1.00, R=0.02
2025-03-12 16:19:49,589,WARNING,MOTOR DEBUG - Final speeds: L=0.30, R=0.01
2025-03-12 16:19:49,589,INFO,Applying to motors - Left: 0.30, Right: 0.01
2025-03-12 16:19:49,591,INFO,POS: (34.2257000, -77.9447000) | HDG: 0.0° | TGT: 0 | DIST: 10872.5m | STEER: 88.3°
2025-03-12 16:19:49,693,WARNING,MOTOR DEBUG - Raw steering command: 88.3°
2025-03-12 16:19:49,694,INFO,RIGHT TURN: 88.3°
2025-03-12 16:19:49,694,WARNING,MOTOR DEBUG - RIGHT turn factors: L=1.000, R=0.019
2025-03-12 16:19:49,695,WARNING,MOTOR DEBUG - Speed=0.30, Factors: L=1.00, R=0.02
2025-03-12 16:19:49,696,WARNING,MOTOR DEBUG - Final speeds: L=0.30, R=0.01
2025-03-12 16:19:49,696,INFO,Applying to motors - Left: 0.30, Right: 0.01
2025-03-12 16:19:49,698,INFO,POS: (34.2257000, -77.9447000) | HDG: 0.0° | TGT: 0 | DIST: 10872.5m | STEER: 88.3°
2025-03-12 16:19:49,801,WARNING,MOTOR DEBUG - Raw steering command: 88.3°
2025-03-12 16:19:49,802,INFO,RIGHT TURN: 88.3°
2025-03-12 16:19:49,803,WARNING,MOTOR DEBUG - RIGHT turn factors: L=1.000, R=0.019
2025-03-12 16:19:49,804,WARNING,MOTOR DEBUG - Speed=0.30, Factors: L=1.00, R=0.02
2025-03-12 16:19:49,804,WARNING,MOTOR DEBUG - Final speeds: L=0.30, R=0.01
2025-03-12 16:19:49,805,INFO,Applying to motors - Left: 0.30, Right: 0.01
2025-03-12 16:19:49,807,INFO,POS: (34.2257000, -77.9447000) | HDG: 0.0° | TGT: 0 | DIST: 10872.5m | STEER: 88.3°
2025-03-12 16:19:49,910,WARNING,MOTOR DEBUG - Raw steering command: 88.3°
2025-03-12 16:19:49,911,INFO,RIGHT TURN: 88.3°
2025-03-12 16:19:49,911,WARNING,MOTOR DEBUG - RIGHT turn factors: L=1.000, R=0.019
2025-03-12 16:19:49,912,WARNING,MOTOR DEBUG - Speed=0.30, Factors: L=1.00, R=0.02
2025-03-12 16:19:49,912,WARNING,MOTOR DEBUG - Final speeds: L=0.30, R=0.01
2025-03-12 16:19:49,913,INFO,Applying to motors - Left: 0.30, Right: 0.01
2025-03-12 16:19:49,914,INFO,POS: (34.2257000, -77.9447000) | HDG: 0.0° | TGT: 0 | DIST: 10872.5m | STEER: 88.3°
2025-03-12 16:19:50,016,WARNING,MOTOR DEBUG - Raw steering command: 88.3°
2025-03-12 16:19:50,017,INFO,RIGHT TURN: 88.3°
2025-03-12 16:19:50,017,WARNING,MOTOR DEBUG - RIGHT turn factors: L=1.000, R=0.019
2025-03-12 16:19:50,018,WARNING,MOTOR DEBUG - Speed=0.30, Factors: L=1.00, R=0.02
2025-03-12 16:19:50,019,WARNING,MOTOR DEBUG - Final speeds: L=0.30, R=0.01
2025-03-12 16:19:50,019,INFO,Applying to motors - Left: 0.30, Right: 0.01
2025-03-12 16:19:50,021,INFO,POS: (34.2257000, -77.9447000) | HDG: 0.0° | TGT: 0 | DIST: 10872.5m | STEER: 88.3°
2025-03-12 16:19:50,123,WARNING,MOTOR DEBUG - Raw steering command: 88.3°
2025-03-12 16:19:50,123,INFO,RIGHT TURN: 88.3°
2025-03-12 16:19:50,124,WARNING,MOTOR DEBUG - RIGHT turn factors: L=1.000, R=0.019
2025-03-12 16:19:50,124,WARNING,MOTOR DEBUG - Speed=0.30, Factors: L=1.00, R=0.02
2025-03-12 16:19:50,125,WARNING,MOTOR DEBUG - Final speeds: L=0.30, R=0.01
2025-03-12 16:19:50,125,INFO,Applying to motors - Left: 0.30, Right: 0.01
2025-03-12 16:19:50,127,INFO,POS: (34.2257000, -77.9447000) | HDG: 0.0° | TGT: 0 | DIST: 10872.5m | STEER: 88.3°
2025-03-12 16:19:50,228,WARNING,MOTOR DEBUG - Raw steering command: 88.3°
2025-03-12 16:19:50,229,INFO,RIGHT TURN: 88.3°
2025-03-12 16:19:50,230,WARNING,MOTOR DEBUG - RIGHT turn factors: L=1.000, R=0.019
2025-03-12 16:19:50,230,WARNING,MOTOR DEBUG - Speed=0.30, Factors: L=1.00, R=0.02
2025-03-12 16:19:50,231,WARNING,MOTOR DEBUG - Final speeds: L=0.30, R=0.01
2025-03-12 16:19:50,231,INFO,Applying to motors - Left: 0.30, Right: 0.01
2025-03-12 16:19:50,233,INFO,POS: (34.2257000, -77.9447000) | HDG: 0.0° | TGT: 0 | DIST: 10872.5m | STEER: 88.3°
2025-03-12 16:19:50,335,WARNING,MOTOR DEBUG - Raw steering command: 88.3°
2025-03-12 16:19:50,337,INFO,RIGHT TURN: 88.3°
2025-03-12 16:19:50,337,WARNING,MOTOR DEBUG - RIGHT turn factors: L=1.000, R=0.019
2025-03-12 16:19:50,339,WARNING,MOTOR DEBUG - Speed=0.30, Factors: L=1.00, R=0.02
2025-03-12 16:19:50,339,WARNING,MOTOR DEBUG - Final speeds: L=0.30, R=0.01
2025-03-12 16:19:50,340,INFO,Applying to motors - Left: 0.30, Right: 0.01
2025-03-12 16:19:50,342,INFO,POS: (34.2257000, -77.9447000) | HDG: 0.0° | TGT: 0 | DIST: 10872.5m | STEER: 88.3°
2025-03-12 16:19:50,445,WARNING,MOTOR DEBUG - Raw steering command: 88.3°
2025-03-12 16:19:50,446,INFO,RIGHT TURN: 88.3°
2025-03-12 16:19:50,447,WARNING,MOTOR DEBUG - RIGHT turn factors: L=1.000, R=0.019
2025-03-12 16:19:50,448,WARNING,MOTOR DEBUG - Speed=0.30, Factors: L=1.00, R=0.02
2025-03-12 16:19:50,449,WARNING,MOTOR DEBUG - Final speeds: L=0.30, R=0.01
2025-03-12 16:19:50,450,INFO,Applying to motors - Left: 0.30, Right: 0.01
2025-03-12 16:19:50,453,INFO,POS: (34.2257000, -77.9447000) | HDG: 0.0° | TGT: 0 | DIST: 10872.5m | STEER: 88.3°
2025-03-12 16:19:50,556,WARNING,MOTOR DEBUG - Raw steering command: 88.3°
2025-03-12 16:19:50,557,INFO,RIGHT TURN: 88.3°
2025-03-12 16:19:50,557,WARNING,MOTOR DEBUG - RIGHT turn factors: L=1.000, R=0.019
2025-03-12 16:19:50,558,WARNING,MOTOR DEBUG - Speed=0.30, Factors: L=1.00, R=0.02
2025-03-12 16:19:50,559,WARNING,MOTOR DEBUG - Final speeds: L=0.30, R=0.01
2025-03-12 16:19:50,560,INFO,Applying to motors - Left: 0.30, Right: 0.01
2025-03-12 16:19:50,563,INFO,POS: (34.2257000, -77.9447000) | HDG: 0.0° | TGT: 0 | DIST: 10872.5m | STEER: 88.3°
2025-03-12 16:19:50,665,WARNING,MOTOR DEBUG - Raw steering command: 88.3°
2025-03-12 16:19:50,665,INFO,RIGHT TURN: 88.3°
2025-03-12 16:19:50,665,WARNING,MOTOR DEBUG - RIGHT turn factors: L=1.000, R=0.019
2025-03-12 16:19:50,666,WARNING,MOTOR DEBUG - Speed=0.30, Factors: L=1.00, R=0.02
2025-03-12 16:19:50,666,WARNING,MOTOR DEBUG - Final speeds: L=0.30, R=0.01
2025-03-12 16:19:50,666,INFO,Applying to motors - Left: 0.30, Right: 0.01
2025-03-12 16:19:50,668,INFO,POS: (34.2257000, -77.9447000) | HDG: 0.0° | TGT: 0 | DIST: 10872.5m | STEER: 88.3°
2025-03-12 16:19:50,769,WARNING,MOTOR DEBUG - Raw steering command: 88.3°
2025-03-12 16:19:50,769,INFO,RIGHT TURN: 88.3°
2025-03-12 16:19:50,769,WARNING,MOTOR DEBUG - RIGHT turn factors: L=1.000, R=0.019
2025-03-12 16:19:50,770,WARNING,MOTOR DEBUG - Speed=0.30, Factors: L=1.00, R=0.02
2025-03-12 16:19:50,770,WARNING,MOTOR DEBUG - Final speeds: L=0.30, R=0.01
2025-03-12 16:19:50,770,INFO,Applying to motors - Left: 0.30, Right: 0.01
2025-03-12 16:19:50,772,INFO,POS: (34.2257000, -77.9447000) | HDG: 0.0° | TGT: 0 | DIST: 10872.5m | STEER: 88.3°
2025-03-12 16:19:50,873,WARNING,MOTOR DEBUG - Raw steering command: 88.3°
2025-03-12 16:19:50,874,INFO,RIGHT TURN: 88.3°
2025-03-12 16:19:50,874,WARNING,MOTOR DEBUG - RIGHT turn factors: L=1.000, R=0.019
2025-03-12 16:19:50,875,WARNING,MOTOR DEBUG - Speed=0.30, Factors: L=1.00, R=0.02
2025-03-12 16:19:50,875,WARNING,MOTOR DEBUG - Final speeds: L=0.30, R=0.01
2025-03-12 16:19:50,876,INFO,Applying to motors - Left: 0.30, Right: 0.01
2025-03-12 16:19:50,877,INFO,POS: (34.2257000, -77.9447000) | HDG: 0.0° | TGT: 0 | DIST: 10872.5m | STEER: 88.3°
2025-03-12 16:19:50,978,WARNING,MOTOR DEBUG - Raw steering command: 88.3°
2025-03-12 16:19:50,979,INFO,RIGHT TURN: 88.3°
2025-03-12 16:19:50,980,WARNING,MOTOR DEBUG - RIGHT turn factors: L=1.000, R=0.019
2025-03-12 16:19:50,980,WARNING,MOTOR DEBUG - Speed=0.30, Factors: L=1.00, R=0.02
2025-03-12 16:19:50,981,WARNING,MOTOR DEBUG - Final speeds: L=0.30, R=0.01
2025-03-12 16:19:50,981,INFO,Applying to motors - Left: 0.30, Right: 0.01
2025-03-12 16:19:50,983,INFO,POS: (34.2257000, -77.9447000) | HDG: 0.0° | TGT: 0 | DIST: 10872.5m | STEER: 88.3°
2025-03-12 16:19:51,084,WARNING,MOTOR DEBUG - Raw steering command: 88.3°
2025-03-12 16:19:51,084,INFO,RIGHT TURN: 88.3°
2025-03-12 16:19:51,085,WARNING,MOTOR DEBUG - RIGHT turn factors: L=1.000, R=0.019
2025-03-12 16:19:51,085,WARNING,MOTOR DEBUG - Speed=0.30, Factors: L=1.00, R=0.02
2025-03-12 16:19:51,085,WARNING,MOTOR DEBUG - Final speeds: L=0.30, R=0.01
2025-03-12 16:19:51,085,INFO,Applying to motors - Left: 0.30, Right: 0.01
2025-03-12 16:19:51,087,INFO,POS: (34.2257000, -77.9447000) | HDG: 0.0° | TGT: 0 | DIST: 10872.5m | STEER: 88.3°
2025-03-12 16:19:51,188,WARNING,MOTOR DEBUG - Raw steering command: 88.3°
2025-03-12 16:19:51,188,INFO,RIGHT TURN: 88.3°
2025-03-12 16:19:51,188,WARNING,MOTOR DEBUG - RIGHT turn factors: L=1.000, R=0.019
2025-03-12 16:19:51,189,WARNING,MOTOR DEBUG - Speed=0.30, Factors: L=1.00, R=0.02
2025-03-12 16:19:51,189,WARNING,MOTOR DEBUG - Final speeds: L=0.30, R=0.01
2025-03-12 16:19:51,189,INFO,Applying to motors - Left: 0.30, Right: 0.01
2025-03-12 16:19:51,191,INFO,POS: (34.2257000, -77.9447000) | HDG: 0.0° | TGT: 0 | DIST: 10872.5m | STEER: 88.3°
2025-03-12 16:19:51,293,WARNING,MOTOR DEBUG - Raw steering command: 88.3°
2025-03-12 16:19:51,293,INFO,RIGHT TURN: 88.3°
2025-03-12 16:19:51,293,WARNING,MOTOR DEBUG - RIGHT turn factors: L=1.000, R=0.019
2025-03-12 16:19:51,294,WARNING,MOTOR DEBUG - Speed=0.30, Factors: L=1.00, R=0.02
2025-03-12 16:19:51,294,WARNING,MOTOR DEBUG - Final speeds: L=0.30, R=0.01
2025-03-12 16:19:51,294,INFO,Applying to motors - Left: 0.30, Right: 0.01
2025-03-12 16:19:51,295,INFO,POS: (34.2257000, -77.9447000) | HDG: 0.0° | TGT: 0 | DIST: 10872.5m | STEER: 88.3°
2025-03-12 16:19:51,396,WARNING,MOTOR DEBUG - Raw steering command: 88.3°
2025-03-12 16:19:51,397,INFO,RIGHT TURN: 88.3°
2025-03-12 16:19:51,397,WARNING,MOTOR DEBUG - RIGHT turn factors: L=1.000, R=0.019
2025-03-12 16:19:51,398,WARNING,MOTOR DEBUG - Speed=0.30, Factors: L=1.00, R=0.02
2025-03-12 16:19:51,398,WARNING,MOTOR DEBUG - Final speeds: L=0.30, R=0.01
2025-03-12 16:19:51,398,INFO,Applying to motors - Left: 0.30, Right: 0.01
2025-03-12 16:19:51,399,INFO,POS: (34.2257000, -77.9447000) | HDG: 0.0° | TGT: 0 | DIST: 10872.5m | STEER: 88.3°
2025-03-12 16:19:51,500,WARNING,MOTOR DEBUG - Raw steering command: 88.3°
2025-03-12 16:19:51,501,INFO,RIGHT TURN: 88.3°
2025-03-12 16:19:51,501,WARNING,MOTOR DEBUG - RIGHT turn factors: L=1.000, R=0.019
2025-03-12 16:19:51,501,WARNING,MOTOR DEBUG - Speed=0.30, Factors: L=1.00, R=0.02
2025-03-12 16:19:51,502,WARNING,MOTOR DEBUG - Final speeds: L=0.30, R=0.01
2025-03-12 16:19:51,502,INFO,Applying to motors - Left: 0.30, Right: 0.01
2025-03-12 16:19:51,503,INFO,POS: (34.2257000, -77.9447000) | HDG: 0.0° | TGT: 0 | DIST: 10872.5m | STEER: 88.3°
2025-03-12 16:19:51,604,WARNING,MOTOR DEBUG - Raw steering command: 88.3°
2025-03-12 16:19:51,605,INFO,RIGHT TURN: 88.3°
2025-03-12 16:19:51,605,WARNING,MOTOR DEBUG - RIGHT turn factors: L=1.000, R=0.019
2025-03-12 16:19:51,605,WARNING,MOTOR DEBUG - Speed=0.30, Factors: L=1.00, R=0.02
2025-03-12 16:19:51,606,WARNING,MOTOR DEBUG - Final speeds: L=0.30, R=0.01
2025-03-12 16:19:51,606,INFO,Applying to motors - Left: 0.30, Right: 0.01
2025-03-12 16:19:51,607,INFO,POS: (34.2257000, -77.9447000) | HDG: 0.0° | TGT: 0 | DIST: 10872.5m | STEER: 88.3°
2025-03-12 16:19:51,708,WARNING,MOTOR DEBUG - Raw steering command: 88.3°
2025-03-12 16:19:51,709,INFO,RIGHT TURN: 88.3°
2025-03-12 16:19:51,709,WARNING,MOTOR DEBUG - RIGHT turn factors: L=1.000, R=0.019
2025-03-12 16:19:51,709,WARNING,MOTOR DEBUG - Speed=0.30, Factors: L=1.00, R=0.02
2025-03-12 16:19:51,710,WARNING,MOTOR DEBUG - Final speeds: L=0.30, R=0.01
2025-03-12 16:19:51,710,INFO,Applying to motors - Left: 0.30, Right: 0.01
2025-03-12 16:19:51,711,INFO,POS: (34.2257000, -77.9447000) | HDG: 0.0° | TGT: 0 | DIST: 10872.5m | STEER: 88.3°
2025-03-12 16:19:51,812,WARNING,MOTOR DEBUG - Raw steering command: 88.3°
2025-03-12 16:19:51,813,INFO,RIGHT TURN: 88.3°
2025-03-12 16:19:51,813,WARNING,MOTOR DEBUG - RIGHT turn factors: L=1.000, R=0.019
2025-03-12 16:19:51,814,WARNING,MOTOR DEBUG - Speed=0.30, Factors: L=1.00, R=0.02
2025-03-12 16:19:51,814,WARNING,MOTOR DEBUG - Final speeds: L=0.30, R=0.01
2025-03-12 16:19:51,814,INFO,Applying to motors - Left: 0.30, Right: 0.01
2025-03-12 16:19:51,816,INFO,POS: (34.2257000, -77.9447000) | HDG: 0.0° | TGT: 0 | DIST: 10872.5m | STEER: 88.3°
2025-03-12 16:19:51,917,WARNING,MOTOR DEBUG - Raw steering command: 88.3°
2025-03-12 16:19:51,917,INFO,RIGHT TURN: 88.3°
2025-03-12 16:19:51,918,WARNING,MOTOR DEBUG - RIGHT turn factors: L=1.000, R=0.019
2025-03-12 16:19:51,918,WARNING,MOTOR DEBUG - Speed=0.30, Factors: L=1.00, R=0.02
2025-03-12 16:19:51,918,WARNING,MOTOR DEBUG - Final speeds: L=0.30, R=0.01
2025-03-12 16:19:51,918,INFO,Applying to motors - Left: 0.30, Right: 0.01
2025-03-12 16:19:51,920,INFO,POS: (34.2257000, -77.9447000) | HDG: 0.0° | TGT: 0 | DIST: 10872.5m | STEER: 88.3°
2025-03-12 16:19:52,021,WARNING,MOTOR DEBUG - Raw steering command: 88.3°
2025-03-12 16:19:52,022,INFO,RIGHT TURN: 88.3°
2025-03-12 16:19:52,022,WARNING,MOTOR DEBUG - RIGHT turn factors: L=1.000, R=0.019
2025-03-12 16:19:52,022,WARNING,MOTOR DEBUG - Speed=0.30, Factors: L=1.00, R=0.02
2025-03-12 16:19:52,023,WARNING,MOTOR DEBUG - Final speeds: L=0.30, R=0.01
2025-03-12 16:19:52,023,INFO,Applying to motors - Left: 0.30, Right: 0.01
2025-03-12 16:19:52,025,INFO,POS: (34.2257000, -77.9447000) | HDG: 0.0° | TGT: 0 | DIST: 10872.5m | STEER: 88.3°
2025-03-12 16:19:52,126,WARNING,MOTOR DEBUG - Raw steering command: 88.3°
2025-03-12 16:19:52,126,INFO,RIGHT TURN: 88.3°
2025-03-12 16:19:52,126,WARNING,MOTOR DEBUG - RIGHT turn factors: L=1.000, R=0.019
2025-03-12 16:19:52,127,WARNING,MOTOR DEBUG - Speed=0.30, Factors: L=1.00, R=0.02
2025-03-12 16:19:52,127,WARNING,MOTOR DEBUG - Final speeds: L=0.30, R=0.01
2025-03-12 16:19:52,127,INFO,Applying to motors - Left: 0.30, Right: 0.01
2025-03-12 16:19:52,129,INFO,POS: (34.2257000, -77.9447000) | HDG: 0.0° | TGT: 0 | DIST: 10872.5m | STEER: 88.3°
2025-03-12 16:19:52,196,INFO,Control interrupted by user
2025-03-12 16:19:52,199,INFO,Motors stopped
