2025-03-12 15:46:40,439,INFO,Starting in REAL HARDWARE mode
2025-03-12 15:46:40,440,CRITICAL,Using waypoints file: /home/jay/projects/grassSmoking/autonomous-rover/data/polygon_data.json
2025-03-12 15:46:40,440,CRITICAL,Successfully opened waypoints file
2025-03-12 15:46:40,441,CRITICAL,Raw file content (first 100 chars): [
  {
    "lat": 34.15195716,
    "lon": -77.86700018666667
  },
  {
    "lat": 34.152101085,
    "l...
2025-03-12 15:46:40,441,CRITICAL,==== LOADED WAYPOINTS ====
2025-03-12 15:46:40,441,CRITICAL,WP 0: (34.1519572, -77.8670002)
2025-03-12 15:46:40,442,CRITICAL,WP 1: (34.1521011, -77.8669438)
2025-03-12 15:46:40,443,CRITICAL,WP 2: (34.1520569, -77.8668358)
2025-03-12 15:46:40,443,CRITICAL,WP 3: (34.1519539, -77.8668528)
2025-03-12 15:46:40,444,CRITICAL,========================
2025-03-12 15:46:40,444,INFO,Initializing GPS Monitor (simulation=False)
2025-03-12 15:46:40,449,INFO,Connected to front GPS on /dev/ttyACM0
2025-03-12 15:46:40,449,INFO,Connected to rear GPS on /dev/ttyACM1
2025-03-12 15:46:40,467,INFO,Motor controller initialized successfully
2025-03-12 15:46:40,467,INFO,Stanley Controller initialized with 4 waypoints
2025-03-12 15:46:40,468,INFO,Steering sensitivity: 60.0° (tanh denominator)
2025-03-12 15:46:40,468,INFO,Max steering angle: 90.0°
2025-03-12 15:46:40,468,INFO,Waypoint reach threshold: 1.0 meters
2025-03-12 15:46:40,468,CRITICAL,==== CONTROLLER WAYPOINTS ====
2025-03-12 15:46:40,469,CRITICAL,WP 0: (34.1519572, -77.8670002)
2025-03-12 15:46:40,469,CRITICAL,WP 1: (34.1521011, -77.8669438)
2025-03-12 15:46:40,469,CRITICAL,WP 2: (34.1520569, -77.8668358)
2025-03-12 15:46:40,469,CRITICAL,WP 3: (34.1519539, -77.8668528)
2025-03-12 15:46:40,469,CRITICAL,========================
2025-03-12 15:46:40,470,INFO,Initializing GPS (attempt 1/3)...
2025-03-12 15:46:40,470,INFO,Initializing GPS Monitor (simulation=False)
2025-03-12 15:46:40,473,INFO,Connected to front GPS on /dev/ttyACM0
2025-03-12 15:46:40,473,INFO,Connected to rear GPS on /dev/ttyACM1
2025-03-12 15:46:40,475,WARNING,No heading available (missing GPS data)
2025-03-12 15:46:40,476,WARNING,GPS returned None values, retrying...
2025-03-12 15:46:41,476,INFO,Initializing GPS (attempt 2/3)...
2025-03-12 15:46:41,476,INFO,Initializing GPS Monitor (simulation=False)
2025-03-12 15:46:41,479,INFO,Connected to front GPS on /dev/ttyACM0
2025-03-12 15:46:41,480,INFO,Connected to rear GPS on /dev/ttyACM1
2025-03-12 15:46:41,481,WARNING,No heading available (missing GPS data)
2025-03-12 15:46:41,481,WARNING,GPS returned None values, retrying...
2025-03-12 15:46:41,522,ERROR,Error in front GPS reader: device reports readiness to read but returned no data (device disconnected or multiple access on port?)
2025-03-12 15:46:42,482,INFO,Initializing GPS (attempt 3/3)...
2025-03-12 15:46:42,482,INFO,Initializing GPS Monitor (simulation=False)
2025-03-12 15:46:42,486,INFO,Connected to front GPS on /dev/ttyACM0
2025-03-12 15:46:42,486,INFO,Connected to rear GPS on /dev/ttyACM1
2025-03-12 15:46:42,488,WARNING,No heading available (missing GPS data)
2025-03-12 15:46:42,490,WARNING,GPS returned None values, retrying...
2025-03-12 15:46:42,490,ERROR,Error in rear GPS reader: device reports readiness to read but returned no data (device disconnected or multiple access on port?)
2025-03-12 15:46:43,491,ERROR,Failed to initialize GPS after multiple attempts
2025-03-12 15:46:43,491,ERROR,Cannot proceed without GPS
