2025-03-12 10:20:36,536,INFO,Starting in REAL HARDWARE mode
2025-03-12 10:20:36,537,CRITICAL,Using waypoints file: /home/jay/projects/grassSmoking/autonomous-rover/data/polygon_data.json
2025-03-12 10:20:36,537,CRITICAL,Successfully opened waypoints file
2025-03-12 10:20:36,538,CRITICAL,Raw file content (first 100 chars): [
  {
    "lat": 34.15195716,
    "lon": -77.86700018666667
  },
  {
    "lat": 34.152101085,
    "l...
2025-03-12 10:20:36,538,CRITICAL,==== LOADED WAYPOINTS ====
2025-03-12 10:20:36,539,CRITICAL,WP 0: (34.1519572, -77.8670002)
2025-03-12 10:20:36,539,CRITICAL,WP 1: (34.1521011, -77.8669438)
2025-03-12 10:20:36,539,CRITICAL,WP 2: (34.1520569, -77.8668358)
2025-03-12 10:20:36,540,CRITICAL,WP 3: (34.1519539, -77.8668528)
2025-03-12 10:20:36,540,CRITICAL,========================
2025-03-12 10:20:36,540,INFO,Initializing GPS Monitor (simulation=False)
2025-03-12 10:20:36,546,INFO,Connected to front GPS on /dev/ttyACM0
2025-03-12 10:20:36,546,INFO,Connected to rear GPS on /dev/ttyACM1
2025-03-12 10:20:36,564,INFO,Motor controller initialized successfully
2025-03-12 10:20:36,564,INFO,Stanley Controller initialized with 4 waypoints
2025-03-12 10:20:36,564,INFO,Steering sensitivity: 60.0° (tanh denominator)
2025-03-12 10:20:36,565,INFO,Max steering angle: 90.0°
2025-03-12 10:20:36,565,INFO,Waypoint reach threshold: 1.0 meters
2025-03-12 10:20:36,565,CRITICAL,==== CONTROLLER WAYPOINTS ====
2025-03-12 10:20:36,565,CRITICAL,WP 0: (34.1519572, -77.8670002)
2025-03-12 10:20:36,565,CRITICAL,WP 1: (34.1521011, -77.8669438)
2025-03-12 10:20:36,566,CRITICAL,WP 2: (34.1520569, -77.8668358)
2025-03-12 10:20:36,566,CRITICAL,WP 3: (34.1519539, -77.8668528)
2025-03-12 10:20:36,566,CRITICAL,========================
2025-03-12 10:20:36,566,INFO,Initializing GPS Monitor (simulation=False)
2025-03-12 10:20:36,570,INFO,Connected to front GPS on /dev/ttyACM0
2025-03-12 10:20:36,571,INFO,Connected to rear GPS on /dev/ttyACM1
2025-03-12 10:20:36,583,INFO,Motor controller initialized successfully
2025-03-12 10:20:36,584,CRITICAL,MOTOR CONTROLLER MAX SPEED: 0.3
2025-03-12 10:20:36,591,INFO,Starting hardware control loop. Press Ctrl+C to stop.
2025-03-12 10:20:36,592,WARNING,No heading available (missing GPS data)
2025-03-12 10:20:36,592,ERROR,Error in control loop: must be real number, not NoneType
2025-03-12 10:20:36,594,INFO,Motors stopped
2025-03-12 10:20:37,340,ERROR,Error in front GPS reader: device reports readiness to read but returned no data (device disconnected or multiple access on port?)
2025-03-12 10:20:37,605,INFO,DEBUG - TARGET WP: 1 [17.9m] | GPS Heading: 314.8°, Bearing to target: 349.1°, Needed turn: 34.3° RIGHT
2025-03-12 10:20:37,605,WARNING,=== COORDINATE DEBUG ===
2025-03-12 10:20:37,606,WARNING,Current position: (34.1519428, -77.8669070), Heading: 314.8°
2025-03-12 10:20:37,606,WARNING,Target waypoint 1: (34.1521011, -77.8669438)
2025-03-12 10:20:37,606,WARNING,DIRECT BEARING CALCULATION: 349.1°
2025-03-12 10:20:37,607,WARNING,CONTROLLER BEARING CALCULATION: 349.1°
2025-03-12 10:20:37,607,WARNING,WITH SWAPPED TARGET COORDS: 165.7°
2025-03-12 10:20:37,607,WARNING,WITH SWAPPED CURRENT COORDS: 256.4°
2025-03-12 10:20:37,607,WARNING,=== END DEBUG ===
2025-03-12 10:20:37,608,WARNING,MOTOR DEBUG - Raw steering command: 46.5°
2025-03-12 10:20:37,608,INFO,RIGHT TURN: 46.5°
2025-03-12 10:20:37,608,WARNING,MOTOR DEBUG - RIGHT turn factors: L=1.000, R=0.483
2025-03-12 10:20:37,609,WARNING,MOTOR DEBUG - Speed=0.15, Factors: L=1.00, R=0.48
2025-03-12 10:20:37,609,WARNING,MOTOR DEBUG - Final speeds: L=0.15, R=0.07
2025-03-12 10:20:37,609,INFO,Applying to motors - Left: 0.15, Right: 0.07
2025-03-12 10:20:37,612,INFO,
2025-03-12 10:20:37,612,INFO,DISTANCE TO TARGET: 17.89m [###-----------------]
2025-03-12 10:20:37,613,INFO,WAYPOINT: 1/3
2025-03-12 10:20:37,613,INFO,
2025-03-12 10:20:37,613,ERROR,Error in control loop: 'steering_angle'
2025-03-12 10:20:37,615,INFO,Motors stopped
2025-03-12 10:20:38,627,INFO,DEBUG - TARGET WP: 1 [17.9m] | GPS Heading: 312.8°, Bearing to target: 349.1°, Needed turn: 36.4° RIGHT
2025-03-12 10:20:38,628,WARNING,=== COORDINATE DEBUG ===
2025-03-12 10:20:38,629,WARNING,Current position: (34.1519428, -77.8669070), Heading: 312.8°
2025-03-12 10:20:38,629,WARNING,Target waypoint 1: (34.1521011, -77.8669438)
2025-03-12 10:20:38,630,WARNING,DIRECT BEARING CALCULATION: 349.1°
2025-03-12 10:20:38,630,WARNING,CONTROLLER BEARING CALCULATION: 349.1°
2025-03-12 10:20:38,631,WARNING,WITH SWAPPED TARGET COORDS: 165.7°
2025-03-12 10:20:38,631,WARNING,WITH SWAPPED CURRENT COORDS: 256.4°
2025-03-12 10:20:38,632,WARNING,=== END DEBUG ===
2025-03-12 10:20:38,633,WARNING,MOTOR DEBUG - Raw steering command: 48.7°
2025-03-12 10:20:38,633,INFO,RIGHT TURN: 48.7°
2025-03-12 10:20:38,634,WARNING,MOTOR DEBUG - RIGHT turn factors: L=1.000, R=0.459
2025-03-12 10:20:38,635,WARNING,MOTOR DEBUG - Speed=0.15, Factors: L=1.00, R=0.46
2025-03-12 10:20:38,635,WARNING,MOTOR DEBUG - Final speeds: L=0.15, R=0.07
2025-03-12 10:20:38,636,INFO,Applying to motors - Left: 0.15, Right: 0.07
2025-03-12 10:20:38,639,INFO,
2025-03-12 10:20:38,640,INFO,DISTANCE TO TARGET: 17.88m [###-----------------]
2025-03-12 10:20:38,641,INFO,WAYPOINT: 1/3
2025-03-12 10:20:38,641,INFO,
2025-03-12 10:20:38,642,ERROR,Error in control loop: 'steering_angle'
2025-03-12 10:20:38,644,INFO,Motors stopped
2025-03-12 10:20:38,715,INFO,Manual stop requested
2025-03-12 10:20:38,716,INFO,Stopping motors and cleaning up...
2025-03-12 10:20:38,718,INFO,Motors stopped
