2025-03-14 16:32:02,960,INFO,Starting in REAL HARDWARE mode
2025-03-14 16:32:02,961,INFO,Loading waypoints from: ../data/polygon_data.json
2025-03-14 16:32:02,961,INFO,Successfully loaded 4 waypoints:
2025-03-14 16:32:02,962,INFO,WP 0: (34.1519572, -77.8670002)
2025-03-14 16:32:02,962,INFO,WP 1: (34.1521011, -77.8669438)
2025-03-14 16:32:02,963,INFO,WP 2: (34.1520569, -77.8668358)
2025-03-14 16:32:02,963,INFO,WP 3: (34.1519539, -77.8668528)
2025-03-14 16:32:02,963,INFO,Initializing GPS...
2025-03-14 16:32:02,964,INFO,Initializing GPS Monitor (simulation=False)
2025-03-14 16:32:02,970,INFO,Connected to front GPS on /dev/ttyACM0
2025-03-14 16:32:02,971,INFO,Connected to rear GPS on /dev/ttyACM1
2025-03-14 16:32:02,990,INFO,Motor controller initialized successfully
2025-03-14 16:32:02,990,CRITICAL,MOTOR CONTROLLER MAX SPEED: 0.3
2025-03-14 16:32:02,991,INFO,Stanley Controller initialized with 4 waypoints
2025-03-14 16:32:02,992,INFO,Steering sensitivity: 60.0° (tanh denominator)
2025-03-14 16:32:02,992,INFO,Max steering angle: 90.0°
2025-03-14 16:32:02,993,INFO,Waypoint reach threshold: 1.0 meters
2025-03-14 16:32:02,994,INFO,GPS monitor: Provided
2025-03-14 16:32:02,994,INFO,Motor controller: Provided
2025-03-14 16:32:02,994,INFO,Performing GPS preflight check...
2025-03-14 16:32:02,995,WARNING,No heading available (missing GPS data)
2025-03-14 16:32:02,995,WARNING,GPS position unavailable, waiting...
2025-03-14 16:32:03,996,WARNING,No heading available (missing GPS data)
2025-03-14 16:32:03,997,WARNING,GPS position unavailable, waiting...
2025-03-14 16:32:04,997,WARNING,No heading available (missing GPS data)
2025-03-14 16:32:04,998,WARNING,GPS position unavailable, waiting...
2025-03-14 16:32:05,998,WARNING,No heading available (missing GPS data)
2025-03-14 16:32:05,999,WARNING,GPS position unavailable, waiting...
2025-03-14 16:32:06,999,WARNING,No heading available (missing GPS data)
2025-03-14 16:32:07,000,WARNING,GPS position unavailable, waiting...
2025-03-14 16:32:08,001,WARNING,No heading available (missing GPS data)
2025-03-14 16:32:08,001,WARNING,GPS position unavailable, waiting...
2025-03-14 16:32:09,002,WARNING,No heading available (missing GPS data)
2025-03-14 16:32:09,002,WARNING,GPS position unavailable, waiting...
2025-03-14 16:32:10,003,WARNING,No heading available (missing GPS data)
2025-03-14 16:32:10,003,WARNING,GPS position unavailable, waiting...
2025-03-14 16:32:11,004,WARNING,No heading available (missing GPS data)
2025-03-14 16:32:11,004,WARNING,GPS position unavailable, waiting...
2025-03-14 16:32:12,004,WARNING,No heading available (missing GPS data)
2025-03-14 16:32:12,005,WARNING,GPS position unavailable, waiting...
2025-03-14 16:32:13,005,ERROR,GPS data not available after waiting. Check GPS installation.
