2025-03-12 10:31:16,469,INFO,Starting in REAL HARDWARE mode
2025-03-12 10:31:16,470,CRITICAL,Using waypoints file: /home/jay/projects/grassSmoking/autonomous-rover/data/polygon_data.json
2025-03-12 10:31:16,470,CRITICAL,Successfully opened waypoints file
2025-03-12 10:31:16,470,CRITICAL,Raw file content (first 100 chars): [
  {
    "lat": 34.15195716,
    "lon": -77.86700018666667
  },
  {
    "lat": 34.152101085,
    "l...
2025-03-12 10:31:16,471,CRITICAL,==== LOADED WAYPOINTS ====
2025-03-12 10:31:16,472,CRITICAL,WP 0: (34.1519572, -77.8670002)
2025-03-12 10:31:16,472,CRITICAL,WP 1: (34.1521011, -77.8669438)
2025-03-12 10:31:16,472,CRITICAL,WP 2: (34.1520569, -77.8668358)
2025-03-12 10:31:16,473,CRITICAL,WP 3: (34.1519539, -77.8668528)
2025-03-12 10:31:16,473,CRITICAL,========================
2025-03-12 10:31:16,473,INFO,Initializing GPS Monitor (simulation=False)
2025-03-12 10:31:16,479,INFO,Connected to front GPS on /dev/ttyACM0
2025-03-12 10:31:16,479,INFO,Connected to rear GPS on /dev/ttyACM1
2025-03-12 10:31:16,497,INFO,Motor controller initialized successfully
2025-03-12 10:31:16,497,INFO,Stanley Controller initialized with 4 waypoints
2025-03-12 10:31:16,497,INFO,Steering sensitivity: 60.0° (tanh denominator)
2025-03-12 10:31:16,498,INFO,Max steering angle: 90.0°
2025-03-12 10:31:16,498,INFO,Waypoint reach threshold: 1.0 meters
2025-03-12 10:31:16,498,CRITICAL,==== CONTROLLER WAYPOINTS ====
2025-03-12 10:31:16,498,CRITICAL,WP 0: (34.1519572, -77.8670002)
2025-03-12 10:31:16,498,CRITICAL,WP 1: (34.1521011, -77.8669438)
2025-03-12 10:31:16,499,CRITICAL,WP 2: (34.1520569, -77.8668358)
2025-03-12 10:31:16,499,CRITICAL,WP 3: (34.1519539, -77.8668528)
2025-03-12 10:31:16,499,CRITICAL,========================
2025-03-12 10:31:16,499,INFO,Initializing GPS Monitor (simulation=False)
2025-03-12 10:31:16,503,INFO,Connected to front GPS on /dev/ttyACM0
2025-03-12 10:31:16,504,INFO,Connected to rear GPS on /dev/ttyACM1
2025-03-12 10:31:16,517,INFO,Motor controller initialized successfully
2025-03-12 10:31:16,517,CRITICAL,MOTOR CONTROLLER MAX SPEED: 0.3
2025-03-12 10:31:16,518,INFO,Starting hardware control loop. Press Ctrl+C to stop.
2025-03-12 10:31:16,518,WARNING,No heading available (missing GPS data)
2025-03-12 10:31:16,519,ERROR,Error in control loop: must be real number, not NoneType
2025-03-12 10:31:16,521,INFO,Motors stopped
2025-03-12 10:31:17,532,INFO,DEBUG - TARGET WP: 1 [18.1m] | GPS Heading: 259.8°, Bearing to target: 350.0°, Needed turn: 90.2° RIGHT
2025-03-12 10:31:17,532,WARNING,=== COORDINATE DEBUG ===
2025-03-12 10:31:17,532,WARNING,Current position: (34.1519407, -77.8669096), Heading: 259.8°
2025-03-12 10:31:17,533,WARNING,Target waypoint 1: (34.1521011, -77.8669438)
2025-03-12 10:31:17,533,WARNING,DIRECT BEARING CALCULATION: 350.0°
2025-03-12 10:31:17,533,WARNING,CONTROLLER BEARING CALCULATION: 350.0°
2025-03-12 10:31:17,534,WARNING,WITH SWAPPED TARGET COORDS: 165.7°
2025-03-12 10:31:17,534,WARNING,WITH SWAPPED CURRENT COORDS: 256.4°
2025-03-12 10:31:17,534,WARNING,=== END DEBUG ===
2025-03-12 10:31:17,535,WARNING,MOTOR DEBUG - Raw steering command: 81.5°
2025-03-12 10:31:17,535,INFO,RIGHT TURN: 81.5°
2025-03-12 10:31:17,535,WARNING,MOTOR DEBUG - RIGHT turn factors: L=1.000, R=0.094
2025-03-12 10:31:17,536,WARNING,MOTOR DEBUG - Speed=0.15, Factors: L=1.00, R=0.09
2025-03-12 10:31:17,536,WARNING,MOTOR DEBUG - Final speeds: L=0.15, R=0.01
2025-03-12 10:31:17,536,INFO,Applying to motors - Left: 0.15, Right: 0.01
2025-03-12 10:31:17,538,INFO,
2025-03-12 10:31:17,539,INFO,DISTANCE TO TARGET: 18.07m [##------------------]
2025-03-12 10:31:17,539,INFO,WAYPOINT: 1/3
2025-03-12 10:31:17,539,INFO,
2025-03-12 10:31:17,540,ERROR,Error in control loop: 'steering_angle'
2025-03-12 10:31:17,542,INFO,Motors stopped
2025-03-12 10:31:18,315,ERROR,Error in front GPS reader: device reports readiness to read but returned no data (device disconnected or multiple access on port?)
2025-03-12 10:31:18,388,INFO,Manual stop requested
2025-03-12 10:31:18,388,INFO,Stopping motors and cleaning up...
2025-03-12 10:31:18,390,INFO,Motors stopped
