2025-03-12 15:33:31,871,INFO,Starting in REAL HARDWARE mode
2025-03-12 15:33:31,872,CRITICAL,Using waypoints file: /home/jay/projects/grassSmoking/autonomous-rover/data/polygon_data.json
2025-03-12 15:33:31,872,CRITICAL,Successfully opened waypoints file
2025-03-12 15:33:31,873,CRITICAL,Raw file content (first 100 chars): [
  {
    "lat": 34.15195716,
    "lon": -77.86700018666667
  },
  {
    "lat": 34.152101085,
    "l...
2025-03-12 15:33:31,873,CRITICAL,==== LOADED WAYPOINTS ====
2025-03-12 15:33:31,874,CRITICAL,WP 0: (34.1519572, -77.8670002)
2025-03-12 15:33:31,874,CRITICAL,WP 1: (34.1521011, -77.8669438)
2025-03-12 15:33:31,874,CRITICAL,WP 2: (34.1520569, -77.8668358)
2025-03-12 15:33:31,875,CRITICAL,WP 3: (34.1519539, -77.8668528)
2025-03-12 15:33:31,875,CRITICAL,========================
2025-03-12 15:33:31,875,INFO,Initializing GPS Monitor (simulation=False)
2025-03-12 15:33:31,881,INFO,Connected to front GPS on /dev/ttyACM0
2025-03-12 15:33:31,881,INFO,Connected to rear GPS on /dev/ttyACM1
2025-03-12 15:33:31,908,INFO,Motor controller initialized successfully
2025-03-12 15:33:31,908,INFO,Stanley Controller initialized with 4 waypoints
2025-03-12 15:33:31,908,INFO,Steering sensitivity: 60.0° (tanh denominator)
2025-03-12 15:33:31,909,INFO,Max steering angle: 90.0°
2025-03-12 15:33:31,909,INFO,Waypoint reach threshold: 1.0 meters
2025-03-12 15:33:31,909,CRITICAL,==== CONTROLLER WAYPOINTS ====
2025-03-12 15:33:31,909,CRITICAL,WP 0: (34.1519572, -77.8670002)
2025-03-12 15:33:31,909,CRITICAL,WP 1: (34.1521011, -77.8669438)
2025-03-12 15:33:31,910,CRITICAL,WP 2: (34.1520569, -77.8668358)
2025-03-12 15:33:31,910,CRITICAL,WP 3: (34.1519539, -77.8668528)
2025-03-12 15:33:31,910,CRITICAL,========================
2025-03-12 15:33:31,910,INFO,Initializing GPS Monitor (simulation=False)
2025-03-12 15:33:31,915,INFO,Connected to front GPS on /dev/ttyACM0
2025-03-12 15:33:31,915,INFO,Connected to rear GPS on /dev/ttyACM1
2025-03-12 15:33:31,928,INFO,Motor controller initialized successfully
2025-03-12 15:33:31,929,CRITICAL,MOTOR CONTROLLER MAX SPEED: 0.3
2025-03-12 15:33:31,929,INFO,Starting hardware control loop. Press Ctrl+C to stop.
2025-03-12 15:33:31,930,INFO,Performing GPS preflight check...
2025-03-12 15:33:31,930,WARNING,No heading available (missing GPS data)
2025-03-12 15:33:31,930,WARNING,Waiting for valid GPS data... (lat=None, lon=None, heading=None)
2025-03-12 15:33:32,069,ERROR,Error in front GPS reader: device reports readiness to read but returned no data (device disconnected or multiple access on port?)
2025-03-12 15:33:32,275,ERROR,Error in rear GPS reader: device reports readiness to read but returned no data (device disconnected or multiple access on port?)
2025-03-12 15:33:32,930,WARNING,No heading available (missing GPS data)
2025-03-12 15:33:32,931,WARNING,Waiting for valid GPS data... (lat=None, lon=None, heading=None)
2025-03-12 15:33:33,931,INFO,GPS preflight check passed! Position: (34.1519228, -77.8668689), Heading: 51.9°
2025-03-12 15:33:33,933,INFO,DEBUG - TARGET WP: 0 [12.7m] | GPS Heading: 51.9°, Bearing to target: 287.5°, Needed turn: -124.3° LEFT
2025-03-12 15:33:33,933,WARNING,=== COORDINATE DEBUG ===
2025-03-12 15:33:33,934,WARNING,Current position: (34.1519228, -77.8668689), Heading: 51.9°
2025-03-12 15:33:33,934,WARNING,Target waypoint 0: (34.1519572, -77.8670002)
2025-03-12 15:33:33,934,WARNING,DIRECT BEARING CALCULATION: 287.5°
2025-03-12 15:33:33,934,WARNING,CONTROLLER BEARING CALCULATION: 287.5°
2025-03-12 15:33:33,935,WARNING,WITH SWAPPED TARGET COORDS: 165.7°
2025-03-12 15:33:33,935,WARNING,WITH SWAPPED CURRENT COORDS: 256.4°
2025-03-12 15:33:33,935,WARNING,=== END DEBUG ===
2025-03-12 15:33:33,936,INFO,Reached waypoint 0. New target: waypoint 1
2025-03-12 15:33:33,936,WARNING,MOTOR DEBUG - Raw steering command: -87.2°
2025-03-12 15:33:33,937,INFO,LEFT TURN: 87.2°
2025-03-12 15:33:33,937,WARNING,MOTOR DEBUG - LEFT turn factors: L=0.031, R=1.000
2025-03-12 15:33:33,938,WARNING,MOTOR DEBUG - Speed=0.15, Factors: L=0.03, R=1.00
2025-03-12 15:33:33,938,WARNING,MOTOR DEBUG - Final speeds: L=0.00, R=0.15
2025-03-12 15:33:33,938,INFO,Applying to motors - Left: 0.00, Right: 0.15
2025-03-12 15:33:33,941,INFO,
2025-03-12 15:33:33,942,INFO,DISTANCE TO TARGET: 20.94m [--------------------]
2025-03-12 15:33:33,942,INFO,WAYPOINT: 1/3
2025-03-12 15:33:33,942,INFO,
2025-03-12 15:33:33,942,ERROR,Error in control loop: 'steering_angle'
2025-03-12 15:33:33,944,INFO,Motors stopped
2025-03-12 15:33:34,084,ERROR,Error in rear GPS reader: device reports readiness to read but returned no data (device disconnected or multiple access on port?)
2025-03-12 15:33:34,956,INFO,DEBUG - TARGET WP: 1 [20.9m] | GPS Heading: 52.0°, Bearing to target: 340.8°, Needed turn: -71.2° LEFT
2025-03-12 15:33:34,956,WARNING,=== COORDINATE DEBUG ===
2025-03-12 15:33:34,956,WARNING,Current position: (34.1519228, -77.8668690), Heading: 52.0°
2025-03-12 15:33:34,957,WARNING,Target waypoint 1: (34.1521011, -77.8669438)
2025-03-12 15:33:34,957,WARNING,DIRECT BEARING CALCULATION: 340.8°
2025-03-12 15:33:34,957,WARNING,CONTROLLER BEARING CALCULATION: 340.8°
2025-03-12 15:33:34,958,WARNING,WITH SWAPPED TARGET COORDS: 165.7°
2025-03-12 15:33:34,958,WARNING,WITH SWAPPED CURRENT COORDS: 256.4°
2025-03-12 15:33:34,958,WARNING,=== END DEBUG ===
2025-03-12 15:33:34,959,INFO,Reached waypoint 1. New target: waypoint 2
2025-03-12 15:33:34,959,WARNING,MOTOR DEBUG - Raw steering command: -74.7°
2025-03-12 15:33:34,960,INFO,LEFT TURN: 74.7°
2025-03-12 15:33:34,960,WARNING,MOTOR DEBUG - LEFT turn factors: L=0.171, R=1.000
2025-03-12 15:33:34,960,WARNING,MOTOR DEBUG - Speed=0.15, Factors: L=0.17, R=1.00
2025-03-12 15:33:34,961,WARNING,MOTOR DEBUG - Final speeds: L=0.03, R=0.15
2025-03-12 15:33:34,961,INFO,Applying to motors - Left: 0.03, Right: 0.15
2025-03-12 15:33:34,963,INFO,
2025-03-12 15:33:34,964,INFO,DISTANCE TO TARGET: 15.18m [#####---------------]
2025-03-12 15:33:34,964,INFO,WAYPOINT: 2/3
2025-03-12 15:33:34,965,INFO,
2025-03-12 15:33:34,965,ERROR,Error in control loop: 'steering_angle'
2025-03-12 15:33:34,967,INFO,Motors stopped
2025-03-12 15:33:35,978,INFO,DEBUG - TARGET WP: 2 [15.2m] | GPS Heading: 52.3°, Bearing to target: 11.5°, Needed turn: -40.8° LEFT
2025-03-12 15:33:35,979,WARNING,=== COORDINATE DEBUG ===
2025-03-12 15:33:35,979,WARNING,Current position: (34.1519228, -77.8668689), Heading: 52.3°
2025-03-12 15:33:35,980,WARNING,Target waypoint 2: (34.1520569, -77.8668358)
2025-03-12 15:33:35,980,WARNING,DIRECT BEARING CALCULATION: 11.5°
2025-03-12 15:33:35,980,WARNING,CONTROLLER BEARING CALCULATION: 11.5°
2025-03-12 15:33:35,981,WARNING,WITH SWAPPED TARGET COORDS: 165.7°
2025-03-12 15:33:35,981,WARNING,WITH SWAPPED CURRENT COORDS: 256.4°
2025-03-12 15:33:35,981,WARNING,=== END DEBUG ===
2025-03-12 15:33:35,982,INFO,Reached waypoint 2. New target: waypoint 3
2025-03-12 15:33:35,982,WARNING,MOTOR DEBUG - Raw steering command: -53.2°
2025-03-12 15:33:35,982,INFO,LEFT TURN: 53.2°
2025-03-12 15:33:35,983,WARNING,MOTOR DEBUG - LEFT turn factors: L=0.409, R=1.000
2025-03-12 15:33:35,983,WARNING,MOTOR DEBUG - Speed=0.15, Factors: L=0.41, R=1.00
2025-03-12 15:33:35,984,WARNING,MOTOR DEBUG - Final speeds: L=0.06, R=0.15
2025-03-12 15:33:35,984,INFO,Applying to motors - Left: 0.06, Right: 0.15
2025-03-12 15:33:35,986,INFO,✓✓ REACHED FINAL WAYPOINT
2025-03-12 15:33:35,988,INFO,Motors stopped
2025-03-12 15:33:35,988,INFO,Stopping motors and cleaning up...
2025-03-12 15:33:35,990,INFO,Motors stopped
